[0.019s] Invoking command in '/home/user/ros2_ws/build/wut_gazebo_models': CMAKE_PREFIX_PATH=${CMAKE_PREFIX_PATH}:/home/user/ros2_ws/install/my_manipulator:/opt/ros/jazzy DEBUGINFOD_URLS=https://debuginfod.ubuntu.com /usr/bin/cmake /home/user/ros2_ws/src/wut_gazebo_models -DAMENT_CMAKE_SYMLINK_INSTALL=1 -DCMAKE_INSTALL_PREFIX=/home/user/ros2_ws/install/wut_gazebo_models
[0.069s] -- The C compiler identification is GNU 13.3.0
[0.117s] -- The CXX compiler identification is GNU 13.3.0
[0.134s] -- Detecting C compiler ABI info
[0.222s] -- Detecting C compiler ABI info - done
[0.230s] -- Check for working C compiler: /usr/bin/cc - skipped
[0.232s] -- Detecting C compile features
[0.233s] -- Detecting C compile features - done
[0.245s] -- Detecting CXX compiler ABI info
[0.351s] -- Detecting CXX compiler ABI info - done
[0.354s] -- Check for working CXX compiler: /usr/bin/c++ - skipped
[0.354s] -- Detecting CXX compile features
[0.354s] -- Detecting CXX compile features - done
[0.359s] -- Found ament_cmake: 2.5.6 (/opt/ros/jazzy/share/ament_cmake/cmake)
[0.517s] -- Found Python3: /usr/bin/python3 (found version "3.12.3") found components: Interpreter 
[0.573s] -- Override CMake install command with custom implementation using symlinks instead of copying resources
[0.608s] -- Found ament_lint_auto: 0.17.5 (/opt/ros/jazzy/share/ament_lint_auto/cmake)
[0.708s] -- Added test 'lint_cmake' to check CMake code style
[0.725s] -- Added test 'xmllint' to check XML markup files
[0.725s] -- Configuring done (0.7s)
[0.730s] -- Generating done (0.0s)
[0.732s] -- Build files have been written to: /home/user/ros2_ws/build/wut_gazebo_models
[0.735s] Invoked command in '/home/user/ros2_ws/build/wut_gazebo_models' returned '0': CMAKE_PREFIX_PATH=${CMAKE_PREFIX_PATH}:/home/user/ros2_ws/install/my_manipulator:/opt/ros/jazzy DEBUGINFOD_URLS=https://debuginfod.ubuntu.com /usr/bin/cmake /home/user/ros2_ws/src/wut_gazebo_models -DAMENT_CMAKE_SYMLINK_INSTALL=1 -DCMAKE_INSTALL_PREFIX=/home/user/ros2_ws/install/wut_gazebo_models
[0.737s] Invoking command in '/home/user/ros2_ws/build/wut_gazebo_models': CMAKE_PREFIX_PATH=${CMAKE_PREFIX_PATH}:/home/user/ros2_ws/install/my_manipulator:/opt/ros/jazzy DEBUGINFOD_URLS=https://debuginfod.ubuntu.com /usr/bin/cmake --build /home/user/ros2_ws/build/wut_gazebo_models -- -j4 -l4
[0.776s] Invoked command in '/home/user/ros2_ws/build/wut_gazebo_models' returned '0': CMAKE_PREFIX_PATH=${CMAKE_PREFIX_PATH}:/home/user/ros2_ws/install/my_manipulator:/opt/ros/jazzy DEBUGINFOD_URLS=https://debuginfod.ubuntu.com /usr/bin/cmake --build /home/user/ros2_ws/build/wut_gazebo_models -- -j4 -l4
[0.777s] Invoking command in '/home/user/ros2_ws/build/wut_gazebo_models': CMAKE_PREFIX_PATH=${CMAKE_PREFIX_PATH}:/home/user/ros2_ws/install/my_manipulator:/opt/ros/jazzy DEBUGINFOD_URLS=https://debuginfod.ubuntu.com /usr/bin/cmake --install /home/user/ros2_ws/build/wut_gazebo_models
[0.785s] -- Install configuration: ""
[0.785s] -- Execute custom install script
[0.785s] -- Symlinking: /home/user/ros2_ws/install/wut_gazebo_models/share/wut_gazebo_models/models/table/model.config
[0.793s] -- Symlinking: /home/user/ros2_ws/install/wut_gazebo_models/share/wut_gazebo_models/models/table/model.sdf
[0.802s] -- Symlinking: /home/user/ros2_ws/install/wut_gazebo_models/share/wut_gazebo_models/models/table/table_diffuse.jpg
[0.811s] -- Symlinking: /home/user/ros2_ws/install/wut_gazebo_models/share/wut_gazebo_models/models/yellow_cylinder/model.config
[0.821s] -- Symlinking: /home/user/ros2_ws/install/wut_gazebo_models/share/wut_gazebo_models/models/yellow_cylinder/model.sdf
[0.832s] -- Symlinking: /home/user/ros2_ws/install/wut_gazebo_models/share/ament_index/resource_index/package_run_dependencies/wut_gazebo_models
[0.841s] -- Symlinking: /home/user/ros2_ws/install/wut_gazebo_models/share/ament_index/resource_index/parent_prefix_path/wut_gazebo_models
[0.855s] -- Symlinking: /home/user/ros2_ws/install/wut_gazebo_models/share/wut_gazebo_models/environment/ament_prefix_path.sh
[0.861s] -- Symlinking: /home/user/ros2_ws/install/wut_gazebo_models/share/wut_gazebo_models/environment/ament_prefix_path.dsv
[0.869s] -- Symlinking: /home/user/ros2_ws/install/wut_gazebo_models/share/wut_gazebo_models/environment/path.sh
[0.887s] -- Symlinking: /home/user/ros2_ws/install/wut_gazebo_models/share/wut_gazebo_models/environment/path.dsv
[0.896s] -- Symlinking: /home/user/ros2_ws/install/wut_gazebo_models/share/wut_gazebo_models/local_setup.bash
[0.904s] -- Symlinking: /home/user/ros2_ws/install/wut_gazebo_models/share/wut_gazebo_models/local_setup.sh
[0.917s] -- Symlinking: /home/user/ros2_ws/install/wut_gazebo_models/share/wut_gazebo_models/local_setup.zsh
[0.927s] -- Symlinking: /home/user/ros2_ws/install/wut_gazebo_models/share/wut_gazebo_models/local_setup.dsv
[0.935s] -- Symlinking: /home/user/ros2_ws/install/wut_gazebo_models/share/wut_gazebo_models/package.dsv
[0.944s] -- Symlinking: /home/user/ros2_ws/install/wut_gazebo_models/share/ament_index/resource_index/packages/wut_gazebo_models
[0.958s] -- Symlinking: /home/user/ros2_ws/install/wut_gazebo_models/share/wut_gazebo_models/cmake/wut_gazebo_modelsConfig.cmake
[0.967s] -- Symlinking: /home/user/ros2_ws/install/wut_gazebo_models/share/wut_gazebo_models/cmake/wut_gazebo_modelsConfig-version.cmake
[0.976s] -- Symlinking: /home/user/ros2_ws/install/wut_gazebo_models/share/wut_gazebo_models/package.xml
[1.001s] Invoked command in '/home/user/ros2_ws/build/wut_gazebo_models' returned '0': CMAKE_PREFIX_PATH=${CMAKE_PREFIX_PATH}:/home/user/ros2_ws/install/my_manipulator:/opt/ros/jazzy DEBUGINFOD_URLS=https://debuginfod.ubuntu.com /usr/bin/cmake --install /home/user/ros2_ws/build/wut_gazebo_models
