running egg_info
writing ../build/my_manipulator/my_manipulator.egg-info/PKG-INFO
writing dependency_links to ../build/my_manipulator/my_manipulator.egg-info/dependency_links.txt
writing entry points to ../build/my_manipulator/my_manipulator.egg-info/entry_points.txt
writing requirements to ../build/my_manipulator/my_manipulator.egg-info/requires.txt
writing top-level names to ../build/my_manipulator/my_manipulator.egg-info/top_level.txt
reading manifest file '../build/my_manipulator/my_manipulator.egg-info/SOURCES.txt'
adding license file 'LICENSE'
writing manifest file '../build/my_manipulator/my_manipulator.egg-info/SOURCES.txt'
running build
running build_py
running install
running install_lib
running install_data
copying launch/display.launch.py -> /home/user/ros2_ws/install/my_manipulator/share/my_manipulator/launch
running install_egg_info
removing '/home/user/ros2_ws/install/my_manipulator/lib/python3.12/site-packages/my_manipulator-0.0.0-py3.12.egg-info' (and everything under it)
Copying ../build/my_manipulator/my_manipulator.egg-info to /home/user/ros2_ws/install/my_manipulator/lib/python3.12/site-packages/my_manipulator-0.0.0-py3.12.egg-info
running install_scripts
Installing gripper_control script to /home/user/ros2_ws/install/my_manipulator/lib/my_manipulator
Installing trajectory_publisher script to /home/user/ros2_ws/install/my_manipulator/lib/my_manipulator
writing list of installed files to '/home/user/ros2_ws/build/my_manipulator/install.log'
