[0.013s] Invoking command in '/home/user/ros2_ws/build/antonie_description': CMAKE_PREFIX_PATH=${CMAKE_PREFIX_PATH}:/opt/ros/jazzy DEBUGINFOD_URLS=https://debuginfod.ubuntu.com /usr/bin/cmake /home/user/ros2_ws/antonie_description -DCMAKE_INSTALL_PREFIX=/home/user/ros2_ws/install/antonie_description
[0.070s] -- The C compiler identification is GNU 13.3.0
[0.125s] -- The CXX compiler identification is GNU 13.3.0
[0.145s] -- Detecting C compiler ABI info
[0.244s] -- Detecting C compiler ABI info - done
[0.250s] -- Check for working C compiler: /usr/bin/cc - skipped
[0.250s] -- Detecting C compile features
[0.251s] -- Detecting C compile features - done
[0.260s] -- Detecting CXX compiler ABI info
[0.361s] -- Detecting CXX compiler ABI info - done
[0.367s] -- Check for working CXX compiler: /usr/bin/c++ - skipped
[0.367s] -- Detecting CXX compile features
[0.367s] -- Detecting CXX compile features - done
[0.371s] -- Found ament_cmake: 2.5.6 (/opt/ros/jazzy/share/ament_cmake/cmake)
[0.500s] -- Found Python3: /usr/bin/python3 (found version "3.12.3") found components: Interpreter 
[0.597s] -- Found ament_lint_auto: 0.17.5 (/opt/ros/jazzy/share/ament_lint_auto/cmake)
[0.688s] -- Added test 'lint_cmake' to check CMake code style
[0.688s] -- Added test 'xmllint' to check XML markup files
[0.689s] -- Configuring done (0.7s)
[0.692s] -- Generating done (0.0s)
[0.693s] -- Build files have been written to: /home/user/ros2_ws/build/antonie_description
[0.698s] Invoked command in '/home/user/ros2_ws/build/antonie_description' returned '0': CMAKE_PREFIX_PATH=${CMAKE_PREFIX_PATH}:/opt/ros/jazzy DEBUGINFOD_URLS=https://debuginfod.ubuntu.com /usr/bin/cmake /home/user/ros2_ws/antonie_description -DCMAKE_INSTALL_PREFIX=/home/user/ros2_ws/install/antonie_description
[0.700s] Invoking command in '/home/user/ros2_ws/build/antonie_description': CMAKE_PREFIX_PATH=${CMAKE_PREFIX_PATH}:/opt/ros/jazzy DEBUGINFOD_URLS=https://debuginfod.ubuntu.com /usr/bin/cmake --build /home/user/ros2_ws/build/antonie_description -- -j4 -l4
[0.745s] Invoked command in '/home/user/ros2_ws/build/antonie_description' returned '0': CMAKE_PREFIX_PATH=${CMAKE_PREFIX_PATH}:/opt/ros/jazzy DEBUGINFOD_URLS=https://debuginfod.ubuntu.com /usr/bin/cmake --build /home/user/ros2_ws/build/antonie_description -- -j4 -l4
[0.756s] Invoking command in '/home/user/ros2_ws/build/antonie_description': CMAKE_PREFIX_PATH=${CMAKE_PREFIX_PATH}:/opt/ros/jazzy DEBUGINFOD_URLS=https://debuginfod.ubuntu.com /usr/bin/cmake --install /home/user/ros2_ws/build/antonie_description
[0.773s] -- Install configuration: ""
[0.773s] -- Installing: /home/user/ros2_ws/install/antonie_description/share/antonie_description/launch
[0.774s] -- Installing: /home/user/ros2_ws/install/antonie_description/share/antonie_description/launch/description_test.launch.xml
[0.774s] -- Installing: /home/user/ros2_ws/install/antonie_description/share/antonie_description/urdf
[0.774s] -- Installing: /home/user/ros2_ws/install/antonie_description/share/antonie_description/urdf/antonie.urdf
[0.774s] -- Installing: /home/user/ros2_ws/install/antonie_description/share/antonie_description/urdf/2antonie.urdf
[0.774s] -- Installing: /home/user/ros2_ws/install/antonie_description/share/ament_index/resource_index/package_run_dependencies/antonie_description
[0.774s] -- Installing: /home/user/ros2_ws/install/antonie_description/share/ament_index/resource_index/parent_prefix_path/antonie_description
[0.775s] -- Installing: /home/user/ros2_ws/install/antonie_description/share/antonie_description/environment/ament_prefix_path.sh
[0.775s] -- Installing: /home/user/ros2_ws/install/antonie_description/share/antonie_description/environment/ament_prefix_path.dsv
[0.775s] -- Installing: /home/user/ros2_ws/install/antonie_description/share/antonie_description/environment/path.sh
[0.775s] -- Installing: /home/user/ros2_ws/install/antonie_description/share/antonie_description/environment/path.dsv
[0.776s] -- Installing: /home/user/ros2_ws/install/antonie_description/share/antonie_description/local_setup.bash
[0.776s] -- Installing: /home/user/ros2_ws/install/antonie_description/share/antonie_description/local_setup.sh
[0.776s] -- Installing: /home/user/ros2_ws/install/antonie_description/share/antonie_description/local_setup.zsh
[0.776s] -- Installing: /home/user/ros2_ws/install/antonie_description/share/antonie_description/local_setup.dsv
[0.776s] -- Installing: /home/user/ros2_ws/install/antonie_description/share/antonie_description/package.dsv
[0.776s] -- Installing: /home/user/ros2_ws/install/antonie_description/share/ament_index/resource_index/packages/antonie_description
[0.776s] -- Installing: /home/user/ros2_ws/install/antonie_description/share/antonie_description/cmake/antonie_descriptionConfig.cmake
[0.777s] -- Installing: /home/user/ros2_ws/install/antonie_description/share/antonie_description/cmake/antonie_descriptionConfig-version.cmake
[0.777s] -- Installing: /home/user/ros2_ws/install/antonie_description/share/antonie_description/package.xml
[0.777s] Invoked command in '/home/user/ros2_ws/build/antonie_description' returned '0': CMAKE_PREFIX_PATH=${CMAKE_PREFIX_PATH}:/opt/ros/jazzy DEBUGINFOD_URLS=https://debuginfod.ubuntu.com /usr/bin/cmake --install /home/user/ros2_ws/build/antonie_description
