[0.011s] Invoking command in '/home/user/ros2_ws/build/antonie_moveit_config': DEBUGINFOD_URLS=https://debuginfod.ubuntu.com /usr/bin/cmake /home/user/ros2_ws/antonie_moveit_config -DCMAKE_INSTALL_PREFIX=/home/user/ros2_ws/install/antonie_moveit_config
[0.127s] -- The C compiler identification is GNU 13.3.0
[0.204s] -- The CXX compiler identification is GNU 13.3.0
[0.229s] -- Detecting C compiler ABI info
[0.326s] -- Detecting C compiler ABI info - done
[0.326s] -- Check for working C compiler: /usr/bin/cc - skipped
[0.327s] -- Detecting C compile features
[0.327s] -- Detecting C compile features - done
[0.337s] -- Detecting CXX compiler ABI info
[0.434s] -- Detecting CXX compiler ABI info - done
[0.440s] -- Check for working CXX compiler: /usr/bin/c++ - skipped
[0.440s] -- Detecting CXX compile features
[0.441s] -- Detecting CXX compile features - done
[0.457s] -- Found ament_cmake: 2.5.6 (/opt/ros/jazzy/share/ament_cmake/cmake)
[0.591s] -- Found Python3: /usr/bin/python3 (found version "3.12.3") found components: Interpreter 
[0.737s] Error parsing '/home/user/ros2_ws/antonie_moveit_config/package.xml':
[2.209s] Traceback (most recent call last):
[2.209s]   File "/opt/ros/jazzy/share/ament_cmake_core/cmake/core/package_xml_2_cmake.py", line 150, in <module>
[2.209s]     main()
[2.209s]   File "/opt/ros/jazzy/share/ament_cmake_core/cmake/core/package_xml_2_cmake.py", line 53, in main
[2.209s]     raise e
[2.209s]   File "/opt/ros/jazzy/share/ament_cmake_core/cmake/core/package_xml_2_cmake.py", line 49, in main
[2.210s]     package = parse_package_string(
[2.210s]               ^^^^^^^^^^^^^^^^^^^^^
[2.210s]   File "/usr/lib/python3/dist-packages/catkin_pkg/package.py", line 788, in parse_package_string
[2.210s]     pkg.validate(warnings=warnings)
[2.210s]   File "/usr/lib/python3/dist-packages/catkin_pkg/package.py", line 330, in validate
[2.210s]     raise InvalidPackage('\n'.join(errors), self.filename)
[2.210s] catkin_pkg.package.InvalidPackage: Error(s) in package '/home/user/ros2_ws/antonie_moveit_config/package.xml':
[2.210s] Invalid email "" for person "antonie@mikerosoft.com"
[2.210s] Maintainers must have an email address
[2.210s] Invalid email "" for person "antonie@mikerosoft.com"
[2.241s] -- Configuring incomplete, errors occurred!
[2.244s] [31mCMake Error at /opt/ros/jazzy/share/ament_cmake_core/cmake/core/ament_package_xml.cmake:95 (message):
[2.244s]   execute_process(/usr/bin/python3
[2.244s]   /opt/ros/jazzy/share/ament_cmake_core/cmake/core/package_xml_2_cmake.py
[2.244s]   /home/user/ros2_ws/antonie_moveit_config/package.xml
[2.244s]   /home/user/ros2_ws/build/antonie_moveit_config/ament_cmake_core/package.cmake)
[2.244s]   returned error code 1
[2.244s] Call Stack (most recent call first):
[2.244s]   /opt/ros/jazzy/share/ament_cmake_core/cmake/core/ament_package_xml.cmake:49 (_ament_package_xml)
[2.244s]   /opt/ros/jazzy/share/ament_cmake_core/cmake/core/ament_package.cmake:63 (ament_package_xml)
[2.244s]   CMakeLists.txt:6 (ament_package)
[2.244s] 
[2.244s] [0m
[2.246s] Invoked command in '/home/user/ros2_ws/build/antonie_moveit_config' returned '1': DEBUGINFOD_URLS=https://debuginfod.ubuntu.com /usr/bin/cmake /home/user/ros2_ws/antonie_moveit_config -DCMAKE_INSTALL_PREFIX=/home/user/ros2_ws/install/antonie_moveit_config
