[0.203s] DEBUG:colcon:Command line arguments: ['/usr/bin/colcon', 'build', '--symlink-install']
[0.203s] DEBUG:colcon:Parsed command line arguments: Namespace(log_base=None, log_level=None, verb_name='build', build_base='build', install_base='install', merge_install=False, symlink_install=True, test_result_base=None, continue_on_error=False, executor='parallel', parallel_workers=4, event_handlers=None, ignore_user_meta=False, metas=['./colcon.meta'], base_paths=['.'], packages_ignore=None, packages_ignore_regex=None, paths=None, packages_up_to=None, packages_up_to_regex=None, packages_above=None, packages_above_and_dependencies=None, packages_above_depth=None, packages_select_by_dep=None, packages_skip_by_dep=None, packages_skip_up_to=None, packages_select_build_failed=False, packages_skip_build_finished=False, packages_select_test_failures=False, packages_skip_test_passed=False, packages_select=None, packages_skip=None, packages_select_regex=None, packages_skip_regex=None, packages_start=None, packages_end=None, allow_overriding=[], cmake_args=None, cmake_target=None, cmake_target_skip_unavailable=False, cmake_clean_cache=False, cmake_clean_first=False, cmake_force_configure=False, ament_cmake_args=None, catkin_cmake_args=None, catkin_skip_building_tests=False, mixin_files=None, mixin=None, verb_parser=<colcon_mixin.mixin.mixin_argument.MixinArgumentDecorator object at 0x7262b6e97380>, verb_extension=<colcon_core.verb.build.BuildVerb object at 0x7262b6e391f0>, main=<bound method BuildVerb.main of <colcon_core.verb.build.BuildVerb object at 0x7262b6e391f0>>, mixin_verb=('build',))
[0.266s] Level 1:colcon.colcon_core.package_discovery:discover_packages(colcon_meta) check parameters
[0.266s] Level 1:colcon.colcon_core.package_discovery:discover_packages(recursive) check parameters
[0.266s] Level 1:colcon.colcon_core.package_discovery:discover_packages(ignore) check parameters
[0.266s] Level 1:colcon.colcon_core.package_discovery:discover_packages(path) check parameters
[0.266s] Level 1:colcon.colcon_core.package_discovery:discover_packages(colcon_meta) discover
[0.266s] Level 1:colcon.colcon_core.package_discovery:discover_packages(recursive) discover
[0.266s] INFO:colcon.colcon_core.package_discovery:Crawling recursively for packages in '/home/user/ros2_ws'
[0.266s] Level 1:colcon.colcon_core.package_identification:_identify(.) by extensions ['ignore', 'ignore_ament_install']
[0.267s] Level 1:colcon.colcon_core.package_identification:_identify(.) by extension 'ignore'
[0.267s] Level 1:colcon.colcon_core.package_identification:_identify(.) by extension 'ignore_ament_install'
[0.267s] Level 1:colcon.colcon_core.package_identification:_identify(.) by extensions ['colcon_pkg']
[0.267s] Level 1:colcon.colcon_core.package_identification:_identify(.) by extension 'colcon_pkg'
[0.267s] Level 1:colcon.colcon_core.package_identification:_identify(.) by extensions ['colcon_meta']
[0.267s] Level 1:colcon.colcon_core.package_identification:_identify(.) by extension 'colcon_meta'
[0.267s] Level 1:colcon.colcon_core.package_identification:_identify(.) by extensions ['ros']
[0.267s] Level 1:colcon.colcon_core.package_identification:_identify(.) by extension 'ros'
[0.310s] Level 1:colcon.colcon_core.package_identification:_identify(.) by extensions ['cmake', 'python']
[0.311s] Level 1:colcon.colcon_core.package_identification:_identify(.) by extension 'cmake'
[0.311s] Level 1:colcon.colcon_core.package_identification:_identify(.) by extension 'python'
[0.311s] Level 1:colcon.colcon_core.package_identification:_identify(.) by extensions ['python_setup_py']
[0.311s] Level 1:colcon.colcon_core.package_identification:_identify(.) by extension 'python_setup_py'
[0.311s] Level 1:colcon.colcon_core.package_identification:_identify(antonie_description) by extensions ['ignore', 'ignore_ament_install']
[0.311s] Level 1:colcon.colcon_core.package_identification:_identify(antonie_description) by extension 'ignore'
[0.311s] Level 1:colcon.colcon_core.package_identification:_identify(antonie_description) by extension 'ignore_ament_install'
[0.311s] Level 1:colcon.colcon_core.package_identification:_identify(antonie_description) by extensions ['colcon_pkg']
[0.311s] Level 1:colcon.colcon_core.package_identification:_identify(antonie_description) by extension 'colcon_pkg'
[0.311s] Level 1:colcon.colcon_core.package_identification:_identify(antonie_description) by extensions ['colcon_meta']
[0.312s] Level 1:colcon.colcon_core.package_identification:_identify(antonie_description) by extension 'colcon_meta'
[0.312s] Level 1:colcon.colcon_core.package_identification:_identify(antonie_description) by extensions ['ros']
[0.312s] Level 1:colcon.colcon_core.package_identification:_identify(antonie_description) by extension 'ros'
[0.317s] DEBUG:colcon.colcon_core.package_identification:Package 'antonie_description' with type 'ros.ament_cmake' and name 'antonie_description'
[0.319s] Level 1:colcon.colcon_core.package_identification:_identify(antonie_moveit_config) by extensions ['ignore', 'ignore_ament_install']
[0.319s] Level 1:colcon.colcon_core.package_identification:_identify(antonie_moveit_config) by extension 'ignore'
[0.319s] Level 1:colcon.colcon_core.package_identification:_identify(antonie_moveit_config) by extension 'ignore_ament_install'
[0.319s] Level 1:colcon.colcon_core.package_identification:_identify(antonie_moveit_config) by extensions ['colcon_pkg']
[0.319s] Level 1:colcon.colcon_core.package_identification:_identify(antonie_moveit_config) by extension 'colcon_pkg'
[0.319s] Level 1:colcon.colcon_core.package_identification:_identify(antonie_moveit_config) by extensions ['colcon_meta']
[0.319s] Level 1:colcon.colcon_core.package_identification:_identify(antonie_moveit_config) by extension 'colcon_meta'
[0.319s] Level 1:colcon.colcon_core.package_identification:_identify(antonie_moveit_config) by extensions ['ros']
[0.319s] Level 1:colcon.colcon_core.package_identification:_identify(antonie_moveit_config) by extension 'ros'
[0.320s] DEBUG:colcon.colcon_core.package_identification:Package 'antonie_moveit_config' with type 'ros.ament_cmake' and name 'antonie_moveit_config'
[0.320s] Level 1:colcon.colcon_core.package_identification:_identify(build) by extensions ['ignore', 'ignore_ament_install']
[0.320s] Level 1:colcon.colcon_core.package_identification:_identify(build) by extension 'ignore'
[0.324s] Level 1:colcon.colcon_core.package_identification:_identify(build) ignored
[0.324s] Level 1:colcon.colcon_core.package_identification:_identify(install) by extensions ['ignore', 'ignore_ament_install']
[0.324s] Level 1:colcon.colcon_core.package_identification:_identify(install) by extension 'ignore'
[0.324s] Level 1:colcon.colcon_core.package_identification:_identify(install) ignored
[0.324s] Level 1:colcon.colcon_core.package_identification:_identify(log) by extensions ['ignore', 'ignore_ament_install']
[0.324s] Level 1:colcon.colcon_core.package_identification:_identify(log) by extension 'ignore'
[0.324s] Level 1:colcon.colcon_core.package_identification:_identify(log) ignored
[0.324s] Level 1:colcon.colcon_core.package_identification:_identify(my_manipulator) by extensions ['ignore', 'ignore_ament_install']
[0.325s] Level 1:colcon.colcon_core.package_identification:_identify(my_manipulator) by extension 'ignore'
[0.325s] Level 1:colcon.colcon_core.package_identification:_identify(my_manipulator) by extension 'ignore_ament_install'
[0.326s] Level 1:colcon.colcon_core.package_identification:_identify(my_manipulator) by extensions ['colcon_pkg']
[0.326s] Level 1:colcon.colcon_core.package_identification:_identify(my_manipulator) by extension 'colcon_pkg'
[0.326s] Level 1:colcon.colcon_core.package_identification:_identify(my_manipulator) by extensions ['colcon_meta']
[0.326s] Level 1:colcon.colcon_core.package_identification:_identify(my_manipulator) by extension 'colcon_meta'
[0.326s] Level 1:colcon.colcon_core.package_identification:_identify(my_manipulator) by extensions ['ros']
[0.326s] Level 1:colcon.colcon_core.package_identification:_identify(my_manipulator) by extension 'ros'
[0.327s] DEBUG:colcon.colcon_core.package_identification:Package 'my_manipulator' with type 'ros.ament_python' and name 'my_manipulator'
[0.327s] Level 1:colcon.colcon_core.package_identification:_identify(src) by extensions ['ignore', 'ignore_ament_install']
[0.327s] Level 1:colcon.colcon_core.package_identification:_identify(src) by extension 'ignore'
[0.328s] Level 1:colcon.colcon_core.package_identification:_identify(src) by extension 'ignore_ament_install'
[0.328s] Level 1:colcon.colcon_core.package_identification:_identify(src) by extensions ['colcon_pkg']
[0.328s] Level 1:colcon.colcon_core.package_identification:_identify(src) by extension 'colcon_pkg'
[0.328s] Level 1:colcon.colcon_core.package_identification:_identify(src) by extensions ['colcon_meta']
[0.328s] Level 1:colcon.colcon_core.package_identification:_identify(src) by extension 'colcon_meta'
[0.328s] Level 1:colcon.colcon_core.package_identification:_identify(src) by extensions ['ros']
[0.328s] Level 1:colcon.colcon_core.package_identification:_identify(src) by extension 'ros'
[0.328s] Level 1:colcon.colcon_core.package_identification:_identify(src) by extensions ['cmake', 'python']
[0.328s] Level 1:colcon.colcon_core.package_identification:_identify(src) by extension 'cmake'
[0.328s] Level 1:colcon.colcon_core.package_identification:_identify(src) by extension 'python'
[0.328s] Level 1:colcon.colcon_core.package_identification:_identify(src) by extensions ['python_setup_py']
[0.328s] Level 1:colcon.colcon_core.package_identification:_identify(src) by extension 'python_setup_py'
[0.328s] Level 1:colcon.colcon_core.package_identification:_identify(src/antonie_gazebo) by extensions ['ignore', 'ignore_ament_install']
[0.328s] Level 1:colcon.colcon_core.package_identification:_identify(src/antonie_gazebo) by extension 'ignore'
[0.328s] Level 1:colcon.colcon_core.package_identification:_identify(src/antonie_gazebo) by extension 'ignore_ament_install'
[0.328s] Level 1:colcon.colcon_core.package_identification:_identify(src/antonie_gazebo) by extensions ['colcon_pkg']
[0.328s] Level 1:colcon.colcon_core.package_identification:_identify(src/antonie_gazebo) by extension 'colcon_pkg'
[0.328s] Level 1:colcon.colcon_core.package_identification:_identify(src/antonie_gazebo) by extensions ['colcon_meta']
[0.328s] Level 1:colcon.colcon_core.package_identification:_identify(src/antonie_gazebo) by extension 'colcon_meta'
[0.328s] Level 1:colcon.colcon_core.package_identification:_identify(src/antonie_gazebo) by extensions ['ros']
[0.328s] Level 1:colcon.colcon_core.package_identification:_identify(src/antonie_gazebo) by extension 'ros'
[0.329s] DEBUG:colcon.colcon_core.package_identification:Package 'src/antonie_gazebo' with type 'ros.ament_cmake' and name 'antonie_gazebo'
[0.329s] Level 1:colcon.colcon_core.package_identification:_identify(src/build) by extensions ['ignore', 'ignore_ament_install']
[0.329s] Level 1:colcon.colcon_core.package_identification:_identify(src/build) by extension 'ignore'
[0.329s] Level 1:colcon.colcon_core.package_identification:_identify(src/build) ignored
[0.329s] Level 1:colcon.colcon_core.package_identification:_identify(src/install) by extensions ['ignore', 'ignore_ament_install']
[0.329s] Level 1:colcon.colcon_core.package_identification:_identify(src/install) by extension 'ignore'
[0.329s] Level 1:colcon.colcon_core.package_identification:_identify(src/install) ignored
[0.330s] Level 1:colcon.colcon_core.package_identification:_identify(src/log) by extensions ['ignore', 'ignore_ament_install']
[0.330s] Level 1:colcon.colcon_core.package_identification:_identify(src/log) by extension 'ignore'
[0.330s] Level 1:colcon.colcon_core.package_identification:_identify(src/log) ignored
[0.330s] Level 1:colcon.colcon_core.package_identification:_identify(src/wut_gazebo_models) by extensions ['ignore', 'ignore_ament_install']
[0.330s] Level 1:colcon.colcon_core.package_identification:_identify(src/wut_gazebo_models) by extension 'ignore'
[0.330s] Level 1:colcon.colcon_core.package_identification:_identify(src/wut_gazebo_models) by extension 'ignore_ament_install'
[0.330s] Level 1:colcon.colcon_core.package_identification:_identify(src/wut_gazebo_models) by extensions ['colcon_pkg']
[0.330s] Level 1:colcon.colcon_core.package_identification:_identify(src/wut_gazebo_models) by extension 'colcon_pkg'
[0.330s] Level 1:colcon.colcon_core.package_identification:_identify(src/wut_gazebo_models) by extensions ['colcon_meta']
[0.330s] Level 1:colcon.colcon_core.package_identification:_identify(src/wut_gazebo_models) by extension 'colcon_meta'
[0.330s] Level 1:colcon.colcon_core.package_identification:_identify(src/wut_gazebo_models) by extensions ['ros']
[0.330s] Level 1:colcon.colcon_core.package_identification:_identify(src/wut_gazebo_models) by extension 'ros'
[0.331s] DEBUG:colcon.colcon_core.package_identification:Package 'src/wut_gazebo_models' with type 'ros.ament_cmake' and name 'wut_gazebo_models'
[0.331s] Level 1:colcon.colcon_core.package_discovery:discover_packages(recursive) using defaults
[0.331s] Level 1:colcon.colcon_core.package_discovery:discover_packages(ignore) discover
[0.331s] Level 1:colcon.colcon_core.package_discovery:discover_packages(ignore) using defaults
[0.331s] Level 1:colcon.colcon_core.package_discovery:discover_packages(path) discover
[0.331s] Level 1:colcon.colcon_core.package_discovery:discover_packages(path) using defaults
[0.364s] Level 1:colcon.colcon_core.package_discovery:discover_packages(prefix_path) check parameters
[0.364s] Level 1:colcon.colcon_core.package_discovery:discover_packages(prefix_path) discover
[0.366s] DEBUG:colcon.colcon_installed_package_information.package_discovery:Found 5 installed packages in /home/user/ros2_ws/install
[0.370s] DEBUG:colcon.colcon_installed_package_information.package_discovery:Found 511 installed packages in /opt/ros/jazzy
[0.372s] Level 1:colcon.colcon_core.package_discovery:discover_packages(prefix_path) using defaults
[0.550s] Level 5:colcon.colcon_core.verb:set package 'antonie_description' build argument 'cmake_args' from command line to 'None'
[0.550s] Level 5:colcon.colcon_core.verb:set package 'antonie_description' build argument 'cmake_target' from command line to 'None'
[0.550s] Level 5:colcon.colcon_core.verb:set package 'antonie_description' build argument 'cmake_target_skip_unavailable' from command line to 'False'
[0.550s] Level 5:colcon.colcon_core.verb:set package 'antonie_description' build argument 'cmake_clean_cache' from command line to 'False'
[0.550s] Level 5:colcon.colcon_core.verb:set package 'antonie_description' build argument 'cmake_clean_first' from command line to 'False'
[0.550s] Level 5:colcon.colcon_core.verb:set package 'antonie_description' build argument 'cmake_force_configure' from command line to 'False'
[0.550s] Level 5:colcon.colcon_core.verb:set package 'antonie_description' build argument 'ament_cmake_args' from command line to 'None'
[0.550s] Level 5:colcon.colcon_core.verb:set package 'antonie_description' build argument 'catkin_cmake_args' from command line to 'None'
[0.550s] Level 5:colcon.colcon_core.verb:set package 'antonie_description' build argument 'catkin_skip_building_tests' from command line to 'False'
[0.550s] DEBUG:colcon.colcon_core.verb:Building package 'antonie_description' with the following arguments: {'ament_cmake_args': None, 'build_base': '/home/user/ros2_ws/build/antonie_description', 'catkin_cmake_args': None, 'catkin_skip_building_tests': False, 'cmake_args': None, 'cmake_clean_cache': False, 'cmake_clean_first': False, 'cmake_force_configure': False, 'cmake_target': None, 'cmake_target_skip_unavailable': False, 'install_base': '/home/user/ros2_ws/install/antonie_description', 'merge_install': False, 'path': '/home/user/ros2_ws/antonie_description', 'symlink_install': True, 'test_result_base': None}
[0.551s] Level 5:colcon.colcon_core.verb:set package 'wut_gazebo_models' build argument 'cmake_args' from command line to 'None'
[0.551s] Level 5:colcon.colcon_core.verb:set package 'wut_gazebo_models' build argument 'cmake_target' from command line to 'None'
[0.551s] Level 5:colcon.colcon_core.verb:set package 'wut_gazebo_models' build argument 'cmake_target_skip_unavailable' from command line to 'False'
[0.551s] Level 5:colcon.colcon_core.verb:set package 'wut_gazebo_models' build argument 'cmake_clean_cache' from command line to 'False'
[0.551s] Level 5:colcon.colcon_core.verb:set package 'wut_gazebo_models' build argument 'cmake_clean_first' from command line to 'False'
[0.551s] Level 5:colcon.colcon_core.verb:set package 'wut_gazebo_models' build argument 'cmake_force_configure' from command line to 'False'
[0.551s] Level 5:colcon.colcon_core.verb:set package 'wut_gazebo_models' build argument 'ament_cmake_args' from command line to 'None'
[0.551s] Level 5:colcon.colcon_core.verb:set package 'wut_gazebo_models' build argument 'catkin_cmake_args' from command line to 'None'
[0.551s] Level 5:colcon.colcon_core.verb:set package 'wut_gazebo_models' build argument 'catkin_skip_building_tests' from command line to 'False'
[0.551s] DEBUG:colcon.colcon_core.verb:Building package 'wut_gazebo_models' with the following arguments: {'ament_cmake_args': None, 'build_base': '/home/user/ros2_ws/build/wut_gazebo_models', 'catkin_cmake_args': None, 'catkin_skip_building_tests': False, 'cmake_args': None, 'cmake_clean_cache': False, 'cmake_clean_first': False, 'cmake_force_configure': False, 'cmake_target': None, 'cmake_target_skip_unavailable': False, 'install_base': '/home/user/ros2_ws/install/wut_gazebo_models', 'merge_install': False, 'path': '/home/user/ros2_ws/src/wut_gazebo_models', 'symlink_install': True, 'test_result_base': None}
[0.551s] Level 5:colcon.colcon_core.verb:set package 'antonie_gazebo' build argument 'cmake_args' from command line to 'None'
[0.551s] Level 5:colcon.colcon_core.verb:set package 'antonie_gazebo' build argument 'cmake_target' from command line to 'None'
[0.551s] Level 5:colcon.colcon_core.verb:set package 'antonie_gazebo' build argument 'cmake_target_skip_unavailable' from command line to 'False'
[0.551s] Level 5:colcon.colcon_core.verb:set package 'antonie_gazebo' build argument 'cmake_clean_cache' from command line to 'False'
[0.551s] Level 5:colcon.colcon_core.verb:set package 'antonie_gazebo' build argument 'cmake_clean_first' from command line to 'False'
[0.551s] Level 5:colcon.colcon_core.verb:set package 'antonie_gazebo' build argument 'cmake_force_configure' from command line to 'False'
[0.551s] Level 5:colcon.colcon_core.verb:set package 'antonie_gazebo' build argument 'ament_cmake_args' from command line to 'None'
[0.551s] Level 5:colcon.colcon_core.verb:set package 'antonie_gazebo' build argument 'catkin_cmake_args' from command line to 'None'
[0.551s] Level 5:colcon.colcon_core.verb:set package 'antonie_gazebo' build argument 'catkin_skip_building_tests' from command line to 'False'
[0.551s] DEBUG:colcon.colcon_core.verb:Building package 'antonie_gazebo' with the following arguments: {'ament_cmake_args': None, 'build_base': '/home/user/ros2_ws/build/antonie_gazebo', 'catkin_cmake_args': None, 'catkin_skip_building_tests': False, 'cmake_args': None, 'cmake_clean_cache': False, 'cmake_clean_first': False, 'cmake_force_configure': False, 'cmake_target': None, 'cmake_target_skip_unavailable': False, 'install_base': '/home/user/ros2_ws/install/antonie_gazebo', 'merge_install': False, 'path': '/home/user/ros2_ws/src/antonie_gazebo', 'symlink_install': True, 'test_result_base': None}
[0.551s] Level 5:colcon.colcon_core.verb:set package 'antonie_moveit_config' build argument 'cmake_args' from command line to 'None'
[0.551s] Level 5:colcon.colcon_core.verb:set package 'antonie_moveit_config' build argument 'cmake_target' from command line to 'None'
[0.551s] Level 5:colcon.colcon_core.verb:set package 'antonie_moveit_config' build argument 'cmake_target_skip_unavailable' from command line to 'False'
[0.551s] Level 5:colcon.colcon_core.verb:set package 'antonie_moveit_config' build argument 'cmake_clean_cache' from command line to 'False'
[0.551s] Level 5:colcon.colcon_core.verb:set package 'antonie_moveit_config' build argument 'cmake_clean_first' from command line to 'False'
[0.551s] Level 5:colcon.colcon_core.verb:set package 'antonie_moveit_config' build argument 'cmake_force_configure' from command line to 'False'
[0.552s] Level 5:colcon.colcon_core.verb:set package 'antonie_moveit_config' build argument 'ament_cmake_args' from command line to 'None'
[0.552s] Level 5:colcon.colcon_core.verb:set package 'antonie_moveit_config' build argument 'catkin_cmake_args' from command line to 'None'
[0.552s] Level 5:colcon.colcon_core.verb:set package 'antonie_moveit_config' build argument 'catkin_skip_building_tests' from command line to 'False'
[0.552s] DEBUG:colcon.colcon_core.verb:Building package 'antonie_moveit_config' with the following arguments: {'ament_cmake_args': None, 'build_base': '/home/user/ros2_ws/build/antonie_moveit_config', 'catkin_cmake_args': None, 'catkin_skip_building_tests': False, 'cmake_args': None, 'cmake_clean_cache': False, 'cmake_clean_first': False, 'cmake_force_configure': False, 'cmake_target': None, 'cmake_target_skip_unavailable': False, 'install_base': '/home/user/ros2_ws/install/antonie_moveit_config', 'merge_install': False, 'path': '/home/user/ros2_ws/antonie_moveit_config', 'symlink_install': True, 'test_result_base': None}
[0.552s] Level 5:colcon.colcon_core.verb:set package 'my_manipulator' build argument 'cmake_args' from command line to 'None'
[0.552s] Level 5:colcon.colcon_core.verb:set package 'my_manipulator' build argument 'cmake_target' from command line to 'None'
[0.552s] Level 5:colcon.colcon_core.verb:set package 'my_manipulator' build argument 'cmake_target_skip_unavailable' from command line to 'False'
[0.552s] Level 5:colcon.colcon_core.verb:set package 'my_manipulator' build argument 'cmake_clean_cache' from command line to 'False'
[0.552s] Level 5:colcon.colcon_core.verb:set package 'my_manipulator' build argument 'cmake_clean_first' from command line to 'False'
[0.552s] Level 5:colcon.colcon_core.verb:set package 'my_manipulator' build argument 'cmake_force_configure' from command line to 'False'
[0.552s] Level 5:colcon.colcon_core.verb:set package 'my_manipulator' build argument 'ament_cmake_args' from command line to 'None'
[0.552s] Level 5:colcon.colcon_core.verb:set package 'my_manipulator' build argument 'catkin_cmake_args' from command line to 'None'
[0.552s] Level 5:colcon.colcon_core.verb:set package 'my_manipulator' build argument 'catkin_skip_building_tests' from command line to 'False'
[0.553s] DEBUG:colcon.colcon_core.verb:Building package 'my_manipulator' with the following arguments: {'ament_cmake_args': None, 'build_base': '/home/user/ros2_ws/build/my_manipulator', 'catkin_cmake_args': None, 'catkin_skip_building_tests': False, 'cmake_args': None, 'cmake_clean_cache': False, 'cmake_clean_first': False, 'cmake_force_configure': False, 'cmake_target': None, 'cmake_target_skip_unavailable': False, 'install_base': '/home/user/ros2_ws/install/my_manipulator', 'merge_install': False, 'path': '/home/user/ros2_ws/my_manipulator', 'symlink_install': True, 'test_result_base': None}
[0.553s] INFO:colcon.colcon_core.executor:Executing jobs using 'parallel' executor
[0.557s] DEBUG:colcon.colcon_parallel_executor.executor.parallel:run_until_complete
[0.557s] INFO:colcon.colcon_ros.task.ament_cmake.build:Building ROS package in '/home/user/ros2_ws/antonie_description' with build type 'ament_cmake'
[0.557s] INFO:colcon.colcon_cmake.task.cmake.build:Building CMake package in '/home/user/ros2_ws/antonie_description'
[0.580s] INFO:colcon.colcon_core.plugin_system:Skipping extension 'colcon_core.shell.bat': Not used on non-Windows systems
[0.580s] INFO:colcon.colcon_core.shell:Skip shell extension 'powershell' for command environment: Not usable outside of PowerShell
[0.580s] DEBUG:colcon.colcon_core.shell:Skip shell extension 'dsv' for command environment
[0.596s] INFO:colcon.colcon_ros.task.ament_cmake.build:Building ROS package in '/home/user/ros2_ws/src/wut_gazebo_models' with build type 'ament_cmake'
[0.605s] INFO:colcon.colcon_cmake.task.cmake.build:Building CMake package in '/home/user/ros2_ws/src/wut_gazebo_models'
[0.605s] INFO:colcon.colcon_core.shell:Skip shell extension 'powershell' for command environment: Not usable outside of PowerShell
[0.605s] DEBUG:colcon.colcon_core.shell:Skip shell extension 'dsv' for command environment
[0.619s] DEBUG:colcon.colcon_core.event_handler.log_command:Invoking command in '/home/user/ros2_ws/build/antonie_description': CMAKE_PREFIX_PATH=${CMAKE_PREFIX_PATH}:/home/user/ros2_ws/install/my_manipulator:/opt/ros/jazzy DEBUGINFOD_URLS=https://debuginfod.ubuntu.com /usr/bin/cmake --build /home/user/ros2_ws/build/antonie_description -- -j4 -l4
[0.632s] DEBUG:colcon.colcon_core.event_handler.log_command:Invoking command in '/home/user/ros2_ws/build/wut_gazebo_models': CMAKE_PREFIX_PATH=${CMAKE_PREFIX_PATH}:/home/user/ros2_ws/install/my_manipulator:/opt/ros/jazzy DEBUGINFOD_URLS=https://debuginfod.ubuntu.com /usr/bin/cmake --build /home/user/ros2_ws/build/wut_gazebo_models -- -j4 -l4
[0.749s] DEBUG:colcon.colcon_core.event_handler.log_command:Invoked command in '/home/user/ros2_ws/build/antonie_description' returned '0': CMAKE_PREFIX_PATH=${CMAKE_PREFIX_PATH}:/home/user/ros2_ws/install/my_manipulator:/opt/ros/jazzy DEBUGINFOD_URLS=https://debuginfod.ubuntu.com /usr/bin/cmake --build /home/user/ros2_ws/build/antonie_description -- -j4 -l4
[0.779s] DEBUG:colcon.colcon_core.event_handler.log_command:Invoking command in '/home/user/ros2_ws/build/antonie_description': CMAKE_PREFIX_PATH=${CMAKE_PREFIX_PATH}:/home/user/ros2_ws/install/my_manipulator:/opt/ros/jazzy DEBUGINFOD_URLS=https://debuginfod.ubuntu.com /usr/bin/cmake --install /home/user/ros2_ws/build/antonie_description
[0.807s] DEBUG:colcon.colcon_core.event_handler.log_command:Invoked command in '/home/user/ros2_ws/build/wut_gazebo_models' returned '0': CMAKE_PREFIX_PATH=${CMAKE_PREFIX_PATH}:/home/user/ros2_ws/install/my_manipulator:/opt/ros/jazzy DEBUGINFOD_URLS=https://debuginfod.ubuntu.com /usr/bin/cmake --build /home/user/ros2_ws/build/wut_gazebo_models -- -j4 -l4
[0.807s] DEBUG:colcon.colcon_core.event_handler.log_command:Invoking command in '/home/user/ros2_ws/build/wut_gazebo_models': CMAKE_PREFIX_PATH=${CMAKE_PREFIX_PATH}:/home/user/ros2_ws/install/my_manipulator:/opt/ros/jazzy DEBUGINFOD_URLS=https://debuginfod.ubuntu.com /usr/bin/cmake --install /home/user/ros2_ws/build/wut_gazebo_models
[0.837s] Level 1:colcon.colcon_core.environment:create_environment_scripts_only(antonie_description)
[0.838s] DEBUG:colcon.colcon_core.event_handler.log_command:Invoked command in '/home/user/ros2_ws/build/antonie_description' returned '0': CMAKE_PREFIX_PATH=${CMAKE_PREFIX_PATH}:/home/user/ros2_ws/install/my_manipulator:/opt/ros/jazzy DEBUGINFOD_URLS=https://debuginfod.ubuntu.com /usr/bin/cmake --install /home/user/ros2_ws/build/antonie_description
[0.860s] Level 1:colcon.colcon_core.environment:checking '/home/user/ros2_ws/install/antonie_description' for CMake module files
[0.860s] Level 1:colcon.colcon_core.environment:checking '/home/user/ros2_ws/install/antonie_description' for CMake config files
[0.860s] Level 1:colcon.colcon_core.shell:create_environment_hook('antonie_description', 'cmake_prefix_path')
[0.860s] INFO:colcon.colcon_core.shell:Creating environment hook '/home/user/ros2_ws/install/antonie_description/share/antonie_description/hook/cmake_prefix_path.ps1'
[0.861s] INFO:colcon.colcon_core.shell:Creating environment descriptor '/home/user/ros2_ws/install/antonie_description/share/antonie_description/hook/cmake_prefix_path.dsv'
[0.875s] INFO:colcon.colcon_core.shell:Creating environment hook '/home/user/ros2_ws/install/antonie_description/share/antonie_description/hook/cmake_prefix_path.sh'
[0.878s] Level 1:colcon.colcon_core.environment:checking '/home/user/ros2_ws/install/antonie_description/bin'
[0.878s] Level 1:colcon.colcon_core.environment:checking '/home/user/ros2_ws/install/antonie_description/lib/pkgconfig/antonie_description.pc'
[0.879s] Level 1:colcon.colcon_core.environment:checking '/home/user/ros2_ws/install/antonie_description/lib/python3.12/site-packages'
[0.880s] Level 1:colcon.colcon_core.environment:checking '/home/user/ros2_ws/install/antonie_description/bin'
[0.884s] INFO:colcon.colcon_core.shell:Creating package script '/home/user/ros2_ws/install/antonie_description/share/antonie_description/package.ps1'
[0.885s] INFO:colcon.colcon_core.shell:Creating package descriptor '/home/user/ros2_ws/install/antonie_description/share/antonie_description/package.dsv'
[0.886s] INFO:colcon.colcon_core.shell:Creating package script '/home/user/ros2_ws/install/antonie_description/share/antonie_description/package.sh'
[0.888s] INFO:colcon.colcon_core.shell:Creating package script '/home/user/ros2_ws/install/antonie_description/share/antonie_description/package.bash'
[0.890s] INFO:colcon.colcon_core.shell:Creating package script '/home/user/ros2_ws/install/antonie_description/share/antonie_description/package.zsh'
[0.894s] Level 1:colcon.colcon_core.environment:create_file_with_runtime_dependencies(/home/user/ros2_ws/install/antonie_description/share/colcon-core/packages/antonie_description)
[0.897s] Level 1:colcon.colcon_core.environment:create_environment_scripts_only(antonie_description)
[0.897s] Level 1:colcon.colcon_core.environment:checking '/home/user/ros2_ws/install/antonie_description' for CMake module files
[0.897s] Level 1:colcon.colcon_core.environment:checking '/home/user/ros2_ws/install/antonie_description' for CMake config files
[0.897s] Level 1:colcon.colcon_core.shell:create_environment_hook('antonie_description', 'cmake_prefix_path')
[0.898s] INFO:colcon.colcon_core.shell:Creating environment hook '/home/user/ros2_ws/install/antonie_description/share/antonie_description/hook/cmake_prefix_path.ps1'
[0.905s] INFO:colcon.colcon_core.shell:Creating environment descriptor '/home/user/ros2_ws/install/antonie_description/share/antonie_description/hook/cmake_prefix_path.dsv'
[0.908s] INFO:colcon.colcon_core.shell:Creating environment hook '/home/user/ros2_ws/install/antonie_description/share/antonie_description/hook/cmake_prefix_path.sh'
[0.913s] Level 1:colcon.colcon_core.environment:checking '/home/user/ros2_ws/install/antonie_description/bin'
[0.913s] Level 1:colcon.colcon_core.environment:checking '/home/user/ros2_ws/install/antonie_description/lib/pkgconfig/antonie_description.pc'
[0.913s] Level 1:colcon.colcon_core.environment:checking '/home/user/ros2_ws/install/antonie_description/lib/python3.12/site-packages'
[0.914s] Level 1:colcon.colcon_core.environment:checking '/home/user/ros2_ws/install/antonie_description/bin'
[0.914s] INFO:colcon.colcon_core.shell:Creating package script '/home/user/ros2_ws/install/antonie_description/share/antonie_description/package.ps1'
[0.916s] INFO:colcon.colcon_core.shell:Creating package descriptor '/home/user/ros2_ws/install/antonie_description/share/antonie_description/package.dsv'
[0.917s] INFO:colcon.colcon_core.shell:Creating package script '/home/user/ros2_ws/install/antonie_description/share/antonie_description/package.sh'
[0.925s] INFO:colcon.colcon_core.shell:Creating package script '/home/user/ros2_ws/install/antonie_description/share/antonie_description/package.bash'
[0.927s] INFO:colcon.colcon_core.shell:Creating package script '/home/user/ros2_ws/install/antonie_description/share/antonie_description/package.zsh'
[0.928s] Level 1:colcon.colcon_core.environment:create_file_with_runtime_dependencies(/home/user/ros2_ws/install/antonie_description/share/colcon-core/packages/antonie_description)
[0.929s] INFO:colcon.colcon_ros.task.ament_cmake.build:Building ROS package in '/home/user/ros2_ws/antonie_moveit_config' with build type 'ament_cmake'
[0.929s] INFO:colcon.colcon_cmake.task.cmake.build:Building CMake package in '/home/user/ros2_ws/antonie_moveit_config'
[0.929s] INFO:colcon.colcon_core.shell:Skip shell extension 'powershell' for command environment: Not usable outside of PowerShell
[0.929s] DEBUG:colcon.colcon_core.shell:Skip shell extension 'dsv' for command environment
[0.944s] INFO:colcon.colcon_ros.task.ament_python.build:Building ROS package in '/home/user/ros2_ws/my_manipulator' with build type 'ament_python'
[0.944s] Level 1:colcon.colcon_core.shell:create_environment_hook('my_manipulator', 'ament_prefix_path')
[0.945s] INFO:colcon.colcon_core.shell:Creating environment hook '/home/user/ros2_ws/install/my_manipulator/share/my_manipulator/hook/ament_prefix_path.ps1'
[0.954s] INFO:colcon.colcon_core.shell:Creating environment descriptor '/home/user/ros2_ws/install/my_manipulator/share/my_manipulator/hook/ament_prefix_path.dsv'
[0.956s] INFO:colcon.colcon_core.shell:Creating environment hook '/home/user/ros2_ws/install/my_manipulator/share/my_manipulator/hook/ament_prefix_path.sh'
[0.958s] INFO:colcon.colcon_core.shell:Skip shell extension 'powershell' for command environment: Not usable outside of PowerShell
[0.958s] DEBUG:colcon.colcon_core.shell:Skip shell extension 'dsv' for command environment
[0.984s] Level 1:colcon.colcon_core.environment:create_environment_scripts_only(wut_gazebo_models)
[0.984s] Level 1:colcon.colcon_core.environment:checking '/home/user/ros2_ws/install/wut_gazebo_models' for CMake module files
[0.985s] DEBUG:colcon.colcon_core.event_handler.log_command:Invoked command in '/home/user/ros2_ws/build/wut_gazebo_models' returned '0': CMAKE_PREFIX_PATH=${CMAKE_PREFIX_PATH}:/home/user/ros2_ws/install/my_manipulator:/opt/ros/jazzy DEBUGINFOD_URLS=https://debuginfod.ubuntu.com /usr/bin/cmake --install /home/user/ros2_ws/build/wut_gazebo_models
[0.986s] Level 1:colcon.colcon_core.environment:checking '/home/user/ros2_ws/install/wut_gazebo_models' for CMake config files
[0.986s] Level 1:colcon.colcon_core.shell:create_environment_hook('wut_gazebo_models', 'cmake_prefix_path')
[0.987s] INFO:colcon.colcon_core.shell:Creating environment hook '/home/user/ros2_ws/install/wut_gazebo_models/share/wut_gazebo_models/hook/cmake_prefix_path.ps1'
[0.987s] INFO:colcon.colcon_core.shell:Creating environment descriptor '/home/user/ros2_ws/install/wut_gazebo_models/share/wut_gazebo_models/hook/cmake_prefix_path.dsv'
[0.989s] INFO:colcon.colcon_core.shell:Creating environment hook '/home/user/ros2_ws/install/wut_gazebo_models/share/wut_gazebo_models/hook/cmake_prefix_path.sh'
[0.990s] Level 1:colcon.colcon_core.environment:checking '/home/user/ros2_ws/install/wut_gazebo_models/bin'
[0.990s] Level 1:colcon.colcon_core.environment:checking '/home/user/ros2_ws/install/wut_gazebo_models/lib/pkgconfig/wut_gazebo_models.pc'
[0.990s] Level 1:colcon.colcon_core.environment:checking '/home/user/ros2_ws/install/wut_gazebo_models/lib/python3.12/site-packages'
[0.990s] Level 1:colcon.colcon_core.environment:checking '/home/user/ros2_ws/install/wut_gazebo_models/bin'
[0.990s] INFO:colcon.colcon_core.shell:Creating package script '/home/user/ros2_ws/install/wut_gazebo_models/share/wut_gazebo_models/package.ps1'
[0.992s] INFO:colcon.colcon_core.shell:Creating package descriptor '/home/user/ros2_ws/install/wut_gazebo_models/share/wut_gazebo_models/package.dsv'
[0.993s] INFO:colcon.colcon_core.shell:Creating package script '/home/user/ros2_ws/install/wut_gazebo_models/share/wut_gazebo_models/package.sh'
[0.994s] INFO:colcon.colcon_core.shell:Creating package script '/home/user/ros2_ws/install/wut_gazebo_models/share/wut_gazebo_models/package.bash'
[0.996s] INFO:colcon.colcon_core.shell:Creating package script '/home/user/ros2_ws/install/wut_gazebo_models/share/wut_gazebo_models/package.zsh'
[0.997s] Level 1:colcon.colcon_core.environment:create_file_with_runtime_dependencies(/home/user/ros2_ws/install/wut_gazebo_models/share/colcon-core/packages/wut_gazebo_models)
[0.998s] Level 1:colcon.colcon_core.environment:create_environment_scripts_only(wut_gazebo_models)
[1.002s] Level 1:colcon.colcon_core.environment:checking '/home/user/ros2_ws/install/wut_gazebo_models' for CMake module files
[1.004s] Level 1:colcon.colcon_core.environment:checking '/home/user/ros2_ws/install/wut_gazebo_models' for CMake config files
[1.004s] Level 1:colcon.colcon_core.shell:create_environment_hook('wut_gazebo_models', 'cmake_prefix_path')
[1.004s] INFO:colcon.colcon_core.shell:Creating environment hook '/home/user/ros2_ws/install/wut_gazebo_models/share/wut_gazebo_models/hook/cmake_prefix_path.ps1'
[1.005s] INFO:colcon.colcon_core.shell:Creating environment descriptor '/home/user/ros2_ws/install/wut_gazebo_models/share/wut_gazebo_models/hook/cmake_prefix_path.dsv'
[1.005s] INFO:colcon.colcon_core.shell:Creating environment hook '/home/user/ros2_ws/install/wut_gazebo_models/share/wut_gazebo_models/hook/cmake_prefix_path.sh'
[1.006s] Level 1:colcon.colcon_core.environment:checking '/home/user/ros2_ws/install/wut_gazebo_models/bin'
[1.006s] Level 1:colcon.colcon_core.environment:checking '/home/user/ros2_ws/install/wut_gazebo_models/lib/pkgconfig/wut_gazebo_models.pc'
[1.007s] Level 1:colcon.colcon_core.environment:checking '/home/user/ros2_ws/install/wut_gazebo_models/lib/python3.12/site-packages'
[1.007s] Level 1:colcon.colcon_core.environment:checking '/home/user/ros2_ws/install/wut_gazebo_models/bin'
[1.007s] INFO:colcon.colcon_core.shell:Creating package script '/home/user/ros2_ws/install/wut_gazebo_models/share/wut_gazebo_models/package.ps1'
[1.009s] INFO:colcon.colcon_core.shell:Creating package descriptor '/home/user/ros2_ws/install/wut_gazebo_models/share/wut_gazebo_models/package.dsv'
[1.009s] INFO:colcon.colcon_core.shell:Creating package script '/home/user/ros2_ws/install/wut_gazebo_models/share/wut_gazebo_models/package.sh'
[1.015s] INFO:colcon.colcon_core.shell:Creating package script '/home/user/ros2_ws/install/wut_gazebo_models/share/wut_gazebo_models/package.bash'
[1.018s] INFO:colcon.colcon_core.shell:Creating package script '/home/user/ros2_ws/install/wut_gazebo_models/share/wut_gazebo_models/package.zsh'
[1.019s] Level 1:colcon.colcon_core.environment:create_file_with_runtime_dependencies(/home/user/ros2_ws/install/wut_gazebo_models/share/colcon-core/packages/wut_gazebo_models)
[1.021s] INFO:colcon.colcon_ros.task.ament_cmake.build:Building ROS package in '/home/user/ros2_ws/src/antonie_gazebo' with build type 'ament_cmake'
[1.021s] INFO:colcon.colcon_cmake.task.cmake.build:Building CMake package in '/home/user/ros2_ws/src/antonie_gazebo'
[1.021s] INFO:colcon.colcon_core.shell:Skip shell extension 'powershell' for command environment: Not usable outside of PowerShell
[1.033s] DEBUG:colcon.colcon_core.shell:Skip shell extension 'dsv' for command environment
[1.062s] DEBUG:colcon.colcon_core.event_handler.log_command:Invoking command in '/home/user/ros2_ws/build/antonie_moveit_config': CMAKE_PREFIX_PATH=/home/user/ros2_ws/install/antonie_description:/home/user/ros2_ws/install/wut_gazebo_models:/home/user/ros2_ws/install/antonie_gazebo:/home/user/ros2_ws/install/antonie_moveit_config:/opt/ros/jazzy/opt/gz_sim_vendor:/opt/ros/jazzy/opt/gz_sensors_vendor:/opt/ros/jazzy/opt/gz_physics_vendor:/opt/ros/jazzy/opt/sdformat_vendor:/opt/ros/jazzy/opt/gz_gui_vendor:/opt/ros/jazzy/opt/gz_transport_vendor:/opt/ros/jazzy/opt/gz_rendering_vendor:/opt/ros/jazzy/opt/gz_plugin_vendor:/opt/ros/jazzy/opt/gz_fuel_tools_vendor:/opt/ros/jazzy/opt/gz_msgs_vendor:/opt/ros/jazzy/opt/gz_common_vendor:/opt/ros/jazzy/opt/gz_math_vendor:/opt/ros/jazzy/opt/gz_utils_vendor:/opt/ros/jazzy/opt/gz_tools_vendor:/opt/ros/jazzy/opt/gz_ogre_next_vendor:/opt/ros/jazzy/opt/gz_dartsim_vendor:/opt/ros/jazzy/opt/gz_cmake_vendor:/home/user/ros2_ws/install/my_manipulator:/opt/ros/jazzy DEBUGINFOD_URLS=https://debuginfod.ubuntu.com /usr/bin/cmake --build /home/user/ros2_ws/build/antonie_moveit_config -- -j4 -l4
[1.515s] INFO:colcon.colcon_core.task.python.build:Building Python package in '/home/user/ros2_ws/my_manipulator'
[1.516s] INFO:colcon.colcon_core.shell:Skip shell extension 'powershell' for command environment: Not usable outside of PowerShell
[1.516s] DEBUG:colcon.colcon_core.shell:Skip shell extension 'dsv' for command environment
[1.540s] DEBUG:colcon.colcon_core.event_handler.log_command:Invoking command in '/home/user/ros2_ws/build/antonie_gazebo': CMAKE_PREFIX_PATH=${CMAKE_PREFIX_PATH}:/home/user/ros2_ws/install/my_manipulator:/opt/ros/jazzy DEBUGINFOD_URLS=https://debuginfod.ubuntu.com /usr/bin/cmake --build /home/user/ros2_ws/build/antonie_gazebo -- -j4 -l4
[1.549s] DEBUG:colcon.colcon_core.event_handler.log_command:Invoked command in '/home/user/ros2_ws/build/antonie_moveit_config' returned '0': CMAKE_PREFIX_PATH=/home/user/ros2_ws/install/antonie_description:/home/user/ros2_ws/install/wut_gazebo_models:/home/user/ros2_ws/install/antonie_gazebo:/home/user/ros2_ws/install/antonie_moveit_config:/opt/ros/jazzy/opt/gz_sim_vendor:/opt/ros/jazzy/opt/gz_sensors_vendor:/opt/ros/jazzy/opt/gz_physics_vendor:/opt/ros/jazzy/opt/sdformat_vendor:/opt/ros/jazzy/opt/gz_gui_vendor:/opt/ros/jazzy/opt/gz_transport_vendor:/opt/ros/jazzy/opt/gz_rendering_vendor:/opt/ros/jazzy/opt/gz_plugin_vendor:/opt/ros/jazzy/opt/gz_fuel_tools_vendor:/opt/ros/jazzy/opt/gz_msgs_vendor:/opt/ros/jazzy/opt/gz_common_vendor:/opt/ros/jazzy/opt/gz_math_vendor:/opt/ros/jazzy/opt/gz_utils_vendor:/opt/ros/jazzy/opt/gz_tools_vendor:/opt/ros/jazzy/opt/gz_ogre_next_vendor:/opt/ros/jazzy/opt/gz_dartsim_vendor:/opt/ros/jazzy/opt/gz_cmake_vendor:/home/user/ros2_ws/install/my_manipulator:/opt/ros/jazzy DEBUGINFOD_URLS=https://debuginfod.ubuntu.com /usr/bin/cmake --build /home/user/ros2_ws/build/antonie_moveit_config -- -j4 -l4
[1.549s] DEBUG:colcon.colcon_core.event_handler.log_command:Invoking command in '/home/user/ros2_ws/build/antonie_moveit_config': CMAKE_PREFIX_PATH=/home/user/ros2_ws/install/antonie_description:/home/user/ros2_ws/install/wut_gazebo_models:/home/user/ros2_ws/install/antonie_gazebo:/home/user/ros2_ws/install/antonie_moveit_config:/opt/ros/jazzy/opt/gz_sim_vendor:/opt/ros/jazzy/opt/gz_sensors_vendor:/opt/ros/jazzy/opt/gz_physics_vendor:/opt/ros/jazzy/opt/sdformat_vendor:/opt/ros/jazzy/opt/gz_gui_vendor:/opt/ros/jazzy/opt/gz_transport_vendor:/opt/ros/jazzy/opt/gz_rendering_vendor:/opt/ros/jazzy/opt/gz_plugin_vendor:/opt/ros/jazzy/opt/gz_fuel_tools_vendor:/opt/ros/jazzy/opt/gz_msgs_vendor:/opt/ros/jazzy/opt/gz_common_vendor:/opt/ros/jazzy/opt/gz_math_vendor:/opt/ros/jazzy/opt/gz_utils_vendor:/opt/ros/jazzy/opt/gz_tools_vendor:/opt/ros/jazzy/opt/gz_ogre_next_vendor:/opt/ros/jazzy/opt/gz_dartsim_vendor:/opt/ros/jazzy/opt/gz_cmake_vendor:/home/user/ros2_ws/install/my_manipulator:/opt/ros/jazzy DEBUGINFOD_URLS=https://debuginfod.ubuntu.com /usr/bin/cmake --install /home/user/ros2_ws/build/antonie_moveit_config
[1.661s] Level 1:colcon.colcon_core.environment:create_environment_scripts_only(antonie_moveit_config)
[1.662s] Level 1:colcon.colcon_core.environment:checking '/home/user/ros2_ws/install/antonie_moveit_config' for CMake module files
[1.664s] DEBUG:colcon.colcon_core.event_handler.log_command:Invoked command in '/home/user/ros2_ws/build/antonie_moveit_config' returned '0': CMAKE_PREFIX_PATH=/home/user/ros2_ws/install/antonie_description:/home/user/ros2_ws/install/wut_gazebo_models:/home/user/ros2_ws/install/antonie_gazebo:/home/user/ros2_ws/install/antonie_moveit_config:/opt/ros/jazzy/opt/gz_sim_vendor:/opt/ros/jazzy/opt/gz_sensors_vendor:/opt/ros/jazzy/opt/gz_physics_vendor:/opt/ros/jazzy/opt/sdformat_vendor:/opt/ros/jazzy/opt/gz_gui_vendor:/opt/ros/jazzy/opt/gz_transport_vendor:/opt/ros/jazzy/opt/gz_rendering_vendor:/opt/ros/jazzy/opt/gz_plugin_vendor:/opt/ros/jazzy/opt/gz_fuel_tools_vendor:/opt/ros/jazzy/opt/gz_msgs_vendor:/opt/ros/jazzy/opt/gz_common_vendor:/opt/ros/jazzy/opt/gz_math_vendor:/opt/ros/jazzy/opt/gz_utils_vendor:/opt/ros/jazzy/opt/gz_tools_vendor:/opt/ros/jazzy/opt/gz_ogre_next_vendor:/opt/ros/jazzy/opt/gz_dartsim_vendor:/opt/ros/jazzy/opt/gz_cmake_vendor:/home/user/ros2_ws/install/my_manipulator:/opt/ros/jazzy DEBUGINFOD_URLS=https://debuginfod.ubuntu.com /usr/bin/cmake --install /home/user/ros2_ws/build/antonie_moveit_config
[1.668s] Level 1:colcon.colcon_core.environment:checking '/home/user/ros2_ws/install/antonie_moveit_config' for CMake config files
[1.668s] Level 1:colcon.colcon_core.shell:create_environment_hook('antonie_moveit_config', 'cmake_prefix_path')
[1.669s] INFO:colcon.colcon_core.shell:Creating environment hook '/home/user/ros2_ws/install/antonie_moveit_config/share/antonie_moveit_config/hook/cmake_prefix_path.ps1'
[1.672s] INFO:colcon.colcon_core.shell:Creating environment descriptor '/home/user/ros2_ws/install/antonie_moveit_config/share/antonie_moveit_config/hook/cmake_prefix_path.dsv'
[1.673s] INFO:colcon.colcon_core.shell:Creating environment hook '/home/user/ros2_ws/install/antonie_moveit_config/share/antonie_moveit_config/hook/cmake_prefix_path.sh'
[1.676s] Level 1:colcon.colcon_core.environment:checking '/home/user/ros2_ws/install/antonie_moveit_config/bin'
[1.676s] Level 1:colcon.colcon_core.environment:checking '/home/user/ros2_ws/install/antonie_moveit_config/lib/pkgconfig/antonie_moveit_config.pc'
[1.676s] Level 1:colcon.colcon_core.environment:checking '/home/user/ros2_ws/install/antonie_moveit_config/lib/python3.12/site-packages'
[1.676s] Level 1:colcon.colcon_core.environment:checking '/home/user/ros2_ws/install/antonie_moveit_config/bin'
[1.679s] INFO:colcon.colcon_core.shell:Creating package script '/home/user/ros2_ws/install/antonie_moveit_config/share/antonie_moveit_config/package.ps1'
[1.680s] INFO:colcon.colcon_core.shell:Creating package descriptor '/home/user/ros2_ws/install/antonie_moveit_config/share/antonie_moveit_config/package.dsv'
[1.682s] INFO:colcon.colcon_core.shell:Creating package script '/home/user/ros2_ws/install/antonie_moveit_config/share/antonie_moveit_config/package.sh'
[1.683s] INFO:colcon.colcon_core.shell:Creating package script '/home/user/ros2_ws/install/antonie_moveit_config/share/antonie_moveit_config/package.bash'
[1.683s] INFO:colcon.colcon_core.shell:Creating package script '/home/user/ros2_ws/install/antonie_moveit_config/share/antonie_moveit_config/package.zsh'
[1.684s] Level 1:colcon.colcon_core.environment:create_file_with_runtime_dependencies(/home/user/ros2_ws/install/antonie_moveit_config/share/colcon-core/packages/antonie_moveit_config)
[1.684s] Level 1:colcon.colcon_core.environment:create_environment_scripts_only(antonie_moveit_config)
[1.684s] Level 1:colcon.colcon_core.environment:checking '/home/user/ros2_ws/install/antonie_moveit_config' for CMake module files
[1.685s] Level 1:colcon.colcon_core.environment:checking '/home/user/ros2_ws/install/antonie_moveit_config' for CMake config files
[1.685s] Level 1:colcon.colcon_core.shell:create_environment_hook('antonie_moveit_config', 'cmake_prefix_path')
[1.685s] INFO:colcon.colcon_core.shell:Creating environment hook '/home/user/ros2_ws/install/antonie_moveit_config/share/antonie_moveit_config/hook/cmake_prefix_path.ps1'
[1.686s] INFO:colcon.colcon_core.shell:Creating environment descriptor '/home/user/ros2_ws/install/antonie_moveit_config/share/antonie_moveit_config/hook/cmake_prefix_path.dsv'
[1.686s] INFO:colcon.colcon_core.shell:Creating environment hook '/home/user/ros2_ws/install/antonie_moveit_config/share/antonie_moveit_config/hook/cmake_prefix_path.sh'
[1.687s] Level 1:colcon.colcon_core.environment:checking '/home/user/ros2_ws/install/antonie_moveit_config/bin'
[1.687s] Level 1:colcon.colcon_core.environment:checking '/home/user/ros2_ws/install/antonie_moveit_config/lib/pkgconfig/antonie_moveit_config.pc'
[1.687s] Level 1:colcon.colcon_core.environment:checking '/home/user/ros2_ws/install/antonie_moveit_config/lib/python3.12/site-packages'
[1.689s] Level 1:colcon.colcon_core.environment:checking '/home/user/ros2_ws/install/antonie_moveit_config/bin'
[1.692s] INFO:colcon.colcon_core.shell:Creating package script '/home/user/ros2_ws/install/antonie_moveit_config/share/antonie_moveit_config/package.ps1'
[1.693s] INFO:colcon.colcon_core.shell:Creating package descriptor '/home/user/ros2_ws/install/antonie_moveit_config/share/antonie_moveit_config/package.dsv'
[1.698s] INFO:colcon.colcon_core.shell:Creating package script '/home/user/ros2_ws/install/antonie_moveit_config/share/antonie_moveit_config/package.sh'
[1.701s] INFO:colcon.colcon_core.shell:Creating package script '/home/user/ros2_ws/install/antonie_moveit_config/share/antonie_moveit_config/package.bash'
[1.708s] INFO:colcon.colcon_core.shell:Creating package script '/home/user/ros2_ws/install/antonie_moveit_config/share/antonie_moveit_config/package.zsh'
[1.710s] Level 1:colcon.colcon_core.environment:create_file_with_runtime_dependencies(/home/user/ros2_ws/install/antonie_moveit_config/share/colcon-core/packages/antonie_moveit_config)
[1.720s] DEBUG:colcon.colcon_core.event_handler.log_command:Invoked command in '/home/user/ros2_ws/build/antonie_gazebo' returned '0': CMAKE_PREFIX_PATH=${CMAKE_PREFIX_PATH}:/home/user/ros2_ws/install/my_manipulator:/opt/ros/jazzy DEBUGINFOD_URLS=https://debuginfod.ubuntu.com /usr/bin/cmake --build /home/user/ros2_ws/build/antonie_gazebo -- -j4 -l4
[1.721s] DEBUG:colcon.colcon_core.event_handler.log_command:Invoking command in '/home/user/ros2_ws/build/antonie_gazebo': CMAKE_PREFIX_PATH=${CMAKE_PREFIX_PATH}:/home/user/ros2_ws/install/my_manipulator:/opt/ros/jazzy DEBUGINFOD_URLS=https://debuginfod.ubuntu.com /usr/bin/cmake --install /home/user/ros2_ws/build/antonie_gazebo
[1.774s] Level 1:colcon.colcon_core.environment:create_environment_scripts_only(antonie_gazebo)
[1.775s] Level 1:colcon.colcon_core.environment:checking '/home/user/ros2_ws/install/antonie_gazebo' for CMake module files
[1.775s] Level 1:colcon.colcon_core.environment:checking '/home/user/ros2_ws/install/antonie_gazebo' for CMake config files
[1.775s] Level 1:colcon.colcon_core.shell:create_environment_hook('antonie_gazebo', 'cmake_prefix_path')
[1.779s] INFO:colcon.colcon_core.shell:Creating environment hook '/home/user/ros2_ws/install/antonie_gazebo/share/antonie_gazebo/hook/cmake_prefix_path.ps1'
[1.780s] INFO:colcon.colcon_core.shell:Creating environment descriptor '/home/user/ros2_ws/install/antonie_gazebo/share/antonie_gazebo/hook/cmake_prefix_path.dsv'
[1.781s] INFO:colcon.colcon_core.shell:Creating environment hook '/home/user/ros2_ws/install/antonie_gazebo/share/antonie_gazebo/hook/cmake_prefix_path.sh'
[1.782s] Level 1:colcon.colcon_core.environment:checking '/home/user/ros2_ws/install/antonie_gazebo/bin'
[1.782s] Level 1:colcon.colcon_core.environment:checking '/home/user/ros2_ws/install/antonie_gazebo/lib/pkgconfig/antonie_gazebo.pc'
[1.782s] Level 1:colcon.colcon_core.environment:checking '/home/user/ros2_ws/install/antonie_gazebo/lib/python3.12/site-packages'
[1.782s] Level 1:colcon.colcon_core.environment:checking '/home/user/ros2_ws/install/antonie_gazebo/bin'
[1.782s] INFO:colcon.colcon_core.shell:Creating package script '/home/user/ros2_ws/install/antonie_gazebo/share/antonie_gazebo/package.ps1'
[1.783s] INFO:colcon.colcon_core.shell:Creating package descriptor '/home/user/ros2_ws/install/antonie_gazebo/share/antonie_gazebo/package.dsv'
[1.798s] INFO:colcon.colcon_core.shell:Creating package script '/home/user/ros2_ws/install/antonie_gazebo/share/antonie_gazebo/package.sh'
[1.799s] INFO:colcon.colcon_core.shell:Creating package script '/home/user/ros2_ws/install/antonie_gazebo/share/antonie_gazebo/package.bash'
[1.799s] INFO:colcon.colcon_core.shell:Creating package script '/home/user/ros2_ws/install/antonie_gazebo/share/antonie_gazebo/package.zsh'
[1.803s] DEBUG:colcon.colcon_core.event_handler.log_command:Invoked command in '/home/user/ros2_ws/build/antonie_gazebo' returned '0': CMAKE_PREFIX_PATH=${CMAKE_PREFIX_PATH}:/home/user/ros2_ws/install/my_manipulator:/opt/ros/jazzy DEBUGINFOD_URLS=https://debuginfod.ubuntu.com /usr/bin/cmake --install /home/user/ros2_ws/build/antonie_gazebo
[1.805s] Level 1:colcon.colcon_core.environment:create_file_with_runtime_dependencies(/home/user/ros2_ws/install/antonie_gazebo/share/colcon-core/packages/antonie_gazebo)
[1.807s] Level 1:colcon.colcon_core.environment:create_environment_scripts_only(antonie_gazebo)
[1.807s] Level 1:colcon.colcon_core.environment:checking '/home/user/ros2_ws/install/antonie_gazebo' for CMake module files
[1.807s] Level 1:colcon.colcon_core.environment:checking '/home/user/ros2_ws/install/antonie_gazebo' for CMake config files
[1.807s] Level 1:colcon.colcon_core.shell:create_environment_hook('antonie_gazebo', 'cmake_prefix_path')
[1.807s] INFO:colcon.colcon_core.shell:Creating environment hook '/home/user/ros2_ws/install/antonie_gazebo/share/antonie_gazebo/hook/cmake_prefix_path.ps1'
[1.809s] INFO:colcon.colcon_core.shell:Creating environment descriptor '/home/user/ros2_ws/install/antonie_gazebo/share/antonie_gazebo/hook/cmake_prefix_path.dsv'
[1.809s] INFO:colcon.colcon_core.shell:Creating environment hook '/home/user/ros2_ws/install/antonie_gazebo/share/antonie_gazebo/hook/cmake_prefix_path.sh'
[1.812s] Level 1:colcon.colcon_core.environment:checking '/home/user/ros2_ws/install/antonie_gazebo/bin'
[1.812s] Level 1:colcon.colcon_core.environment:checking '/home/user/ros2_ws/install/antonie_gazebo/lib/pkgconfig/antonie_gazebo.pc'
[1.812s] Level 1:colcon.colcon_core.environment:checking '/home/user/ros2_ws/install/antonie_gazebo/lib/python3.12/site-packages'
[1.812s] Level 1:colcon.colcon_core.environment:checking '/home/user/ros2_ws/install/antonie_gazebo/bin'
[1.812s] INFO:colcon.colcon_core.shell:Creating package script '/home/user/ros2_ws/install/antonie_gazebo/share/antonie_gazebo/package.ps1'
[1.813s] INFO:colcon.colcon_core.shell:Creating package descriptor '/home/user/ros2_ws/install/antonie_gazebo/share/antonie_gazebo/package.dsv'
[1.814s] INFO:colcon.colcon_core.shell:Creating package script '/home/user/ros2_ws/install/antonie_gazebo/share/antonie_gazebo/package.sh'
[1.815s] INFO:colcon.colcon_core.shell:Creating package script '/home/user/ros2_ws/install/antonie_gazebo/share/antonie_gazebo/package.bash'
[1.815s] INFO:colcon.colcon_core.shell:Creating package script '/home/user/ros2_ws/install/antonie_gazebo/share/antonie_gazebo/package.zsh'
[1.816s] Level 1:colcon.colcon_core.environment:create_file_with_runtime_dependencies(/home/user/ros2_ws/install/antonie_gazebo/share/colcon-core/packages/antonie_gazebo)
[2.618s] DEBUG:colcon.colcon_core.event_handler.log_command:Invoking command in '/home/user/ros2_ws/build/my_manipulator': CMAKE_PREFIX_PATH=/home/user/ros2_ws/install/antonie_description:/home/user/ros2_ws/install/wut_gazebo_models:/home/user/ros2_ws/install/antonie_gazebo:/home/user/ros2_ws/install/antonie_moveit_config:/opt/ros/jazzy/opt/gz_sim_vendor:/opt/ros/jazzy/opt/gz_sensors_vendor:/opt/ros/jazzy/opt/gz_physics_vendor:/opt/ros/jazzy/opt/sdformat_vendor:/opt/ros/jazzy/opt/gz_gui_vendor:/opt/ros/jazzy/opt/gz_transport_vendor:/opt/ros/jazzy/opt/gz_rendering_vendor:/opt/ros/jazzy/opt/gz_plugin_vendor:/opt/ros/jazzy/opt/gz_fuel_tools_vendor:/opt/ros/jazzy/opt/gz_msgs_vendor:/opt/ros/jazzy/opt/gz_common_vendor:/opt/ros/jazzy/opt/gz_math_vendor:/opt/ros/jazzy/opt/gz_utils_vendor:/opt/ros/jazzy/opt/gz_tools_vendor:/opt/ros/jazzy/opt/gz_ogre_next_vendor:/opt/ros/jazzy/opt/gz_dartsim_vendor:/opt/ros/jazzy/opt/gz_cmake_vendor DEBUGINFOD_URLS=https://debuginfod.ubuntu.com PYTHONPATH=/home/user/ros2_ws/build/my_manipulator/prefix_override:/usr/lib/python3/dist-packages/colcon_core/task/python/colcon_distutils_commands:/home/user/ros2_ws/install/my_manipulator/lib/python3.12/site-packages:${PYTHONPATH} /usr/bin/python3 -W ignore:setup.py install is deprecated -W ignore:easy_install command is deprecated setup.py develop --editable --build-directory /home/user/ros2_ws/build/my_manipulator/build --no-deps symlink_data
[3.809s] Level 1:colcon.colcon_core.shell:create_environment_hook('my_manipulator', 'pythonpath_develop')
[3.811s] INFO:colcon.colcon_core.shell:Creating environment hook '/home/user/ros2_ws/build/my_manipulator/share/my_manipulator/hook/pythonpath_develop.ps1'
[3.813s] DEBUG:colcon.colcon_core.event_handler.log_command:Invoked command in '/home/user/ros2_ws/build/my_manipulator' returned '0': CMAKE_PREFIX_PATH=/home/user/ros2_ws/install/antonie_description:/home/user/ros2_ws/install/wut_gazebo_models:/home/user/ros2_ws/install/antonie_gazebo:/home/user/ros2_ws/install/antonie_moveit_config:/opt/ros/jazzy/opt/gz_sim_vendor:/opt/ros/jazzy/opt/gz_sensors_vendor:/opt/ros/jazzy/opt/gz_physics_vendor:/opt/ros/jazzy/opt/sdformat_vendor:/opt/ros/jazzy/opt/gz_gui_vendor:/opt/ros/jazzy/opt/gz_transport_vendor:/opt/ros/jazzy/opt/gz_rendering_vendor:/opt/ros/jazzy/opt/gz_plugin_vendor:/opt/ros/jazzy/opt/gz_fuel_tools_vendor:/opt/ros/jazzy/opt/gz_msgs_vendor:/opt/ros/jazzy/opt/gz_common_vendor:/opt/ros/jazzy/opt/gz_math_vendor:/opt/ros/jazzy/opt/gz_utils_vendor:/opt/ros/jazzy/opt/gz_tools_vendor:/opt/ros/jazzy/opt/gz_ogre_next_vendor:/opt/ros/jazzy/opt/gz_dartsim_vendor:/opt/ros/jazzy/opt/gz_cmake_vendor DEBUGINFOD_URLS=https://debuginfod.ubuntu.com PYTHONPATH=/home/user/ros2_ws/build/my_manipulator/prefix_override:/usr/lib/python3/dist-packages/colcon_core/task/python/colcon_distutils_commands:/home/user/ros2_ws/install/my_manipulator/lib/python3.12/site-packages:${PYTHONPATH} /usr/bin/python3 -W ignore:setup.py install is deprecated -W ignore:easy_install command is deprecated setup.py develop --editable --build-directory /home/user/ros2_ws/build/my_manipulator/build --no-deps symlink_data
[3.814s] INFO:colcon.colcon_core.shell:Creating environment descriptor '/home/user/ros2_ws/build/my_manipulator/share/my_manipulator/hook/pythonpath_develop.dsv'
[3.817s] INFO:colcon.colcon_core.shell:Creating environment hook '/home/user/ros2_ws/build/my_manipulator/share/my_manipulator/hook/pythonpath_develop.sh'
[3.818s] Level 1:colcon.colcon_core.environment:checking '/home/user/ros2_ws/install/my_manipulator' for CMake module files
[3.819s] Level 1:colcon.colcon_core.environment:checking '/home/user/ros2_ws/install/my_manipulator' for CMake config files
[3.819s] Level 1:colcon.colcon_core.environment:checking '/home/user/ros2_ws/install/my_manipulator/lib'
[3.819s] Level 1:colcon.colcon_core.environment:checking '/home/user/ros2_ws/install/my_manipulator/bin'
[3.819s] Level 1:colcon.colcon_core.environment:checking '/home/user/ros2_ws/install/my_manipulator/lib/pkgconfig/my_manipulator.pc'
[3.819s] Level 1:colcon.colcon_core.environment:checking '/home/user/ros2_ws/install/my_manipulator/lib/python3.12/site-packages'
[3.819s] Level 1:colcon.colcon_core.shell:create_environment_hook('my_manipulator', 'pythonpath')
[3.820s] INFO:colcon.colcon_core.shell:Creating environment hook '/home/user/ros2_ws/install/my_manipulator/share/my_manipulator/hook/pythonpath.ps1'
[3.821s] INFO:colcon.colcon_core.shell:Creating environment descriptor '/home/user/ros2_ws/install/my_manipulator/share/my_manipulator/hook/pythonpath.dsv'
[3.822s] INFO:colcon.colcon_core.shell:Creating environment hook '/home/user/ros2_ws/install/my_manipulator/share/my_manipulator/hook/pythonpath.sh'
[3.824s] Level 1:colcon.colcon_core.environment:checking '/home/user/ros2_ws/install/my_manipulator/bin'
[3.824s] Level 1:colcon.colcon_core.environment:create_environment_scripts_only(my_manipulator)
[3.828s] INFO:colcon.colcon_core.shell:Creating package script '/home/user/ros2_ws/install/my_manipulator/share/my_manipulator/package.ps1'
[3.835s] INFO:colcon.colcon_core.shell:Creating package descriptor '/home/user/ros2_ws/install/my_manipulator/share/my_manipulator/package.dsv'
[3.838s] INFO:colcon.colcon_core.shell:Creating package script '/home/user/ros2_ws/install/my_manipulator/share/my_manipulator/package.sh'
[3.839s] INFO:colcon.colcon_core.shell:Creating package script '/home/user/ros2_ws/install/my_manipulator/share/my_manipulator/package.bash'
[3.841s] INFO:colcon.colcon_core.shell:Creating package script '/home/user/ros2_ws/install/my_manipulator/share/my_manipulator/package.zsh'
[3.841s] Level 1:colcon.colcon_core.environment:create_file_with_runtime_dependencies(/home/user/ros2_ws/install/my_manipulator/share/colcon-core/packages/my_manipulator)
[3.842s] DEBUG:colcon.colcon_parallel_executor.executor.parallel:closing loop
[3.842s] DEBUG:colcon.colcon_parallel_executor.executor.parallel:loop closed
[3.842s] DEBUG:colcon.colcon_parallel_executor.executor.parallel:run_until_complete finished with '0'
[3.842s] DEBUG:colcon.colcon_core.event_reactor:joining thread
[3.881s] INFO:colcon.colcon_core.plugin_system:Skipping extension 'colcon_notification.desktop_notification.terminal_notifier': Not used on non-Darwin systems
[3.881s] INFO:colcon.colcon_core.plugin_system:Skipping extension 'colcon_notification.desktop_notification.win32': Not used on non-Windows systems
[3.881s] INFO:colcon.colcon_notification.desktop_notification:Sending desktop notification using 'notify2'
[3.918s] DEBUG:colcon.colcon_core.event_reactor:joined thread
[3.918s] INFO:colcon.colcon_core.shell:Creating prefix script '/home/user/ros2_ws/install/local_setup.ps1'
[3.920s] INFO:colcon.colcon_core.shell:Creating prefix util module '/home/user/ros2_ws/install/_local_setup_util_ps1.py'
[3.925s] INFO:colcon.colcon_core.shell:Creating prefix chain script '/home/user/ros2_ws/install/setup.ps1'
[3.928s] INFO:colcon.colcon_core.shell:Creating prefix script '/home/user/ros2_ws/install/local_setup.sh'
[3.928s] INFO:colcon.colcon_core.shell:Creating prefix util module '/home/user/ros2_ws/install/_local_setup_util_sh.py'
[3.929s] INFO:colcon.colcon_core.shell:Creating prefix chain script '/home/user/ros2_ws/install/setup.sh'
[3.934s] INFO:colcon.colcon_core.shell:Creating prefix script '/home/user/ros2_ws/install/local_setup.bash'
[3.936s] INFO:colcon.colcon_core.shell:Creating prefix chain script '/home/user/ros2_ws/install/setup.bash'
[3.938s] INFO:colcon.colcon_core.shell:Creating prefix script '/home/user/ros2_ws/install/local_setup.zsh'
[3.942s] INFO:colcon.colcon_core.shell:Creating prefix chain script '/home/user/ros2_ws/install/setup.zsh'
