[0.015s] Invoking command in '/home/user/ros2_ws/build/antonie_description': CMAKE_PREFIX_PATH=${CMAKE_PREFIX_PATH}:/home/user/ros2_ws/install/my_manipulator:/opt/ros/jazzy DEBUGINFOD_URLS=https://debuginfod.ubuntu.com /usr/bin/cmake /home/user/ros2_ws/antonie_description -DAMENT_CMAKE_SYMLINK_INSTALL=1 -DCMAKE_INSTALL_PREFIX=/home/user/ros2_ws/install/antonie_description
[0.069s] -- The C compiler identification is GNU 13.3.0
[0.117s] -- The CXX compiler identification is GNU 13.3.0
[0.137s] -- Detecting C compiler ABI info
[0.239s] -- Detecting C compiler ABI info - done
[0.247s] -- Check for working C compiler: /usr/bin/cc - skipped
[0.247s] -- Detecting C compile features
[0.248s] -- Detecting C compile features - done
[0.257s] -- Detecting CXX compiler ABI info
[0.366s] -- Detecting CXX compiler ABI info - done
[0.372s] -- Check for working CXX compiler: /usr/bin/c++ - skipped
[0.372s] -- Detecting CXX compile features
[0.373s] -- Detecting CXX compile features - done
[0.375s] -- Found ament_cmake: 2.5.6 (/opt/ros/jazzy/share/ament_cmake/cmake)
[0.529s] -- Found Python3: /usr/bin/python3 (found version "3.12.3") found components: Interpreter 
[0.584s] -- Override CMake install command with custom implementation using symlinks instead of copying resources
[0.620s] -- Found ament_lint_auto: 0.17.5 (/opt/ros/jazzy/share/ament_lint_auto/cmake)
[0.711s] -- Added test 'lint_cmake' to check CMake code style
[0.712s] -- Added test 'xmllint' to check XML markup files
[0.713s] -- Configuring done (0.7s)
[0.716s] -- Generating done (0.0s)
[0.719s] -- Build files have been written to: /home/user/ros2_ws/build/antonie_description
[0.735s] Invoked command in '/home/user/ros2_ws/build/antonie_description' returned '0': CMAKE_PREFIX_PATH=${CMAKE_PREFIX_PATH}:/home/user/ros2_ws/install/my_manipulator:/opt/ros/jazzy DEBUGINFOD_URLS=https://debuginfod.ubuntu.com /usr/bin/cmake /home/user/ros2_ws/antonie_description -DAMENT_CMAKE_SYMLINK_INSTALL=1 -DCMAKE_INSTALL_PREFIX=/home/user/ros2_ws/install/antonie_description
[0.735s] Invoking command in '/home/user/ros2_ws/build/antonie_description': CMAKE_PREFIX_PATH=${CMAKE_PREFIX_PATH}:/home/user/ros2_ws/install/my_manipulator:/opt/ros/jazzy DEBUGINFOD_URLS=https://debuginfod.ubuntu.com /usr/bin/cmake --build /home/user/ros2_ws/build/antonie_description -- -j4 -l4
[0.772s] Invoked command in '/home/user/ros2_ws/build/antonie_description' returned '0': CMAKE_PREFIX_PATH=${CMAKE_PREFIX_PATH}:/home/user/ros2_ws/install/my_manipulator:/opt/ros/jazzy DEBUGINFOD_URLS=https://debuginfod.ubuntu.com /usr/bin/cmake --build /home/user/ros2_ws/build/antonie_description -- -j4 -l4
[0.781s] Invoking command in '/home/user/ros2_ws/build/antonie_description': CMAKE_PREFIX_PATH=${CMAKE_PREFIX_PATH}:/home/user/ros2_ws/install/my_manipulator:/opt/ros/jazzy DEBUGINFOD_URLS=https://debuginfod.ubuntu.com /usr/bin/cmake --install /home/user/ros2_ws/build/antonie_description
[0.789s] -- Install configuration: ""
[0.789s] -- Execute custom install script
[0.790s] -- Symlinking: /home/user/ros2_ws/install/antonie_description/share/antonie_description/launch/description_test.launch.xml
[0.798s] -- Symlinking: /home/user/ros2_ws/install/antonie_description/share/antonie_description/urdf/2antonie.urdf
[0.807s] -- Symlinking: /home/user/ros2_ws/install/antonie_description/share/antonie_description/urdf/3antonie_backup.urdf
[0.815s] -- Symlinking: /home/user/ros2_ws/install/antonie_description/share/antonie_description/urdf/antonie.urdf
[0.839s] -- Symlinking: /home/user/ros2_ws/install/antonie_description/share/ament_index/resource_index/package_run_dependencies/antonie_description
[0.847s] -- Symlinking: /home/user/ros2_ws/install/antonie_description/share/ament_index/resource_index/parent_prefix_path/antonie_description
[0.856s] -- Symlinking: /home/user/ros2_ws/install/antonie_description/share/antonie_description/environment/ament_prefix_path.sh
[0.864s] -- Symlinking: /home/user/ros2_ws/install/antonie_description/share/antonie_description/environment/ament_prefix_path.dsv
[0.872s] -- Symlinking: /home/user/ros2_ws/install/antonie_description/share/antonie_description/environment/path.sh
[0.880s] -- Symlinking: /home/user/ros2_ws/install/antonie_description/share/antonie_description/environment/path.dsv
[0.892s] -- Symlinking: /home/user/ros2_ws/install/antonie_description/share/antonie_description/local_setup.bash
[0.902s] -- Symlinking: /home/user/ros2_ws/install/antonie_description/share/antonie_description/local_setup.sh
[0.910s] -- Symlinking: /home/user/ros2_ws/install/antonie_description/share/antonie_description/local_setup.zsh
[0.923s] -- Symlinking: /home/user/ros2_ws/install/antonie_description/share/antonie_description/local_setup.dsv
[0.933s] -- Symlinking: /home/user/ros2_ws/install/antonie_description/share/antonie_description/package.dsv
[0.941s] -- Symlinking: /home/user/ros2_ws/install/antonie_description/share/ament_index/resource_index/packages/antonie_description
[0.950s] -- Symlinking: /home/user/ros2_ws/install/antonie_description/share/antonie_description/cmake/antonie_descriptionConfig.cmake
[0.965s] -- Symlinking: /home/user/ros2_ws/install/antonie_description/share/antonie_description/cmake/antonie_descriptionConfig-version.cmake
[0.966s] -- Symlinking: /home/user/ros2_ws/install/antonie_description/share/antonie_description/package.xml
[0.976s] Invoked command in '/home/user/ros2_ws/build/antonie_description' returned '0': CMAKE_PREFIX_PATH=${CMAKE_PREFIX_PATH}:/home/user/ros2_ws/install/my_manipulator:/opt/ros/jazzy DEBUGINFOD_URLS=https://debuginfod.ubuntu.com /usr/bin/cmake --install /home/user/ros2_ws/build/antonie_description
