[0.067s] DEBUG:colcon:Command line arguments: ['/usr/bin/colcon', 'build', '--symlink-install']
[0.067s] DEBUG:colcon:Parsed command line arguments: Namespace(log_base=None, log_level=None, verb_name='build', build_base='build', install_base='install', merge_install=False, symlink_install=True, test_result_base=None, continue_on_error=False, executor='parallel', parallel_workers=4, event_handlers=None, ignore_user_meta=False, metas=['./colcon.meta'], base_paths=['.'], packages_ignore=None, packages_ignore_regex=None, paths=None, packages_up_to=None, packages_up_to_regex=None, packages_above=None, packages_above_and_dependencies=None, packages_above_depth=None, packages_select_by_dep=None, packages_skip_by_dep=None, packages_skip_up_to=None, packages_select_build_failed=False, packages_skip_build_finished=False, packages_select_test_failures=False, packages_skip_test_passed=False, packages_select=None, packages_skip=None, packages_select_regex=None, packages_skip_regex=None, packages_start=None, packages_end=None, allow_overriding=[], cmake_args=None, cmake_target=None, cmake_target_skip_unavailable=False, cmake_clean_cache=False, cmake_clean_first=False, cmake_force_configure=False, ament_cmake_args=None, catkin_cmake_args=None, catkin_skip_building_tests=False, mixin_files=None, mixin=None, verb_parser=<colcon_mixin.mixin.mixin_argument.MixinArgumentDecorator object at 0x7b9752a57590>, verb_extension=<colcon_core.verb.build.BuildVerb object at 0x7b97529f55e0>, main=<bound method BuildVerb.main of <colcon_core.verb.build.BuildVerb object at 0x7b97529f55e0>>, mixin_verb=('build',))
[0.090s] Level 1:colcon.colcon_core.package_discovery:discover_packages(colcon_meta) check parameters
[0.090s] Level 1:colcon.colcon_core.package_discovery:discover_packages(recursive) check parameters
[0.090s] Level 1:colcon.colcon_core.package_discovery:discover_packages(ignore) check parameters
[0.090s] Level 1:colcon.colcon_core.package_discovery:discover_packages(path) check parameters
[0.091s] Level 1:colcon.colcon_core.package_discovery:discover_packages(colcon_meta) discover
[0.091s] Level 1:colcon.colcon_core.package_discovery:discover_packages(recursive) discover
[0.091s] INFO:colcon.colcon_core.package_discovery:Crawling recursively for packages in '/home/user/ros2_ws'
[0.091s] Level 1:colcon.colcon_core.package_identification:_identify(.) by extensions ['ignore', 'ignore_ament_install']
[0.091s] Level 1:colcon.colcon_core.package_identification:_identify(.) by extension 'ignore'
[0.091s] Level 1:colcon.colcon_core.package_identification:_identify(.) by extension 'ignore_ament_install'
[0.091s] Level 1:colcon.colcon_core.package_identification:_identify(.) by extensions ['colcon_pkg']
[0.091s] Level 1:colcon.colcon_core.package_identification:_identify(.) by extension 'colcon_pkg'
[0.091s] Level 1:colcon.colcon_core.package_identification:_identify(.) by extensions ['colcon_meta']
[0.091s] Level 1:colcon.colcon_core.package_identification:_identify(.) by extension 'colcon_meta'
[0.091s] Level 1:colcon.colcon_core.package_identification:_identify(.) by extensions ['ros']
[0.091s] Level 1:colcon.colcon_core.package_identification:_identify(.) by extension 'ros'
[0.106s] Level 1:colcon.colcon_core.package_identification:_identify(.) by extensions ['cmake', 'python']
[0.106s] Level 1:colcon.colcon_core.package_identification:_identify(.) by extension 'cmake'
[0.106s] Level 1:colcon.colcon_core.package_identification:_identify(.) by extension 'python'
[0.106s] Level 1:colcon.colcon_core.package_identification:_identify(.) by extensions ['python_setup_py']
[0.106s] Level 1:colcon.colcon_core.package_identification:_identify(.) by extension 'python_setup_py'
[0.106s] Level 1:colcon.colcon_core.package_identification:_identify(antonie_description) by extensions ['ignore', 'ignore_ament_install']
[0.106s] Level 1:colcon.colcon_core.package_identification:_identify(antonie_description) by extension 'ignore'
[0.106s] Level 1:colcon.colcon_core.package_identification:_identify(antonie_description) by extension 'ignore_ament_install'
[0.106s] Level 1:colcon.colcon_core.package_identification:_identify(antonie_description) by extensions ['colcon_pkg']
[0.107s] Level 1:colcon.colcon_core.package_identification:_identify(antonie_description) by extension 'colcon_pkg'
[0.107s] Level 1:colcon.colcon_core.package_identification:_identify(antonie_description) by extensions ['colcon_meta']
[0.107s] Level 1:colcon.colcon_core.package_identification:_identify(antonie_description) by extension 'colcon_meta'
[0.107s] Level 1:colcon.colcon_core.package_identification:_identify(antonie_description) by extensions ['ros']
[0.107s] Level 1:colcon.colcon_core.package_identification:_identify(antonie_description) by extension 'ros'
[0.108s] DEBUG:colcon.colcon_core.package_identification:Package 'antonie_description' with type 'ros.ament_cmake' and name 'antonie_description'
[0.108s] Level 1:colcon.colcon_core.package_identification:_identify(antonie_moveit_config) by extensions ['ignore', 'ignore_ament_install']
[0.108s] Level 1:colcon.colcon_core.package_identification:_identify(antonie_moveit_config) by extension 'ignore'
[0.108s] Level 1:colcon.colcon_core.package_identification:_identify(antonie_moveit_config) by extension 'ignore_ament_install'
[0.108s] Level 1:colcon.colcon_core.package_identification:_identify(antonie_moveit_config) by extensions ['colcon_pkg']
[0.108s] Level 1:colcon.colcon_core.package_identification:_identify(antonie_moveit_config) by extension 'colcon_pkg'
[0.108s] Level 1:colcon.colcon_core.package_identification:_identify(antonie_moveit_config) by extensions ['colcon_meta']
[0.108s] Level 1:colcon.colcon_core.package_identification:_identify(antonie_moveit_config) by extension 'colcon_meta'
[0.108s] Level 1:colcon.colcon_core.package_identification:_identify(antonie_moveit_config) by extensions ['ros']
[0.108s] Level 1:colcon.colcon_core.package_identification:_identify(antonie_moveit_config) by extension 'ros'
[0.109s] DEBUG:colcon.colcon_core.package_identification:Package 'antonie_moveit_config' with type 'ros.ament_cmake' and name 'antonie_moveit_config'
[0.109s] Level 1:colcon.colcon_core.package_identification:_identify(build) by extensions ['ignore', 'ignore_ament_install']
[0.109s] Level 1:colcon.colcon_core.package_identification:_identify(build) by extension 'ignore'
[0.109s] Level 1:colcon.colcon_core.package_identification:_identify(build) ignored
[0.109s] Level 1:colcon.colcon_core.package_identification:_identify(install) by extensions ['ignore', 'ignore_ament_install']
[0.109s] Level 1:colcon.colcon_core.package_identification:_identify(install) by extension 'ignore'
[0.109s] Level 1:colcon.colcon_core.package_identification:_identify(install) ignored
[0.109s] Level 1:colcon.colcon_core.package_identification:_identify(log) by extensions ['ignore', 'ignore_ament_install']
[0.109s] Level 1:colcon.colcon_core.package_identification:_identify(log) by extension 'ignore'
[0.109s] Level 1:colcon.colcon_core.package_identification:_identify(log) ignored
[0.109s] Level 1:colcon.colcon_core.package_identification:_identify(my_manipulator) by extensions ['ignore', 'ignore_ament_install']
[0.109s] Level 1:colcon.colcon_core.package_identification:_identify(my_manipulator) by extension 'ignore'
[0.109s] Level 1:colcon.colcon_core.package_identification:_identify(my_manipulator) by extension 'ignore_ament_install'
[0.109s] Level 1:colcon.colcon_core.package_identification:_identify(my_manipulator) by extensions ['colcon_pkg']
[0.109s] Level 1:colcon.colcon_core.package_identification:_identify(my_manipulator) by extension 'colcon_pkg'
[0.109s] Level 1:colcon.colcon_core.package_identification:_identify(my_manipulator) by extensions ['colcon_meta']
[0.109s] Level 1:colcon.colcon_core.package_identification:_identify(my_manipulator) by extension 'colcon_meta'
[0.109s] Level 1:colcon.colcon_core.package_identification:_identify(my_manipulator) by extensions ['ros']
[0.109s] Level 1:colcon.colcon_core.package_identification:_identify(my_manipulator) by extension 'ros'
[0.109s] DEBUG:colcon.colcon_core.package_identification:Package 'my_manipulator' with type 'ros.ament_python' and name 'my_manipulator'
[0.109s] Level 1:colcon.colcon_core.package_identification:_identify(src) by extensions ['ignore', 'ignore_ament_install']
[0.110s] Level 1:colcon.colcon_core.package_identification:_identify(src) by extension 'ignore'
[0.110s] Level 1:colcon.colcon_core.package_identification:_identify(src) by extension 'ignore_ament_install'
[0.110s] Level 1:colcon.colcon_core.package_identification:_identify(src) by extensions ['colcon_pkg']
[0.110s] Level 1:colcon.colcon_core.package_identification:_identify(src) by extension 'colcon_pkg'
[0.110s] Level 1:colcon.colcon_core.package_identification:_identify(src) by extensions ['colcon_meta']
[0.110s] Level 1:colcon.colcon_core.package_identification:_identify(src) by extension 'colcon_meta'
[0.110s] Level 1:colcon.colcon_core.package_identification:_identify(src) by extensions ['ros']
[0.110s] Level 1:colcon.colcon_core.package_identification:_identify(src) by extension 'ros'
[0.110s] Level 1:colcon.colcon_core.package_identification:_identify(src) by extensions ['cmake', 'python']
[0.110s] Level 1:colcon.colcon_core.package_identification:_identify(src) by extension 'cmake'
[0.110s] Level 1:colcon.colcon_core.package_identification:_identify(src) by extension 'python'
[0.110s] Level 1:colcon.colcon_core.package_identification:_identify(src) by extensions ['python_setup_py']
[0.110s] Level 1:colcon.colcon_core.package_identification:_identify(src) by extension 'python_setup_py'
[0.110s] Level 1:colcon.colcon_core.package_identification:_identify(src/antonie_gazebo) by extensions ['ignore', 'ignore_ament_install']
[0.110s] Level 1:colcon.colcon_core.package_identification:_identify(src/antonie_gazebo) by extension 'ignore'
[0.110s] Level 1:colcon.colcon_core.package_identification:_identify(src/antonie_gazebo) by extension 'ignore_ament_install'
[0.110s] Level 1:colcon.colcon_core.package_identification:_identify(src/antonie_gazebo) by extensions ['colcon_pkg']
[0.110s] Level 1:colcon.colcon_core.package_identification:_identify(src/antonie_gazebo) by extension 'colcon_pkg'
[0.110s] Level 1:colcon.colcon_core.package_identification:_identify(src/antonie_gazebo) by extensions ['colcon_meta']
[0.110s] Level 1:colcon.colcon_core.package_identification:_identify(src/antonie_gazebo) by extension 'colcon_meta'
[0.110s] Level 1:colcon.colcon_core.package_identification:_identify(src/antonie_gazebo) by extensions ['ros']
[0.110s] Level 1:colcon.colcon_core.package_identification:_identify(src/antonie_gazebo) by extension 'ros'
[0.110s] DEBUG:colcon.colcon_core.package_identification:Package 'src/antonie_gazebo' with type 'ros.ament_cmake' and name 'antonie_gazebo'
[0.110s] Level 1:colcon.colcon_core.package_identification:_identify(src/build) by extensions ['ignore', 'ignore_ament_install']
[0.110s] Level 1:colcon.colcon_core.package_identification:_identify(src/build) by extension 'ignore'
[0.110s] Level 1:colcon.colcon_core.package_identification:_identify(src/build) ignored
[0.110s] Level 1:colcon.colcon_core.package_identification:_identify(src/install) by extensions ['ignore', 'ignore_ament_install']
[0.110s] Level 1:colcon.colcon_core.package_identification:_identify(src/install) by extension 'ignore'
[0.110s] Level 1:colcon.colcon_core.package_identification:_identify(src/install) ignored
[0.111s] Level 1:colcon.colcon_core.package_identification:_identify(src/log) by extensions ['ignore', 'ignore_ament_install']
[0.111s] Level 1:colcon.colcon_core.package_identification:_identify(src/log) by extension 'ignore'
[0.111s] Level 1:colcon.colcon_core.package_identification:_identify(src/log) ignored
[0.111s] Level 1:colcon.colcon_core.package_identification:_identify(src/wut_gazebo_models) by extensions ['ignore', 'ignore_ament_install']
[0.111s] Level 1:colcon.colcon_core.package_identification:_identify(src/wut_gazebo_models) by extension 'ignore'
[0.111s] Level 1:colcon.colcon_core.package_identification:_identify(src/wut_gazebo_models) by extension 'ignore_ament_install'
[0.111s] Level 1:colcon.colcon_core.package_identification:_identify(src/wut_gazebo_models) by extensions ['colcon_pkg']
[0.111s] Level 1:colcon.colcon_core.package_identification:_identify(src/wut_gazebo_models) by extension 'colcon_pkg'
[0.111s] Level 1:colcon.colcon_core.package_identification:_identify(src/wut_gazebo_models) by extensions ['colcon_meta']
[0.111s] Level 1:colcon.colcon_core.package_identification:_identify(src/wut_gazebo_models) by extension 'colcon_meta'
[0.111s] Level 1:colcon.colcon_core.package_identification:_identify(src/wut_gazebo_models) by extensions ['ros']
[0.111s] Level 1:colcon.colcon_core.package_identification:_identify(src/wut_gazebo_models) by extension 'ros'
[0.111s] DEBUG:colcon.colcon_core.package_identification:Package 'src/wut_gazebo_models' with type 'ros.ament_cmake' and name 'wut_gazebo_models'
[0.111s] Level 1:colcon.colcon_core.package_discovery:discover_packages(recursive) using defaults
[0.111s] Level 1:colcon.colcon_core.package_discovery:discover_packages(ignore) discover
[0.111s] Level 1:colcon.colcon_core.package_discovery:discover_packages(ignore) using defaults
[0.111s] Level 1:colcon.colcon_core.package_discovery:discover_packages(path) discover
[0.111s] Level 1:colcon.colcon_core.package_discovery:discover_packages(path) using defaults
[0.122s] Level 1:colcon.colcon_core.package_discovery:discover_packages(prefix_path) check parameters
[0.122s] Level 1:colcon.colcon_core.package_discovery:discover_packages(prefix_path) discover
[0.123s] DEBUG:colcon.colcon_installed_package_information.package_discovery:Found 5 installed packages in /home/user/ros2_ws/install
[0.124s] DEBUG:colcon.colcon_installed_package_information.package_discovery:Found 511 installed packages in /opt/ros/jazzy
[0.125s] Level 1:colcon.colcon_core.package_discovery:discover_packages(prefix_path) using defaults
[0.166s] Level 5:colcon.colcon_core.verb:set package 'antonie_description' build argument 'cmake_args' from command line to 'None'
[0.166s] Level 5:colcon.colcon_core.verb:set package 'antonie_description' build argument 'cmake_target' from command line to 'None'
[0.166s] Level 5:colcon.colcon_core.verb:set package 'antonie_description' build argument 'cmake_target_skip_unavailable' from command line to 'False'
[0.166s] Level 5:colcon.colcon_core.verb:set package 'antonie_description' build argument 'cmake_clean_cache' from command line to 'False'
[0.166s] Level 5:colcon.colcon_core.verb:set package 'antonie_description' build argument 'cmake_clean_first' from command line to 'False'
[0.166s] Level 5:colcon.colcon_core.verb:set package 'antonie_description' build argument 'cmake_force_configure' from command line to 'False'
[0.166s] Level 5:colcon.colcon_core.verb:set package 'antonie_description' build argument 'ament_cmake_args' from command line to 'None'
[0.166s] Level 5:colcon.colcon_core.verb:set package 'antonie_description' build argument 'catkin_cmake_args' from command line to 'None'
[0.166s] Level 5:colcon.colcon_core.verb:set package 'antonie_description' build argument 'catkin_skip_building_tests' from command line to 'False'
[0.166s] DEBUG:colcon.colcon_core.verb:Building package 'antonie_description' with the following arguments: {'ament_cmake_args': None, 'build_base': '/home/user/ros2_ws/build/antonie_description', 'catkin_cmake_args': None, 'catkin_skip_building_tests': False, 'cmake_args': None, 'cmake_clean_cache': False, 'cmake_clean_first': False, 'cmake_force_configure': False, 'cmake_target': None, 'cmake_target_skip_unavailable': False, 'install_base': '/home/user/ros2_ws/install/antonie_description', 'merge_install': False, 'path': '/home/user/ros2_ws/antonie_description', 'symlink_install': True, 'test_result_base': None}
[0.166s] Level 5:colcon.colcon_core.verb:set package 'wut_gazebo_models' build argument 'cmake_args' from command line to 'None'
[0.166s] Level 5:colcon.colcon_core.verb:set package 'wut_gazebo_models' build argument 'cmake_target' from command line to 'None'
[0.166s] Level 5:colcon.colcon_core.verb:set package 'wut_gazebo_models' build argument 'cmake_target_skip_unavailable' from command line to 'False'
[0.166s] Level 5:colcon.colcon_core.verb:set package 'wut_gazebo_models' build argument 'cmake_clean_cache' from command line to 'False'
[0.166s] Level 5:colcon.colcon_core.verb:set package 'wut_gazebo_models' build argument 'cmake_clean_first' from command line to 'False'
[0.166s] Level 5:colcon.colcon_core.verb:set package 'wut_gazebo_models' build argument 'cmake_force_configure' from command line to 'False'
[0.166s] Level 5:colcon.colcon_core.verb:set package 'wut_gazebo_models' build argument 'ament_cmake_args' from command line to 'None'
[0.166s] Level 5:colcon.colcon_core.verb:set package 'wut_gazebo_models' build argument 'catkin_cmake_args' from command line to 'None'
[0.166s] Level 5:colcon.colcon_core.verb:set package 'wut_gazebo_models' build argument 'catkin_skip_building_tests' from command line to 'False'
[0.166s] DEBUG:colcon.colcon_core.verb:Building package 'wut_gazebo_models' with the following arguments: {'ament_cmake_args': None, 'build_base': '/home/user/ros2_ws/build/wut_gazebo_models', 'catkin_cmake_args': None, 'catkin_skip_building_tests': False, 'cmake_args': None, 'cmake_clean_cache': False, 'cmake_clean_first': False, 'cmake_force_configure': False, 'cmake_target': None, 'cmake_target_skip_unavailable': False, 'install_base': '/home/user/ros2_ws/install/wut_gazebo_models', 'merge_install': False, 'path': '/home/user/ros2_ws/src/wut_gazebo_models', 'symlink_install': True, 'test_result_base': None}
[0.166s] Level 5:colcon.colcon_core.verb:set package 'antonie_gazebo' build argument 'cmake_args' from command line to 'None'
[0.166s] Level 5:colcon.colcon_core.verb:set package 'antonie_gazebo' build argument 'cmake_target' from command line to 'None'
[0.166s] Level 5:colcon.colcon_core.verb:set package 'antonie_gazebo' build argument 'cmake_target_skip_unavailable' from command line to 'False'
[0.166s] Level 5:colcon.colcon_core.verb:set package 'antonie_gazebo' build argument 'cmake_clean_cache' from command line to 'False'
[0.166s] Level 5:colcon.colcon_core.verb:set package 'antonie_gazebo' build argument 'cmake_clean_first' from command line to 'False'
[0.166s] Level 5:colcon.colcon_core.verb:set package 'antonie_gazebo' build argument 'cmake_force_configure' from command line to 'False'
[0.167s] Level 5:colcon.colcon_core.verb:set package 'antonie_gazebo' build argument 'ament_cmake_args' from command line to 'None'
[0.167s] Level 5:colcon.colcon_core.verb:set package 'antonie_gazebo' build argument 'catkin_cmake_args' from command line to 'None'
[0.167s] Level 5:colcon.colcon_core.verb:set package 'antonie_gazebo' build argument 'catkin_skip_building_tests' from command line to 'False'
[0.167s] DEBUG:colcon.colcon_core.verb:Building package 'antonie_gazebo' with the following arguments: {'ament_cmake_args': None, 'build_base': '/home/user/ros2_ws/build/antonie_gazebo', 'catkin_cmake_args': None, 'catkin_skip_building_tests': False, 'cmake_args': None, 'cmake_clean_cache': False, 'cmake_clean_first': False, 'cmake_force_configure': False, 'cmake_target': None, 'cmake_target_skip_unavailable': False, 'install_base': '/home/user/ros2_ws/install/antonie_gazebo', 'merge_install': False, 'path': '/home/user/ros2_ws/src/antonie_gazebo', 'symlink_install': True, 'test_result_base': None}
[0.167s] Level 5:colcon.colcon_core.verb:set package 'antonie_moveit_config' build argument 'cmake_args' from command line to 'None'
[0.167s] Level 5:colcon.colcon_core.verb:set package 'antonie_moveit_config' build argument 'cmake_target' from command line to 'None'
[0.167s] Level 5:colcon.colcon_core.verb:set package 'antonie_moveit_config' build argument 'cmake_target_skip_unavailable' from command line to 'False'
[0.167s] Level 5:colcon.colcon_core.verb:set package 'antonie_moveit_config' build argument 'cmake_clean_cache' from command line to 'False'
[0.167s] Level 5:colcon.colcon_core.verb:set package 'antonie_moveit_config' build argument 'cmake_clean_first' from command line to 'False'
[0.167s] Level 5:colcon.colcon_core.verb:set package 'antonie_moveit_config' build argument 'cmake_force_configure' from command line to 'False'
[0.167s] Level 5:colcon.colcon_core.verb:set package 'antonie_moveit_config' build argument 'ament_cmake_args' from command line to 'None'
[0.167s] Level 5:colcon.colcon_core.verb:set package 'antonie_moveit_config' build argument 'catkin_cmake_args' from command line to 'None'
[0.167s] Level 5:colcon.colcon_core.verb:set package 'antonie_moveit_config' build argument 'catkin_skip_building_tests' from command line to 'False'
[0.167s] DEBUG:colcon.colcon_core.verb:Building package 'antonie_moveit_config' with the following arguments: {'ament_cmake_args': None, 'build_base': '/home/user/ros2_ws/build/antonie_moveit_config', 'catkin_cmake_args': None, 'catkin_skip_building_tests': False, 'cmake_args': None, 'cmake_clean_cache': False, 'cmake_clean_first': False, 'cmake_force_configure': False, 'cmake_target': None, 'cmake_target_skip_unavailable': False, 'install_base': '/home/user/ros2_ws/install/antonie_moveit_config', 'merge_install': False, 'path': '/home/user/ros2_ws/antonie_moveit_config', 'symlink_install': True, 'test_result_base': None}
[0.167s] Level 5:colcon.colcon_core.verb:set package 'my_manipulator' build argument 'cmake_args' from command line to 'None'
[0.167s] Level 5:colcon.colcon_core.verb:set package 'my_manipulator' build argument 'cmake_target' from command line to 'None'
[0.167s] Level 5:colcon.colcon_core.verb:set package 'my_manipulator' build argument 'cmake_target_skip_unavailable' from command line to 'False'
[0.167s] Level 5:colcon.colcon_core.verb:set package 'my_manipulator' build argument 'cmake_clean_cache' from command line to 'False'
[0.167s] Level 5:colcon.colcon_core.verb:set package 'my_manipulator' build argument 'cmake_clean_first' from command line to 'False'
[0.167s] Level 5:colcon.colcon_core.verb:set package 'my_manipulator' build argument 'cmake_force_configure' from command line to 'False'
[0.167s] Level 5:colcon.colcon_core.verb:set package 'my_manipulator' build argument 'ament_cmake_args' from command line to 'None'
[0.167s] Level 5:colcon.colcon_core.verb:set package 'my_manipulator' build argument 'catkin_cmake_args' from command line to 'None'
[0.167s] Level 5:colcon.colcon_core.verb:set package 'my_manipulator' build argument 'catkin_skip_building_tests' from command line to 'False'
[0.167s] DEBUG:colcon.colcon_core.verb:Building package 'my_manipulator' with the following arguments: {'ament_cmake_args': None, 'build_base': '/home/user/ros2_ws/build/my_manipulator', 'catkin_cmake_args': None, 'catkin_skip_building_tests': False, 'cmake_args': None, 'cmake_clean_cache': False, 'cmake_clean_first': False, 'cmake_force_configure': False, 'cmake_target': None, 'cmake_target_skip_unavailable': False, 'install_base': '/home/user/ros2_ws/install/my_manipulator', 'merge_install': False, 'path': '/home/user/ros2_ws/my_manipulator', 'symlink_install': True, 'test_result_base': None}
[0.167s] INFO:colcon.colcon_core.executor:Executing jobs using 'parallel' executor
[0.170s] DEBUG:colcon.colcon_parallel_executor.executor.parallel:run_until_complete
[0.171s] INFO:colcon.colcon_ros.task.ament_cmake.build:Building ROS package in '/home/user/ros2_ws/antonie_description' with build type 'ament_cmake'
[0.171s] INFO:colcon.colcon_cmake.task.cmake.build:Building CMake package in '/home/user/ros2_ws/antonie_description'
[0.173s] INFO:colcon.colcon_core.plugin_system:Skipping extension 'colcon_core.shell.bat': Not used on non-Windows systems
[0.173s] INFO:colcon.colcon_core.shell:Skip shell extension 'powershell' for command environment: Not usable outside of PowerShell
[0.173s] DEBUG:colcon.colcon_core.shell:Skip shell extension 'dsv' for command environment
[0.178s] INFO:colcon.colcon_ros.task.ament_cmake.build:Building ROS package in '/home/user/ros2_ws/src/wut_gazebo_models' with build type 'ament_cmake'
[0.178s] INFO:colcon.colcon_cmake.task.cmake.build:Building CMake package in '/home/user/ros2_ws/src/wut_gazebo_models'
[0.179s] INFO:colcon.colcon_core.shell:Skip shell extension 'powershell' for command environment: Not usable outside of PowerShell
[0.179s] DEBUG:colcon.colcon_core.shell:Skip shell extension 'dsv' for command environment
[0.198s] DEBUG:colcon.colcon_core.event_handler.log_command:Invoking command in '/home/user/ros2_ws/build/antonie_description': CMAKE_PREFIX_PATH=${CMAKE_PREFIX_PATH}:/home/user/ros2_ws/install/my_manipulator:/opt/ros/jazzy DEBUGINFOD_URLS=https://debuginfod.ubuntu.com /usr/bin/cmake --build /home/user/ros2_ws/build/antonie_description -- -j4 -l4
[0.201s] DEBUG:colcon.colcon_core.event_handler.log_command:Invoking command in '/home/user/ros2_ws/build/wut_gazebo_models': CMAKE_PREFIX_PATH=${CMAKE_PREFIX_PATH}:/home/user/ros2_ws/install/my_manipulator:/opt/ros/jazzy DEBUGINFOD_URLS=https://debuginfod.ubuntu.com /usr/bin/cmake --build /home/user/ros2_ws/build/wut_gazebo_models -- -j4 -l4
[0.230s] DEBUG:colcon.colcon_core.event_handler.log_command:Invoked command in '/home/user/ros2_ws/build/antonie_description' returned '0': CMAKE_PREFIX_PATH=${CMAKE_PREFIX_PATH}:/home/user/ros2_ws/install/my_manipulator:/opt/ros/jazzy DEBUGINFOD_URLS=https://debuginfod.ubuntu.com /usr/bin/cmake --build /home/user/ros2_ws/build/antonie_description -- -j4 -l4
[0.239s] DEBUG:colcon.colcon_core.event_handler.log_command:Invoking command in '/home/user/ros2_ws/build/antonie_description': CMAKE_PREFIX_PATH=${CMAKE_PREFIX_PATH}:/home/user/ros2_ws/install/my_manipulator:/opt/ros/jazzy DEBUGINFOD_URLS=https://debuginfod.ubuntu.com /usr/bin/cmake --install /home/user/ros2_ws/build/antonie_description
[0.240s] DEBUG:colcon.colcon_core.event_handler.log_command:Invoked command in '/home/user/ros2_ws/build/wut_gazebo_models' returned '0': CMAKE_PREFIX_PATH=${CMAKE_PREFIX_PATH}:/home/user/ros2_ws/install/my_manipulator:/opt/ros/jazzy DEBUGINFOD_URLS=https://debuginfod.ubuntu.com /usr/bin/cmake --build /home/user/ros2_ws/build/wut_gazebo_models -- -j4 -l4
[0.241s] DEBUG:colcon.colcon_core.event_handler.log_command:Invoking command in '/home/user/ros2_ws/build/wut_gazebo_models': CMAKE_PREFIX_PATH=${CMAKE_PREFIX_PATH}:/home/user/ros2_ws/install/my_manipulator:/opt/ros/jazzy DEBUGINFOD_URLS=https://debuginfod.ubuntu.com /usr/bin/cmake --install /home/user/ros2_ws/build/wut_gazebo_models
[0.261s] Level 1:colcon.colcon_core.environment:create_environment_scripts_only(antonie_description)
[0.262s] DEBUG:colcon.colcon_core.event_handler.log_command:Invoked command in '/home/user/ros2_ws/build/antonie_description' returned '0': CMAKE_PREFIX_PATH=${CMAKE_PREFIX_PATH}:/home/user/ros2_ws/install/my_manipulator:/opt/ros/jazzy DEBUGINFOD_URLS=https://debuginfod.ubuntu.com /usr/bin/cmake --install /home/user/ros2_ws/build/antonie_description
[0.264s] Level 1:colcon.colcon_core.environment:checking '/home/user/ros2_ws/install/antonie_description' for CMake module files
[0.264s] Level 1:colcon.colcon_core.environment:checking '/home/user/ros2_ws/install/antonie_description' for CMake config files
[0.264s] Level 1:colcon.colcon_core.shell:create_environment_hook('antonie_description', 'cmake_prefix_path')
[0.264s] INFO:colcon.colcon_core.shell:Creating environment hook '/home/user/ros2_ws/install/antonie_description/share/antonie_description/hook/cmake_prefix_path.ps1'
[0.265s] INFO:colcon.colcon_core.shell:Creating environment descriptor '/home/user/ros2_ws/install/antonie_description/share/antonie_description/hook/cmake_prefix_path.dsv'
[0.265s] INFO:colcon.colcon_core.shell:Creating environment hook '/home/user/ros2_ws/install/antonie_description/share/antonie_description/hook/cmake_prefix_path.sh'
[0.266s] Level 1:colcon.colcon_core.environment:checking '/home/user/ros2_ws/install/antonie_description/bin'
[0.266s] Level 1:colcon.colcon_core.environment:checking '/home/user/ros2_ws/install/antonie_description/lib/pkgconfig/antonie_description.pc'
[0.266s] Level 1:colcon.colcon_core.environment:checking '/home/user/ros2_ws/install/antonie_description/lib/python3.12/site-packages'
[0.266s] Level 1:colcon.colcon_core.environment:checking '/home/user/ros2_ws/install/antonie_description/bin'
[0.266s] INFO:colcon.colcon_core.shell:Creating package script '/home/user/ros2_ws/install/antonie_description/share/antonie_description/package.ps1'
[0.267s] INFO:colcon.colcon_core.shell:Creating package descriptor '/home/user/ros2_ws/install/antonie_description/share/antonie_description/package.dsv'
[0.268s] INFO:colcon.colcon_core.shell:Creating package script '/home/user/ros2_ws/install/antonie_description/share/antonie_description/package.sh'
[0.268s] INFO:colcon.colcon_core.shell:Creating package script '/home/user/ros2_ws/install/antonie_description/share/antonie_description/package.bash'
[0.269s] INFO:colcon.colcon_core.shell:Creating package script '/home/user/ros2_ws/install/antonie_description/share/antonie_description/package.zsh'
[0.270s] Level 1:colcon.colcon_core.environment:create_file_with_runtime_dependencies(/home/user/ros2_ws/install/antonie_description/share/colcon-core/packages/antonie_description)
[0.270s] Level 1:colcon.colcon_core.environment:create_environment_scripts_only(antonie_description)
[0.270s] Level 1:colcon.colcon_core.environment:checking '/home/user/ros2_ws/install/antonie_description' for CMake module files
[0.270s] Level 1:colcon.colcon_core.environment:checking '/home/user/ros2_ws/install/antonie_description' for CMake config files
[0.271s] Level 1:colcon.colcon_core.shell:create_environment_hook('antonie_description', 'cmake_prefix_path')
[0.271s] INFO:colcon.colcon_core.shell:Creating environment hook '/home/user/ros2_ws/install/antonie_description/share/antonie_description/hook/cmake_prefix_path.ps1'
[0.271s] INFO:colcon.colcon_core.shell:Creating environment descriptor '/home/user/ros2_ws/install/antonie_description/share/antonie_description/hook/cmake_prefix_path.dsv'
[0.272s] INFO:colcon.colcon_core.shell:Creating environment hook '/home/user/ros2_ws/install/antonie_description/share/antonie_description/hook/cmake_prefix_path.sh'
[0.273s] Level 1:colcon.colcon_core.environment:checking '/home/user/ros2_ws/install/antonie_description/bin'
[0.273s] Level 1:colcon.colcon_core.environment:checking '/home/user/ros2_ws/install/antonie_description/lib/pkgconfig/antonie_description.pc'
[0.273s] Level 1:colcon.colcon_core.environment:checking '/home/user/ros2_ws/install/antonie_description/lib/python3.12/site-packages'
[0.273s] Level 1:colcon.colcon_core.environment:checking '/home/user/ros2_ws/install/antonie_description/bin'
[0.273s] INFO:colcon.colcon_core.shell:Creating package script '/home/user/ros2_ws/install/antonie_description/share/antonie_description/package.ps1'
[0.274s] INFO:colcon.colcon_core.shell:Creating package descriptor '/home/user/ros2_ws/install/antonie_description/share/antonie_description/package.dsv'
[0.274s] INFO:colcon.colcon_core.shell:Creating package script '/home/user/ros2_ws/install/antonie_description/share/antonie_description/package.sh'
[0.275s] INFO:colcon.colcon_core.shell:Creating package script '/home/user/ros2_ws/install/antonie_description/share/antonie_description/package.bash'
[0.275s] INFO:colcon.colcon_core.shell:Creating package script '/home/user/ros2_ws/install/antonie_description/share/antonie_description/package.zsh'
[0.275s] Level 1:colcon.colcon_core.environment:create_file_with_runtime_dependencies(/home/user/ros2_ws/install/antonie_description/share/colcon-core/packages/antonie_description)
[0.276s] INFO:colcon.colcon_ros.task.ament_cmake.build:Building ROS package in '/home/user/ros2_ws/antonie_moveit_config' with build type 'ament_cmake'
[0.276s] INFO:colcon.colcon_cmake.task.cmake.build:Building CMake package in '/home/user/ros2_ws/antonie_moveit_config'
[0.276s] INFO:colcon.colcon_core.shell:Skip shell extension 'powershell' for command environment: Not usable outside of PowerShell
[0.276s] DEBUG:colcon.colcon_core.shell:Skip shell extension 'dsv' for command environment
[0.285s] INFO:colcon.colcon_ros.task.ament_python.build:Building ROS package in '/home/user/ros2_ws/my_manipulator' with build type 'ament_python'
[0.286s] Level 1:colcon.colcon_core.shell:create_environment_hook('my_manipulator', 'ament_prefix_path')
[0.286s] INFO:colcon.colcon_core.shell:Creating environment hook '/home/user/ros2_ws/install/my_manipulator/share/my_manipulator/hook/ament_prefix_path.ps1'
[0.286s] INFO:colcon.colcon_core.shell:Creating environment descriptor '/home/user/ros2_ws/install/my_manipulator/share/my_manipulator/hook/ament_prefix_path.dsv'
[0.287s] INFO:colcon.colcon_core.shell:Creating environment hook '/home/user/ros2_ws/install/my_manipulator/share/my_manipulator/hook/ament_prefix_path.sh'
[0.287s] INFO:colcon.colcon_core.shell:Skip shell extension 'powershell' for command environment: Not usable outside of PowerShell
[0.287s] DEBUG:colcon.colcon_core.shell:Skip shell extension 'dsv' for command environment
[0.291s] Level 1:colcon.colcon_core.environment:create_environment_scripts_only(wut_gazebo_models)
[0.291s] Level 1:colcon.colcon_core.environment:checking '/home/user/ros2_ws/install/wut_gazebo_models' for CMake module files
[0.292s] DEBUG:colcon.colcon_core.event_handler.log_command:Invoked command in '/home/user/ros2_ws/build/wut_gazebo_models' returned '0': CMAKE_PREFIX_PATH=${CMAKE_PREFIX_PATH}:/home/user/ros2_ws/install/my_manipulator:/opt/ros/jazzy DEBUGINFOD_URLS=https://debuginfod.ubuntu.com /usr/bin/cmake --install /home/user/ros2_ws/build/wut_gazebo_models
[0.293s] Level 1:colcon.colcon_core.environment:checking '/home/user/ros2_ws/install/wut_gazebo_models' for CMake config files
[0.293s] Level 1:colcon.colcon_core.shell:create_environment_hook('wut_gazebo_models', 'cmake_prefix_path')
[0.293s] INFO:colcon.colcon_core.shell:Creating environment hook '/home/user/ros2_ws/install/wut_gazebo_models/share/wut_gazebo_models/hook/cmake_prefix_path.ps1'
[0.293s] INFO:colcon.colcon_core.shell:Creating environment descriptor '/home/user/ros2_ws/install/wut_gazebo_models/share/wut_gazebo_models/hook/cmake_prefix_path.dsv'
[0.294s] INFO:colcon.colcon_core.shell:Creating environment hook '/home/user/ros2_ws/install/wut_gazebo_models/share/wut_gazebo_models/hook/cmake_prefix_path.sh'
[0.295s] Level 1:colcon.colcon_core.environment:checking '/home/user/ros2_ws/install/wut_gazebo_models/bin'
[0.295s] Level 1:colcon.colcon_core.environment:checking '/home/user/ros2_ws/install/wut_gazebo_models/lib/pkgconfig/wut_gazebo_models.pc'
[0.295s] Level 1:colcon.colcon_core.environment:checking '/home/user/ros2_ws/install/wut_gazebo_models/lib/python3.12/site-packages'
[0.295s] Level 1:colcon.colcon_core.environment:checking '/home/user/ros2_ws/install/wut_gazebo_models/bin'
[0.295s] INFO:colcon.colcon_core.shell:Creating package script '/home/user/ros2_ws/install/wut_gazebo_models/share/wut_gazebo_models/package.ps1'
[0.296s] INFO:colcon.colcon_core.shell:Creating package descriptor '/home/user/ros2_ws/install/wut_gazebo_models/share/wut_gazebo_models/package.dsv'
[0.296s] INFO:colcon.colcon_core.shell:Creating package script '/home/user/ros2_ws/install/wut_gazebo_models/share/wut_gazebo_models/package.sh'
[0.296s] INFO:colcon.colcon_core.shell:Creating package script '/home/user/ros2_ws/install/wut_gazebo_models/share/wut_gazebo_models/package.bash'
[0.297s] INFO:colcon.colcon_core.shell:Creating package script '/home/user/ros2_ws/install/wut_gazebo_models/share/wut_gazebo_models/package.zsh'
[0.297s] Level 1:colcon.colcon_core.environment:create_file_with_runtime_dependencies(/home/user/ros2_ws/install/wut_gazebo_models/share/colcon-core/packages/wut_gazebo_models)
[0.297s] Level 1:colcon.colcon_core.environment:create_environment_scripts_only(wut_gazebo_models)
[0.297s] Level 1:colcon.colcon_core.environment:checking '/home/user/ros2_ws/install/wut_gazebo_models' for CMake module files
[0.298s] Level 1:colcon.colcon_core.environment:checking '/home/user/ros2_ws/install/wut_gazebo_models' for CMake config files
[0.298s] Level 1:colcon.colcon_core.shell:create_environment_hook('wut_gazebo_models', 'cmake_prefix_path')
[0.298s] INFO:colcon.colcon_core.shell:Creating environment hook '/home/user/ros2_ws/install/wut_gazebo_models/share/wut_gazebo_models/hook/cmake_prefix_path.ps1'
[0.298s] INFO:colcon.colcon_core.shell:Creating environment descriptor '/home/user/ros2_ws/install/wut_gazebo_models/share/wut_gazebo_models/hook/cmake_prefix_path.dsv'
[0.299s] INFO:colcon.colcon_core.shell:Creating environment hook '/home/user/ros2_ws/install/wut_gazebo_models/share/wut_gazebo_models/hook/cmake_prefix_path.sh'
[0.299s] Level 1:colcon.colcon_core.environment:checking '/home/user/ros2_ws/install/wut_gazebo_models/bin'
[0.299s] Level 1:colcon.colcon_core.environment:checking '/home/user/ros2_ws/install/wut_gazebo_models/lib/pkgconfig/wut_gazebo_models.pc'
[0.299s] Level 1:colcon.colcon_core.environment:checking '/home/user/ros2_ws/install/wut_gazebo_models/lib/python3.12/site-packages'
[0.300s] Level 1:colcon.colcon_core.environment:checking '/home/user/ros2_ws/install/wut_gazebo_models/bin'
[0.300s] INFO:colcon.colcon_core.shell:Creating package script '/home/user/ros2_ws/install/wut_gazebo_models/share/wut_gazebo_models/package.ps1'
[0.300s] INFO:colcon.colcon_core.shell:Creating package descriptor '/home/user/ros2_ws/install/wut_gazebo_models/share/wut_gazebo_models/package.dsv'
[0.301s] INFO:colcon.colcon_core.shell:Creating package script '/home/user/ros2_ws/install/wut_gazebo_models/share/wut_gazebo_models/package.sh'
[0.301s] INFO:colcon.colcon_core.shell:Creating package script '/home/user/ros2_ws/install/wut_gazebo_models/share/wut_gazebo_models/package.bash'
[0.302s] INFO:colcon.colcon_core.shell:Creating package script '/home/user/ros2_ws/install/wut_gazebo_models/share/wut_gazebo_models/package.zsh'
[0.302s] Level 1:colcon.colcon_core.environment:create_file_with_runtime_dependencies(/home/user/ros2_ws/install/wut_gazebo_models/share/colcon-core/packages/wut_gazebo_models)
[0.304s] INFO:colcon.colcon_ros.task.ament_cmake.build:Building ROS package in '/home/user/ros2_ws/src/antonie_gazebo' with build type 'ament_cmake'
[0.304s] INFO:colcon.colcon_cmake.task.cmake.build:Building CMake package in '/home/user/ros2_ws/src/antonie_gazebo'
[0.304s] INFO:colcon.colcon_core.shell:Skip shell extension 'powershell' for command environment: Not usable outside of PowerShell
[0.304s] DEBUG:colcon.colcon_core.shell:Skip shell extension 'dsv' for command environment
[0.318s] DEBUG:colcon.colcon_core.event_handler.log_command:Invoking command in '/home/user/ros2_ws/build/antonie_moveit_config': CMAKE_PREFIX_PATH=/home/user/ros2_ws/install/antonie_description:/home/user/ros2_ws/install/wut_gazebo_models:/home/user/ros2_ws/install/antonie_gazebo:/home/user/ros2_ws/install/antonie_moveit_config:/opt/ros/jazzy/opt/gz_sim_vendor:/opt/ros/jazzy/opt/gz_sensors_vendor:/opt/ros/jazzy/opt/gz_physics_vendor:/opt/ros/jazzy/opt/sdformat_vendor:/opt/ros/jazzy/opt/gz_gui_vendor:/opt/ros/jazzy/opt/gz_transport_vendor:/opt/ros/jazzy/opt/gz_rendering_vendor:/opt/ros/jazzy/opt/gz_plugin_vendor:/opt/ros/jazzy/opt/gz_fuel_tools_vendor:/opt/ros/jazzy/opt/gz_msgs_vendor:/opt/ros/jazzy/opt/gz_common_vendor:/opt/ros/jazzy/opt/gz_math_vendor:/opt/ros/jazzy/opt/gz_utils_vendor:/opt/ros/jazzy/opt/gz_tools_vendor:/opt/ros/jazzy/opt/gz_ogre_next_vendor:/opt/ros/jazzy/opt/gz_dartsim_vendor:/opt/ros/jazzy/opt/gz_cmake_vendor:/home/user/ros2_ws/install/my_manipulator:/opt/ros/jazzy DEBUGINFOD_URLS=https://debuginfod.ubuntu.com /usr/bin/cmake --build /home/user/ros2_ws/build/antonie_moveit_config -- -j4 -l4
[0.494s] INFO:colcon.colcon_core.task.python.build:Building Python package in '/home/user/ros2_ws/my_manipulator'
[0.494s] INFO:colcon.colcon_core.shell:Skip shell extension 'powershell' for command environment: Not usable outside of PowerShell
[0.494s] DEBUG:colcon.colcon_core.shell:Skip shell extension 'dsv' for command environment
[0.502s] DEBUG:colcon.colcon_core.event_handler.log_command:Invoking command in '/home/user/ros2_ws/build/antonie_gazebo': CMAKE_PREFIX_PATH=${CMAKE_PREFIX_PATH}:/home/user/ros2_ws/install/my_manipulator:/opt/ros/jazzy DEBUGINFOD_URLS=https://debuginfod.ubuntu.com /usr/bin/cmake --build /home/user/ros2_ws/build/antonie_gazebo -- -j4 -l4
[0.503s] DEBUG:colcon.colcon_core.event_handler.log_command:Invoked command in '/home/user/ros2_ws/build/antonie_moveit_config' returned '0': CMAKE_PREFIX_PATH=/home/user/ros2_ws/install/antonie_description:/home/user/ros2_ws/install/wut_gazebo_models:/home/user/ros2_ws/install/antonie_gazebo:/home/user/ros2_ws/install/antonie_moveit_config:/opt/ros/jazzy/opt/gz_sim_vendor:/opt/ros/jazzy/opt/gz_sensors_vendor:/opt/ros/jazzy/opt/gz_physics_vendor:/opt/ros/jazzy/opt/sdformat_vendor:/opt/ros/jazzy/opt/gz_gui_vendor:/opt/ros/jazzy/opt/gz_transport_vendor:/opt/ros/jazzy/opt/gz_rendering_vendor:/opt/ros/jazzy/opt/gz_plugin_vendor:/opt/ros/jazzy/opt/gz_fuel_tools_vendor:/opt/ros/jazzy/opt/gz_msgs_vendor:/opt/ros/jazzy/opt/gz_common_vendor:/opt/ros/jazzy/opt/gz_math_vendor:/opt/ros/jazzy/opt/gz_utils_vendor:/opt/ros/jazzy/opt/gz_tools_vendor:/opt/ros/jazzy/opt/gz_ogre_next_vendor:/opt/ros/jazzy/opt/gz_dartsim_vendor:/opt/ros/jazzy/opt/gz_cmake_vendor:/home/user/ros2_ws/install/my_manipulator:/opt/ros/jazzy DEBUGINFOD_URLS=https://debuginfod.ubuntu.com /usr/bin/cmake --build /home/user/ros2_ws/build/antonie_moveit_config -- -j4 -l4
[0.504s] DEBUG:colcon.colcon_core.event_handler.log_command:Invoking command in '/home/user/ros2_ws/build/antonie_moveit_config': CMAKE_PREFIX_PATH=/home/user/ros2_ws/install/antonie_description:/home/user/ros2_ws/install/wut_gazebo_models:/home/user/ros2_ws/install/antonie_gazebo:/home/user/ros2_ws/install/antonie_moveit_config:/opt/ros/jazzy/opt/gz_sim_vendor:/opt/ros/jazzy/opt/gz_sensors_vendor:/opt/ros/jazzy/opt/gz_physics_vendor:/opt/ros/jazzy/opt/sdformat_vendor:/opt/ros/jazzy/opt/gz_gui_vendor:/opt/ros/jazzy/opt/gz_transport_vendor:/opt/ros/jazzy/opt/gz_rendering_vendor:/opt/ros/jazzy/opt/gz_plugin_vendor:/opt/ros/jazzy/opt/gz_fuel_tools_vendor:/opt/ros/jazzy/opt/gz_msgs_vendor:/opt/ros/jazzy/opt/gz_common_vendor:/opt/ros/jazzy/opt/gz_math_vendor:/opt/ros/jazzy/opt/gz_utils_vendor:/opt/ros/jazzy/opt/gz_tools_vendor:/opt/ros/jazzy/opt/gz_ogre_next_vendor:/opt/ros/jazzy/opt/gz_dartsim_vendor:/opt/ros/jazzy/opt/gz_cmake_vendor:/home/user/ros2_ws/install/my_manipulator:/opt/ros/jazzy DEBUGINFOD_URLS=https://debuginfod.ubuntu.com /usr/bin/cmake --install /home/user/ros2_ws/build/antonie_moveit_config
[0.529s] Level 1:colcon.colcon_core.environment:create_environment_scripts_only(antonie_moveit_config)
[0.529s] Level 1:colcon.colcon_core.environment:checking '/home/user/ros2_ws/install/antonie_moveit_config' for CMake module files
[0.530s] DEBUG:colcon.colcon_core.event_handler.log_command:Invoked command in '/home/user/ros2_ws/build/antonie_moveit_config' returned '0': CMAKE_PREFIX_PATH=/home/user/ros2_ws/install/antonie_description:/home/user/ros2_ws/install/wut_gazebo_models:/home/user/ros2_ws/install/antonie_gazebo:/home/user/ros2_ws/install/antonie_moveit_config:/opt/ros/jazzy/opt/gz_sim_vendor:/opt/ros/jazzy/opt/gz_sensors_vendor:/opt/ros/jazzy/opt/gz_physics_vendor:/opt/ros/jazzy/opt/sdformat_vendor:/opt/ros/jazzy/opt/gz_gui_vendor:/opt/ros/jazzy/opt/gz_transport_vendor:/opt/ros/jazzy/opt/gz_rendering_vendor:/opt/ros/jazzy/opt/gz_plugin_vendor:/opt/ros/jazzy/opt/gz_fuel_tools_vendor:/opt/ros/jazzy/opt/gz_msgs_vendor:/opt/ros/jazzy/opt/gz_common_vendor:/opt/ros/jazzy/opt/gz_math_vendor:/opt/ros/jazzy/opt/gz_utils_vendor:/opt/ros/jazzy/opt/gz_tools_vendor:/opt/ros/jazzy/opt/gz_ogre_next_vendor:/opt/ros/jazzy/opt/gz_dartsim_vendor:/opt/ros/jazzy/opt/gz_cmake_vendor:/home/user/ros2_ws/install/my_manipulator:/opt/ros/jazzy DEBUGINFOD_URLS=https://debuginfod.ubuntu.com /usr/bin/cmake --install /home/user/ros2_ws/build/antonie_moveit_config
[0.530s] Level 1:colcon.colcon_core.environment:checking '/home/user/ros2_ws/install/antonie_moveit_config' for CMake config files
[0.530s] Level 1:colcon.colcon_core.shell:create_environment_hook('antonie_moveit_config', 'cmake_prefix_path')
[0.530s] INFO:colcon.colcon_core.shell:Creating environment hook '/home/user/ros2_ws/install/antonie_moveit_config/share/antonie_moveit_config/hook/cmake_prefix_path.ps1'
[0.531s] INFO:colcon.colcon_core.shell:Creating environment descriptor '/home/user/ros2_ws/install/antonie_moveit_config/share/antonie_moveit_config/hook/cmake_prefix_path.dsv'
[0.532s] INFO:colcon.colcon_core.shell:Creating environment hook '/home/user/ros2_ws/install/antonie_moveit_config/share/antonie_moveit_config/hook/cmake_prefix_path.sh'
[0.532s] Level 1:colcon.colcon_core.environment:checking '/home/user/ros2_ws/install/antonie_moveit_config/bin'
[0.532s] Level 1:colcon.colcon_core.environment:checking '/home/user/ros2_ws/install/antonie_moveit_config/lib/pkgconfig/antonie_moveit_config.pc'
[0.533s] Level 1:colcon.colcon_core.environment:checking '/home/user/ros2_ws/install/antonie_moveit_config/lib/python3.12/site-packages'
[0.533s] Level 1:colcon.colcon_core.environment:checking '/home/user/ros2_ws/install/antonie_moveit_config/bin'
[0.533s] INFO:colcon.colcon_core.shell:Creating package script '/home/user/ros2_ws/install/antonie_moveit_config/share/antonie_moveit_config/package.ps1'
[0.534s] INFO:colcon.colcon_core.shell:Creating package descriptor '/home/user/ros2_ws/install/antonie_moveit_config/share/antonie_moveit_config/package.dsv'
[0.534s] INFO:colcon.colcon_core.shell:Creating package script '/home/user/ros2_ws/install/antonie_moveit_config/share/antonie_moveit_config/package.sh'
[0.535s] INFO:colcon.colcon_core.shell:Creating package script '/home/user/ros2_ws/install/antonie_moveit_config/share/antonie_moveit_config/package.bash'
[0.535s] INFO:colcon.colcon_core.shell:Creating package script '/home/user/ros2_ws/install/antonie_moveit_config/share/antonie_moveit_config/package.zsh'
[0.536s] Level 1:colcon.colcon_core.environment:create_file_with_runtime_dependencies(/home/user/ros2_ws/install/antonie_moveit_config/share/colcon-core/packages/antonie_moveit_config)
[0.537s] Level 1:colcon.colcon_core.environment:create_environment_scripts_only(antonie_moveit_config)
[0.537s] Level 1:colcon.colcon_core.environment:checking '/home/user/ros2_ws/install/antonie_moveit_config' for CMake module files
[0.537s] Level 1:colcon.colcon_core.environment:checking '/home/user/ros2_ws/install/antonie_moveit_config' for CMake config files
[0.537s] Level 1:colcon.colcon_core.shell:create_environment_hook('antonie_moveit_config', 'cmake_prefix_path')
[0.538s] INFO:colcon.colcon_core.shell:Creating environment hook '/home/user/ros2_ws/install/antonie_moveit_config/share/antonie_moveit_config/hook/cmake_prefix_path.ps1'
[0.538s] INFO:colcon.colcon_core.shell:Creating environment descriptor '/home/user/ros2_ws/install/antonie_moveit_config/share/antonie_moveit_config/hook/cmake_prefix_path.dsv'
[0.539s] INFO:colcon.colcon_core.shell:Creating environment hook '/home/user/ros2_ws/install/antonie_moveit_config/share/antonie_moveit_config/hook/cmake_prefix_path.sh'
[0.540s] Level 1:colcon.colcon_core.environment:checking '/home/user/ros2_ws/install/antonie_moveit_config/bin'
[0.540s] Level 1:colcon.colcon_core.environment:checking '/home/user/ros2_ws/install/antonie_moveit_config/lib/pkgconfig/antonie_moveit_config.pc'
[0.540s] Level 1:colcon.colcon_core.environment:checking '/home/user/ros2_ws/install/antonie_moveit_config/lib/python3.12/site-packages'
[0.540s] Level 1:colcon.colcon_core.environment:checking '/home/user/ros2_ws/install/antonie_moveit_config/bin'
[0.540s] INFO:colcon.colcon_core.shell:Creating package script '/home/user/ros2_ws/install/antonie_moveit_config/share/antonie_moveit_config/package.ps1'
[0.541s] INFO:colcon.colcon_core.shell:Creating package descriptor '/home/user/ros2_ws/install/antonie_moveit_config/share/antonie_moveit_config/package.dsv'
[0.542s] INFO:colcon.colcon_core.shell:Creating package script '/home/user/ros2_ws/install/antonie_moveit_config/share/antonie_moveit_config/package.sh'
[0.542s] INFO:colcon.colcon_core.shell:Creating package script '/home/user/ros2_ws/install/antonie_moveit_config/share/antonie_moveit_config/package.bash'
[0.543s] INFO:colcon.colcon_core.shell:Creating package script '/home/user/ros2_ws/install/antonie_moveit_config/share/antonie_moveit_config/package.zsh'
[0.543s] Level 1:colcon.colcon_core.environment:create_file_with_runtime_dependencies(/home/user/ros2_ws/install/antonie_moveit_config/share/colcon-core/packages/antonie_moveit_config)
[0.548s] DEBUG:colcon.colcon_core.event_handler.log_command:Invoked command in '/home/user/ros2_ws/build/antonie_gazebo' returned '0': CMAKE_PREFIX_PATH=${CMAKE_PREFIX_PATH}:/home/user/ros2_ws/install/my_manipulator:/opt/ros/jazzy DEBUGINFOD_URLS=https://debuginfod.ubuntu.com /usr/bin/cmake --build /home/user/ros2_ws/build/antonie_gazebo -- -j4 -l4
[0.548s] DEBUG:colcon.colcon_core.event_handler.log_command:Invoking command in '/home/user/ros2_ws/build/antonie_gazebo': CMAKE_PREFIX_PATH=${CMAKE_PREFIX_PATH}:/home/user/ros2_ws/install/my_manipulator:/opt/ros/jazzy DEBUGINFOD_URLS=https://debuginfod.ubuntu.com /usr/bin/cmake --install /home/user/ros2_ws/build/antonie_gazebo
[0.576s] Level 1:colcon.colcon_core.environment:create_environment_scripts_only(antonie_gazebo)
[0.576s] Level 1:colcon.colcon_core.environment:checking '/home/user/ros2_ws/install/antonie_gazebo' for CMake module files
[0.577s] DEBUG:colcon.colcon_core.event_handler.log_command:Invoked command in '/home/user/ros2_ws/build/antonie_gazebo' returned '0': CMAKE_PREFIX_PATH=${CMAKE_PREFIX_PATH}:/home/user/ros2_ws/install/my_manipulator:/opt/ros/jazzy DEBUGINFOD_URLS=https://debuginfod.ubuntu.com /usr/bin/cmake --install /home/user/ros2_ws/build/antonie_gazebo
[0.577s] Level 1:colcon.colcon_core.environment:checking '/home/user/ros2_ws/install/antonie_gazebo' for CMake config files
[0.578s] Level 1:colcon.colcon_core.shell:create_environment_hook('antonie_gazebo', 'cmake_prefix_path')
[0.578s] INFO:colcon.colcon_core.shell:Creating environment hook '/home/user/ros2_ws/install/antonie_gazebo/share/antonie_gazebo/hook/cmake_prefix_path.ps1'
[0.578s] INFO:colcon.colcon_core.shell:Creating environment descriptor '/home/user/ros2_ws/install/antonie_gazebo/share/antonie_gazebo/hook/cmake_prefix_path.dsv'
[0.579s] INFO:colcon.colcon_core.shell:Creating environment hook '/home/user/ros2_ws/install/antonie_gazebo/share/antonie_gazebo/hook/cmake_prefix_path.sh'
[0.579s] Level 1:colcon.colcon_core.environment:checking '/home/user/ros2_ws/install/antonie_gazebo/bin'
[0.580s] Level 1:colcon.colcon_core.environment:checking '/home/user/ros2_ws/install/antonie_gazebo/lib/pkgconfig/antonie_gazebo.pc'
[0.580s] Level 1:colcon.colcon_core.environment:checking '/home/user/ros2_ws/install/antonie_gazebo/lib/python3.12/site-packages'
[0.580s] Level 1:colcon.colcon_core.environment:checking '/home/user/ros2_ws/install/antonie_gazebo/bin'
[0.580s] INFO:colcon.colcon_core.shell:Creating package script '/home/user/ros2_ws/install/antonie_gazebo/share/antonie_gazebo/package.ps1'
[0.581s] INFO:colcon.colcon_core.shell:Creating package descriptor '/home/user/ros2_ws/install/antonie_gazebo/share/antonie_gazebo/package.dsv'
[0.581s] INFO:colcon.colcon_core.shell:Creating package script '/home/user/ros2_ws/install/antonie_gazebo/share/antonie_gazebo/package.sh'
[0.583s] INFO:colcon.colcon_core.shell:Creating package script '/home/user/ros2_ws/install/antonie_gazebo/share/antonie_gazebo/package.bash'
[0.583s] INFO:colcon.colcon_core.shell:Creating package script '/home/user/ros2_ws/install/antonie_gazebo/share/antonie_gazebo/package.zsh'
[0.584s] Level 1:colcon.colcon_core.environment:create_file_with_runtime_dependencies(/home/user/ros2_ws/install/antonie_gazebo/share/colcon-core/packages/antonie_gazebo)
[0.584s] Level 1:colcon.colcon_core.environment:create_environment_scripts_only(antonie_gazebo)
[0.584s] Level 1:colcon.colcon_core.environment:checking '/home/user/ros2_ws/install/antonie_gazebo' for CMake module files
[0.585s] Level 1:colcon.colcon_core.environment:checking '/home/user/ros2_ws/install/antonie_gazebo' for CMake config files
[0.585s] Level 1:colcon.colcon_core.shell:create_environment_hook('antonie_gazebo', 'cmake_prefix_path')
[0.585s] INFO:colcon.colcon_core.shell:Creating environment hook '/home/user/ros2_ws/install/antonie_gazebo/share/antonie_gazebo/hook/cmake_prefix_path.ps1'
[0.586s] INFO:colcon.colcon_core.shell:Creating environment descriptor '/home/user/ros2_ws/install/antonie_gazebo/share/antonie_gazebo/hook/cmake_prefix_path.dsv'
[0.587s] INFO:colcon.colcon_core.shell:Creating environment hook '/home/user/ros2_ws/install/antonie_gazebo/share/antonie_gazebo/hook/cmake_prefix_path.sh'
[0.587s] Level 1:colcon.colcon_core.environment:checking '/home/user/ros2_ws/install/antonie_gazebo/bin'
[0.587s] Level 1:colcon.colcon_core.environment:checking '/home/user/ros2_ws/install/antonie_gazebo/lib/pkgconfig/antonie_gazebo.pc'
[0.588s] Level 1:colcon.colcon_core.environment:checking '/home/user/ros2_ws/install/antonie_gazebo/lib/python3.12/site-packages'
[0.588s] Level 1:colcon.colcon_core.environment:checking '/home/user/ros2_ws/install/antonie_gazebo/bin'
[0.588s] INFO:colcon.colcon_core.shell:Creating package script '/home/user/ros2_ws/install/antonie_gazebo/share/antonie_gazebo/package.ps1'
[0.588s] INFO:colcon.colcon_core.shell:Creating package descriptor '/home/user/ros2_ws/install/antonie_gazebo/share/antonie_gazebo/package.dsv'
[0.589s] INFO:colcon.colcon_core.shell:Creating package script '/home/user/ros2_ws/install/antonie_gazebo/share/antonie_gazebo/package.sh'
[0.589s] INFO:colcon.colcon_core.shell:Creating package script '/home/user/ros2_ws/install/antonie_gazebo/share/antonie_gazebo/package.bash'
[0.590s] INFO:colcon.colcon_core.shell:Creating package script '/home/user/ros2_ws/install/antonie_gazebo/share/antonie_gazebo/package.zsh'
[0.590s] Level 1:colcon.colcon_core.environment:create_file_with_runtime_dependencies(/home/user/ros2_ws/install/antonie_gazebo/share/colcon-core/packages/antonie_gazebo)
[0.958s] DEBUG:colcon.colcon_core.event_handler.log_command:Invoking command in '/home/user/ros2_ws/build/my_manipulator': CMAKE_PREFIX_PATH=/home/user/ros2_ws/install/antonie_description:/home/user/ros2_ws/install/wut_gazebo_models:/home/user/ros2_ws/install/antonie_gazebo:/home/user/ros2_ws/install/antonie_moveit_config:/opt/ros/jazzy/opt/gz_sim_vendor:/opt/ros/jazzy/opt/gz_sensors_vendor:/opt/ros/jazzy/opt/gz_physics_vendor:/opt/ros/jazzy/opt/sdformat_vendor:/opt/ros/jazzy/opt/gz_gui_vendor:/opt/ros/jazzy/opt/gz_transport_vendor:/opt/ros/jazzy/opt/gz_rendering_vendor:/opt/ros/jazzy/opt/gz_plugin_vendor:/opt/ros/jazzy/opt/gz_fuel_tools_vendor:/opt/ros/jazzy/opt/gz_msgs_vendor:/opt/ros/jazzy/opt/gz_common_vendor:/opt/ros/jazzy/opt/gz_math_vendor:/opt/ros/jazzy/opt/gz_utils_vendor:/opt/ros/jazzy/opt/gz_tools_vendor:/opt/ros/jazzy/opt/gz_ogre_next_vendor:/opt/ros/jazzy/opt/gz_dartsim_vendor:/opt/ros/jazzy/opt/gz_cmake_vendor DEBUGINFOD_URLS=https://debuginfod.ubuntu.com PYTHONPATH=/home/user/ros2_ws/build/my_manipulator/prefix_override:/usr/lib/python3/dist-packages/colcon_core/task/python/colcon_distutils_commands:/home/user/ros2_ws/install/my_manipulator/lib/python3.12/site-packages:${PYTHONPATH} /usr/bin/python3 -W ignore:setup.py install is deprecated -W ignore:easy_install command is deprecated setup.py develop --editable --build-directory /home/user/ros2_ws/build/my_manipulator/build --no-deps symlink_data
[1.415s] Level 1:colcon.colcon_core.shell:create_environment_hook('my_manipulator', 'pythonpath_develop')
[1.415s] INFO:colcon.colcon_core.shell:Creating environment hook '/home/user/ros2_ws/build/my_manipulator/share/my_manipulator/hook/pythonpath_develop.ps1'
[1.416s] DEBUG:colcon.colcon_core.event_handler.log_command:Invoked command in '/home/user/ros2_ws/build/my_manipulator' returned '0': CMAKE_PREFIX_PATH=/home/user/ros2_ws/install/antonie_description:/home/user/ros2_ws/install/wut_gazebo_models:/home/user/ros2_ws/install/antonie_gazebo:/home/user/ros2_ws/install/antonie_moveit_config:/opt/ros/jazzy/opt/gz_sim_vendor:/opt/ros/jazzy/opt/gz_sensors_vendor:/opt/ros/jazzy/opt/gz_physics_vendor:/opt/ros/jazzy/opt/sdformat_vendor:/opt/ros/jazzy/opt/gz_gui_vendor:/opt/ros/jazzy/opt/gz_transport_vendor:/opt/ros/jazzy/opt/gz_rendering_vendor:/opt/ros/jazzy/opt/gz_plugin_vendor:/opt/ros/jazzy/opt/gz_fuel_tools_vendor:/opt/ros/jazzy/opt/gz_msgs_vendor:/opt/ros/jazzy/opt/gz_common_vendor:/opt/ros/jazzy/opt/gz_math_vendor:/opt/ros/jazzy/opt/gz_utils_vendor:/opt/ros/jazzy/opt/gz_tools_vendor:/opt/ros/jazzy/opt/gz_ogre_next_vendor:/opt/ros/jazzy/opt/gz_dartsim_vendor:/opt/ros/jazzy/opt/gz_cmake_vendor DEBUGINFOD_URLS=https://debuginfod.ubuntu.com PYTHONPATH=/home/user/ros2_ws/build/my_manipulator/prefix_override:/usr/lib/python3/dist-packages/colcon_core/task/python/colcon_distutils_commands:/home/user/ros2_ws/install/my_manipulator/lib/python3.12/site-packages:${PYTHONPATH} /usr/bin/python3 -W ignore:setup.py install is deprecated -W ignore:easy_install command is deprecated setup.py develop --editable --build-directory /home/user/ros2_ws/build/my_manipulator/build --no-deps symlink_data
[1.417s] INFO:colcon.colcon_core.shell:Creating environment descriptor '/home/user/ros2_ws/build/my_manipulator/share/my_manipulator/hook/pythonpath_develop.dsv'
[1.417s] INFO:colcon.colcon_core.shell:Creating environment hook '/home/user/ros2_ws/build/my_manipulator/share/my_manipulator/hook/pythonpath_develop.sh'
[1.418s] Level 1:colcon.colcon_core.environment:checking '/home/user/ros2_ws/install/my_manipulator' for CMake module files
[1.418s] Level 1:colcon.colcon_core.environment:checking '/home/user/ros2_ws/install/my_manipulator' for CMake config files
[1.418s] Level 1:colcon.colcon_core.environment:checking '/home/user/ros2_ws/install/my_manipulator/lib'
[1.418s] Level 1:colcon.colcon_core.environment:checking '/home/user/ros2_ws/install/my_manipulator/bin'
[1.419s] Level 1:colcon.colcon_core.environment:checking '/home/user/ros2_ws/install/my_manipulator/lib/pkgconfig/my_manipulator.pc'
[1.419s] Level 1:colcon.colcon_core.environment:checking '/home/user/ros2_ws/install/my_manipulator/lib/python3.12/site-packages'
[1.419s] Level 1:colcon.colcon_core.shell:create_environment_hook('my_manipulator', 'pythonpath')
[1.419s] INFO:colcon.colcon_core.shell:Creating environment hook '/home/user/ros2_ws/install/my_manipulator/share/my_manipulator/hook/pythonpath.ps1'
[1.419s] INFO:colcon.colcon_core.shell:Creating environment descriptor '/home/user/ros2_ws/install/my_manipulator/share/my_manipulator/hook/pythonpath.dsv'
[1.420s] INFO:colcon.colcon_core.shell:Creating environment hook '/home/user/ros2_ws/install/my_manipulator/share/my_manipulator/hook/pythonpath.sh'
[1.420s] Level 1:colcon.colcon_core.environment:checking '/home/user/ros2_ws/install/my_manipulator/bin'
[1.420s] Level 1:colcon.colcon_core.environment:create_environment_scripts_only(my_manipulator)
[1.421s] INFO:colcon.colcon_core.shell:Creating package script '/home/user/ros2_ws/install/my_manipulator/share/my_manipulator/package.ps1'
[1.421s] INFO:colcon.colcon_core.shell:Creating package descriptor '/home/user/ros2_ws/install/my_manipulator/share/my_manipulator/package.dsv'
[1.422s] INFO:colcon.colcon_core.shell:Creating package script '/home/user/ros2_ws/install/my_manipulator/share/my_manipulator/package.sh'
[1.422s] INFO:colcon.colcon_core.shell:Creating package script '/home/user/ros2_ws/install/my_manipulator/share/my_manipulator/package.bash'
[1.422s] INFO:colcon.colcon_core.shell:Creating package script '/home/user/ros2_ws/install/my_manipulator/share/my_manipulator/package.zsh'
[1.423s] Level 1:colcon.colcon_core.environment:create_file_with_runtime_dependencies(/home/user/ros2_ws/install/my_manipulator/share/colcon-core/packages/my_manipulator)
[1.423s] DEBUG:colcon.colcon_parallel_executor.executor.parallel:closing loop
[1.424s] DEBUG:colcon.colcon_parallel_executor.executor.parallel:loop closed
[1.424s] DEBUG:colcon.colcon_parallel_executor.executor.parallel:run_until_complete finished with '0'
[1.424s] DEBUG:colcon.colcon_core.event_reactor:joining thread
[1.437s] INFO:colcon.colcon_core.plugin_system:Skipping extension 'colcon_notification.desktop_notification.terminal_notifier': Not used on non-Darwin systems
[1.437s] INFO:colcon.colcon_core.plugin_system:Skipping extension 'colcon_notification.desktop_notification.win32': Not used on non-Windows systems
[1.437s] INFO:colcon.colcon_notification.desktop_notification:Sending desktop notification using 'notify2'
[1.451s] DEBUG:colcon.colcon_core.event_reactor:joined thread
[1.452s] INFO:colcon.colcon_core.shell:Creating prefix script '/home/user/ros2_ws/install/local_setup.ps1'
[1.453s] INFO:colcon.colcon_core.shell:Creating prefix util module '/home/user/ros2_ws/install/_local_setup_util_ps1.py'
[1.454s] INFO:colcon.colcon_core.shell:Creating prefix chain script '/home/user/ros2_ws/install/setup.ps1'
[1.456s] INFO:colcon.colcon_core.shell:Creating prefix script '/home/user/ros2_ws/install/local_setup.sh'
[1.457s] INFO:colcon.colcon_core.shell:Creating prefix util module '/home/user/ros2_ws/install/_local_setup_util_sh.py'
[1.458s] INFO:colcon.colcon_core.shell:Creating prefix chain script '/home/user/ros2_ws/install/setup.sh'
[1.460s] INFO:colcon.colcon_core.shell:Creating prefix script '/home/user/ros2_ws/install/local_setup.bash'
[1.468s] INFO:colcon.colcon_core.shell:Creating prefix chain script '/home/user/ros2_ws/install/setup.bash'
[1.469s] INFO:colcon.colcon_core.shell:Creating prefix script '/home/user/ros2_ws/install/local_setup.zsh'
[1.470s] INFO:colcon.colcon_core.shell:Creating prefix chain script '/home/user/ros2_ws/install/setup.zsh'
