[0.012s] Invoking command in '/home/user/ros2_ws/build/antonie_moveit_config': CMAKE_PREFIX_PATH=/home/user/ros2_ws/install/antonie_description:/home/user/ros2_ws/install/wut_gazebo_models:/home/user/ros2_ws/install/antonie_gazebo:/home/user/ros2_ws/install/antonie_moveit_config:/opt/ros/jazzy/opt/gz_sim_vendor:/opt/ros/jazzy/opt/gz_sensors_vendor:/opt/ros/jazzy/opt/gz_physics_vendor:/opt/ros/jazzy/opt/sdformat_vendor:/opt/ros/jazzy/opt/gz_gui_vendor:/opt/ros/jazzy/opt/gz_transport_vendor:/opt/ros/jazzy/opt/gz_rendering_vendor:/opt/ros/jazzy/opt/gz_plugin_vendor:/opt/ros/jazzy/opt/gz_fuel_tools_vendor:/opt/ros/jazzy/opt/gz_msgs_vendor:/opt/ros/jazzy/opt/gz_common_vendor:/opt/ros/jazzy/opt/gz_math_vendor:/opt/ros/jazzy/opt/gz_utils_vendor:/opt/ros/jazzy/opt/gz_tools_vendor:/opt/ros/jazzy/opt/gz_ogre_next_vendor:/opt/ros/jazzy/opt/gz_dartsim_vendor:/opt/ros/jazzy/opt/gz_cmake_vendor:/home/user/ros2_ws/install/my_manipulator:/opt/ros/jazzy DEBUGINFOD_URLS=https://debuginfod.ubuntu.com /usr/bin/cmake --build /home/user/ros2_ws/build/antonie_moveit_config -- -j4 -l4
[0.181s] Invoked command in '/home/user/ros2_ws/build/antonie_moveit_config' returned '0': CMAKE_PREFIX_PATH=/home/user/ros2_ws/install/antonie_description:/home/user/ros2_ws/install/wut_gazebo_models:/home/user/ros2_ws/install/antonie_gazebo:/home/user/ros2_ws/install/antonie_moveit_config:/opt/ros/jazzy/opt/gz_sim_vendor:/opt/ros/jazzy/opt/gz_sensors_vendor:/opt/ros/jazzy/opt/gz_physics_vendor:/opt/ros/jazzy/opt/sdformat_vendor:/opt/ros/jazzy/opt/gz_gui_vendor:/opt/ros/jazzy/opt/gz_transport_vendor:/opt/ros/jazzy/opt/gz_rendering_vendor:/opt/ros/jazzy/opt/gz_plugin_vendor:/opt/ros/jazzy/opt/gz_fuel_tools_vendor:/opt/ros/jazzy/opt/gz_msgs_vendor:/opt/ros/jazzy/opt/gz_common_vendor:/opt/ros/jazzy/opt/gz_math_vendor:/opt/ros/jazzy/opt/gz_utils_vendor:/opt/ros/jazzy/opt/gz_tools_vendor:/opt/ros/jazzy/opt/gz_ogre_next_vendor:/opt/ros/jazzy/opt/gz_dartsim_vendor:/opt/ros/jazzy/opt/gz_cmake_vendor:/home/user/ros2_ws/install/my_manipulator:/opt/ros/jazzy DEBUGINFOD_URLS=https://debuginfod.ubuntu.com /usr/bin/cmake --build /home/user/ros2_ws/build/antonie_moveit_config -- -j4 -l4
[0.181s] Invoking command in '/home/user/ros2_ws/build/antonie_moveit_config': CMAKE_PREFIX_PATH=/home/user/ros2_ws/install/antonie_description:/home/user/ros2_ws/install/wut_gazebo_models:/home/user/ros2_ws/install/antonie_gazebo:/home/user/ros2_ws/install/antonie_moveit_config:/opt/ros/jazzy/opt/gz_sim_vendor:/opt/ros/jazzy/opt/gz_sensors_vendor:/opt/ros/jazzy/opt/gz_physics_vendor:/opt/ros/jazzy/opt/sdformat_vendor:/opt/ros/jazzy/opt/gz_gui_vendor:/opt/ros/jazzy/opt/gz_transport_vendor:/opt/ros/jazzy/opt/gz_rendering_vendor:/opt/ros/jazzy/opt/gz_plugin_vendor:/opt/ros/jazzy/opt/gz_fuel_tools_vendor:/opt/ros/jazzy/opt/gz_msgs_vendor:/opt/ros/jazzy/opt/gz_common_vendor:/opt/ros/jazzy/opt/gz_math_vendor:/opt/ros/jazzy/opt/gz_utils_vendor:/opt/ros/jazzy/opt/gz_tools_vendor:/opt/ros/jazzy/opt/gz_ogre_next_vendor:/opt/ros/jazzy/opt/gz_dartsim_vendor:/opt/ros/jazzy/opt/gz_cmake_vendor:/home/user/ros2_ws/install/my_manipulator:/opt/ros/jazzy DEBUGINFOD_URLS=https://debuginfod.ubuntu.com /usr/bin/cmake --install /home/user/ros2_ws/build/antonie_moveit_config
[0.193s] -- Install configuration: ""
[0.193s] -- Execute custom install script
[0.193s] -- Up-to-date symlink: /home/user/ros2_ws/install/antonie_moveit_config/share/ament_index/resource_index/package_run_dependencies/antonie_moveit_config
[0.194s] -- Up-to-date symlink: /home/user/ros2_ws/install/antonie_moveit_config/share/ament_index/resource_index/parent_prefix_path/antonie_moveit_config
[0.194s] -- Up-to-date symlink: /home/user/ros2_ws/install/antonie_moveit_config/share/antonie_moveit_config/environment/ament_prefix_path.sh
[0.201s] -- Up-to-date symlink: /home/user/ros2_ws/install/antonie_moveit_config/share/antonie_moveit_config/environment/ament_prefix_path.dsv
[0.201s] -- Up-to-date symlink: /home/user/ros2_ws/install/antonie_moveit_config/share/antonie_moveit_config/environment/path.sh
[0.201s] -- Up-to-date symlink: /home/user/ros2_ws/install/antonie_moveit_config/share/antonie_moveit_config/environment/path.dsv
[0.201s] -- Up-to-date symlink: /home/user/ros2_ws/install/antonie_moveit_config/share/antonie_moveit_config/local_setup.bash
[0.201s] -- Up-to-date symlink: /home/user/ros2_ws/install/antonie_moveit_config/share/antonie_moveit_config/local_setup.sh
[0.201s] -- Up-to-date symlink: /home/user/ros2_ws/install/antonie_moveit_config/share/antonie_moveit_config/local_setup.zsh
[0.202s] -- Up-to-date symlink: /home/user/ros2_ws/install/antonie_moveit_config/share/antonie_moveit_config/local_setup.dsv
[0.203s] -- Symlinking: /home/user/ros2_ws/install/antonie_moveit_config/share/antonie_moveit_config/package.dsv
[0.205s] -- Up-to-date symlink: /home/user/ros2_ws/install/antonie_moveit_config/share/ament_index/resource_index/packages/antonie_moveit_config
[0.205s] -- Up-to-date symlink: /home/user/ros2_ws/install/antonie_moveit_config/share/antonie_moveit_config/cmake/antonie_moveit_configConfig.cmake
[0.205s] -- Up-to-date symlink: /home/user/ros2_ws/install/antonie_moveit_config/share/antonie_moveit_config/cmake/antonie_moveit_configConfig-version.cmake
[0.205s] -- Up-to-date symlink: /home/user/ros2_ws/install/antonie_moveit_config/share/antonie_moveit_config/package.xml
[0.207s] -- Up-to-date symlink: /home/user/ros2_ws/install/antonie_moveit_config/share/antonie_moveit_config/launch/demo.launch.py
[0.212s] -- Up-to-date symlink: /home/user/ros2_ws/install/antonie_moveit_config/share/antonie_moveit_config/launch/move_group.launch (Copy).py
[0.213s] -- Up-to-date symlink: /home/user/ros2_ws/install/antonie_moveit_config/share/antonie_moveit_config/launch/move_group.launch.py
[0.213s] -- Up-to-date symlink: /home/user/ros2_ws/install/antonie_moveit_config/share/antonie_moveit_config/launch/moveit_rviz.launch.py
[0.213s] -- Up-to-date symlink: /home/user/ros2_ws/install/antonie_moveit_config/share/antonie_moveit_config/launch/rsp.launch.py
[0.213s] -- Up-to-date symlink: /home/user/ros2_ws/install/antonie_moveit_config/share/antonie_moveit_config/launch/setup_assistant.launch.py
[0.214s] -- Up-to-date symlink: /home/user/ros2_ws/install/antonie_moveit_config/share/antonie_moveit_config/launch/spawn_controllers.launch.py
[0.214s] -- Up-to-date symlink: /home/user/ros2_ws/install/antonie_moveit_config/share/antonie_moveit_config/launch/static_virtual_joint_tfs.launch.py
[0.214s] -- Up-to-date symlink: /home/user/ros2_ws/install/antonie_moveit_config/share/antonie_moveit_config/launch/warehouse_db.launch.py
[0.215s] -- Up-to-date symlink: /home/user/ros2_ws/install/antonie_moveit_config/share/antonie_moveit_config/config/antonie.ros2_control.xacro
[0.215s] -- Up-to-date symlink: /home/user/ros2_ws/install/antonie_moveit_config/share/antonie_moveit_config/config/antonie.srdf
[0.215s] -- Up-to-date symlink: /home/user/ros2_ws/install/antonie_moveit_config/share/antonie_moveit_config/config/antonie.urdf.xacro
[0.216s] -- Up-to-date symlink: /home/user/ros2_ws/install/antonie_moveit_config/share/antonie_moveit_config/config/antonie_new.urdf.xacro
[0.216s] -- Up-to-date symlink: /home/user/ros2_ws/install/antonie_moveit_config/share/antonie_moveit_config/config/antonie_output.urdf.xacro
[0.216s] -- Up-to-date symlink: /home/user/ros2_ws/install/antonie_moveit_config/share/antonie_moveit_config/config/initial_positions.yaml
[0.216s] -- Up-to-date symlink: /home/user/ros2_ws/install/antonie_moveit_config/share/antonie_moveit_config/config/joint_limits.yaml
[0.217s] -- Up-to-date symlink: /home/user/ros2_ws/install/antonie_moveit_config/share/antonie_moveit_config/config/kinematics.yaml
[0.217s] -- Up-to-date symlink: /home/user/ros2_ws/install/antonie_moveit_config/share/antonie_moveit_config/config/moveit.rviz
[0.217s] -- Up-to-date symlink: /home/user/ros2_ws/install/antonie_moveit_config/share/antonie_moveit_config/config/moveit_controllers (Copy).yaml
[0.217s] -- Up-to-date symlink: /home/user/ros2_ws/install/antonie_moveit_config/share/antonie_moveit_config/config/moveit_controllers.yaml
[0.217s] -- Up-to-date symlink: /home/user/ros2_ws/install/antonie_moveit_config/share/antonie_moveit_config/config/ompl_planning.yaml
[0.217s] -- Up-to-date symlink: /home/user/ros2_ws/install/antonie_moveit_config/share/antonie_moveit_config/config/pilz_cartesian_limits.yaml
[0.217s] -- Up-to-date symlink: /home/user/ros2_ws/install/antonie_moveit_config/share/antonie_moveit_config/config/ros2_controllers.yaml
[0.218s] -- Up-to-date symlink: /home/user/ros2_ws/install/antonie_moveit_config/share/antonie_moveit_config/launch/demo.launch.py
[0.218s] -- Up-to-date symlink: /home/user/ros2_ws/install/antonie_moveit_config/share/antonie_moveit_config/launch/move_group.launch (Copy).py
[0.218s] -- Up-to-date symlink: /home/user/ros2_ws/install/antonie_moveit_config/share/antonie_moveit_config/launch/move_group.launch.py
[0.219s] -- Up-to-date symlink: /home/user/ros2_ws/install/antonie_moveit_config/share/antonie_moveit_config/launch/moveit_rviz.launch.py
[0.219s] -- Up-to-date symlink: /home/user/ros2_ws/install/antonie_moveit_config/share/antonie_moveit_config/launch/rsp.launch.py
[0.219s] -- Up-to-date symlink: /home/user/ros2_ws/install/antonie_moveit_config/share/antonie_moveit_config/launch/setup_assistant.launch.py
[0.219s] -- Up-to-date symlink: /home/user/ros2_ws/install/antonie_moveit_config/share/antonie_moveit_config/launch/spawn_controllers.launch.py
[0.220s] -- Up-to-date symlink: /home/user/ros2_ws/install/antonie_moveit_config/share/antonie_moveit_config/launch/static_virtual_joint_tfs.launch.py
[0.220s] -- Up-to-date symlink: /home/user/ros2_ws/install/antonie_moveit_config/share/antonie_moveit_config/launch/warehouse_db.launch.py
[0.220s] -- Up-to-date symlink: /home/user/ros2_ws/install/antonie_moveit_config/share/antonie_moveit_config/.setup_assistant
[0.222s] Invoked command in '/home/user/ros2_ws/build/antonie_moveit_config' returned '0': CMAKE_PREFIX_PATH=/home/user/ros2_ws/install/antonie_description:/home/user/ros2_ws/install/wut_gazebo_models:/home/user/ros2_ws/install/antonie_gazebo:/home/user/ros2_ws/install/antonie_moveit_config:/opt/ros/jazzy/opt/gz_sim_vendor:/opt/ros/jazzy/opt/gz_sensors_vendor:/opt/ros/jazzy/opt/gz_physics_vendor:/opt/ros/jazzy/opt/sdformat_vendor:/opt/ros/jazzy/opt/gz_gui_vendor:/opt/ros/jazzy/opt/gz_transport_vendor:/opt/ros/jazzy/opt/gz_rendering_vendor:/opt/ros/jazzy/opt/gz_plugin_vendor:/opt/ros/jazzy/opt/gz_fuel_tools_vendor:/opt/ros/jazzy/opt/gz_msgs_vendor:/opt/ros/jazzy/opt/gz_common_vendor:/opt/ros/jazzy/opt/gz_math_vendor:/opt/ros/jazzy/opt/gz_utils_vendor:/opt/ros/jazzy/opt/gz_tools_vendor:/opt/ros/jazzy/opt/gz_ogre_next_vendor:/opt/ros/jazzy/opt/gz_dartsim_vendor:/opt/ros/jazzy/opt/gz_cmake_vendor:/home/user/ros2_ws/install/my_manipulator:/opt/ros/jazzy DEBUGINFOD_URLS=https://debuginfod.ubuntu.com /usr/bin/cmake --install /home/user/ros2_ws/build/antonie_moveit_config
