-- Install configuration: ""
-- Execute custom install script
-- Up-to-date symlink: /home/user/ros2_ws/install/antonie_gazebo/share/antonie_gazebo/launch/3spawn_robot.launch.xml
-- Up-to-date symlink: /home/user/ros2_ws/install/antonie_gazebo/share/antonie_gazebo/launch/spawn_robot.launch.py
-- Up-to-date symlink: /home/user/ros2_ws/install/antonie_gazebo/share/antonie_gazebo/launch/start_simulator.launch (Copy).xml
-- Up-to-date symlink: /home/user/ros2_ws/install/antonie_gazebo/share/antonie_gazebo/launch/start_simulator.launch.xml
-- Up-to-date symlink: /home/user/ros2_ws/install/antonie_gazebo/share/antonie_gazebo/config/gz_bridge.yaml
-- Up-to-date symlink: /home/user/ros2_ws/install/antonie_gazebo/share/antonie_gazebo/config/rviz.rviz
-- Up-to-date symlink: /home/user/ros2_ws/install/antonie_gazebo/share/antonie_gazebo/worlds/empty.sdf
-- Up-to-date symlink: /home/user/ros2_ws/install/antonie_gazebo/share/ament_index/resource_index/package_run_dependencies/antonie_gazebo
-- Up-to-date symlink: /home/user/ros2_ws/install/antonie_gazebo/share/ament_index/resource_index/parent_prefix_path/antonie_gazebo
-- Up-to-date symlink: /home/user/ros2_ws/install/antonie_gazebo/share/antonie_gazebo/environment/ament_prefix_path.sh
-- Up-to-date symlink: /home/user/ros2_ws/install/antonie_gazebo/share/antonie_gazebo/environment/ament_prefix_path.dsv
-- Up-to-date symlink: /home/user/ros2_ws/install/antonie_gazebo/share/antonie_gazebo/environment/path.sh
-- Up-to-date symlink: /home/user/ros2_ws/install/antonie_gazebo/share/antonie_gazebo/environment/path.dsv
-- Up-to-date symlink: /home/user/ros2_ws/install/antonie_gazebo/share/antonie_gazebo/local_setup.bash
-- Up-to-date symlink: /home/user/ros2_ws/install/antonie_gazebo/share/antonie_gazebo/local_setup.sh
-- Up-to-date symlink: /home/user/ros2_ws/install/antonie_gazebo/share/antonie_gazebo/local_setup.zsh
-- Up-to-date symlink: /home/user/ros2_ws/install/antonie_gazebo/share/antonie_gazebo/local_setup.dsv
-- Symlinking: /home/user/ros2_ws/install/antonie_gazebo/share/antonie_gazebo/package.dsv
-- Up-to-date symlink: /home/user/ros2_ws/install/antonie_gazebo/share/ament_index/resource_index/packages/antonie_gazebo
-- Up-to-date symlink: /home/user/ros2_ws/install/antonie_gazebo/share/antonie_gazebo/cmake/antonie_gazeboConfig.cmake
-- Up-to-date symlink: /home/user/ros2_ws/install/antonie_gazebo/share/antonie_gazebo/cmake/antonie_gazeboConfig-version.cmake
-- Up-to-date symlink: /home/user/ros2_ws/install/antonie_gazebo/share/antonie_gazebo/package.xml
