[0.085s] Invoking command in '/home/user/ros2_ws/build/antonie_moveit_config': CMAKE_PREFIX_PATH=/home/user/ros2_ws/install/antonie_description:/home/user/ros2_ws/install/wut_gazebo_models:/home/user/ros2_ws/install/antonie_gazebo:/home/user/ros2_ws/install/antonie_moveit_config:/opt/ros/jazzy/opt/gz_sim_vendor:/opt/ros/jazzy/opt/gz_sensors_vendor:/opt/ros/jazzy/opt/gz_physics_vendor:/opt/ros/jazzy/opt/sdformat_vendor:/opt/ros/jazzy/opt/gz_gui_vendor:/opt/ros/jazzy/opt/gz_transport_vendor:/opt/ros/jazzy/opt/gz_rendering_vendor:/opt/ros/jazzy/opt/gz_plugin_vendor:/opt/ros/jazzy/opt/gz_fuel_tools_vendor:/opt/ros/jazzy/opt/gz_msgs_vendor:/opt/ros/jazzy/opt/gz_common_vendor:/opt/ros/jazzy/opt/gz_math_vendor:/opt/ros/jazzy/opt/gz_utils_vendor:/opt/ros/jazzy/opt/gz_tools_vendor:/opt/ros/jazzy/opt/gz_ogre_next_vendor:/opt/ros/jazzy/opt/gz_dartsim_vendor:/opt/ros/jazzy/opt/gz_cmake_vendor:/home/user/ros2_ws/install/my_manipulator:/opt/ros/jazzy DEBUGINFOD_URLS=https://debuginfod.ubuntu.com /usr/bin/cmake --build /home/user/ros2_ws/build/antonie_moveit_config -- -j4 -l4
[0.734s] Invoked command in '/home/user/ros2_ws/build/antonie_moveit_config' returned '0': CMAKE_PREFIX_PATH=/home/user/ros2_ws/install/antonie_description:/home/user/ros2_ws/install/wut_gazebo_models:/home/user/ros2_ws/install/antonie_gazebo:/home/user/ros2_ws/install/antonie_moveit_config:/opt/ros/jazzy/opt/gz_sim_vendor:/opt/ros/jazzy/opt/gz_sensors_vendor:/opt/ros/jazzy/opt/gz_physics_vendor:/opt/ros/jazzy/opt/sdformat_vendor:/opt/ros/jazzy/opt/gz_gui_vendor:/opt/ros/jazzy/opt/gz_transport_vendor:/opt/ros/jazzy/opt/gz_rendering_vendor:/opt/ros/jazzy/opt/gz_plugin_vendor:/opt/ros/jazzy/opt/gz_fuel_tools_vendor:/opt/ros/jazzy/opt/gz_msgs_vendor:/opt/ros/jazzy/opt/gz_common_vendor:/opt/ros/jazzy/opt/gz_math_vendor:/opt/ros/jazzy/opt/gz_utils_vendor:/opt/ros/jazzy/opt/gz_tools_vendor:/opt/ros/jazzy/opt/gz_ogre_next_vendor:/opt/ros/jazzy/opt/gz_dartsim_vendor:/opt/ros/jazzy/opt/gz_cmake_vendor:/home/user/ros2_ws/install/my_manipulator:/opt/ros/jazzy DEBUGINFOD_URLS=https://debuginfod.ubuntu.com /usr/bin/cmake --build /home/user/ros2_ws/build/antonie_moveit_config -- -j4 -l4
[0.739s] Invoking command in '/home/user/ros2_ws/build/antonie_moveit_config': CMAKE_PREFIX_PATH=/home/user/ros2_ws/install/antonie_description:/home/user/ros2_ws/install/wut_gazebo_models:/home/user/ros2_ws/install/antonie_gazebo:/home/user/ros2_ws/install/antonie_moveit_config:/opt/ros/jazzy/opt/gz_sim_vendor:/opt/ros/jazzy/opt/gz_sensors_vendor:/opt/ros/jazzy/opt/gz_physics_vendor:/opt/ros/jazzy/opt/sdformat_vendor:/opt/ros/jazzy/opt/gz_gui_vendor:/opt/ros/jazzy/opt/gz_transport_vendor:/opt/ros/jazzy/opt/gz_rendering_vendor:/opt/ros/jazzy/opt/gz_plugin_vendor:/opt/ros/jazzy/opt/gz_fuel_tools_vendor:/opt/ros/jazzy/opt/gz_msgs_vendor:/opt/ros/jazzy/opt/gz_common_vendor:/opt/ros/jazzy/opt/gz_math_vendor:/opt/ros/jazzy/opt/gz_utils_vendor:/opt/ros/jazzy/opt/gz_tools_vendor:/opt/ros/jazzy/opt/gz_ogre_next_vendor:/opt/ros/jazzy/opt/gz_dartsim_vendor:/opt/ros/jazzy/opt/gz_cmake_vendor:/home/user/ros2_ws/install/my_manipulator:/opt/ros/jazzy DEBUGINFOD_URLS=https://debuginfod.ubuntu.com /usr/bin/cmake --install /home/user/ros2_ws/build/antonie_moveit_config
[0.913s] -- Install configuration: ""
[0.913s] -- Execute custom install script
[0.919s] -- Up-to-date symlink: /home/user/ros2_ws/install/antonie_moveit_config/share/ament_index/resource_index/package_run_dependencies/antonie_moveit_config
[0.920s] -- Up-to-date symlink: /home/user/ros2_ws/install/antonie_moveit_config/share/ament_index/resource_index/parent_prefix_path/antonie_moveit_config
[0.920s] -- Up-to-date symlink: /home/user/ros2_ws/install/antonie_moveit_config/share/antonie_moveit_config/environment/ament_prefix_path.sh
[0.920s] -- Up-to-date symlink: /home/user/ros2_ws/install/antonie_moveit_config/share/antonie_moveit_config/environment/ament_prefix_path.dsv
[0.920s] -- Up-to-date symlink: /home/user/ros2_ws/install/antonie_moveit_config/share/antonie_moveit_config/environment/path.sh
[0.926s] -- Up-to-date symlink: /home/user/ros2_ws/install/antonie_moveit_config/share/antonie_moveit_config/environment/path.dsv
[0.934s] -- Up-to-date symlink: /home/user/ros2_ws/install/antonie_moveit_config/share/antonie_moveit_config/local_setup.bash
[0.942s] -- Up-to-date symlink: /home/user/ros2_ws/install/antonie_moveit_config/share/antonie_moveit_config/local_setup.sh
[0.942s] -- Up-to-date symlink: /home/user/ros2_ws/install/antonie_moveit_config/share/antonie_moveit_config/local_setup.zsh
[0.942s] -- Up-to-date symlink: /home/user/ros2_ws/install/antonie_moveit_config/share/antonie_moveit_config/local_setup.dsv
[0.942s] -- Symlinking: /home/user/ros2_ws/install/antonie_moveit_config/share/antonie_moveit_config/package.dsv
[1.031s] -- Up-to-date symlink: /home/user/ros2_ws/install/antonie_moveit_config/share/ament_index/resource_index/packages/antonie_moveit_config
[1.034s] -- Up-to-date symlink: /home/user/ros2_ws/install/antonie_moveit_config/share/antonie_moveit_config/cmake/antonie_moveit_configConfig.cmake
[1.034s] -- Up-to-date symlink: /home/user/ros2_ws/install/antonie_moveit_config/share/antonie_moveit_config/cmake/antonie_moveit_configConfig-version.cmake
[1.037s] -- Up-to-date symlink: /home/user/ros2_ws/install/antonie_moveit_config/share/antonie_moveit_config/package.xml
[1.042s] -- Up-to-date symlink: /home/user/ros2_ws/install/antonie_moveit_config/share/antonie_moveit_config/launch/demo.launch.py
[1.043s] -- Up-to-date symlink: /home/user/ros2_ws/install/antonie_moveit_config/share/antonie_moveit_config/launch/move_group.launch (Copy).py
[1.044s] -- Up-to-date symlink: /home/user/ros2_ws/install/antonie_moveit_config/share/antonie_moveit_config/launch/move_group.launch.py
[1.044s] -- Up-to-date symlink: /home/user/ros2_ws/install/antonie_moveit_config/share/antonie_moveit_config/launch/moveit_rviz.launch.py
[1.044s] -- Up-to-date symlink: /home/user/ros2_ws/install/antonie_moveit_config/share/antonie_moveit_config/launch/rsp.launch.py
[1.044s] -- Up-to-date symlink: /home/user/ros2_ws/install/antonie_moveit_config/share/antonie_moveit_config/launch/setup_assistant.launch.py
[1.044s] -- Up-to-date symlink: /home/user/ros2_ws/install/antonie_moveit_config/share/antonie_moveit_config/launch/spawn_controllers.launch.py
[1.044s] -- Up-to-date symlink: /home/user/ros2_ws/install/antonie_moveit_config/share/antonie_moveit_config/launch/static_virtual_joint_tfs.launch.py
[1.044s] -- Up-to-date symlink: /home/user/ros2_ws/install/antonie_moveit_config/share/antonie_moveit_config/launch/warehouse_db.launch.py
[1.044s] -- Up-to-date symlink: /home/user/ros2_ws/install/antonie_moveit_config/share/antonie_moveit_config/config/antonie.ros2_control.xacro
[1.056s] -- Up-to-date symlink: /home/user/ros2_ws/install/antonie_moveit_config/share/antonie_moveit_config/config/antonie.srdf
[1.056s] -- Up-to-date symlink: /home/user/ros2_ws/install/antonie_moveit_config/share/antonie_moveit_config/config/antonie.urdf.xacro
[1.056s] -- Up-to-date symlink: /home/user/ros2_ws/install/antonie_moveit_config/share/antonie_moveit_config/config/antonie_new.urdf.xacro
[1.056s] -- Up-to-date symlink: /home/user/ros2_ws/install/antonie_moveit_config/share/antonie_moveit_config/config/antonie_output.urdf.xacro
[1.056s] -- Up-to-date symlink: /home/user/ros2_ws/install/antonie_moveit_config/share/antonie_moveit_config/config/initial_positions.yaml
[1.056s] -- Up-to-date symlink: /home/user/ros2_ws/install/antonie_moveit_config/share/antonie_moveit_config/config/joint_limits.yaml
[1.056s] -- Up-to-date symlink: /home/user/ros2_ws/install/antonie_moveit_config/share/antonie_moveit_config/config/kinematics.yaml
[1.056s] -- Up-to-date symlink: /home/user/ros2_ws/install/antonie_moveit_config/share/antonie_moveit_config/config/moveit.rviz
[1.056s] -- Up-to-date symlink: /home/user/ros2_ws/install/antonie_moveit_config/share/antonie_moveit_config/config/moveit_controllers (Copy).yaml
[1.056s] -- Up-to-date symlink: /home/user/ros2_ws/install/antonie_moveit_config/share/antonie_moveit_config/config/moveit_controllers.yaml
[1.056s] -- Up-to-date symlink: /home/user/ros2_ws/install/antonie_moveit_config/share/antonie_moveit_config/config/ompl_planning.yaml
[1.056s] -- Up-to-date symlink: /home/user/ros2_ws/install/antonie_moveit_config/share/antonie_moveit_config/config/pilz_cartesian_limits.yaml
[1.056s] -- Up-to-date symlink: /home/user/ros2_ws/install/antonie_moveit_config/share/antonie_moveit_config/config/ros2_controllers.yaml
[1.061s] -- Up-to-date symlink: /home/user/ros2_ws/install/antonie_moveit_config/share/antonie_moveit_config/launch/demo.launch.py
[1.061s] -- Up-to-date symlink: /home/user/ros2_ws/install/antonie_moveit_config/share/antonie_moveit_config/launch/move_group.launch (Copy).py
[1.061s] -- Up-to-date symlink: /home/user/ros2_ws/install/antonie_moveit_config/share/antonie_moveit_config/launch/move_group.launch.py
[1.061s] -- Up-to-date symlink: /home/user/ros2_ws/install/antonie_moveit_config/share/antonie_moveit_config/launch/moveit_rviz.launch.py
[1.061s] -- Up-to-date symlink: /home/user/ros2_ws/install/antonie_moveit_config/share/antonie_moveit_config/launch/rsp.launch.py
[1.066s] -- Up-to-date symlink: /home/user/ros2_ws/install/antonie_moveit_config/share/antonie_moveit_config/launch/setup_assistant.launch.py
[1.066s] -- Up-to-date symlink: /home/user/ros2_ws/install/antonie_moveit_config/share/antonie_moveit_config/launch/spawn_controllers.launch.py
[1.066s] -- Up-to-date symlink: /home/user/ros2_ws/install/antonie_moveit_config/share/antonie_moveit_config/launch/static_virtual_joint_tfs.launch.py
[1.066s] -- Up-to-date symlink: /home/user/ros2_ws/install/antonie_moveit_config/share/antonie_moveit_config/launch/warehouse_db.launch.py
[1.066s] -- Up-to-date symlink: /home/user/ros2_ws/install/antonie_moveit_config/share/antonie_moveit_config/.setup_assistant
[1.069s] Invoked command in '/home/user/ros2_ws/build/antonie_moveit_config' returned '0': CMAKE_PREFIX_PATH=/home/user/ros2_ws/install/antonie_description:/home/user/ros2_ws/install/wut_gazebo_models:/home/user/ros2_ws/install/antonie_gazebo:/home/user/ros2_ws/install/antonie_moveit_config:/opt/ros/jazzy/opt/gz_sim_vendor:/opt/ros/jazzy/opt/gz_sensors_vendor:/opt/ros/jazzy/opt/gz_physics_vendor:/opt/ros/jazzy/opt/sdformat_vendor:/opt/ros/jazzy/opt/gz_gui_vendor:/opt/ros/jazzy/opt/gz_transport_vendor:/opt/ros/jazzy/opt/gz_rendering_vendor:/opt/ros/jazzy/opt/gz_plugin_vendor:/opt/ros/jazzy/opt/gz_fuel_tools_vendor:/opt/ros/jazzy/opt/gz_msgs_vendor:/opt/ros/jazzy/opt/gz_common_vendor:/opt/ros/jazzy/opt/gz_math_vendor:/opt/ros/jazzy/opt/gz_utils_vendor:/opt/ros/jazzy/opt/gz_tools_vendor:/opt/ros/jazzy/opt/gz_ogre_next_vendor:/opt/ros/jazzy/opt/gz_dartsim_vendor:/opt/ros/jazzy/opt/gz_cmake_vendor:/home/user/ros2_ws/install/my_manipulator:/opt/ros/jazzy DEBUGINFOD_URLS=https://debuginfod.ubuntu.com /usr/bin/cmake --install /home/user/ros2_ws/build/antonie_moveit_config
