[0.019s] Invoking command in '/home/user/ros2_ws/build/antonie_description': CMAKE_PREFIX_PATH=${CMAKE_PREFIX_PATH}:/home/user/ros2_ws/install/my_manipulator:/opt/ros/jazzy DEBUGINFOD_URLS=https://debuginfod.ubuntu.com /usr/bin/cmake --build /home/user/ros2_ws/build/antonie_description -- -j4 -l4
[0.091s] -- Found ament_cmake: 2.5.6 (/opt/ros/jazzy/share/ament_cmake/cmake)
[0.329s] -- Found ament_lint_auto: 0.17.5 (/opt/ros/jazzy/share/ament_lint_auto/cmake)
[0.427s] -- Added test 'lint_cmake' to check CMake code style
[0.428s] -- Added test 'xmllint' to check XML markup files
[0.430s] -- Configuring done (0.4s)
[0.439s] -- Generating done (0.0s)
[0.442s] -- Build files have been written to: /home/user/ros2_ws/build/antonie_description
[0.468s] Invoked command in '/home/user/ros2_ws/build/antonie_description' returned '0': CMAKE_PREFIX_PATH=${CMAKE_PREFIX_PATH}:/home/user/ros2_ws/install/my_manipulator:/opt/ros/jazzy DEBUGINFOD_URLS=https://debuginfod.ubuntu.com /usr/bin/cmake --build /home/user/ros2_ws/build/antonie_description -- -j4 -l4
[0.479s] Invoking command in '/home/user/ros2_ws/build/antonie_description': CMAKE_PREFIX_PATH=${CMAKE_PREFIX_PATH}:/home/user/ros2_ws/install/my_manipulator:/opt/ros/jazzy DEBUGINFOD_URLS=https://debuginfod.ubuntu.com /usr/bin/cmake --install /home/user/ros2_ws/build/antonie_description
[0.488s] -- Install configuration: ""
[0.488s] -- Up-to-date: /home/user/ros2_ws/install/antonie_description/share/antonie_description/launch
[0.489s] -- Up-to-date: /home/user/ros2_ws/install/antonie_description/share/antonie_description/launch/description_test.launch.xml
[0.489s] -- Up-to-date: /home/user/ros2_ws/install/antonie_description/share/antonie_description/urdf
[0.489s] -- Installing: /home/user/ros2_ws/install/antonie_description/share/antonie_description/urdf/antonie.urdf
[0.489s] -- Up-to-date: /home/user/ros2_ws/install/antonie_description/share/antonie_description/urdf/2antonie.urdf
[0.489s] -- Up-to-date: /home/user/ros2_ws/install/antonie_description/share/ament_index/resource_index/package_run_dependencies/antonie_description
[0.489s] -- Installing: /home/user/ros2_ws/install/antonie_description/share/ament_index/resource_index/parent_prefix_path/antonie_description
[0.490s] -- Installing: /home/user/ros2_ws/install/antonie_description/share/antonie_description/environment/ament_prefix_path.sh
[0.490s] -- Up-to-date: /home/user/ros2_ws/install/antonie_description/share/antonie_description/environment/ament_prefix_path.dsv
[0.490s] -- Installing: /home/user/ros2_ws/install/antonie_description/share/antonie_description/environment/path.sh
[0.490s] -- Up-to-date: /home/user/ros2_ws/install/antonie_description/share/antonie_description/environment/path.dsv
[0.490s] -- Up-to-date: /home/user/ros2_ws/install/antonie_description/share/antonie_description/local_setup.bash
[0.491s] -- Up-to-date: /home/user/ros2_ws/install/antonie_description/share/antonie_description/local_setup.sh
[0.491s] -- Up-to-date: /home/user/ros2_ws/install/antonie_description/share/antonie_description/local_setup.zsh
[0.491s] -- Up-to-date: /home/user/ros2_ws/install/antonie_description/share/antonie_description/local_setup.dsv
[0.491s] -- Up-to-date: /home/user/ros2_ws/install/antonie_description/share/antonie_description/package.dsv
[0.491s] -- Up-to-date: /home/user/ros2_ws/install/antonie_description/share/ament_index/resource_index/packages/antonie_description
[0.491s] -- Up-to-date: /home/user/ros2_ws/install/antonie_description/share/antonie_description/cmake/antonie_descriptionConfig.cmake
[0.491s] -- Up-to-date: /home/user/ros2_ws/install/antonie_description/share/antonie_description/cmake/antonie_descriptionConfig-version.cmake
[0.492s] -- Up-to-date: /home/user/ros2_ws/install/antonie_description/share/antonie_description/package.xml
[0.494s] Invoked command in '/home/user/ros2_ws/build/antonie_description' returned '0': CMAKE_PREFIX_PATH=${CMAKE_PREFIX_PATH}:/home/user/ros2_ws/install/my_manipulator:/opt/ros/jazzy DEBUGINFOD_URLS=https://debuginfod.ubuntu.com /usr/bin/cmake --install /home/user/ros2_ws/build/antonie_description
