[0.024s] Invoking command in '/home/user/ros2_ws/build/wut_gazebo_models': CMAKE_PREFIX_PATH=${CMAKE_PREFIX_PATH}:/home/user/ros2_ws/install/my_manipulator:/opt/ros/jazzy DEBUGINFOD_URLS=https://debuginfod.ubuntu.com /usr/bin/cmake --build /home/user/ros2_ws/build/wut_gazebo_models -- -j4 -l4
[0.082s] Invoked command in '/home/user/ros2_ws/build/wut_gazebo_models' returned '0': CMAKE_PREFIX_PATH=${CMAKE_PREFIX_PATH}:/home/user/ros2_ws/install/my_manipulator:/opt/ros/jazzy DEBUGINFOD_URLS=https://debuginfod.ubuntu.com /usr/bin/cmake --build /home/user/ros2_ws/build/wut_gazebo_models -- -j4 -l4
[0.108s] Invoking command in '/home/user/ros2_ws/build/wut_gazebo_models': CMAKE_PREFIX_PATH=${CMAKE_PREFIX_PATH}:/home/user/ros2_ws/install/my_manipulator:/opt/ros/jazzy DEBUGINFOD_URLS=https://debuginfod.ubuntu.com /usr/bin/cmake --install /home/user/ros2_ws/build/wut_gazebo_models
[0.129s] -- Install configuration: ""
[0.132s] -- Execute custom install script
[0.133s] -- Up-to-date symlink: /home/user/ros2_ws/install/wut_gazebo_models/share/wut_gazebo_models/models/table/model.config
[0.133s] -- Up-to-date symlink: /home/user/ros2_ws/install/wut_gazebo_models/share/wut_gazebo_models/models/table/model.sdf
[0.133s] -- Up-to-date symlink: /home/user/ros2_ws/install/wut_gazebo_models/share/wut_gazebo_models/models/table/table_diffuse.jpg
[0.133s] -- Up-to-date symlink: /home/user/ros2_ws/install/wut_gazebo_models/share/wut_gazebo_models/models/yellow_cylinder/model.config
[0.133s] -- Up-to-date symlink: /home/user/ros2_ws/install/wut_gazebo_models/share/wut_gazebo_models/models/yellow_cylinder/model.sdf
[0.133s] -- Up-to-date symlink: /home/user/ros2_ws/install/wut_gazebo_models/share/ament_index/resource_index/package_run_dependencies/wut_gazebo_models
[0.133s] -- Up-to-date symlink: /home/user/ros2_ws/install/wut_gazebo_models/share/ament_index/resource_index/parent_prefix_path/wut_gazebo_models
[0.133s] -- Up-to-date symlink: /home/user/ros2_ws/install/wut_gazebo_models/share/wut_gazebo_models/environment/ament_prefix_path.sh
[0.133s] -- Up-to-date symlink: /home/user/ros2_ws/install/wut_gazebo_models/share/wut_gazebo_models/environment/ament_prefix_path.dsv
[0.133s] -- Up-to-date symlink: /home/user/ros2_ws/install/wut_gazebo_models/share/wut_gazebo_models/environment/path.sh
[0.133s] -- Up-to-date symlink: /home/user/ros2_ws/install/wut_gazebo_models/share/wut_gazebo_models/environment/path.dsv
[0.133s] -- Up-to-date symlink: /home/user/ros2_ws/install/wut_gazebo_models/share/wut_gazebo_models/local_setup.bash
[0.133s] -- Up-to-date symlink: /home/user/ros2_ws/install/wut_gazebo_models/share/wut_gazebo_models/local_setup.sh
[0.133s] -- Up-to-date symlink: /home/user/ros2_ws/install/wut_gazebo_models/share/wut_gazebo_models/local_setup.zsh
[0.133s] -- Up-to-date symlink: /home/user/ros2_ws/install/wut_gazebo_models/share/wut_gazebo_models/local_setup.dsv
[0.135s] -- Symlinking: /home/user/ros2_ws/install/wut_gazebo_models/share/wut_gazebo_models/package.dsv
[0.161s] -- Up-to-date symlink: /home/user/ros2_ws/install/wut_gazebo_models/share/ament_index/resource_index/packages/wut_gazebo_models
[0.163s] -- Up-to-date symlink: /home/user/ros2_ws/install/wut_gazebo_models/share/wut_gazebo_models/cmake/wut_gazebo_modelsConfig.cmake
[0.166s] -- Up-to-date symlink: /home/user/ros2_ws/install/wut_gazebo_models/share/wut_gazebo_models/cmake/wut_gazebo_modelsConfig-version.cmake
[0.166s] -- Up-to-date symlink: /home/user/ros2_ws/install/wut_gazebo_models/share/wut_gazebo_models/package.xml
[0.168s] Invoked command in '/home/user/ros2_ws/build/wut_gazebo_models' returned '0': CMAKE_PREFIX_PATH=${CMAKE_PREFIX_PATH}:/home/user/ros2_ws/install/my_manipulator:/opt/ros/jazzy DEBUGINFOD_URLS=https://debuginfod.ubuntu.com /usr/bin/cmake --install /home/user/ros2_ws/build/wut_gazebo_models
