[0.189s] Invoking command in '/home/user/ros2_ws/build/antonie_gazebo': CMAKE_PREFIX_PATH=${CMAKE_PREFIX_PATH}:/home/user/ros2_ws/install/my_manipulator:/opt/ros/jazzy DEBUGINFOD_URLS=https://debuginfod.ubuntu.com /usr/bin/cmake /home/user/ros2_ws/src/antonie_gazebo -DAMENT_CMAKE_SYMLINK_INSTALL=1 -DCMAKE_INSTALL_PREFIX=/home/user/ros2_ws/install/antonie_gazebo
[0.256s] -- The C compiler identification is GNU 13.3.0
[0.303s] -- The CXX compiler identification is GNU 13.3.0
[0.338s] -- Detecting C compiler ABI info
[0.447s] -- Detecting C compiler ABI info - done
[0.447s] -- Check for working C compiler: /usr/bin/cc - skipped
[0.447s] -- Detecting C compile features
[0.447s] -- Detecting C compile features - done
[0.459s] -- Detecting CXX compiler ABI info
[0.581s] -- Detecting CXX compiler ABI info - done
[0.588s] -- Check for working CXX compiler: /usr/bin/c++ - skipped
[0.589s] -- Detecting CXX compile features
[0.589s] -- Detecting CXX compile features - done
[0.612s] -- Found ament_cmake: 2.5.6 (/opt/ros/jazzy/share/ament_cmake/cmake)
[0.753s] -- Found Python3: /usr/bin/python3 (found version "3.12.3") found components: Interpreter 
[0.824s] -- Override CMake install command with custom implementation using symlinks instead of copying resources
[0.868s] -- Found ament_lint_auto: 0.17.5 (/opt/ros/jazzy/share/ament_lint_auto/cmake)
[0.980s] -- Added test 'flake8' to check Python code syntax and style conventions
[0.980s] -- Configured 'flake8' exclude dirs and/or files: 
[0.980s] -- Added test 'lint_cmake' to check CMake code style
[0.980s] -- Added test 'pep257' to check Python code against some of the docstring style conventions in PEP 257
[0.983s] -- Added test 'xmllint' to check XML markup files
[0.983s] -- Configuring done (0.8s)
[0.986s] -- Generating done (0.0s)
[0.987s] -- Build files have been written to: /home/user/ros2_ws/build/antonie_gazebo
[0.994s] Invoked command in '/home/user/ros2_ws/build/antonie_gazebo' returned '0': CMAKE_PREFIX_PATH=${CMAKE_PREFIX_PATH}:/home/user/ros2_ws/install/my_manipulator:/opt/ros/jazzy DEBUGINFOD_URLS=https://debuginfod.ubuntu.com /usr/bin/cmake /home/user/ros2_ws/src/antonie_gazebo -DAMENT_CMAKE_SYMLINK_INSTALL=1 -DCMAKE_INSTALL_PREFIX=/home/user/ros2_ws/install/antonie_gazebo
[0.996s] Invoking command in '/home/user/ros2_ws/build/antonie_gazebo': CMAKE_PREFIX_PATH=${CMAKE_PREFIX_PATH}:/home/user/ros2_ws/install/my_manipulator:/opt/ros/jazzy DEBUGINFOD_URLS=https://debuginfod.ubuntu.com /usr/bin/cmake --build /home/user/ros2_ws/build/antonie_gazebo -- -j4 -l4
[1.039s] Invoked command in '/home/user/ros2_ws/build/antonie_gazebo' returned '0': CMAKE_PREFIX_PATH=${CMAKE_PREFIX_PATH}:/home/user/ros2_ws/install/my_manipulator:/opt/ros/jazzy DEBUGINFOD_URLS=https://debuginfod.ubuntu.com /usr/bin/cmake --build /home/user/ros2_ws/build/antonie_gazebo -- -j4 -l4
[1.041s] Invoking command in '/home/user/ros2_ws/build/antonie_gazebo': CMAKE_PREFIX_PATH=${CMAKE_PREFIX_PATH}:/home/user/ros2_ws/install/my_manipulator:/opt/ros/jazzy DEBUGINFOD_URLS=https://debuginfod.ubuntu.com /usr/bin/cmake --install /home/user/ros2_ws/build/antonie_gazebo
[1.046s] -- Install configuration: ""
[1.046s] -- Execute custom install script
[1.047s] -- Symlinking: /home/user/ros2_ws/install/antonie_gazebo/share/antonie_gazebo/launch/3spawn_robot.launch.xml
[1.056s] -- Symlinking: /home/user/ros2_ws/install/antonie_gazebo/share/antonie_gazebo/launch/spawn_robot.launch.py
[1.065s] -- Symlinking: /home/user/ros2_ws/install/antonie_gazebo/share/antonie_gazebo/launch/start_simulator.launch (Copy).xml
[1.086s] -- Symlinking: /home/user/ros2_ws/install/antonie_gazebo/share/antonie_gazebo/launch/start_simulator.launch.xml
[1.095s] -- Symlinking: /home/user/ros2_ws/install/antonie_gazebo/share/antonie_gazebo/config/gz_bridge.yaml
[1.104s] -- Symlinking: /home/user/ros2_ws/install/antonie_gazebo/share/antonie_gazebo/config/rviz.rviz
[1.113s] -- Symlinking: /home/user/ros2_ws/install/antonie_gazebo/share/antonie_gazebo/worlds/empty.sdf
[1.132s] -- Symlinking: /home/user/ros2_ws/install/antonie_gazebo/share/ament_index/resource_index/package_run_dependencies/antonie_gazebo
[1.141s] -- Symlinking: /home/user/ros2_ws/install/antonie_gazebo/share/ament_index/resource_index/parent_prefix_path/antonie_gazebo
[1.149s] -- Symlinking: /home/user/ros2_ws/install/antonie_gazebo/share/antonie_gazebo/environment/ament_prefix_path.sh
[1.167s] -- Symlinking: /home/user/ros2_ws/install/antonie_gazebo/share/antonie_gazebo/environment/ament_prefix_path.dsv
[1.176s] -- Symlinking: /home/user/ros2_ws/install/antonie_gazebo/share/antonie_gazebo/environment/path.sh
[1.184s] -- Symlinking: /home/user/ros2_ws/install/antonie_gazebo/share/antonie_gazebo/environment/path.dsv
[1.192s] -- Symlinking: /home/user/ros2_ws/install/antonie_gazebo/share/antonie_gazebo/local_setup.bash
[1.201s] -- Symlinking: /home/user/ros2_ws/install/antonie_gazebo/share/antonie_gazebo/local_setup.sh
[1.211s] -- Symlinking: /home/user/ros2_ws/install/antonie_gazebo/share/antonie_gazebo/local_setup.zsh
[1.227s] -- Symlinking: /home/user/ros2_ws/install/antonie_gazebo/share/antonie_gazebo/local_setup.dsv
[1.242s] -- Symlinking: /home/user/ros2_ws/install/antonie_gazebo/share/antonie_gazebo/package.dsv
[1.250s] -- Symlinking: /home/user/ros2_ws/install/antonie_gazebo/share/ament_index/resource_index/packages/antonie_gazebo
[1.262s] -- Symlinking: /home/user/ros2_ws/install/antonie_gazebo/share/antonie_gazebo/cmake/antonie_gazeboConfig.cmake
[1.272s] -- Symlinking: /home/user/ros2_ws/install/antonie_gazebo/share/antonie_gazebo/cmake/antonie_gazeboConfig-version.cmake
[1.280s] -- Symlinking: /home/user/ros2_ws/install/antonie_gazebo/share/antonie_gazebo/package.xml
[1.291s] Invoked command in '/home/user/ros2_ws/build/antonie_gazebo' returned '0': CMAKE_PREFIX_PATH=${CMAKE_PREFIX_PATH}:/home/user/ros2_ws/install/my_manipulator:/opt/ros/jazzy DEBUGINFOD_URLS=https://debuginfod.ubuntu.com /usr/bin/cmake --install /home/user/ros2_ws/build/antonie_gazebo
