[0.014s] Invoking command in '/home/user/ros2_ws/build/antonie_moveit_config': CMAKE_PREFIX_PATH=/home/user/ros2_ws/install/antonie_description:/home/user/ros2_ws/install/wut_gazebo_models:/home/user/ros2_ws/install/antonie_gazebo:/home/user/ros2_ws/install/antonie_moveit_config:/opt/ros/jazzy/opt/gz_sim_vendor:/opt/ros/jazzy/opt/gz_sensors_vendor:/opt/ros/jazzy/opt/gz_physics_vendor:/opt/ros/jazzy/opt/sdformat_vendor:/opt/ros/jazzy/opt/gz_gui_vendor:/opt/ros/jazzy/opt/gz_transport_vendor:/opt/ros/jazzy/opt/gz_rendering_vendor:/opt/ros/jazzy/opt/gz_plugin_vendor:/opt/ros/jazzy/opt/gz_fuel_tools_vendor:/opt/ros/jazzy/opt/gz_msgs_vendor:/opt/ros/jazzy/opt/gz_common_vendor:/opt/ros/jazzy/opt/gz_math_vendor:/opt/ros/jazzy/opt/gz_utils_vendor:/opt/ros/jazzy/opt/gz_tools_vendor:/opt/ros/jazzy/opt/gz_ogre_next_vendor:/opt/ros/jazzy/opt/gz_dartsim_vendor:/opt/ros/jazzy/opt/gz_cmake_vendor:/home/user/ros2_ws/install/my_manipulator:/opt/ros/jazzy DEBUGINFOD_URLS=https://debuginfod.ubuntu.com /usr/bin/cmake /home/user/ros2_ws/antonie_moveit_config -DAMENT_CMAKE_SYMLINK_INSTALL=1 -DCMAKE_INSTALL_PREFIX=/home/user/ros2_ws/install/antonie_moveit_config
[0.031s] -- Found ament_cmake: 2.5.6 (/opt/ros/jazzy/share/ament_cmake/cmake)
[0.208s] -- Override CMake install command with custom implementation using symlinks instead of copying resources
[0.281s] -- Configuring done (0.3s)
[0.294s] -- Generating done (0.0s)
[0.298s] -- Build files have been written to: /home/user/ros2_ws/build/antonie_moveit_config
[0.300s] Invoked command in '/home/user/ros2_ws/build/antonie_moveit_config' returned '0': CMAKE_PREFIX_PATH=/home/user/ros2_ws/install/antonie_description:/home/user/ros2_ws/install/wut_gazebo_models:/home/user/ros2_ws/install/antonie_gazebo:/home/user/ros2_ws/install/antonie_moveit_config:/opt/ros/jazzy/opt/gz_sim_vendor:/opt/ros/jazzy/opt/gz_sensors_vendor:/opt/ros/jazzy/opt/gz_physics_vendor:/opt/ros/jazzy/opt/sdformat_vendor:/opt/ros/jazzy/opt/gz_gui_vendor:/opt/ros/jazzy/opt/gz_transport_vendor:/opt/ros/jazzy/opt/gz_rendering_vendor:/opt/ros/jazzy/opt/gz_plugin_vendor:/opt/ros/jazzy/opt/gz_fuel_tools_vendor:/opt/ros/jazzy/opt/gz_msgs_vendor:/opt/ros/jazzy/opt/gz_common_vendor:/opt/ros/jazzy/opt/gz_math_vendor:/opt/ros/jazzy/opt/gz_utils_vendor:/opt/ros/jazzy/opt/gz_tools_vendor:/opt/ros/jazzy/opt/gz_ogre_next_vendor:/opt/ros/jazzy/opt/gz_dartsim_vendor:/opt/ros/jazzy/opt/gz_cmake_vendor:/home/user/ros2_ws/install/my_manipulator:/opt/ros/jazzy DEBUGINFOD_URLS=https://debuginfod.ubuntu.com /usr/bin/cmake /home/user/ros2_ws/antonie_moveit_config -DAMENT_CMAKE_SYMLINK_INSTALL=1 -DCMAKE_INSTALL_PREFIX=/home/user/ros2_ws/install/antonie_moveit_config
[0.301s] Invoking command in '/home/user/ros2_ws/build/antonie_moveit_config': CMAKE_PREFIX_PATH=/home/user/ros2_ws/install/antonie_description:/home/user/ros2_ws/install/wut_gazebo_models:/home/user/ros2_ws/install/antonie_gazebo:/home/user/ros2_ws/install/antonie_moveit_config:/opt/ros/jazzy/opt/gz_sim_vendor:/opt/ros/jazzy/opt/gz_sensors_vendor:/opt/ros/jazzy/opt/gz_physics_vendor:/opt/ros/jazzy/opt/sdformat_vendor:/opt/ros/jazzy/opt/gz_gui_vendor:/opt/ros/jazzy/opt/gz_transport_vendor:/opt/ros/jazzy/opt/gz_rendering_vendor:/opt/ros/jazzy/opt/gz_plugin_vendor:/opt/ros/jazzy/opt/gz_fuel_tools_vendor:/opt/ros/jazzy/opt/gz_msgs_vendor:/opt/ros/jazzy/opt/gz_common_vendor:/opt/ros/jazzy/opt/gz_math_vendor:/opt/ros/jazzy/opt/gz_utils_vendor:/opt/ros/jazzy/opt/gz_tools_vendor:/opt/ros/jazzy/opt/gz_ogre_next_vendor:/opt/ros/jazzy/opt/gz_dartsim_vendor:/opt/ros/jazzy/opt/gz_cmake_vendor:/home/user/ros2_ws/install/my_manipulator:/opt/ros/jazzy DEBUGINFOD_URLS=https://debuginfod.ubuntu.com /usr/bin/cmake --build /home/user/ros2_ws/build/antonie_moveit_config -- -j4 -l4
[0.345s] Invoked command in '/home/user/ros2_ws/build/antonie_moveit_config' returned '0': CMAKE_PREFIX_PATH=/home/user/ros2_ws/install/antonie_description:/home/user/ros2_ws/install/wut_gazebo_models:/home/user/ros2_ws/install/antonie_gazebo:/home/user/ros2_ws/install/antonie_moveit_config:/opt/ros/jazzy/opt/gz_sim_vendor:/opt/ros/jazzy/opt/gz_sensors_vendor:/opt/ros/jazzy/opt/gz_physics_vendor:/opt/ros/jazzy/opt/sdformat_vendor:/opt/ros/jazzy/opt/gz_gui_vendor:/opt/ros/jazzy/opt/gz_transport_vendor:/opt/ros/jazzy/opt/gz_rendering_vendor:/opt/ros/jazzy/opt/gz_plugin_vendor:/opt/ros/jazzy/opt/gz_fuel_tools_vendor:/opt/ros/jazzy/opt/gz_msgs_vendor:/opt/ros/jazzy/opt/gz_common_vendor:/opt/ros/jazzy/opt/gz_math_vendor:/opt/ros/jazzy/opt/gz_utils_vendor:/opt/ros/jazzy/opt/gz_tools_vendor:/opt/ros/jazzy/opt/gz_ogre_next_vendor:/opt/ros/jazzy/opt/gz_dartsim_vendor:/opt/ros/jazzy/opt/gz_cmake_vendor:/home/user/ros2_ws/install/my_manipulator:/opt/ros/jazzy DEBUGINFOD_URLS=https://debuginfod.ubuntu.com /usr/bin/cmake --build /home/user/ros2_ws/build/antonie_moveit_config -- -j4 -l4
[0.346s] Invoking command in '/home/user/ros2_ws/build/antonie_moveit_config': CMAKE_PREFIX_PATH=/home/user/ros2_ws/install/antonie_description:/home/user/ros2_ws/install/wut_gazebo_models:/home/user/ros2_ws/install/antonie_gazebo:/home/user/ros2_ws/install/antonie_moveit_config:/opt/ros/jazzy/opt/gz_sim_vendor:/opt/ros/jazzy/opt/gz_sensors_vendor:/opt/ros/jazzy/opt/gz_physics_vendor:/opt/ros/jazzy/opt/sdformat_vendor:/opt/ros/jazzy/opt/gz_gui_vendor:/opt/ros/jazzy/opt/gz_transport_vendor:/opt/ros/jazzy/opt/gz_rendering_vendor:/opt/ros/jazzy/opt/gz_plugin_vendor:/opt/ros/jazzy/opt/gz_fuel_tools_vendor:/opt/ros/jazzy/opt/gz_msgs_vendor:/opt/ros/jazzy/opt/gz_common_vendor:/opt/ros/jazzy/opt/gz_math_vendor:/opt/ros/jazzy/opt/gz_utils_vendor:/opt/ros/jazzy/opt/gz_tools_vendor:/opt/ros/jazzy/opt/gz_ogre_next_vendor:/opt/ros/jazzy/opt/gz_dartsim_vendor:/opt/ros/jazzy/opt/gz_cmake_vendor:/home/user/ros2_ws/install/my_manipulator:/opt/ros/jazzy DEBUGINFOD_URLS=https://debuginfod.ubuntu.com /usr/bin/cmake --install /home/user/ros2_ws/build/antonie_moveit_config
[0.353s] -- Install configuration: ""
[0.353s] -- Execute custom install script
[0.353s] -- Symlinking: /home/user/ros2_ws/install/antonie_moveit_config/share/ament_index/resource_index/package_run_dependencies/antonie_moveit_config
[0.361s] -- Symlinking: /home/user/ros2_ws/install/antonie_moveit_config/share/ament_index/resource_index/parent_prefix_path/antonie_moveit_config
[0.370s] -- Symlinking: /home/user/ros2_ws/install/antonie_moveit_config/share/antonie_moveit_config/environment/ament_prefix_path.sh
[0.382s] -- Symlinking: /home/user/ros2_ws/install/antonie_moveit_config/share/antonie_moveit_config/environment/ament_prefix_path.dsv
[0.389s] -- Symlinking: /home/user/ros2_ws/install/antonie_moveit_config/share/antonie_moveit_config/environment/path.sh
[0.396s] -- Symlinking: /home/user/ros2_ws/install/antonie_moveit_config/share/antonie_moveit_config/environment/path.dsv
[0.403s] -- Symlinking: /home/user/ros2_ws/install/antonie_moveit_config/share/antonie_moveit_config/local_setup.bash
[0.410s] -- Symlinking: /home/user/ros2_ws/install/antonie_moveit_config/share/antonie_moveit_config/local_setup.sh
[0.417s] -- Symlinking: /home/user/ros2_ws/install/antonie_moveit_config/share/antonie_moveit_config/local_setup.zsh
[0.423s] -- Symlinking: /home/user/ros2_ws/install/antonie_moveit_config/share/antonie_moveit_config/local_setup.dsv
[0.430s] -- Symlinking: /home/user/ros2_ws/install/antonie_moveit_config/share/antonie_moveit_config/package.dsv
[0.437s] -- Symlinking: /home/user/ros2_ws/install/antonie_moveit_config/share/ament_index/resource_index/packages/antonie_moveit_config
[0.443s] -- Symlinking: /home/user/ros2_ws/install/antonie_moveit_config/share/antonie_moveit_config/cmake/antonie_moveit_configConfig.cmake
[0.450s] -- Symlinking: /home/user/ros2_ws/install/antonie_moveit_config/share/antonie_moveit_config/cmake/antonie_moveit_configConfig-version.cmake
[0.456s] -- Symlinking: /home/user/ros2_ws/install/antonie_moveit_config/share/antonie_moveit_config/package.xml
[0.463s] -- Symlinking: /home/user/ros2_ws/install/antonie_moveit_config/share/antonie_moveit_config/launch/demo.launch.py
[0.469s] -- Symlinking: /home/user/ros2_ws/install/antonie_moveit_config/share/antonie_moveit_config/launch/move_group.launch (Copy).py
[0.475s] -- Symlinking: /home/user/ros2_ws/install/antonie_moveit_config/share/antonie_moveit_config/launch/move_group.launch.py
[0.487s] -- Symlinking: /home/user/ros2_ws/install/antonie_moveit_config/share/antonie_moveit_config/launch/moveit_rviz.launch.py
[0.502s] -- Symlinking: /home/user/ros2_ws/install/antonie_moveit_config/share/antonie_moveit_config/launch/rsp.launch.py
[0.508s] -- Symlinking: /home/user/ros2_ws/install/antonie_moveit_config/share/antonie_moveit_config/launch/setup_assistant.launch.py
[0.514s] -- Symlinking: /home/user/ros2_ws/install/antonie_moveit_config/share/antonie_moveit_config/launch/spawn_controllers.launch.py
[0.522s] -- Symlinking: /home/user/ros2_ws/install/antonie_moveit_config/share/antonie_moveit_config/launch/static_virtual_joint_tfs.launch.py
[0.531s] -- Symlinking: /home/user/ros2_ws/install/antonie_moveit_config/share/antonie_moveit_config/launch/warehouse_db.launch.py
[0.545s] -- Symlinking: /home/user/ros2_ws/install/antonie_moveit_config/share/antonie_moveit_config/config/antonie.ros2_control.xacro
[0.551s] -- Symlinking: /home/user/ros2_ws/install/antonie_moveit_config/share/antonie_moveit_config/config/antonie.srdf
[0.558s] -- Symlinking: /home/user/ros2_ws/install/antonie_moveit_config/share/antonie_moveit_config/config/antonie.urdf.xacro
[0.564s] -- Symlinking: /home/user/ros2_ws/install/antonie_moveit_config/share/antonie_moveit_config/config/antonie_new.urdf.xacro
[0.571s] -- Symlinking: /home/user/ros2_ws/install/antonie_moveit_config/share/antonie_moveit_config/config/antonie_output.urdf.xacro
[0.577s] -- Symlinking: /home/user/ros2_ws/install/antonie_moveit_config/share/antonie_moveit_config/config/initial_positions.yaml
[0.596s] -- Symlinking: /home/user/ros2_ws/install/antonie_moveit_config/share/antonie_moveit_config/config/joint_limits.yaml
[0.604s] -- Symlinking: /home/user/ros2_ws/install/antonie_moveit_config/share/antonie_moveit_config/config/kinematics.yaml
[0.611s] -- Symlinking: /home/user/ros2_ws/install/antonie_moveit_config/share/antonie_moveit_config/config/moveit.rviz
[0.627s] -- Symlinking: /home/user/ros2_ws/install/antonie_moveit_config/share/antonie_moveit_config/config/moveit_controllers (Copy).yaml
[0.636s] -- Symlinking: /home/user/ros2_ws/install/antonie_moveit_config/share/antonie_moveit_config/config/moveit_controllers.yaml
[0.646s] -- Symlinking: /home/user/ros2_ws/install/antonie_moveit_config/share/antonie_moveit_config/config/ompl_planning.yaml
[0.653s] -- Symlinking: /home/user/ros2_ws/install/antonie_moveit_config/share/antonie_moveit_config/config/pilz_cartesian_limits.yaml
[0.662s] -- Symlinking: /home/user/ros2_ws/install/antonie_moveit_config/share/antonie_moveit_config/config/ros2_controllers.yaml
[0.670s] -- Up-to-date symlink: /home/user/ros2_ws/install/antonie_moveit_config/share/antonie_moveit_config/launch/demo.launch.py
[0.670s] -- Up-to-date symlink: /home/user/ros2_ws/install/antonie_moveit_config/share/antonie_moveit_config/launch/move_group.launch (Copy).py
[0.670s] -- Up-to-date symlink: /home/user/ros2_ws/install/antonie_moveit_config/share/antonie_moveit_config/launch/move_group.launch.py
[0.671s] -- Up-to-date symlink: /home/user/ros2_ws/install/antonie_moveit_config/share/antonie_moveit_config/launch/moveit_rviz.launch.py
[0.671s] -- Up-to-date symlink: /home/user/ros2_ws/install/antonie_moveit_config/share/antonie_moveit_config/launch/rsp.launch.py
[0.671s] -- Up-to-date symlink: /home/user/ros2_ws/install/antonie_moveit_config/share/antonie_moveit_config/launch/setup_assistant.launch.py
[0.671s] -- Up-to-date symlink: /home/user/ros2_ws/install/antonie_moveit_config/share/antonie_moveit_config/launch/spawn_controllers.launch.py
[0.671s] -- Up-to-date symlink: /home/user/ros2_ws/install/antonie_moveit_config/share/antonie_moveit_config/launch/static_virtual_joint_tfs.launch.py
[0.671s] -- Up-to-date symlink: /home/user/ros2_ws/install/antonie_moveit_config/share/antonie_moveit_config/launch/warehouse_db.launch.py
[0.671s] -- Symlinking: /home/user/ros2_ws/install/antonie_moveit_config/share/antonie_moveit_config/.setup_assistant
[0.683s] Invoked command in '/home/user/ros2_ws/build/antonie_moveit_config' returned '0': CMAKE_PREFIX_PATH=/home/user/ros2_ws/install/antonie_description:/home/user/ros2_ws/install/wut_gazebo_models:/home/user/ros2_ws/install/antonie_gazebo:/home/user/ros2_ws/install/antonie_moveit_config:/opt/ros/jazzy/opt/gz_sim_vendor:/opt/ros/jazzy/opt/gz_sensors_vendor:/opt/ros/jazzy/opt/gz_physics_vendor:/opt/ros/jazzy/opt/sdformat_vendor:/opt/ros/jazzy/opt/gz_gui_vendor:/opt/ros/jazzy/opt/gz_transport_vendor:/opt/ros/jazzy/opt/gz_rendering_vendor:/opt/ros/jazzy/opt/gz_plugin_vendor:/opt/ros/jazzy/opt/gz_fuel_tools_vendor:/opt/ros/jazzy/opt/gz_msgs_vendor:/opt/ros/jazzy/opt/gz_common_vendor:/opt/ros/jazzy/opt/gz_math_vendor:/opt/ros/jazzy/opt/gz_utils_vendor:/opt/ros/jazzy/opt/gz_tools_vendor:/opt/ros/jazzy/opt/gz_ogre_next_vendor:/opt/ros/jazzy/opt/gz_dartsim_vendor:/opt/ros/jazzy/opt/gz_cmake_vendor:/home/user/ros2_ws/install/my_manipulator:/opt/ros/jazzy DEBUGINFOD_URLS=https://debuginfod.ubuntu.com /usr/bin/cmake --install /home/user/ros2_ws/build/antonie_moveit_config
