[0.016s] Invoking command in '/home/user/ros2_ws/build/antonie_moveit_config': CMAKE_PREFIX_PATH=/home/user/ros2_ws/install/antonie_description:/home/user/ros2_ws/install/wut_gazebo_models:/home/user/ros2_ws/install/antonie_gazebo:/home/user/ros2_ws/install/antonie_moveit_config:/opt/ros/jazzy/opt/gz_sim_vendor:/opt/ros/jazzy/opt/gz_sensors_vendor:/opt/ros/jazzy/opt/gz_physics_vendor:/opt/ros/jazzy/opt/sdformat_vendor:/opt/ros/jazzy/opt/gz_gui_vendor:/opt/ros/jazzy/opt/gz_transport_vendor:/opt/ros/jazzy/opt/gz_rendering_vendor:/opt/ros/jazzy/opt/gz_plugin_vendor:/opt/ros/jazzy/opt/gz_fuel_tools_vendor:/opt/ros/jazzy/opt/gz_msgs_vendor:/opt/ros/jazzy/opt/gz_common_vendor:/opt/ros/jazzy/opt/gz_math_vendor:/opt/ros/jazzy/opt/gz_utils_vendor:/opt/ros/jazzy/opt/gz_tools_vendor:/opt/ros/jazzy/opt/gz_ogre_next_vendor:/opt/ros/jazzy/opt/gz_dartsim_vendor:/opt/ros/jazzy/opt/gz_cmake_vendor:/home/user/ros2_ws/install/my_manipulator:/opt/ros/jazzy DEBUGINFOD_URLS=https://debuginfod.ubuntu.com /usr/bin/cmake /home/user/ros2_ws/antonie_moveit_config -DAMENT_CMAKE_SYMLINK_INSTALL=1 -DCMAKE_INSTALL_PREFIX=/home/user/ros2_ws/install/antonie_moveit_config
[0.071s] -- The C compiler identification is GNU 13.3.0
[0.120s] -- The CXX compiler identification is GNU 13.3.0
[0.148s] -- Detecting C compiler ABI info
[0.249s] -- Detecting C compiler ABI info - done
[0.255s] -- Check for working C compiler: /usr/bin/cc - skipped
[0.255s] -- Detecting C compile features
[0.255s] -- Detecting C compile features - done
[0.268s] -- Detecting CXX compiler ABI info
[0.393s] -- Detecting CXX compiler ABI info - done
[0.400s] -- Check for working CXX compiler: /usr/bin/c++ - skipped
[0.400s] -- Detecting CXX compile features
[0.400s] -- Detecting CXX compile features - done
[0.404s] -- Found ament_cmake: 2.5.6 (/opt/ros/jazzy/share/ament_cmake/cmake)
[0.550s] -- Found Python3: /usr/bin/python3 (found version "3.12.3") found components: Interpreter 
[0.642s] -- Override CMake install command with custom implementation using symlinks instead of copying resources
[0.736s] -- Configuring done (0.7s)
[0.742s] -- Generating done (0.0s)
[0.742s] -- Build files have been written to: /home/user/ros2_ws/build/antonie_moveit_config
[0.759s] Invoked command in '/home/user/ros2_ws/build/antonie_moveit_config' returned '0': CMAKE_PREFIX_PATH=/home/user/ros2_ws/install/antonie_description:/home/user/ros2_ws/install/wut_gazebo_models:/home/user/ros2_ws/install/antonie_gazebo:/home/user/ros2_ws/install/antonie_moveit_config:/opt/ros/jazzy/opt/gz_sim_vendor:/opt/ros/jazzy/opt/gz_sensors_vendor:/opt/ros/jazzy/opt/gz_physics_vendor:/opt/ros/jazzy/opt/sdformat_vendor:/opt/ros/jazzy/opt/gz_gui_vendor:/opt/ros/jazzy/opt/gz_transport_vendor:/opt/ros/jazzy/opt/gz_rendering_vendor:/opt/ros/jazzy/opt/gz_plugin_vendor:/opt/ros/jazzy/opt/gz_fuel_tools_vendor:/opt/ros/jazzy/opt/gz_msgs_vendor:/opt/ros/jazzy/opt/gz_common_vendor:/opt/ros/jazzy/opt/gz_math_vendor:/opt/ros/jazzy/opt/gz_utils_vendor:/opt/ros/jazzy/opt/gz_tools_vendor:/opt/ros/jazzy/opt/gz_ogre_next_vendor:/opt/ros/jazzy/opt/gz_dartsim_vendor:/opt/ros/jazzy/opt/gz_cmake_vendor:/home/user/ros2_ws/install/my_manipulator:/opt/ros/jazzy DEBUGINFOD_URLS=https://debuginfod.ubuntu.com /usr/bin/cmake /home/user/ros2_ws/antonie_moveit_config -DAMENT_CMAKE_SYMLINK_INSTALL=1 -DCMAKE_INSTALL_PREFIX=/home/user/ros2_ws/install/antonie_moveit_config
[0.760s] Invoking command in '/home/user/ros2_ws/build/antonie_moveit_config': CMAKE_PREFIX_PATH=/home/user/ros2_ws/install/antonie_description:/home/user/ros2_ws/install/wut_gazebo_models:/home/user/ros2_ws/install/antonie_gazebo:/home/user/ros2_ws/install/antonie_moveit_config:/opt/ros/jazzy/opt/gz_sim_vendor:/opt/ros/jazzy/opt/gz_sensors_vendor:/opt/ros/jazzy/opt/gz_physics_vendor:/opt/ros/jazzy/opt/sdformat_vendor:/opt/ros/jazzy/opt/gz_gui_vendor:/opt/ros/jazzy/opt/gz_transport_vendor:/opt/ros/jazzy/opt/gz_rendering_vendor:/opt/ros/jazzy/opt/gz_plugin_vendor:/opt/ros/jazzy/opt/gz_fuel_tools_vendor:/opt/ros/jazzy/opt/gz_msgs_vendor:/opt/ros/jazzy/opt/gz_common_vendor:/opt/ros/jazzy/opt/gz_math_vendor:/opt/ros/jazzy/opt/gz_utils_vendor:/opt/ros/jazzy/opt/gz_tools_vendor:/opt/ros/jazzy/opt/gz_ogre_next_vendor:/opt/ros/jazzy/opt/gz_dartsim_vendor:/opt/ros/jazzy/opt/gz_cmake_vendor:/home/user/ros2_ws/install/my_manipulator:/opt/ros/jazzy DEBUGINFOD_URLS=https://debuginfod.ubuntu.com /usr/bin/cmake --build /home/user/ros2_ws/build/antonie_moveit_config -- -j4 -l4
[0.808s] Invoked command in '/home/user/ros2_ws/build/antonie_moveit_config' returned '0': CMAKE_PREFIX_PATH=/home/user/ros2_ws/install/antonie_description:/home/user/ros2_ws/install/wut_gazebo_models:/home/user/ros2_ws/install/antonie_gazebo:/home/user/ros2_ws/install/antonie_moveit_config:/opt/ros/jazzy/opt/gz_sim_vendor:/opt/ros/jazzy/opt/gz_sensors_vendor:/opt/ros/jazzy/opt/gz_physics_vendor:/opt/ros/jazzy/opt/sdformat_vendor:/opt/ros/jazzy/opt/gz_gui_vendor:/opt/ros/jazzy/opt/gz_transport_vendor:/opt/ros/jazzy/opt/gz_rendering_vendor:/opt/ros/jazzy/opt/gz_plugin_vendor:/opt/ros/jazzy/opt/gz_fuel_tools_vendor:/opt/ros/jazzy/opt/gz_msgs_vendor:/opt/ros/jazzy/opt/gz_common_vendor:/opt/ros/jazzy/opt/gz_math_vendor:/opt/ros/jazzy/opt/gz_utils_vendor:/opt/ros/jazzy/opt/gz_tools_vendor:/opt/ros/jazzy/opt/gz_ogre_next_vendor:/opt/ros/jazzy/opt/gz_dartsim_vendor:/opt/ros/jazzy/opt/gz_cmake_vendor:/home/user/ros2_ws/install/my_manipulator:/opt/ros/jazzy DEBUGINFOD_URLS=https://debuginfod.ubuntu.com /usr/bin/cmake --build /home/user/ros2_ws/build/antonie_moveit_config -- -j4 -l4
[0.809s] Invoking command in '/home/user/ros2_ws/build/antonie_moveit_config': CMAKE_PREFIX_PATH=/home/user/ros2_ws/install/antonie_description:/home/user/ros2_ws/install/wut_gazebo_models:/home/user/ros2_ws/install/antonie_gazebo:/home/user/ros2_ws/install/antonie_moveit_config:/opt/ros/jazzy/opt/gz_sim_vendor:/opt/ros/jazzy/opt/gz_sensors_vendor:/opt/ros/jazzy/opt/gz_physics_vendor:/opt/ros/jazzy/opt/sdformat_vendor:/opt/ros/jazzy/opt/gz_gui_vendor:/opt/ros/jazzy/opt/gz_transport_vendor:/opt/ros/jazzy/opt/gz_rendering_vendor:/opt/ros/jazzy/opt/gz_plugin_vendor:/opt/ros/jazzy/opt/gz_fuel_tools_vendor:/opt/ros/jazzy/opt/gz_msgs_vendor:/opt/ros/jazzy/opt/gz_common_vendor:/opt/ros/jazzy/opt/gz_math_vendor:/opt/ros/jazzy/opt/gz_utils_vendor:/opt/ros/jazzy/opt/gz_tools_vendor:/opt/ros/jazzy/opt/gz_ogre_next_vendor:/opt/ros/jazzy/opt/gz_dartsim_vendor:/opt/ros/jazzy/opt/gz_cmake_vendor:/home/user/ros2_ws/install/my_manipulator:/opt/ros/jazzy DEBUGINFOD_URLS=https://debuginfod.ubuntu.com /usr/bin/cmake --install /home/user/ros2_ws/build/antonie_moveit_config
[0.818s] -- Install configuration: ""
[0.818s] -- Execute custom install script
[0.818s] -- Symlinking: /home/user/ros2_ws/install/antonie_moveit_config/share/ament_index/resource_index/package_run_dependencies/antonie_moveit_config
[0.826s] -- Symlinking: /home/user/ros2_ws/install/antonie_moveit_config/share/ament_index/resource_index/parent_prefix_path/antonie_moveit_config
[0.834s] -- Symlinking: /home/user/ros2_ws/install/antonie_moveit_config/share/antonie_moveit_config/environment/ament_prefix_path.sh
[0.843s] -- Symlinking: /home/user/ros2_ws/install/antonie_moveit_config/share/antonie_moveit_config/environment/ament_prefix_path.dsv
[0.861s] -- Symlinking: /home/user/ros2_ws/install/antonie_moveit_config/share/antonie_moveit_config/environment/path.sh
[0.870s] -- Symlinking: /home/user/ros2_ws/install/antonie_moveit_config/share/antonie_moveit_config/environment/path.dsv
[0.883s] -- Symlinking: /home/user/ros2_ws/install/antonie_moveit_config/share/antonie_moveit_config/local_setup.bash
[0.891s] -- Symlinking: /home/user/ros2_ws/install/antonie_moveit_config/share/antonie_moveit_config/local_setup.sh
[0.899s] -- Symlinking: /home/user/ros2_ws/install/antonie_moveit_config/share/antonie_moveit_config/local_setup.zsh
[0.923s] -- Symlinking: /home/user/ros2_ws/install/antonie_moveit_config/share/antonie_moveit_config/local_setup.dsv
[0.931s] -- Symlinking: /home/user/ros2_ws/install/antonie_moveit_config/share/antonie_moveit_config/package.dsv
[0.940s] -- Symlinking: /home/user/ros2_ws/install/antonie_moveit_config/share/ament_index/resource_index/packages/antonie_moveit_config
[0.961s] -- Symlinking: /home/user/ros2_ws/install/antonie_moveit_config/share/antonie_moveit_config/cmake/antonie_moveit_configConfig.cmake
[0.978s] -- Symlinking: /home/user/ros2_ws/install/antonie_moveit_config/share/antonie_moveit_config/cmake/antonie_moveit_configConfig-version.cmake
[0.988s] -- Symlinking: /home/user/ros2_ws/install/antonie_moveit_config/share/antonie_moveit_config/package.xml
[0.998s] -- Symlinking: /home/user/ros2_ws/install/antonie_moveit_config/share/antonie_moveit_config/launch/demo.launch.py
[1.006s] -- Symlinking: /home/user/ros2_ws/install/antonie_moveit_config/share/antonie_moveit_config/launch/move_group.launch (Copy).py
[1.016s] -- Symlinking: /home/user/ros2_ws/install/antonie_moveit_config/share/antonie_moveit_config/launch/move_group.launch.py
[1.028s] -- Symlinking: /home/user/ros2_ws/install/antonie_moveit_config/share/antonie_moveit_config/launch/moveit_rviz.launch.py
[1.034s] -- Symlinking: /home/user/ros2_ws/install/antonie_moveit_config/share/antonie_moveit_config/launch/rsp.launch.py
[1.042s] -- Symlinking: /home/user/ros2_ws/install/antonie_moveit_config/share/antonie_moveit_config/launch/setup_assistant.launch.py
[1.057s] -- Symlinking: /home/user/ros2_ws/install/antonie_moveit_config/share/antonie_moveit_config/launch/spawn_controllers.launch.py
[1.067s] -- Symlinking: /home/user/ros2_ws/install/antonie_moveit_config/share/antonie_moveit_config/launch/static_virtual_joint_tfs.launch.py
[1.078s] -- Symlinking: /home/user/ros2_ws/install/antonie_moveit_config/share/antonie_moveit_config/launch/warehouse_db.launch.py
[1.087s] -- Symlinking: /home/user/ros2_ws/install/antonie_moveit_config/share/antonie_moveit_config/config/antonie.ros2_control.xacro
[1.095s] -- Symlinking: /home/user/ros2_ws/install/antonie_moveit_config/share/antonie_moveit_config/config/antonie.srdf
[1.112s] -- Symlinking: /home/user/ros2_ws/install/antonie_moveit_config/share/antonie_moveit_config/config/antonie.urdf.xacro
[1.121s] -- Symlinking: /home/user/ros2_ws/install/antonie_moveit_config/share/antonie_moveit_config/config/antonie_new.urdf.xacro
[1.130s] -- Symlinking: /home/user/ros2_ws/install/antonie_moveit_config/share/antonie_moveit_config/config/antonie_output.urdf.xacro
[1.138s] -- Symlinking: /home/user/ros2_ws/install/antonie_moveit_config/share/antonie_moveit_config/config/initial_positions.yaml
[1.146s] -- Symlinking: /home/user/ros2_ws/install/antonie_moveit_config/share/antonie_moveit_config/config/joint_limits.yaml
[1.163s] -- Symlinking: /home/user/ros2_ws/install/antonie_moveit_config/share/antonie_moveit_config/config/kinematics.yaml
[1.172s] -- Symlinking: /home/user/ros2_ws/install/antonie_moveit_config/share/antonie_moveit_config/config/moveit.rviz
[1.179s] -- Symlinking: /home/user/ros2_ws/install/antonie_moveit_config/share/antonie_moveit_config/config/moveit_controllers (Copy).yaml
[1.196s] -- Symlinking: /home/user/ros2_ws/install/antonie_moveit_config/share/antonie_moveit_config/config/moveit_controllers.yaml
[1.205s] -- Symlinking: /home/user/ros2_ws/install/antonie_moveit_config/share/antonie_moveit_config/config/ompl_planning.yaml
[1.214s] -- Symlinking: /home/user/ros2_ws/install/antonie_moveit_config/share/antonie_moveit_config/config/pilz_cartesian_limits.yaml
[1.223s] -- Symlinking: /home/user/ros2_ws/install/antonie_moveit_config/share/antonie_moveit_config/config/ros2_controllers.yaml
[1.232s] -- Up-to-date symlink: /home/user/ros2_ws/install/antonie_moveit_config/share/antonie_moveit_config/launch/demo.launch.py
[1.232s] -- Up-to-date symlink: /home/user/ros2_ws/install/antonie_moveit_config/share/antonie_moveit_config/launch/move_group.launch (Copy).py
[1.232s] -- Up-to-date symlink: /home/user/ros2_ws/install/antonie_moveit_config/share/antonie_moveit_config/launch/move_group.launch.py
[1.232s] -- Up-to-date symlink: /home/user/ros2_ws/install/antonie_moveit_config/share/antonie_moveit_config/launch/moveit_rviz.launch.py
[1.232s] -- Up-to-date symlink: /home/user/ros2_ws/install/antonie_moveit_config/share/antonie_moveit_config/launch/rsp.launch.py
[1.232s] -- Up-to-date symlink: /home/user/ros2_ws/install/antonie_moveit_config/share/antonie_moveit_config/launch/setup_assistant.launch.py
[1.233s] -- Up-to-date symlink: /home/user/ros2_ws/install/antonie_moveit_config/share/antonie_moveit_config/launch/spawn_controllers.launch.py
[1.233s] -- Up-to-date symlink: /home/user/ros2_ws/install/antonie_moveit_config/share/antonie_moveit_config/launch/static_virtual_joint_tfs.launch.py
[1.233s] -- Up-to-date symlink: /home/user/ros2_ws/install/antonie_moveit_config/share/antonie_moveit_config/launch/warehouse_db.launch.py
[1.233s] -- Symlinking: /home/user/ros2_ws/install/antonie_moveit_config/share/antonie_moveit_config/.setup_assistant
[1.246s] Invoked command in '/home/user/ros2_ws/build/antonie_moveit_config' returned '0': CMAKE_PREFIX_PATH=/home/user/ros2_ws/install/antonie_description:/home/user/ros2_ws/install/wut_gazebo_models:/home/user/ros2_ws/install/antonie_gazebo:/home/user/ros2_ws/install/antonie_moveit_config:/opt/ros/jazzy/opt/gz_sim_vendor:/opt/ros/jazzy/opt/gz_sensors_vendor:/opt/ros/jazzy/opt/gz_physics_vendor:/opt/ros/jazzy/opt/sdformat_vendor:/opt/ros/jazzy/opt/gz_gui_vendor:/opt/ros/jazzy/opt/gz_transport_vendor:/opt/ros/jazzy/opt/gz_rendering_vendor:/opt/ros/jazzy/opt/gz_plugin_vendor:/opt/ros/jazzy/opt/gz_fuel_tools_vendor:/opt/ros/jazzy/opt/gz_msgs_vendor:/opt/ros/jazzy/opt/gz_common_vendor:/opt/ros/jazzy/opt/gz_math_vendor:/opt/ros/jazzy/opt/gz_utils_vendor:/opt/ros/jazzy/opt/gz_tools_vendor:/opt/ros/jazzy/opt/gz_ogre_next_vendor:/opt/ros/jazzy/opt/gz_dartsim_vendor:/opt/ros/jazzy/opt/gz_cmake_vendor:/home/user/ros2_ws/install/my_manipulator:/opt/ros/jazzy DEBUGINFOD_URLS=https://debuginfod.ubuntu.com /usr/bin/cmake --install /home/user/ros2_ws/build/antonie_moveit_config
