[0.021s] Invoking command in '/home/user/ros2_ws/build/antonie_moveit_config': DEBUGINFOD_URLS=https://debuginfod.ubuntu.com /usr/bin/cmake /home/user/ros2_ws/antonie_moveit_config -DCMAKE_INSTALL_PREFIX=/home/user/ros2_ws/install/antonie_moveit_config
[0.032s] -- Found ament_cmake: 2.5.6 (/opt/ros/jazzy/share/ament_cmake/cmake)
[0.269s] Error parsing '/home/user/ros2_ws/antonie_moveit_config/package.xml':
[1.695s] Traceback (most recent call last):
[1.695s]   File "/opt/ros/jazzy/share/ament_cmake_core/cmake/core/package_xml_2_cmake.py", line 150, in <module>
[1.695s]     main()
[1.695s]   File "/opt/ros/jazzy/share/ament_cmake_core/cmake/core/package_xml_2_cmake.py", line 53, in main
[1.695s]     raise e
[1.695s]   File "/opt/ros/jazzy/share/ament_cmake_core/cmake/core/package_xml_2_cmake.py", line 49, in main
[1.695s]     package = parse_package_string(
[1.695s]               ^^^^^^^^^^^^^^^^^^^^^
[1.695s]   File "/usr/lib/python3/dist-packages/catkin_pkg/package.py", line 788, in parse_package_string
[1.695s]     pkg.validate(warnings=warnings)
[1.695s]   File "/usr/lib/python3/dist-packages/catkin_pkg/package.py", line 330, in validate
[1.695s]     raise InvalidPackage('\n'.join(errors), self.filename)
[1.695s] catkin_pkg.package.InvalidPackage: Error(s) in package '/home/user/ros2_ws/antonie_moveit_config/package.xml':
[1.695s] Invalid email "" for person "anton@gmail.com"
[1.695s] Maintainers must have an email address
[1.695s] Invalid email "" for person "anton@gmail.com"
[1.721s] [31mCMake Error at /opt/ros/jazzy/share/ament_cmake_core/cmake/core/ament_package_xml.cmake:95 (message):
[1.721s]   execute_process(/usr/bin/python3
[1.721s]   /opt/ros/jazzy/share/ament_cmake_core/cmake/core/package_xml_2_cmake.py
[1.721s]   /home/user/ros2_ws/antonie_moveit_config/package.xml
[1.721s]   /home/user/ros2_ws/build/antonie_moveit_config/ament_cmake_core/package.cmake)
[1.722s]   returned error code 1
[1.722s] Call Stack (most recent call first):
[1.722s]   /opt/ros/jazzy/share/ament_cmake_core/cmake/core/ament_package_xml.cmake:49 (_ament_package_xml)
[1.722s]   /opt/ros/jazzy/share/ament_cmake_core/cmake/core/ament_package.cmake:63 (ament_package_xml)
[1.722s]   CMakeLists.txt:6 (ament_package)
[1.722s] 
[1.722s] [0m
[1.722s] -- Configuring incomplete, errors occurred!
[1.727s] Invoked command in '/home/user/ros2_ws/build/antonie_moveit_config' returned '1': DEBUGINFOD_URLS=https://debuginfod.ubuntu.com /usr/bin/cmake /home/user/ros2_ws/antonie_moveit_config -DCMAKE_INSTALL_PREFIX=/home/user/ros2_ws/install/antonie_moveit_config
