[0.624s] Invoking command in '/home/user/ros2_ws/my_manipulator': DEBUGINFOD_URLS=https://debuginfod.ubuntu.com PYTHONPATH=/home/user/ros2_ws/build/my_manipulator/prefix_override:/usr/lib/python3/dist-packages/colcon_core/task/python/colcon_distutils_commands:/home/user/ros2_ws/install/my_manipulator/lib/python3.12/site-packages:${PYTHONPATH} /usr/bin/python3 -W ignore:setup.py install is deprecated -W ignore:easy_install command is deprecated setup.py egg_info --egg-base ../build/my_manipulator build --build-base /home/user/ros2_ws/build/my_manipulator/build install --record /home/user/ros2_ws/build/my_manipulator/install.log --single-version-externally-managed install_data
[0.817s] running egg_info
[0.834s] writing ../build/my_manipulator/my_manipulator.egg-info/PKG-INFO
[0.835s] writing dependency_links to ../build/my_manipulator/my_manipulator.egg-info/dependency_links.txt
[0.835s] writing entry points to ../build/my_manipulator/my_manipulator.egg-info/entry_points.txt
[0.835s] writing requirements to ../build/my_manipulator/my_manipulator.egg-info/requires.txt
[0.836s] writing top-level names to ../build/my_manipulator/my_manipulator.egg-info/top_level.txt
[0.863s] reading manifest file '../build/my_manipulator/my_manipulator.egg-info/SOURCES.txt'
[0.864s] adding license file 'LICENSE'
[0.865s] writing manifest file '../build/my_manipulator/my_manipulator.egg-info/SOURCES.txt'
[0.865s] running build
[0.867s] running build_py
[0.867s] running install
[0.870s] running install_lib
[0.887s] running install_data
[0.887s] running install_egg_info
[0.901s] removing '/home/user/ros2_ws/install/my_manipulator/lib/python3.12/site-packages/my_manipulator-0.0.0-py3.12.egg-info' (and everything under it)
[0.904s] Copying ../build/my_manipulator/my_manipulator.egg-info to /home/user/ros2_ws/install/my_manipulator/lib/python3.12/site-packages/my_manipulator-0.0.0-py3.12.egg-info
[0.904s] running install_scripts
[0.998s] Installing gripper_control script to /home/user/ros2_ws/install/my_manipulator/lib/my_manipulator
[0.998s] Installing trajectory_publisher script to /home/user/ros2_ws/install/my_manipulator/lib/my_manipulator
[0.999s] writing list of installed files to '/home/user/ros2_ws/build/my_manipulator/install.log'
[1.020s] Invoked command in '/home/user/ros2_ws/my_manipulator' returned '0': DEBUGINFOD_URLS=https://debuginfod.ubuntu.com PYTHONPATH=/home/user/ros2_ws/build/my_manipulator/prefix_override:/usr/lib/python3/dist-packages/colcon_core/task/python/colcon_distutils_commands:/home/user/ros2_ws/install/my_manipulator/lib/python3.12/site-packages:${PYTHONPATH} /usr/bin/python3 -W ignore:setup.py install is deprecated -W ignore:easy_install command is deprecated setup.py egg_info --egg-base ../build/my_manipulator build --build-base /home/user/ros2_ws/build/my_manipulator/build install --record /home/user/ros2_ws/build/my_manipulator/install.log --single-version-externally-managed install_data
