[0.073s] DEBUG:colcon:Command line arguments: ['/usr/bin/colcon', 'build', '--symlink-install']
[0.073s] DEBUG:colcon:Parsed command line arguments: Namespace(log_base=None, log_level=None, verb_name='build', build_base='build', install_base='install', merge_install=False, symlink_install=True, test_result_base=None, continue_on_error=False, executor='parallel', parallel_workers=4, event_handlers=None, ignore_user_meta=False, metas=['./colcon.meta'], base_paths=['.'], packages_ignore=None, packages_ignore_regex=None, paths=None, packages_up_to=None, packages_up_to_regex=None, packages_above=None, packages_above_and_dependencies=None, packages_above_depth=None, packages_select_by_dep=None, packages_skip_by_dep=None, packages_skip_up_to=None, packages_select_build_failed=False, packages_skip_build_finished=False, packages_select_test_failures=False, packages_skip_test_passed=False, packages_select=None, packages_skip=None, packages_select_regex=None, packages_skip_regex=None, packages_start=None, packages_end=None, allow_overriding=[], cmake_args=None, cmake_target=None, cmake_target_skip_unavailable=False, cmake_clean_cache=False, cmake_clean_first=False, cmake_force_configure=False, ament_cmake_args=None, catkin_cmake_args=None, catkin_skip_building_tests=False, mixin_files=None, mixin=None, verb_parser=<colcon_mixin.mixin.mixin_argument.MixinArgumentDecorator object at 0x7dd560b6d220>, verb_extension=<colcon_core.verb.build.BuildVerb object at 0x7dd560b411f0>, main=<bound method BuildVerb.main of <colcon_core.verb.build.BuildVerb object at 0x7dd560b411f0>>, mixin_verb=('build',))
[0.101s] Level 1:colcon.colcon_core.package_discovery:discover_packages(colcon_meta) check parameters
[0.101s] Level 1:colcon.colcon_core.package_discovery:discover_packages(recursive) check parameters
[0.101s] Level 1:colcon.colcon_core.package_discovery:discover_packages(ignore) check parameters
[0.101s] Level 1:colcon.colcon_core.package_discovery:discover_packages(path) check parameters
[0.101s] Level 1:colcon.colcon_core.package_discovery:discover_packages(colcon_meta) discover
[0.101s] Level 1:colcon.colcon_core.package_discovery:discover_packages(recursive) discover
[0.101s] INFO:colcon.colcon_core.package_discovery:Crawling recursively for packages in '/home/user/ros2_ws'
[0.101s] Level 1:colcon.colcon_core.package_identification:_identify(.) by extensions ['ignore', 'ignore_ament_install']
[0.101s] Level 1:colcon.colcon_core.package_identification:_identify(.) by extension 'ignore'
[0.101s] Level 1:colcon.colcon_core.package_identification:_identify(.) by extension 'ignore_ament_install'
[0.101s] Level 1:colcon.colcon_core.package_identification:_identify(.) by extensions ['colcon_pkg']
[0.101s] Level 1:colcon.colcon_core.package_identification:_identify(.) by extension 'colcon_pkg'
[0.101s] Level 1:colcon.colcon_core.package_identification:_identify(.) by extensions ['colcon_meta']
[0.101s] Level 1:colcon.colcon_core.package_identification:_identify(.) by extension 'colcon_meta'
[0.101s] Level 1:colcon.colcon_core.package_identification:_identify(.) by extensions ['ros']
[0.101s] Level 1:colcon.colcon_core.package_identification:_identify(.) by extension 'ros'
[0.119s] Level 1:colcon.colcon_core.package_identification:_identify(.) by extensions ['cmake', 'python']
[0.119s] Level 1:colcon.colcon_core.package_identification:_identify(.) by extension 'cmake'
[0.119s] Level 1:colcon.colcon_core.package_identification:_identify(.) by extension 'python'
[0.119s] Level 1:colcon.colcon_core.package_identification:_identify(.) by extensions ['python_setup_py']
[0.119s] Level 1:colcon.colcon_core.package_identification:_identify(.) by extension 'python_setup_py'
[0.119s] Level 1:colcon.colcon_core.package_identification:_identify(antonie_description) by extensions ['ignore', 'ignore_ament_install']
[0.119s] Level 1:colcon.colcon_core.package_identification:_identify(antonie_description) by extension 'ignore'
[0.119s] Level 1:colcon.colcon_core.package_identification:_identify(antonie_description) by extension 'ignore_ament_install'
[0.119s] Level 1:colcon.colcon_core.package_identification:_identify(antonie_description) by extensions ['colcon_pkg']
[0.119s] Level 1:colcon.colcon_core.package_identification:_identify(antonie_description) by extension 'colcon_pkg'
[0.119s] Level 1:colcon.colcon_core.package_identification:_identify(antonie_description) by extensions ['colcon_meta']
[0.119s] Level 1:colcon.colcon_core.package_identification:_identify(antonie_description) by extension 'colcon_meta'
[0.119s] Level 1:colcon.colcon_core.package_identification:_identify(antonie_description) by extensions ['ros']
[0.119s] Level 1:colcon.colcon_core.package_identification:_identify(antonie_description) by extension 'ros'
[0.121s] DEBUG:colcon.colcon_core.package_identification:Package 'antonie_description' with type 'ros.ament_cmake' and name 'antonie_description'
[0.121s] Level 1:colcon.colcon_core.package_identification:_identify(antonie_moveit_config) by extensions ['ignore', 'ignore_ament_install']
[0.121s] Level 1:colcon.colcon_core.package_identification:_identify(antonie_moveit_config) by extension 'ignore'
[0.121s] Level 1:colcon.colcon_core.package_identification:_identify(antonie_moveit_config) by extension 'ignore_ament_install'
[0.121s] Level 1:colcon.colcon_core.package_identification:_identify(antonie_moveit_config) by extensions ['colcon_pkg']
[0.121s] Level 1:colcon.colcon_core.package_identification:_identify(antonie_moveit_config) by extension 'colcon_pkg'
[0.121s] Level 1:colcon.colcon_core.package_identification:_identify(antonie_moveit_config) by extensions ['colcon_meta']
[0.121s] Level 1:colcon.colcon_core.package_identification:_identify(antonie_moveit_config) by extension 'colcon_meta'
[0.121s] Level 1:colcon.colcon_core.package_identification:_identify(antonie_moveit_config) by extensions ['ros']
[0.121s] Level 1:colcon.colcon_core.package_identification:_identify(antonie_moveit_config) by extension 'ros'
[0.121s] DEBUG:colcon.colcon_core.package_identification:Package 'antonie_moveit_config' with type 'ros.ament_cmake' and name 'antonie_moveit_config'
[0.121s] Level 1:colcon.colcon_core.package_identification:_identify(build) by extensions ['ignore', 'ignore_ament_install']
[0.121s] Level 1:colcon.colcon_core.package_identification:_identify(build) by extension 'ignore'
[0.122s] Level 1:colcon.colcon_core.package_identification:_identify(build) ignored
[0.122s] Level 1:colcon.colcon_core.package_identification:_identify(install) by extensions ['ignore', 'ignore_ament_install']
[0.122s] Level 1:colcon.colcon_core.package_identification:_identify(install) by extension 'ignore'
[0.122s] Level 1:colcon.colcon_core.package_identification:_identify(install) ignored
[0.122s] Level 1:colcon.colcon_core.package_identification:_identify(log) by extensions ['ignore', 'ignore_ament_install']
[0.122s] Level 1:colcon.colcon_core.package_identification:_identify(log) by extension 'ignore'
[0.122s] Level 1:colcon.colcon_core.package_identification:_identify(log) ignored
[0.122s] Level 1:colcon.colcon_core.package_identification:_identify(my_manipulator) by extensions ['ignore', 'ignore_ament_install']
[0.122s] Level 1:colcon.colcon_core.package_identification:_identify(my_manipulator) by extension 'ignore'
[0.122s] Level 1:colcon.colcon_core.package_identification:_identify(my_manipulator) by extension 'ignore_ament_install'
[0.122s] Level 1:colcon.colcon_core.package_identification:_identify(my_manipulator) by extensions ['colcon_pkg']
[0.122s] Level 1:colcon.colcon_core.package_identification:_identify(my_manipulator) by extension 'colcon_pkg'
[0.122s] Level 1:colcon.colcon_core.package_identification:_identify(my_manipulator) by extensions ['colcon_meta']
[0.122s] Level 1:colcon.colcon_core.package_identification:_identify(my_manipulator) by extension 'colcon_meta'
[0.122s] Level 1:colcon.colcon_core.package_identification:_identify(my_manipulator) by extensions ['ros']
[0.122s] Level 1:colcon.colcon_core.package_identification:_identify(my_manipulator) by extension 'ros'
[0.122s] DEBUG:colcon.colcon_core.package_identification:Package 'my_manipulator' with type 'ros.ament_python' and name 'my_manipulator'
[0.122s] Level 1:colcon.colcon_core.package_identification:_identify(src) by extensions ['ignore', 'ignore_ament_install']
[0.122s] Level 1:colcon.colcon_core.package_identification:_identify(src) by extension 'ignore'
[0.122s] Level 1:colcon.colcon_core.package_identification:_identify(src) by extension 'ignore_ament_install'
[0.122s] Level 1:colcon.colcon_core.package_identification:_identify(src) by extensions ['colcon_pkg']
[0.122s] Level 1:colcon.colcon_core.package_identification:_identify(src) by extension 'colcon_pkg'
[0.122s] Level 1:colcon.colcon_core.package_identification:_identify(src) by extensions ['colcon_meta']
[0.122s] Level 1:colcon.colcon_core.package_identification:_identify(src) by extension 'colcon_meta'
[0.123s] Level 1:colcon.colcon_core.package_identification:_identify(src) by extensions ['ros']
[0.123s] Level 1:colcon.colcon_core.package_identification:_identify(src) by extension 'ros'
[0.123s] Level 1:colcon.colcon_core.package_identification:_identify(src) by extensions ['cmake', 'python']
[0.123s] Level 1:colcon.colcon_core.package_identification:_identify(src) by extension 'cmake'
[0.123s] Level 1:colcon.colcon_core.package_identification:_identify(src) by extension 'python'
[0.123s] Level 1:colcon.colcon_core.package_identification:_identify(src) by extensions ['python_setup_py']
[0.123s] Level 1:colcon.colcon_core.package_identification:_identify(src) by extension 'python_setup_py'
[0.123s] Level 1:colcon.colcon_core.package_identification:_identify(src/antonie_gazebo) by extensions ['ignore', 'ignore_ament_install']
[0.123s] Level 1:colcon.colcon_core.package_identification:_identify(src/antonie_gazebo) by extension 'ignore'
[0.123s] Level 1:colcon.colcon_core.package_identification:_identify(src/antonie_gazebo) by extension 'ignore_ament_install'
[0.123s] Level 1:colcon.colcon_core.package_identification:_identify(src/antonie_gazebo) by extensions ['colcon_pkg']
[0.123s] Level 1:colcon.colcon_core.package_identification:_identify(src/antonie_gazebo) by extension 'colcon_pkg'
[0.123s] Level 1:colcon.colcon_core.package_identification:_identify(src/antonie_gazebo) by extensions ['colcon_meta']
[0.123s] Level 1:colcon.colcon_core.package_identification:_identify(src/antonie_gazebo) by extension 'colcon_meta'
[0.123s] Level 1:colcon.colcon_core.package_identification:_identify(src/antonie_gazebo) by extensions ['ros']
[0.123s] Level 1:colcon.colcon_core.package_identification:_identify(src/antonie_gazebo) by extension 'ros'
[0.123s] DEBUG:colcon.colcon_core.package_identification:Package 'src/antonie_gazebo' with type 'ros.ament_cmake' and name 'antonie_gazebo'
[0.123s] Level 1:colcon.colcon_core.package_identification:_identify(src/build) by extensions ['ignore', 'ignore_ament_install']
[0.123s] Level 1:colcon.colcon_core.package_identification:_identify(src/build) by extension 'ignore'
[0.123s] Level 1:colcon.colcon_core.package_identification:_identify(src/build) ignored
[0.123s] Level 1:colcon.colcon_core.package_identification:_identify(src/install) by extensions ['ignore', 'ignore_ament_install']
[0.123s] Level 1:colcon.colcon_core.package_identification:_identify(src/install) by extension 'ignore'
[0.123s] Level 1:colcon.colcon_core.package_identification:_identify(src/install) ignored
[0.123s] Level 1:colcon.colcon_core.package_identification:_identify(src/log) by extensions ['ignore', 'ignore_ament_install']
[0.123s] Level 1:colcon.colcon_core.package_identification:_identify(src/log) by extension 'ignore'
[0.123s] Level 1:colcon.colcon_core.package_identification:_identify(src/log) ignored
[0.123s] Level 1:colcon.colcon_core.package_identification:_identify(src/wut_gazebo_models) by extensions ['ignore', 'ignore_ament_install']
[0.124s] Level 1:colcon.colcon_core.package_identification:_identify(src/wut_gazebo_models) by extension 'ignore'
[0.124s] Level 1:colcon.colcon_core.package_identification:_identify(src/wut_gazebo_models) by extension 'ignore_ament_install'
[0.124s] Level 1:colcon.colcon_core.package_identification:_identify(src/wut_gazebo_models) by extensions ['colcon_pkg']
[0.124s] Level 1:colcon.colcon_core.package_identification:_identify(src/wut_gazebo_models) by extension 'colcon_pkg'
[0.124s] Level 1:colcon.colcon_core.package_identification:_identify(src/wut_gazebo_models) by extensions ['colcon_meta']
[0.124s] Level 1:colcon.colcon_core.package_identification:_identify(src/wut_gazebo_models) by extension 'colcon_meta'
[0.124s] Level 1:colcon.colcon_core.package_identification:_identify(src/wut_gazebo_models) by extensions ['ros']
[0.124s] Level 1:colcon.colcon_core.package_identification:_identify(src/wut_gazebo_models) by extension 'ros'
[0.124s] DEBUG:colcon.colcon_core.package_identification:Package 'src/wut_gazebo_models' with type 'ros.ament_cmake' and name 'wut_gazebo_models'
[0.124s] Level 1:colcon.colcon_core.package_discovery:discover_packages(recursive) using defaults
[0.124s] Level 1:colcon.colcon_core.package_discovery:discover_packages(ignore) discover
[0.124s] Level 1:colcon.colcon_core.package_discovery:discover_packages(ignore) using defaults
[0.124s] Level 1:colcon.colcon_core.package_discovery:discover_packages(path) discover
[0.124s] Level 1:colcon.colcon_core.package_discovery:discover_packages(path) using defaults
[0.136s] Level 1:colcon.colcon_core.package_discovery:discover_packages(prefix_path) check parameters
[0.136s] Level 1:colcon.colcon_core.package_discovery:discover_packages(prefix_path) discover
[0.136s] WARNING:colcon.colcon_ros.prefix_path.ament:The path '/home/user/ros2_ws/install/wut_gazebo_models' in the environment variable AMENT_PREFIX_PATH doesn't exist
[0.137s] WARNING:colcon.colcon_ros.prefix_path.ament:The path '/home/user/ros2_ws/install/antonie_gazebo' in the environment variable AMENT_PREFIX_PATH doesn't exist
[0.137s] WARNING:colcon.colcon_ros.prefix_path.ament:The path '/home/user/ros2_ws/install/antonie_description' in the environment variable AMENT_PREFIX_PATH doesn't exist
[0.137s] WARNING:colcon.colcon_ros.prefix_path.catkin:The path '/home/user/ros2_ws/install/wut_gazebo_models' in the environment variable CMAKE_PREFIX_PATH doesn't exist
[0.137s] WARNING:colcon.colcon_ros.prefix_path.catkin:The path '/home/user/ros2_ws/install/antonie_gazebo' in the environment variable CMAKE_PREFIX_PATH doesn't exist
[0.137s] WARNING:colcon.colcon_ros.prefix_path.catkin:The path '/home/user/ros2_ws/install/antonie_description' in the environment variable CMAKE_PREFIX_PATH doesn't exist
[0.137s] DEBUG:colcon.colcon_installed_package_information.package_discovery:Found 1 installed packages in /home/user/ros2_ws/install
[0.138s] DEBUG:colcon.colcon_installed_package_information.package_discovery:Found 511 installed packages in /opt/ros/jazzy
[0.140s] Level 1:colcon.colcon_core.package_discovery:discover_packages(prefix_path) using defaults
[0.191s] Level 5:colcon.colcon_core.verb:set package 'antonie_description' build argument 'cmake_args' from command line to 'None'
[0.191s] Level 5:colcon.colcon_core.verb:set package 'antonie_description' build argument 'cmake_target' from command line to 'None'
[0.191s] Level 5:colcon.colcon_core.verb:set package 'antonie_description' build argument 'cmake_target_skip_unavailable' from command line to 'False'
[0.192s] Level 5:colcon.colcon_core.verb:set package 'antonie_description' build argument 'cmake_clean_cache' from command line to 'False'
[0.192s] Level 5:colcon.colcon_core.verb:set package 'antonie_description' build argument 'cmake_clean_first' from command line to 'False'
[0.192s] Level 5:colcon.colcon_core.verb:set package 'antonie_description' build argument 'cmake_force_configure' from command line to 'False'
[0.192s] Level 5:colcon.colcon_core.verb:set package 'antonie_description' build argument 'ament_cmake_args' from command line to 'None'
[0.192s] Level 5:colcon.colcon_core.verb:set package 'antonie_description' build argument 'catkin_cmake_args' from command line to 'None'
[0.192s] Level 5:colcon.colcon_core.verb:set package 'antonie_description' build argument 'catkin_skip_building_tests' from command line to 'False'
[0.192s] DEBUG:colcon.colcon_core.verb:Building package 'antonie_description' with the following arguments: {'ament_cmake_args': None, 'build_base': '/home/user/ros2_ws/build/antonie_description', 'catkin_cmake_args': None, 'catkin_skip_building_tests': False, 'cmake_args': None, 'cmake_clean_cache': False, 'cmake_clean_first': False, 'cmake_force_configure': False, 'cmake_target': None, 'cmake_target_skip_unavailable': False, 'install_base': '/home/user/ros2_ws/install/antonie_description', 'merge_install': False, 'path': '/home/user/ros2_ws/antonie_description', 'symlink_install': True, 'test_result_base': None}
[0.192s] Level 5:colcon.colcon_core.verb:set package 'wut_gazebo_models' build argument 'cmake_args' from command line to 'None'
[0.192s] Level 5:colcon.colcon_core.verb:set package 'wut_gazebo_models' build argument 'cmake_target' from command line to 'None'
[0.192s] Level 5:colcon.colcon_core.verb:set package 'wut_gazebo_models' build argument 'cmake_target_skip_unavailable' from command line to 'False'
[0.192s] Level 5:colcon.colcon_core.verb:set package 'wut_gazebo_models' build argument 'cmake_clean_cache' from command line to 'False'
[0.192s] Level 5:colcon.colcon_core.verb:set package 'wut_gazebo_models' build argument 'cmake_clean_first' from command line to 'False'
[0.192s] Level 5:colcon.colcon_core.verb:set package 'wut_gazebo_models' build argument 'cmake_force_configure' from command line to 'False'
[0.192s] Level 5:colcon.colcon_core.verb:set package 'wut_gazebo_models' build argument 'ament_cmake_args' from command line to 'None'
[0.192s] Level 5:colcon.colcon_core.verb:set package 'wut_gazebo_models' build argument 'catkin_cmake_args' from command line to 'None'
[0.192s] Level 5:colcon.colcon_core.verb:set package 'wut_gazebo_models' build argument 'catkin_skip_building_tests' from command line to 'False'
[0.192s] DEBUG:colcon.colcon_core.verb:Building package 'wut_gazebo_models' with the following arguments: {'ament_cmake_args': None, 'build_base': '/home/user/ros2_ws/build/wut_gazebo_models', 'catkin_cmake_args': None, 'catkin_skip_building_tests': False, 'cmake_args': None, 'cmake_clean_cache': False, 'cmake_clean_first': False, 'cmake_force_configure': False, 'cmake_target': None, 'cmake_target_skip_unavailable': False, 'install_base': '/home/user/ros2_ws/install/wut_gazebo_models', 'merge_install': False, 'path': '/home/user/ros2_ws/src/wut_gazebo_models', 'symlink_install': True, 'test_result_base': None}
[0.192s] Level 5:colcon.colcon_core.verb:set package 'antonie_gazebo' build argument 'cmake_args' from command line to 'None'
[0.192s] Level 5:colcon.colcon_core.verb:set package 'antonie_gazebo' build argument 'cmake_target' from command line to 'None'
[0.192s] Level 5:colcon.colcon_core.verb:set package 'antonie_gazebo' build argument 'cmake_target_skip_unavailable' from command line to 'False'
[0.192s] Level 5:colcon.colcon_core.verb:set package 'antonie_gazebo' build argument 'cmake_clean_cache' from command line to 'False'
[0.192s] Level 5:colcon.colcon_core.verb:set package 'antonie_gazebo' build argument 'cmake_clean_first' from command line to 'False'
[0.192s] Level 5:colcon.colcon_core.verb:set package 'antonie_gazebo' build argument 'cmake_force_configure' from command line to 'False'
[0.192s] Level 5:colcon.colcon_core.verb:set package 'antonie_gazebo' build argument 'ament_cmake_args' from command line to 'None'
[0.192s] Level 5:colcon.colcon_core.verb:set package 'antonie_gazebo' build argument 'catkin_cmake_args' from command line to 'None'
[0.192s] Level 5:colcon.colcon_core.verb:set package 'antonie_gazebo' build argument 'catkin_skip_building_tests' from command line to 'False'
[0.192s] DEBUG:colcon.colcon_core.verb:Building package 'antonie_gazebo' with the following arguments: {'ament_cmake_args': None, 'build_base': '/home/user/ros2_ws/build/antonie_gazebo', 'catkin_cmake_args': None, 'catkin_skip_building_tests': False, 'cmake_args': None, 'cmake_clean_cache': False, 'cmake_clean_first': False, 'cmake_force_configure': False, 'cmake_target': None, 'cmake_target_skip_unavailable': False, 'install_base': '/home/user/ros2_ws/install/antonie_gazebo', 'merge_install': False, 'path': '/home/user/ros2_ws/src/antonie_gazebo', 'symlink_install': True, 'test_result_base': None}
[0.192s] Level 5:colcon.colcon_core.verb:set package 'antonie_moveit_config' build argument 'cmake_args' from command line to 'None'
[0.192s] Level 5:colcon.colcon_core.verb:set package 'antonie_moveit_config' build argument 'cmake_target' from command line to 'None'
[0.192s] Level 5:colcon.colcon_core.verb:set package 'antonie_moveit_config' build argument 'cmake_target_skip_unavailable' from command line to 'False'
[0.192s] Level 5:colcon.colcon_core.verb:set package 'antonie_moveit_config' build argument 'cmake_clean_cache' from command line to 'False'
[0.192s] Level 5:colcon.colcon_core.verb:set package 'antonie_moveit_config' build argument 'cmake_clean_first' from command line to 'False'
[0.192s] Level 5:colcon.colcon_core.verb:set package 'antonie_moveit_config' build argument 'cmake_force_configure' from command line to 'False'
[0.192s] Level 5:colcon.colcon_core.verb:set package 'antonie_moveit_config' build argument 'ament_cmake_args' from command line to 'None'
[0.192s] Level 5:colcon.colcon_core.verb:set package 'antonie_moveit_config' build argument 'catkin_cmake_args' from command line to 'None'
[0.192s] Level 5:colcon.colcon_core.verb:set package 'antonie_moveit_config' build argument 'catkin_skip_building_tests' from command line to 'False'
[0.192s] DEBUG:colcon.colcon_core.verb:Building package 'antonie_moveit_config' with the following arguments: {'ament_cmake_args': None, 'build_base': '/home/user/ros2_ws/build/antonie_moveit_config', 'catkin_cmake_args': None, 'catkin_skip_building_tests': False, 'cmake_args': None, 'cmake_clean_cache': False, 'cmake_clean_first': False, 'cmake_force_configure': False, 'cmake_target': None, 'cmake_target_skip_unavailable': False, 'install_base': '/home/user/ros2_ws/install/antonie_moveit_config', 'merge_install': False, 'path': '/home/user/ros2_ws/antonie_moveit_config', 'symlink_install': True, 'test_result_base': None}
[0.193s] Level 5:colcon.colcon_core.verb:set package 'my_manipulator' build argument 'cmake_args' from command line to 'None'
[0.193s] Level 5:colcon.colcon_core.verb:set package 'my_manipulator' build argument 'cmake_target' from command line to 'None'
[0.193s] Level 5:colcon.colcon_core.verb:set package 'my_manipulator' build argument 'cmake_target_skip_unavailable' from command line to 'False'
[0.193s] Level 5:colcon.colcon_core.verb:set package 'my_manipulator' build argument 'cmake_clean_cache' from command line to 'False'
[0.193s] Level 5:colcon.colcon_core.verb:set package 'my_manipulator' build argument 'cmake_clean_first' from command line to 'False'
[0.193s] Level 5:colcon.colcon_core.verb:set package 'my_manipulator' build argument 'cmake_force_configure' from command line to 'False'
[0.193s] Level 5:colcon.colcon_core.verb:set package 'my_manipulator' build argument 'ament_cmake_args' from command line to 'None'
[0.193s] Level 5:colcon.colcon_core.verb:set package 'my_manipulator' build argument 'catkin_cmake_args' from command line to 'None'
[0.193s] Level 5:colcon.colcon_core.verb:set package 'my_manipulator' build argument 'catkin_skip_building_tests' from command line to 'False'
[0.193s] DEBUG:colcon.colcon_core.verb:Building package 'my_manipulator' with the following arguments: {'ament_cmake_args': None, 'build_base': '/home/user/ros2_ws/build/my_manipulator', 'catkin_cmake_args': None, 'catkin_skip_building_tests': False, 'cmake_args': None, 'cmake_clean_cache': False, 'cmake_clean_first': False, 'cmake_force_configure': False, 'cmake_target': None, 'cmake_target_skip_unavailable': False, 'install_base': '/home/user/ros2_ws/install/my_manipulator', 'merge_install': False, 'path': '/home/user/ros2_ws/my_manipulator', 'symlink_install': True, 'test_result_base': None}
[0.193s] INFO:colcon.colcon_core.executor:Executing jobs using 'parallel' executor
[0.194s] DEBUG:colcon.colcon_parallel_executor.executor.parallel:run_until_complete
[0.194s] INFO:colcon.colcon_ros.task.ament_cmake.build:Building ROS package in '/home/user/ros2_ws/antonie_description' with build type 'ament_cmake'
[0.194s] INFO:colcon.colcon_cmake.task.cmake.build:Building CMake package in '/home/user/ros2_ws/antonie_description'
[0.196s] INFO:colcon.colcon_core.plugin_system:Skipping extension 'colcon_core.shell.bat': Not used on non-Windows systems
[0.196s] INFO:colcon.colcon_core.shell:Skip shell extension 'powershell' for command environment: Not usable outside of PowerShell
[0.196s] DEBUG:colcon.colcon_core.shell:Skip shell extension 'dsv' for command environment
[0.201s] INFO:colcon.colcon_ros.task.ament_cmake.build:Building ROS package in '/home/user/ros2_ws/src/wut_gazebo_models' with build type 'ament_cmake'
[0.201s] INFO:colcon.colcon_cmake.task.cmake.build:Building CMake package in '/home/user/ros2_ws/src/wut_gazebo_models'
[0.202s] INFO:colcon.colcon_core.shell:Skip shell extension 'powershell' for command environment: Not usable outside of PowerShell
[0.202s] DEBUG:colcon.colcon_core.shell:Skip shell extension 'dsv' for command environment
[0.210s] DEBUG:colcon.colcon_core.event_handler.log_command:Invoking command in '/home/user/ros2_ws/build/antonie_description': CMAKE_PREFIX_PATH=${CMAKE_PREFIX_PATH}:/home/user/ros2_ws/install/my_manipulator:/opt/ros/jazzy DEBUGINFOD_URLS=https://debuginfod.ubuntu.com /usr/bin/cmake /home/user/ros2_ws/antonie_description -DAMENT_CMAKE_SYMLINK_INSTALL=1 -DCMAKE_INSTALL_PREFIX=/home/user/ros2_ws/install/antonie_description
[0.221s] DEBUG:colcon.colcon_core.event_handler.log_command:Invoking command in '/home/user/ros2_ws/build/wut_gazebo_models': CMAKE_PREFIX_PATH=${CMAKE_PREFIX_PATH}:/home/user/ros2_ws/install/my_manipulator:/opt/ros/jazzy DEBUGINFOD_URLS=https://debuginfod.ubuntu.com /usr/bin/cmake /home/user/ros2_ws/src/wut_gazebo_models -DAMENT_CMAKE_SYMLINK_INSTALL=1 -DCMAKE_INSTALL_PREFIX=/home/user/ros2_ws/install/wut_gazebo_models
[0.930s] DEBUG:colcon.colcon_core.event_handler.log_command:Invoked command in '/home/user/ros2_ws/build/antonie_description' returned '0': CMAKE_PREFIX_PATH=${CMAKE_PREFIX_PATH}:/home/user/ros2_ws/install/my_manipulator:/opt/ros/jazzy DEBUGINFOD_URLS=https://debuginfod.ubuntu.com /usr/bin/cmake /home/user/ros2_ws/antonie_description -DAMENT_CMAKE_SYMLINK_INSTALL=1 -DCMAKE_INSTALL_PREFIX=/home/user/ros2_ws/install/antonie_description
[0.930s] DEBUG:colcon.colcon_core.event_handler.log_command:Invoking command in '/home/user/ros2_ws/build/antonie_description': CMAKE_PREFIX_PATH=${CMAKE_PREFIX_PATH}:/home/user/ros2_ws/install/my_manipulator:/opt/ros/jazzy DEBUGINFOD_URLS=https://debuginfod.ubuntu.com /usr/bin/cmake --build /home/user/ros2_ws/build/antonie_description -- -j4 -l4
[0.937s] DEBUG:colcon.colcon_core.event_handler.log_command:Invoked command in '/home/user/ros2_ws/build/wut_gazebo_models' returned '0': CMAKE_PREFIX_PATH=${CMAKE_PREFIX_PATH}:/home/user/ros2_ws/install/my_manipulator:/opt/ros/jazzy DEBUGINFOD_URLS=https://debuginfod.ubuntu.com /usr/bin/cmake /home/user/ros2_ws/src/wut_gazebo_models -DAMENT_CMAKE_SYMLINK_INSTALL=1 -DCMAKE_INSTALL_PREFIX=/home/user/ros2_ws/install/wut_gazebo_models
[0.938s] DEBUG:colcon.colcon_core.event_handler.log_command:Invoking command in '/home/user/ros2_ws/build/wut_gazebo_models': CMAKE_PREFIX_PATH=${CMAKE_PREFIX_PATH}:/home/user/ros2_ws/install/my_manipulator:/opt/ros/jazzy DEBUGINFOD_URLS=https://debuginfod.ubuntu.com /usr/bin/cmake --build /home/user/ros2_ws/build/wut_gazebo_models -- -j4 -l4
[0.967s] DEBUG:colcon.colcon_core.event_handler.log_command:Invoked command in '/home/user/ros2_ws/build/antonie_description' returned '0': CMAKE_PREFIX_PATH=${CMAKE_PREFIX_PATH}:/home/user/ros2_ws/install/my_manipulator:/opt/ros/jazzy DEBUGINFOD_URLS=https://debuginfod.ubuntu.com /usr/bin/cmake --build /home/user/ros2_ws/build/antonie_description -- -j4 -l4
[0.976s] DEBUG:colcon.colcon_core.event_handler.log_command:Invoking command in '/home/user/ros2_ws/build/antonie_description': CMAKE_PREFIX_PATH=${CMAKE_PREFIX_PATH}:/home/user/ros2_ws/install/my_manipulator:/opt/ros/jazzy DEBUGINFOD_URLS=https://debuginfod.ubuntu.com /usr/bin/cmake --install /home/user/ros2_ws/build/antonie_description
[0.978s] DEBUG:colcon.colcon_core.event_handler.log_command:Invoked command in '/home/user/ros2_ws/build/wut_gazebo_models' returned '0': CMAKE_PREFIX_PATH=${CMAKE_PREFIX_PATH}:/home/user/ros2_ws/install/my_manipulator:/opt/ros/jazzy DEBUGINFOD_URLS=https://debuginfod.ubuntu.com /usr/bin/cmake --build /home/user/ros2_ws/build/wut_gazebo_models -- -j4 -l4
[0.978s] DEBUG:colcon.colcon_core.event_handler.log_command:Invoking command in '/home/user/ros2_ws/build/wut_gazebo_models': CMAKE_PREFIX_PATH=${CMAKE_PREFIX_PATH}:/home/user/ros2_ws/install/my_manipulator:/opt/ros/jazzy DEBUGINFOD_URLS=https://debuginfod.ubuntu.com /usr/bin/cmake --install /home/user/ros2_ws/build/wut_gazebo_models
[1.170s] Level 1:colcon.colcon_core.environment:create_environment_scripts_only(antonie_description)
[1.171s] DEBUG:colcon.colcon_core.event_handler.log_command:Invoked command in '/home/user/ros2_ws/build/antonie_description' returned '0': CMAKE_PREFIX_PATH=${CMAKE_PREFIX_PATH}:/home/user/ros2_ws/install/my_manipulator:/opt/ros/jazzy DEBUGINFOD_URLS=https://debuginfod.ubuntu.com /usr/bin/cmake --install /home/user/ros2_ws/build/antonie_description
[1.173s] Level 1:colcon.colcon_core.environment:checking '/home/user/ros2_ws/install/antonie_description' for CMake module files
[1.173s] Level 1:colcon.colcon_core.environment:checking '/home/user/ros2_ws/install/antonie_description' for CMake config files
[1.173s] Level 1:colcon.colcon_core.shell:create_environment_hook('antonie_description', 'cmake_prefix_path')
[1.173s] INFO:colcon.colcon_core.shell:Creating environment hook '/home/user/ros2_ws/install/antonie_description/share/antonie_description/hook/cmake_prefix_path.ps1'
[1.174s] INFO:colcon.colcon_core.shell:Creating environment descriptor '/home/user/ros2_ws/install/antonie_description/share/antonie_description/hook/cmake_prefix_path.dsv'
[1.174s] INFO:colcon.colcon_core.shell:Creating environment hook '/home/user/ros2_ws/install/antonie_description/share/antonie_description/hook/cmake_prefix_path.sh'
[1.174s] Level 1:colcon.colcon_core.environment:checking '/home/user/ros2_ws/install/antonie_description/bin'
[1.175s] Level 1:colcon.colcon_core.environment:checking '/home/user/ros2_ws/install/antonie_description/lib/pkgconfig/antonie_description.pc'
[1.175s] Level 1:colcon.colcon_core.environment:checking '/home/user/ros2_ws/install/antonie_description/lib/python3.12/site-packages'
[1.175s] Level 1:colcon.colcon_core.environment:checking '/home/user/ros2_ws/install/antonie_description/bin'
[1.175s] INFO:colcon.colcon_core.shell:Creating package script '/home/user/ros2_ws/install/antonie_description/share/antonie_description/package.ps1'
[1.176s] INFO:colcon.colcon_core.shell:Creating package descriptor '/home/user/ros2_ws/install/antonie_description/share/antonie_description/package.dsv'
[1.176s] INFO:colcon.colcon_core.shell:Creating package script '/home/user/ros2_ws/install/antonie_description/share/antonie_description/package.sh'
[1.177s] INFO:colcon.colcon_core.shell:Creating package script '/home/user/ros2_ws/install/antonie_description/share/antonie_description/package.bash'
[1.178s] INFO:colcon.colcon_core.shell:Creating package script '/home/user/ros2_ws/install/antonie_description/share/antonie_description/package.zsh'
[1.178s] Level 1:colcon.colcon_core.environment:create_file_with_runtime_dependencies(/home/user/ros2_ws/install/antonie_description/share/colcon-core/packages/antonie_description)
[1.179s] Level 1:colcon.colcon_core.environment:create_environment_scripts_only(antonie_description)
[1.179s] Level 1:colcon.colcon_core.environment:checking '/home/user/ros2_ws/install/antonie_description' for CMake module files
[1.179s] Level 1:colcon.colcon_core.environment:checking '/home/user/ros2_ws/install/antonie_description' for CMake config files
[1.179s] Level 1:colcon.colcon_core.shell:create_environment_hook('antonie_description', 'cmake_prefix_path')
[1.179s] INFO:colcon.colcon_core.shell:Creating environment hook '/home/user/ros2_ws/install/antonie_description/share/antonie_description/hook/cmake_prefix_path.ps1'
[1.179s] INFO:colcon.colcon_core.shell:Creating environment descriptor '/home/user/ros2_ws/install/antonie_description/share/antonie_description/hook/cmake_prefix_path.dsv'
[1.180s] INFO:colcon.colcon_core.shell:Creating environment hook '/home/user/ros2_ws/install/antonie_description/share/antonie_description/hook/cmake_prefix_path.sh'
[1.180s] Level 1:colcon.colcon_core.environment:checking '/home/user/ros2_ws/install/antonie_description/bin'
[1.180s] Level 1:colcon.colcon_core.environment:checking '/home/user/ros2_ws/install/antonie_description/lib/pkgconfig/antonie_description.pc'
[1.180s] Level 1:colcon.colcon_core.environment:checking '/home/user/ros2_ws/install/antonie_description/lib/python3.12/site-packages'
[1.181s] Level 1:colcon.colcon_core.environment:checking '/home/user/ros2_ws/install/antonie_description/bin'
[1.181s] INFO:colcon.colcon_core.shell:Creating package script '/home/user/ros2_ws/install/antonie_description/share/antonie_description/package.ps1'
[1.181s] INFO:colcon.colcon_core.shell:Creating package descriptor '/home/user/ros2_ws/install/antonie_description/share/antonie_description/package.dsv'
[1.182s] INFO:colcon.colcon_core.shell:Creating package script '/home/user/ros2_ws/install/antonie_description/share/antonie_description/package.sh'
[1.182s] INFO:colcon.colcon_core.shell:Creating package script '/home/user/ros2_ws/install/antonie_description/share/antonie_description/package.bash'
[1.182s] INFO:colcon.colcon_core.shell:Creating package script '/home/user/ros2_ws/install/antonie_description/share/antonie_description/package.zsh'
[1.183s] Level 1:colcon.colcon_core.environment:create_file_with_runtime_dependencies(/home/user/ros2_ws/install/antonie_description/share/colcon-core/packages/antonie_description)
[1.184s] INFO:colcon.colcon_ros.task.ament_cmake.build:Building ROS package in '/home/user/ros2_ws/antonie_moveit_config' with build type 'ament_cmake'
[1.184s] INFO:colcon.colcon_cmake.task.cmake.build:Building CMake package in '/home/user/ros2_ws/antonie_moveit_config'
[1.184s] INFO:colcon.colcon_core.shell:Skip shell extension 'powershell' for command environment: Not usable outside of PowerShell
[1.184s] DEBUG:colcon.colcon_core.shell:Skip shell extension 'dsv' for command environment
[1.188s] INFO:colcon.colcon_ros.task.ament_python.build:Building ROS package in '/home/user/ros2_ws/my_manipulator' with build type 'ament_python'
[1.188s] Level 1:colcon.colcon_core.shell:create_environment_hook('my_manipulator', 'ament_prefix_path')
[1.188s] INFO:colcon.colcon_core.shell:Creating environment hook '/home/user/ros2_ws/install/my_manipulator/share/my_manipulator/hook/ament_prefix_path.ps1'
[1.189s] INFO:colcon.colcon_core.shell:Creating environment descriptor '/home/user/ros2_ws/install/my_manipulator/share/my_manipulator/hook/ament_prefix_path.dsv'
[1.189s] INFO:colcon.colcon_core.shell:Creating environment hook '/home/user/ros2_ws/install/my_manipulator/share/my_manipulator/hook/ament_prefix_path.sh'
[1.190s] INFO:colcon.colcon_core.shell:Skip shell extension 'powershell' for command environment: Not usable outside of PowerShell
[1.190s] DEBUG:colcon.colcon_core.shell:Skip shell extension 'dsv' for command environment
[1.198s] Level 1:colcon.colcon_core.environment:create_environment_scripts_only(wut_gazebo_models)
[1.199s] Level 1:colcon.colcon_core.environment:checking '/home/user/ros2_ws/install/wut_gazebo_models' for CMake module files
[1.202s] DEBUG:colcon.colcon_core.event_handler.log_command:Invoking command in '/home/user/ros2_ws/build/antonie_moveit_config': CMAKE_PREFIX_PATH=/home/user/ros2_ws/install/antonie_description:/home/user/ros2_ws/install/wut_gazebo_models:/home/user/ros2_ws/install/antonie_gazebo:/home/user/ros2_ws/install/antonie_moveit_config:/opt/ros/jazzy/opt/gz_sim_vendor:/opt/ros/jazzy/opt/gz_sensors_vendor:/opt/ros/jazzy/opt/gz_physics_vendor:/opt/ros/jazzy/opt/sdformat_vendor:/opt/ros/jazzy/opt/gz_gui_vendor:/opt/ros/jazzy/opt/gz_transport_vendor:/opt/ros/jazzy/opt/gz_rendering_vendor:/opt/ros/jazzy/opt/gz_plugin_vendor:/opt/ros/jazzy/opt/gz_fuel_tools_vendor:/opt/ros/jazzy/opt/gz_msgs_vendor:/opt/ros/jazzy/opt/gz_common_vendor:/opt/ros/jazzy/opt/gz_math_vendor:/opt/ros/jazzy/opt/gz_utils_vendor:/opt/ros/jazzy/opt/gz_tools_vendor:/opt/ros/jazzy/opt/gz_ogre_next_vendor:/opt/ros/jazzy/opt/gz_dartsim_vendor:/opt/ros/jazzy/opt/gz_cmake_vendor:/home/user/ros2_ws/install/my_manipulator:/opt/ros/jazzy DEBUGINFOD_URLS=https://debuginfod.ubuntu.com /usr/bin/cmake /home/user/ros2_ws/antonie_moveit_config -DAMENT_CMAKE_SYMLINK_INSTALL=1 -DCMAKE_INSTALL_PREFIX=/home/user/ros2_ws/install/antonie_moveit_config
[1.202s] DEBUG:colcon.colcon_core.event_handler.log_command:Invoked command in '/home/user/ros2_ws/build/wut_gazebo_models' returned '0': CMAKE_PREFIX_PATH=${CMAKE_PREFIX_PATH}:/home/user/ros2_ws/install/my_manipulator:/opt/ros/jazzy DEBUGINFOD_URLS=https://debuginfod.ubuntu.com /usr/bin/cmake --install /home/user/ros2_ws/build/wut_gazebo_models
[1.203s] Level 1:colcon.colcon_core.environment:checking '/home/user/ros2_ws/install/wut_gazebo_models' for CMake config files
[1.203s] Level 1:colcon.colcon_core.shell:create_environment_hook('wut_gazebo_models', 'cmake_prefix_path')
[1.203s] INFO:colcon.colcon_core.shell:Creating environment hook '/home/user/ros2_ws/install/wut_gazebo_models/share/wut_gazebo_models/hook/cmake_prefix_path.ps1'
[1.203s] INFO:colcon.colcon_core.shell:Creating environment descriptor '/home/user/ros2_ws/install/wut_gazebo_models/share/wut_gazebo_models/hook/cmake_prefix_path.dsv'
[1.203s] INFO:colcon.colcon_core.shell:Creating environment hook '/home/user/ros2_ws/install/wut_gazebo_models/share/wut_gazebo_models/hook/cmake_prefix_path.sh'
[1.204s] Level 1:colcon.colcon_core.environment:checking '/home/user/ros2_ws/install/wut_gazebo_models/bin'
[1.204s] Level 1:colcon.colcon_core.environment:checking '/home/user/ros2_ws/install/wut_gazebo_models/lib/pkgconfig/wut_gazebo_models.pc'
[1.204s] Level 1:colcon.colcon_core.environment:checking '/home/user/ros2_ws/install/wut_gazebo_models/lib/python3.12/site-packages'
[1.205s] Level 1:colcon.colcon_core.environment:checking '/home/user/ros2_ws/install/wut_gazebo_models/bin'
[1.205s] INFO:colcon.colcon_core.shell:Creating package script '/home/user/ros2_ws/install/wut_gazebo_models/share/wut_gazebo_models/package.ps1'
[1.205s] INFO:colcon.colcon_core.shell:Creating package descriptor '/home/user/ros2_ws/install/wut_gazebo_models/share/wut_gazebo_models/package.dsv'
[1.206s] INFO:colcon.colcon_core.shell:Creating package script '/home/user/ros2_ws/install/wut_gazebo_models/share/wut_gazebo_models/package.sh'
[1.207s] INFO:colcon.colcon_core.shell:Creating package script '/home/user/ros2_ws/install/wut_gazebo_models/share/wut_gazebo_models/package.bash'
[1.207s] INFO:colcon.colcon_core.shell:Creating package script '/home/user/ros2_ws/install/wut_gazebo_models/share/wut_gazebo_models/package.zsh'
[1.207s] Level 1:colcon.colcon_core.environment:create_file_with_runtime_dependencies(/home/user/ros2_ws/install/wut_gazebo_models/share/colcon-core/packages/wut_gazebo_models)
[1.207s] Level 1:colcon.colcon_core.environment:create_environment_scripts_only(wut_gazebo_models)
[1.207s] Level 1:colcon.colcon_core.environment:checking '/home/user/ros2_ws/install/wut_gazebo_models' for CMake module files
[1.207s] Level 1:colcon.colcon_core.environment:checking '/home/user/ros2_ws/install/wut_gazebo_models' for CMake config files
[1.208s] Level 1:colcon.colcon_core.shell:create_environment_hook('wut_gazebo_models', 'cmake_prefix_path')
[1.208s] INFO:colcon.colcon_core.shell:Creating environment hook '/home/user/ros2_ws/install/wut_gazebo_models/share/wut_gazebo_models/hook/cmake_prefix_path.ps1'
[1.208s] INFO:colcon.colcon_core.shell:Creating environment descriptor '/home/user/ros2_ws/install/wut_gazebo_models/share/wut_gazebo_models/hook/cmake_prefix_path.dsv'
[1.209s] INFO:colcon.colcon_core.shell:Creating environment hook '/home/user/ros2_ws/install/wut_gazebo_models/share/wut_gazebo_models/hook/cmake_prefix_path.sh'
[1.210s] Level 1:colcon.colcon_core.environment:checking '/home/user/ros2_ws/install/wut_gazebo_models/bin'
[1.210s] Level 1:colcon.colcon_core.environment:checking '/home/user/ros2_ws/install/wut_gazebo_models/lib/pkgconfig/wut_gazebo_models.pc'
[1.210s] Level 1:colcon.colcon_core.environment:checking '/home/user/ros2_ws/install/wut_gazebo_models/lib/python3.12/site-packages'
[1.210s] Level 1:colcon.colcon_core.environment:checking '/home/user/ros2_ws/install/wut_gazebo_models/bin'
[1.211s] INFO:colcon.colcon_core.shell:Creating package script '/home/user/ros2_ws/install/wut_gazebo_models/share/wut_gazebo_models/package.ps1'
[1.211s] INFO:colcon.colcon_core.shell:Creating package descriptor '/home/user/ros2_ws/install/wut_gazebo_models/share/wut_gazebo_models/package.dsv'
[1.212s] INFO:colcon.colcon_core.shell:Creating package script '/home/user/ros2_ws/install/wut_gazebo_models/share/wut_gazebo_models/package.sh'
[1.212s] INFO:colcon.colcon_core.shell:Creating package script '/home/user/ros2_ws/install/wut_gazebo_models/share/wut_gazebo_models/package.bash'
[1.213s] INFO:colcon.colcon_core.shell:Creating package script '/home/user/ros2_ws/install/wut_gazebo_models/share/wut_gazebo_models/package.zsh'
[1.213s] Level 1:colcon.colcon_core.environment:create_file_with_runtime_dependencies(/home/user/ros2_ws/install/wut_gazebo_models/share/colcon-core/packages/wut_gazebo_models)
[1.214s] INFO:colcon.colcon_ros.task.ament_cmake.build:Building ROS package in '/home/user/ros2_ws/src/antonie_gazebo' with build type 'ament_cmake'
[1.214s] INFO:colcon.colcon_cmake.task.cmake.build:Building CMake package in '/home/user/ros2_ws/src/antonie_gazebo'
[1.214s] INFO:colcon.colcon_core.shell:Skip shell extension 'powershell' for command environment: Not usable outside of PowerShell
[1.214s] DEBUG:colcon.colcon_core.shell:Skip shell extension 'dsv' for command environment
[1.398s] INFO:colcon.colcon_core.task.python.build:Building Python package in '/home/user/ros2_ws/my_manipulator'
[1.398s] INFO:colcon.colcon_core.shell:Skip shell extension 'powershell' for command environment: Not usable outside of PowerShell
[1.398s] DEBUG:colcon.colcon_core.shell:Skip shell extension 'dsv' for command environment
[1.405s] DEBUG:colcon.colcon_core.event_handler.log_command:Invoking command in '/home/user/ros2_ws/build/antonie_gazebo': CMAKE_PREFIX_PATH=${CMAKE_PREFIX_PATH}:/home/user/ros2_ws/install/my_manipulator:/opt/ros/jazzy DEBUGINFOD_URLS=https://debuginfod.ubuntu.com /usr/bin/cmake /home/user/ros2_ws/src/antonie_gazebo -DAMENT_CMAKE_SYMLINK_INSTALL=1 -DCMAKE_INSTALL_PREFIX=/home/user/ros2_ws/install/antonie_gazebo
[1.878s] DEBUG:colcon.colcon_core.event_handler.log_command:Invoking command in '/home/user/ros2_ws/build/my_manipulator': CMAKE_PREFIX_PATH=/home/user/ros2_ws/install/antonie_description:/home/user/ros2_ws/install/wut_gazebo_models:/home/user/ros2_ws/install/antonie_gazebo:/home/user/ros2_ws/install/antonie_moveit_config:/opt/ros/jazzy/opt/gz_sim_vendor:/opt/ros/jazzy/opt/gz_sensors_vendor:/opt/ros/jazzy/opt/gz_physics_vendor:/opt/ros/jazzy/opt/sdformat_vendor:/opt/ros/jazzy/opt/gz_gui_vendor:/opt/ros/jazzy/opt/gz_transport_vendor:/opt/ros/jazzy/opt/gz_rendering_vendor:/opt/ros/jazzy/opt/gz_plugin_vendor:/opt/ros/jazzy/opt/gz_fuel_tools_vendor:/opt/ros/jazzy/opt/gz_msgs_vendor:/opt/ros/jazzy/opt/gz_common_vendor:/opt/ros/jazzy/opt/gz_math_vendor:/opt/ros/jazzy/opt/gz_utils_vendor:/opt/ros/jazzy/opt/gz_tools_vendor:/opt/ros/jazzy/opt/gz_ogre_next_vendor:/opt/ros/jazzy/opt/gz_dartsim_vendor:/opt/ros/jazzy/opt/gz_cmake_vendor DEBUGINFOD_URLS=https://debuginfod.ubuntu.com PYTHONPATH=/home/user/ros2_ws/build/my_manipulator/prefix_override:/usr/lib/python3/dist-packages/colcon_core/task/python/colcon_distutils_commands:/home/user/ros2_ws/install/my_manipulator/lib/python3.12/site-packages:${PYTHONPATH} /usr/bin/python3 -W ignore:setup.py install is deprecated -W ignore:easy_install command is deprecated setup.py develop --editable --build-directory /home/user/ros2_ws/build/my_manipulator/build --no-deps symlink_data
[1.945s] DEBUG:colcon.colcon_core.event_handler.log_command:Invoked command in '/home/user/ros2_ws/build/antonie_moveit_config' returned '0': CMAKE_PREFIX_PATH=/home/user/ros2_ws/install/antonie_description:/home/user/ros2_ws/install/wut_gazebo_models:/home/user/ros2_ws/install/antonie_gazebo:/home/user/ros2_ws/install/antonie_moveit_config:/opt/ros/jazzy/opt/gz_sim_vendor:/opt/ros/jazzy/opt/gz_sensors_vendor:/opt/ros/jazzy/opt/gz_physics_vendor:/opt/ros/jazzy/opt/sdformat_vendor:/opt/ros/jazzy/opt/gz_gui_vendor:/opt/ros/jazzy/opt/gz_transport_vendor:/opt/ros/jazzy/opt/gz_rendering_vendor:/opt/ros/jazzy/opt/gz_plugin_vendor:/opt/ros/jazzy/opt/gz_fuel_tools_vendor:/opt/ros/jazzy/opt/gz_msgs_vendor:/opt/ros/jazzy/opt/gz_common_vendor:/opt/ros/jazzy/opt/gz_math_vendor:/opt/ros/jazzy/opt/gz_utils_vendor:/opt/ros/jazzy/opt/gz_tools_vendor:/opt/ros/jazzy/opt/gz_ogre_next_vendor:/opt/ros/jazzy/opt/gz_dartsim_vendor:/opt/ros/jazzy/opt/gz_cmake_vendor:/home/user/ros2_ws/install/my_manipulator:/opt/ros/jazzy DEBUGINFOD_URLS=https://debuginfod.ubuntu.com /usr/bin/cmake /home/user/ros2_ws/antonie_moveit_config -DAMENT_CMAKE_SYMLINK_INSTALL=1 -DCMAKE_INSTALL_PREFIX=/home/user/ros2_ws/install/antonie_moveit_config
[1.950s] DEBUG:colcon.colcon_core.event_handler.log_command:Invoking command in '/home/user/ros2_ws/build/antonie_moveit_config': CMAKE_PREFIX_PATH=/home/user/ros2_ws/install/antonie_description:/home/user/ros2_ws/install/wut_gazebo_models:/home/user/ros2_ws/install/antonie_gazebo:/home/user/ros2_ws/install/antonie_moveit_config:/opt/ros/jazzy/opt/gz_sim_vendor:/opt/ros/jazzy/opt/gz_sensors_vendor:/opt/ros/jazzy/opt/gz_physics_vendor:/opt/ros/jazzy/opt/sdformat_vendor:/opt/ros/jazzy/opt/gz_gui_vendor:/opt/ros/jazzy/opt/gz_transport_vendor:/opt/ros/jazzy/opt/gz_rendering_vendor:/opt/ros/jazzy/opt/gz_plugin_vendor:/opt/ros/jazzy/opt/gz_fuel_tools_vendor:/opt/ros/jazzy/opt/gz_msgs_vendor:/opt/ros/jazzy/opt/gz_common_vendor:/opt/ros/jazzy/opt/gz_math_vendor:/opt/ros/jazzy/opt/gz_utils_vendor:/opt/ros/jazzy/opt/gz_tools_vendor:/opt/ros/jazzy/opt/gz_ogre_next_vendor:/opt/ros/jazzy/opt/gz_dartsim_vendor:/opt/ros/jazzy/opt/gz_cmake_vendor:/home/user/ros2_ws/install/my_manipulator:/opt/ros/jazzy DEBUGINFOD_URLS=https://debuginfod.ubuntu.com /usr/bin/cmake --build /home/user/ros2_ws/build/antonie_moveit_config -- -j4 -l4
[1.993s] DEBUG:colcon.colcon_core.event_handler.log_command:Invoked command in '/home/user/ros2_ws/build/antonie_moveit_config' returned '0': CMAKE_PREFIX_PATH=/home/user/ros2_ws/install/antonie_description:/home/user/ros2_ws/install/wut_gazebo_models:/home/user/ros2_ws/install/antonie_gazebo:/home/user/ros2_ws/install/antonie_moveit_config:/opt/ros/jazzy/opt/gz_sim_vendor:/opt/ros/jazzy/opt/gz_sensors_vendor:/opt/ros/jazzy/opt/gz_physics_vendor:/opt/ros/jazzy/opt/sdformat_vendor:/opt/ros/jazzy/opt/gz_gui_vendor:/opt/ros/jazzy/opt/gz_transport_vendor:/opt/ros/jazzy/opt/gz_rendering_vendor:/opt/ros/jazzy/opt/gz_plugin_vendor:/opt/ros/jazzy/opt/gz_fuel_tools_vendor:/opt/ros/jazzy/opt/gz_msgs_vendor:/opt/ros/jazzy/opt/gz_common_vendor:/opt/ros/jazzy/opt/gz_math_vendor:/opt/ros/jazzy/opt/gz_utils_vendor:/opt/ros/jazzy/opt/gz_tools_vendor:/opt/ros/jazzy/opt/gz_ogre_next_vendor:/opt/ros/jazzy/opt/gz_dartsim_vendor:/opt/ros/jazzy/opt/gz_cmake_vendor:/home/user/ros2_ws/install/my_manipulator:/opt/ros/jazzy DEBUGINFOD_URLS=https://debuginfod.ubuntu.com /usr/bin/cmake --build /home/user/ros2_ws/build/antonie_moveit_config -- -j4 -l4
[1.994s] DEBUG:colcon.colcon_core.event_handler.log_command:Invoking command in '/home/user/ros2_ws/build/antonie_moveit_config': CMAKE_PREFIX_PATH=/home/user/ros2_ws/install/antonie_description:/home/user/ros2_ws/install/wut_gazebo_models:/home/user/ros2_ws/install/antonie_gazebo:/home/user/ros2_ws/install/antonie_moveit_config:/opt/ros/jazzy/opt/gz_sim_vendor:/opt/ros/jazzy/opt/gz_sensors_vendor:/opt/ros/jazzy/opt/gz_physics_vendor:/opt/ros/jazzy/opt/sdformat_vendor:/opt/ros/jazzy/opt/gz_gui_vendor:/opt/ros/jazzy/opt/gz_transport_vendor:/opt/ros/jazzy/opt/gz_rendering_vendor:/opt/ros/jazzy/opt/gz_plugin_vendor:/opt/ros/jazzy/opt/gz_fuel_tools_vendor:/opt/ros/jazzy/opt/gz_msgs_vendor:/opt/ros/jazzy/opt/gz_common_vendor:/opt/ros/jazzy/opt/gz_math_vendor:/opt/ros/jazzy/opt/gz_utils_vendor:/opt/ros/jazzy/opt/gz_tools_vendor:/opt/ros/jazzy/opt/gz_ogre_next_vendor:/opt/ros/jazzy/opt/gz_dartsim_vendor:/opt/ros/jazzy/opt/gz_cmake_vendor:/home/user/ros2_ws/install/my_manipulator:/opt/ros/jazzy DEBUGINFOD_URLS=https://debuginfod.ubuntu.com /usr/bin/cmake --install /home/user/ros2_ws/build/antonie_moveit_config
[2.211s] DEBUG:colcon.colcon_core.event_handler.log_command:Invoked command in '/home/user/ros2_ws/build/antonie_gazebo' returned '0': CMAKE_PREFIX_PATH=${CMAKE_PREFIX_PATH}:/home/user/ros2_ws/install/my_manipulator:/opt/ros/jazzy DEBUGINFOD_URLS=https://debuginfod.ubuntu.com /usr/bin/cmake /home/user/ros2_ws/src/antonie_gazebo -DAMENT_CMAKE_SYMLINK_INSTALL=1 -DCMAKE_INSTALL_PREFIX=/home/user/ros2_ws/install/antonie_gazebo
[2.212s] DEBUG:colcon.colcon_core.event_handler.log_command:Invoking command in '/home/user/ros2_ws/build/antonie_gazebo': CMAKE_PREFIX_PATH=${CMAKE_PREFIX_PATH}:/home/user/ros2_ws/install/my_manipulator:/opt/ros/jazzy DEBUGINFOD_URLS=https://debuginfod.ubuntu.com /usr/bin/cmake --build /home/user/ros2_ws/build/antonie_gazebo -- -j4 -l4
[2.257s] DEBUG:colcon.colcon_core.event_handler.log_command:Invoked command in '/home/user/ros2_ws/build/antonie_gazebo' returned '0': CMAKE_PREFIX_PATH=${CMAKE_PREFIX_PATH}:/home/user/ros2_ws/install/my_manipulator:/opt/ros/jazzy DEBUGINFOD_URLS=https://debuginfod.ubuntu.com /usr/bin/cmake --build /home/user/ros2_ws/build/antonie_gazebo -- -j4 -l4
[2.257s] DEBUG:colcon.colcon_core.event_handler.log_command:Invoking command in '/home/user/ros2_ws/build/antonie_gazebo': CMAKE_PREFIX_PATH=${CMAKE_PREFIX_PATH}:/home/user/ros2_ws/install/my_manipulator:/opt/ros/jazzy DEBUGINFOD_URLS=https://debuginfod.ubuntu.com /usr/bin/cmake --install /home/user/ros2_ws/build/antonie_gazebo
[2.431s] Level 1:colcon.colcon_core.environment:create_environment_scripts_only(antonie_moveit_config)
[2.431s] Level 1:colcon.colcon_core.environment:checking '/home/user/ros2_ws/install/antonie_moveit_config' for CMake module files
[2.432s] DEBUG:colcon.colcon_core.event_handler.log_command:Invoked command in '/home/user/ros2_ws/build/antonie_moveit_config' returned '0': CMAKE_PREFIX_PATH=/home/user/ros2_ws/install/antonie_description:/home/user/ros2_ws/install/wut_gazebo_models:/home/user/ros2_ws/install/antonie_gazebo:/home/user/ros2_ws/install/antonie_moveit_config:/opt/ros/jazzy/opt/gz_sim_vendor:/opt/ros/jazzy/opt/gz_sensors_vendor:/opt/ros/jazzy/opt/gz_physics_vendor:/opt/ros/jazzy/opt/sdformat_vendor:/opt/ros/jazzy/opt/gz_gui_vendor:/opt/ros/jazzy/opt/gz_transport_vendor:/opt/ros/jazzy/opt/gz_rendering_vendor:/opt/ros/jazzy/opt/gz_plugin_vendor:/opt/ros/jazzy/opt/gz_fuel_tools_vendor:/opt/ros/jazzy/opt/gz_msgs_vendor:/opt/ros/jazzy/opt/gz_common_vendor:/opt/ros/jazzy/opt/gz_math_vendor:/opt/ros/jazzy/opt/gz_utils_vendor:/opt/ros/jazzy/opt/gz_tools_vendor:/opt/ros/jazzy/opt/gz_ogre_next_vendor:/opt/ros/jazzy/opt/gz_dartsim_vendor:/opt/ros/jazzy/opt/gz_cmake_vendor:/home/user/ros2_ws/install/my_manipulator:/opt/ros/jazzy DEBUGINFOD_URLS=https://debuginfod.ubuntu.com /usr/bin/cmake --install /home/user/ros2_ws/build/antonie_moveit_config
[2.433s] Level 1:colcon.colcon_core.environment:checking '/home/user/ros2_ws/install/antonie_moveit_config' for CMake config files
[2.434s] Level 1:colcon.colcon_core.shell:create_environment_hook('antonie_moveit_config', 'cmake_prefix_path')
[2.434s] INFO:colcon.colcon_core.shell:Creating environment hook '/home/user/ros2_ws/install/antonie_moveit_config/share/antonie_moveit_config/hook/cmake_prefix_path.ps1'
[2.434s] INFO:colcon.colcon_core.shell:Creating environment descriptor '/home/user/ros2_ws/install/antonie_moveit_config/share/antonie_moveit_config/hook/cmake_prefix_path.dsv'
[2.435s] INFO:colcon.colcon_core.shell:Creating environment hook '/home/user/ros2_ws/install/antonie_moveit_config/share/antonie_moveit_config/hook/cmake_prefix_path.sh'
[2.435s] Level 1:colcon.colcon_core.environment:checking '/home/user/ros2_ws/install/antonie_moveit_config/bin'
[2.435s] Level 1:colcon.colcon_core.environment:checking '/home/user/ros2_ws/install/antonie_moveit_config/lib/pkgconfig/antonie_moveit_config.pc'
[2.442s] Level 1:colcon.colcon_core.environment:checking '/home/user/ros2_ws/install/antonie_moveit_config/lib/python3.12/site-packages'
[2.442s] Level 1:colcon.colcon_core.environment:checking '/home/user/ros2_ws/install/antonie_moveit_config/bin'
[2.443s] INFO:colcon.colcon_core.shell:Creating package script '/home/user/ros2_ws/install/antonie_moveit_config/share/antonie_moveit_config/package.ps1'
[2.444s] INFO:colcon.colcon_core.shell:Creating package descriptor '/home/user/ros2_ws/install/antonie_moveit_config/share/antonie_moveit_config/package.dsv'
[2.444s] INFO:colcon.colcon_core.shell:Creating package script '/home/user/ros2_ws/install/antonie_moveit_config/share/antonie_moveit_config/package.sh'
[2.444s] INFO:colcon.colcon_core.shell:Creating package script '/home/user/ros2_ws/install/antonie_moveit_config/share/antonie_moveit_config/package.bash'
[2.445s] INFO:colcon.colcon_core.shell:Creating package script '/home/user/ros2_ws/install/antonie_moveit_config/share/antonie_moveit_config/package.zsh'
[2.445s] Level 1:colcon.colcon_core.environment:create_file_with_runtime_dependencies(/home/user/ros2_ws/install/antonie_moveit_config/share/colcon-core/packages/antonie_moveit_config)
[2.446s] Level 1:colcon.colcon_core.environment:create_environment_scripts_only(antonie_moveit_config)
[2.446s] Level 1:colcon.colcon_core.environment:checking '/home/user/ros2_ws/install/antonie_moveit_config' for CMake module files
[2.446s] Level 1:colcon.colcon_core.environment:checking '/home/user/ros2_ws/install/antonie_moveit_config' for CMake config files
[2.447s] Level 1:colcon.colcon_core.shell:create_environment_hook('antonie_moveit_config', 'cmake_prefix_path')
[2.447s] INFO:colcon.colcon_core.shell:Creating environment hook '/home/user/ros2_ws/install/antonie_moveit_config/share/antonie_moveit_config/hook/cmake_prefix_path.ps1'
[2.447s] INFO:colcon.colcon_core.shell:Creating environment descriptor '/home/user/ros2_ws/install/antonie_moveit_config/share/antonie_moveit_config/hook/cmake_prefix_path.dsv'
[2.448s] INFO:colcon.colcon_core.shell:Creating environment hook '/home/user/ros2_ws/install/antonie_moveit_config/share/antonie_moveit_config/hook/cmake_prefix_path.sh'
[2.448s] Level 1:colcon.colcon_core.environment:checking '/home/user/ros2_ws/install/antonie_moveit_config/bin'
[2.448s] Level 1:colcon.colcon_core.environment:checking '/home/user/ros2_ws/install/antonie_moveit_config/lib/pkgconfig/antonie_moveit_config.pc'
[2.448s] Level 1:colcon.colcon_core.environment:checking '/home/user/ros2_ws/install/antonie_moveit_config/lib/python3.12/site-packages'
[2.449s] Level 1:colcon.colcon_core.environment:checking '/home/user/ros2_ws/install/antonie_moveit_config/bin'
[2.449s] INFO:colcon.colcon_core.shell:Creating package script '/home/user/ros2_ws/install/antonie_moveit_config/share/antonie_moveit_config/package.ps1'
[2.449s] INFO:colcon.colcon_core.shell:Creating package descriptor '/home/user/ros2_ws/install/antonie_moveit_config/share/antonie_moveit_config/package.dsv'
[2.450s] INFO:colcon.colcon_core.shell:Creating package script '/home/user/ros2_ws/install/antonie_moveit_config/share/antonie_moveit_config/package.sh'
[2.450s] INFO:colcon.colcon_core.shell:Creating package script '/home/user/ros2_ws/install/antonie_moveit_config/share/antonie_moveit_config/package.bash'
[2.451s] INFO:colcon.colcon_core.shell:Creating package script '/home/user/ros2_ws/install/antonie_moveit_config/share/antonie_moveit_config/package.zsh'
[2.451s] Level 1:colcon.colcon_core.environment:create_file_with_runtime_dependencies(/home/user/ros2_ws/install/antonie_moveit_config/share/colcon-core/packages/antonie_moveit_config)
[2.453s] Level 1:colcon.colcon_core.shell:create_environment_hook('my_manipulator', 'pythonpath_develop')
[2.453s] INFO:colcon.colcon_core.shell:Creating environment hook '/home/user/ros2_ws/build/my_manipulator/share/my_manipulator/hook/pythonpath_develop.ps1'
[2.454s] DEBUG:colcon.colcon_core.event_handler.log_command:Invoked command in '/home/user/ros2_ws/build/my_manipulator' returned '0': CMAKE_PREFIX_PATH=/home/user/ros2_ws/install/antonie_description:/home/user/ros2_ws/install/wut_gazebo_models:/home/user/ros2_ws/install/antonie_gazebo:/home/user/ros2_ws/install/antonie_moveit_config:/opt/ros/jazzy/opt/gz_sim_vendor:/opt/ros/jazzy/opt/gz_sensors_vendor:/opt/ros/jazzy/opt/gz_physics_vendor:/opt/ros/jazzy/opt/sdformat_vendor:/opt/ros/jazzy/opt/gz_gui_vendor:/opt/ros/jazzy/opt/gz_transport_vendor:/opt/ros/jazzy/opt/gz_rendering_vendor:/opt/ros/jazzy/opt/gz_plugin_vendor:/opt/ros/jazzy/opt/gz_fuel_tools_vendor:/opt/ros/jazzy/opt/gz_msgs_vendor:/opt/ros/jazzy/opt/gz_common_vendor:/opt/ros/jazzy/opt/gz_math_vendor:/opt/ros/jazzy/opt/gz_utils_vendor:/opt/ros/jazzy/opt/gz_tools_vendor:/opt/ros/jazzy/opt/gz_ogre_next_vendor:/opt/ros/jazzy/opt/gz_dartsim_vendor:/opt/ros/jazzy/opt/gz_cmake_vendor DEBUGINFOD_URLS=https://debuginfod.ubuntu.com PYTHONPATH=/home/user/ros2_ws/build/my_manipulator/prefix_override:/usr/lib/python3/dist-packages/colcon_core/task/python/colcon_distutils_commands:/home/user/ros2_ws/install/my_manipulator/lib/python3.12/site-packages:${PYTHONPATH} /usr/bin/python3 -W ignore:setup.py install is deprecated -W ignore:easy_install command is deprecated setup.py develop --editable --build-directory /home/user/ros2_ws/build/my_manipulator/build --no-deps symlink_data
[2.454s] INFO:colcon.colcon_core.shell:Creating environment descriptor '/home/user/ros2_ws/build/my_manipulator/share/my_manipulator/hook/pythonpath_develop.dsv'
[2.454s] INFO:colcon.colcon_core.shell:Creating environment hook '/home/user/ros2_ws/build/my_manipulator/share/my_manipulator/hook/pythonpath_develop.sh'
[2.454s] Level 1:colcon.colcon_core.environment:checking '/home/user/ros2_ws/install/my_manipulator' for CMake module files
[2.455s] Level 1:colcon.colcon_core.environment:checking '/home/user/ros2_ws/install/my_manipulator' for CMake config files
[2.455s] Level 1:colcon.colcon_core.environment:checking '/home/user/ros2_ws/install/my_manipulator/lib'
[2.455s] Level 1:colcon.colcon_core.environment:checking '/home/user/ros2_ws/install/my_manipulator/bin'
[2.455s] Level 1:colcon.colcon_core.environment:checking '/home/user/ros2_ws/install/my_manipulator/lib/pkgconfig/my_manipulator.pc'
[2.456s] Level 1:colcon.colcon_core.environment:checking '/home/user/ros2_ws/install/my_manipulator/lib/python3.12/site-packages'
[2.456s] Level 1:colcon.colcon_core.shell:create_environment_hook('my_manipulator', 'pythonpath')
[2.456s] INFO:colcon.colcon_core.shell:Creating environment hook '/home/user/ros2_ws/install/my_manipulator/share/my_manipulator/hook/pythonpath.ps1'
[2.456s] INFO:colcon.colcon_core.shell:Creating environment descriptor '/home/user/ros2_ws/install/my_manipulator/share/my_manipulator/hook/pythonpath.dsv'
[2.457s] INFO:colcon.colcon_core.shell:Creating environment hook '/home/user/ros2_ws/install/my_manipulator/share/my_manipulator/hook/pythonpath.sh'
[2.457s] Level 1:colcon.colcon_core.environment:checking '/home/user/ros2_ws/install/my_manipulator/bin'
[2.457s] Level 1:colcon.colcon_core.environment:create_environment_scripts_only(my_manipulator)
[2.457s] INFO:colcon.colcon_core.shell:Creating package script '/home/user/ros2_ws/install/my_manipulator/share/my_manipulator/package.ps1'
[2.458s] INFO:colcon.colcon_core.shell:Creating package descriptor '/home/user/ros2_ws/install/my_manipulator/share/my_manipulator/package.dsv'
[2.458s] INFO:colcon.colcon_core.shell:Creating package script '/home/user/ros2_ws/install/my_manipulator/share/my_manipulator/package.sh'
[2.459s] INFO:colcon.colcon_core.shell:Creating package script '/home/user/ros2_ws/install/my_manipulator/share/my_manipulator/package.bash'
[2.459s] INFO:colcon.colcon_core.shell:Creating package script '/home/user/ros2_ws/install/my_manipulator/share/my_manipulator/package.zsh'
[2.459s] Level 1:colcon.colcon_core.environment:create_file_with_runtime_dependencies(/home/user/ros2_ws/install/my_manipulator/share/colcon-core/packages/my_manipulator)
[2.506s] Level 1:colcon.colcon_core.environment:create_environment_scripts_only(antonie_gazebo)
[2.506s] Level 1:colcon.colcon_core.environment:checking '/home/user/ros2_ws/install/antonie_gazebo' for CMake module files
[2.507s] DEBUG:colcon.colcon_core.event_handler.log_command:Invoked command in '/home/user/ros2_ws/build/antonie_gazebo' returned '0': CMAKE_PREFIX_PATH=${CMAKE_PREFIX_PATH}:/home/user/ros2_ws/install/my_manipulator:/opt/ros/jazzy DEBUGINFOD_URLS=https://debuginfod.ubuntu.com /usr/bin/cmake --install /home/user/ros2_ws/build/antonie_gazebo
[2.507s] Level 1:colcon.colcon_core.environment:checking '/home/user/ros2_ws/install/antonie_gazebo' for CMake config files
[2.507s] Level 1:colcon.colcon_core.shell:create_environment_hook('antonie_gazebo', 'cmake_prefix_path')
[2.508s] INFO:colcon.colcon_core.shell:Creating environment hook '/home/user/ros2_ws/install/antonie_gazebo/share/antonie_gazebo/hook/cmake_prefix_path.ps1'
[2.508s] INFO:colcon.colcon_core.shell:Creating environment descriptor '/home/user/ros2_ws/install/antonie_gazebo/share/antonie_gazebo/hook/cmake_prefix_path.dsv'
[2.508s] INFO:colcon.colcon_core.shell:Creating environment hook '/home/user/ros2_ws/install/antonie_gazebo/share/antonie_gazebo/hook/cmake_prefix_path.sh'
[2.508s] Level 1:colcon.colcon_core.environment:checking '/home/user/ros2_ws/install/antonie_gazebo/bin'
[2.509s] Level 1:colcon.colcon_core.environment:checking '/home/user/ros2_ws/install/antonie_gazebo/lib/pkgconfig/antonie_gazebo.pc'
[2.509s] Level 1:colcon.colcon_core.environment:checking '/home/user/ros2_ws/install/antonie_gazebo/lib/python3.12/site-packages'
[2.509s] Level 1:colcon.colcon_core.environment:checking '/home/user/ros2_ws/install/antonie_gazebo/bin'
[2.509s] INFO:colcon.colcon_core.shell:Creating package script '/home/user/ros2_ws/install/antonie_gazebo/share/antonie_gazebo/package.ps1'
[2.509s] INFO:colcon.colcon_core.shell:Creating package descriptor '/home/user/ros2_ws/install/antonie_gazebo/share/antonie_gazebo/package.dsv'
[2.510s] INFO:colcon.colcon_core.shell:Creating package script '/home/user/ros2_ws/install/antonie_gazebo/share/antonie_gazebo/package.sh'
[2.510s] INFO:colcon.colcon_core.shell:Creating package script '/home/user/ros2_ws/install/antonie_gazebo/share/antonie_gazebo/package.bash'
[2.510s] INFO:colcon.colcon_core.shell:Creating package script '/home/user/ros2_ws/install/antonie_gazebo/share/antonie_gazebo/package.zsh'
[2.510s] Level 1:colcon.colcon_core.environment:create_file_with_runtime_dependencies(/home/user/ros2_ws/install/antonie_gazebo/share/colcon-core/packages/antonie_gazebo)
[2.511s] Level 1:colcon.colcon_core.environment:create_environment_scripts_only(antonie_gazebo)
[2.511s] Level 1:colcon.colcon_core.environment:checking '/home/user/ros2_ws/install/antonie_gazebo' for CMake module files
[2.511s] Level 1:colcon.colcon_core.environment:checking '/home/user/ros2_ws/install/antonie_gazebo' for CMake config files
[2.511s] Level 1:colcon.colcon_core.shell:create_environment_hook('antonie_gazebo', 'cmake_prefix_path')
[2.511s] INFO:colcon.colcon_core.shell:Creating environment hook '/home/user/ros2_ws/install/antonie_gazebo/share/antonie_gazebo/hook/cmake_prefix_path.ps1'
[2.512s] INFO:colcon.colcon_core.shell:Creating environment descriptor '/home/user/ros2_ws/install/antonie_gazebo/share/antonie_gazebo/hook/cmake_prefix_path.dsv'
[2.512s] INFO:colcon.colcon_core.shell:Creating environment hook '/home/user/ros2_ws/install/antonie_gazebo/share/antonie_gazebo/hook/cmake_prefix_path.sh'
[2.513s] Level 1:colcon.colcon_core.environment:checking '/home/user/ros2_ws/install/antonie_gazebo/bin'
[2.513s] Level 1:colcon.colcon_core.environment:checking '/home/user/ros2_ws/install/antonie_gazebo/lib/pkgconfig/antonie_gazebo.pc'
[2.513s] Level 1:colcon.colcon_core.environment:checking '/home/user/ros2_ws/install/antonie_gazebo/lib/python3.12/site-packages'
[2.513s] Level 1:colcon.colcon_core.environment:checking '/home/user/ros2_ws/install/antonie_gazebo/bin'
[2.513s] INFO:colcon.colcon_core.shell:Creating package script '/home/user/ros2_ws/install/antonie_gazebo/share/antonie_gazebo/package.ps1'
[2.514s] INFO:colcon.colcon_core.shell:Creating package descriptor '/home/user/ros2_ws/install/antonie_gazebo/share/antonie_gazebo/package.dsv'
[2.514s] INFO:colcon.colcon_core.shell:Creating package script '/home/user/ros2_ws/install/antonie_gazebo/share/antonie_gazebo/package.sh'
[2.515s] INFO:colcon.colcon_core.shell:Creating package script '/home/user/ros2_ws/install/antonie_gazebo/share/antonie_gazebo/package.bash'
[2.515s] INFO:colcon.colcon_core.shell:Creating package script '/home/user/ros2_ws/install/antonie_gazebo/share/antonie_gazebo/package.zsh'
[2.516s] Level 1:colcon.colcon_core.environment:create_file_with_runtime_dependencies(/home/user/ros2_ws/install/antonie_gazebo/share/colcon-core/packages/antonie_gazebo)
[2.516s] DEBUG:colcon.colcon_parallel_executor.executor.parallel:closing loop
[2.516s] DEBUG:colcon.colcon_parallel_executor.executor.parallel:loop closed
[2.516s] DEBUG:colcon.colcon_parallel_executor.executor.parallel:run_until_complete finished with '0'
[2.516s] DEBUG:colcon.colcon_core.event_reactor:joining thread
[2.522s] INFO:colcon.colcon_core.plugin_system:Skipping extension 'colcon_notification.desktop_notification.terminal_notifier': Not used on non-Darwin systems
[2.522s] INFO:colcon.colcon_core.plugin_system:Skipping extension 'colcon_notification.desktop_notification.win32': Not used on non-Windows systems
[2.523s] INFO:colcon.colcon_notification.desktop_notification:Sending desktop notification using 'notify2'
[2.543s] DEBUG:colcon.colcon_core.event_reactor:joined thread
[2.544s] INFO:colcon.colcon_core.shell:Creating prefix script '/home/user/ros2_ws/install/local_setup.ps1'
[2.545s] INFO:colcon.colcon_core.shell:Creating prefix util module '/home/user/ros2_ws/install/_local_setup_util_ps1.py'
[2.547s] INFO:colcon.colcon_core.shell:Creating prefix chain script '/home/user/ros2_ws/install/setup.ps1'
[2.548s] INFO:colcon.colcon_core.shell:Creating prefix script '/home/user/ros2_ws/install/local_setup.sh'
[2.549s] INFO:colcon.colcon_core.shell:Creating prefix util module '/home/user/ros2_ws/install/_local_setup_util_sh.py'
[2.549s] INFO:colcon.colcon_core.shell:Creating prefix chain script '/home/user/ros2_ws/install/setup.sh'
[2.550s] INFO:colcon.colcon_core.shell:Creating prefix script '/home/user/ros2_ws/install/local_setup.bash'
[2.550s] INFO:colcon.colcon_core.shell:Creating prefix chain script '/home/user/ros2_ws/install/setup.bash'
[2.551s] INFO:colcon.colcon_core.shell:Creating prefix script '/home/user/ros2_ws/install/local_setup.zsh'
[2.552s] INFO:colcon.colcon_core.shell:Creating prefix chain script '/home/user/ros2_ws/install/setup.zsh'
