[0.336s] DEBUG:colcon:Command line arguments: ['/usr/bin/colcon', 'build', '--symlink-install']
[0.336s] DEBUG:colcon:Parsed command line arguments: Namespace(log_base=None, log_level=None, verb_name='build', build_base='build', install_base='install', merge_install=False, symlink_install=True, test_result_base=None, continue_on_error=False, executor='parallel', parallel_workers=4, event_handlers=None, ignore_user_meta=False, metas=['./colcon.meta'], base_paths=['.'], packages_ignore=None, packages_ignore_regex=None, paths=None, packages_up_to=None, packages_up_to_regex=None, packages_above=None, packages_above_and_dependencies=None, packages_above_depth=None, packages_select_by_dep=None, packages_skip_by_dep=None, packages_skip_up_to=None, packages_select_build_failed=False, packages_skip_build_finished=False, packages_select_test_failures=False, packages_skip_test_passed=False, packages_select=None, packages_skip=None, packages_select_regex=None, packages_skip_regex=None, packages_start=None, packages_end=None, allow_overriding=[], cmake_args=None, cmake_target=None, cmake_target_skip_unavailable=False, cmake_clean_cache=False, cmake_clean_first=False, cmake_force_configure=False, ament_cmake_args=None, catkin_cmake_args=None, catkin_skip_building_tests=False, mixin_files=None, mixin=None, verb_parser=<colcon_mixin.mixin.mixin_argument.MixinArgumentDecorator object at 0x7001d06ab2f0>, verb_extension=<colcon_core.verb.build.BuildVerb object at 0x7001d06492e0>, main=<bound method BuildVerb.main of <colcon_core.verb.build.BuildVerb object at 0x7001d06492e0>>, mixin_verb=('build',))
[0.405s] Level 1:colcon.colcon_core.package_discovery:discover_packages(colcon_meta) check parameters
[0.406s] Level 1:colcon.colcon_core.package_discovery:discover_packages(recursive) check parameters
[0.406s] Level 1:colcon.colcon_core.package_discovery:discover_packages(ignore) check parameters
[0.406s] Level 1:colcon.colcon_core.package_discovery:discover_packages(path) check parameters
[0.406s] Level 1:colcon.colcon_core.package_discovery:discover_packages(colcon_meta) discover
[0.406s] Level 1:colcon.colcon_core.package_discovery:discover_packages(recursive) discover
[0.406s] INFO:colcon.colcon_core.package_discovery:Crawling recursively for packages in '/home/user/ros2_ws'
[0.406s] Level 1:colcon.colcon_core.package_identification:_identify(.) by extensions ['ignore', 'ignore_ament_install']
[0.406s] Level 1:colcon.colcon_core.package_identification:_identify(.) by extension 'ignore'
[0.406s] Level 1:colcon.colcon_core.package_identification:_identify(.) by extension 'ignore_ament_install'
[0.406s] Level 1:colcon.colcon_core.package_identification:_identify(.) by extensions ['colcon_pkg']
[0.406s] Level 1:colcon.colcon_core.package_identification:_identify(.) by extension 'colcon_pkg'
[0.406s] Level 1:colcon.colcon_core.package_identification:_identify(.) by extensions ['colcon_meta']
[0.406s] Level 1:colcon.colcon_core.package_identification:_identify(.) by extension 'colcon_meta'
[0.406s] Level 1:colcon.colcon_core.package_identification:_identify(.) by extensions ['ros']
[0.406s] Level 1:colcon.colcon_core.package_identification:_identify(.) by extension 'ros'
[0.448s] Level 1:colcon.colcon_core.package_identification:_identify(.) by extensions ['cmake', 'python']
[0.448s] Level 1:colcon.colcon_core.package_identification:_identify(.) by extension 'cmake'
[0.448s] Level 1:colcon.colcon_core.package_identification:_identify(.) by extension 'python'
[0.448s] Level 1:colcon.colcon_core.package_identification:_identify(.) by extensions ['python_setup_py']
[0.448s] Level 1:colcon.colcon_core.package_identification:_identify(.) by extension 'python_setup_py'
[0.448s] Level 1:colcon.colcon_core.package_identification:_identify(antonie_description) by extensions ['ignore', 'ignore_ament_install']
[0.448s] Level 1:colcon.colcon_core.package_identification:_identify(antonie_description) by extension 'ignore'
[0.449s] Level 1:colcon.colcon_core.package_identification:_identify(antonie_description) by extension 'ignore_ament_install'
[0.449s] Level 1:colcon.colcon_core.package_identification:_identify(antonie_description) by extensions ['colcon_pkg']
[0.449s] Level 1:colcon.colcon_core.package_identification:_identify(antonie_description) by extension 'colcon_pkg'
[0.449s] Level 1:colcon.colcon_core.package_identification:_identify(antonie_description) by extensions ['colcon_meta']
[0.449s] Level 1:colcon.colcon_core.package_identification:_identify(antonie_description) by extension 'colcon_meta'
[0.449s] Level 1:colcon.colcon_core.package_identification:_identify(antonie_description) by extensions ['ros']
[0.449s] Level 1:colcon.colcon_core.package_identification:_identify(antonie_description) by extension 'ros'
[0.453s] DEBUG:colcon.colcon_core.package_identification:Package 'antonie_description' with type 'ros.ament_cmake' and name 'antonie_description'
[0.453s] Level 1:colcon.colcon_core.package_identification:_identify(antonie_moveit_config) by extensions ['ignore', 'ignore_ament_install']
[0.454s] Level 1:colcon.colcon_core.package_identification:_identify(antonie_moveit_config) by extension 'ignore'
[0.455s] Level 1:colcon.colcon_core.package_identification:_identify(antonie_moveit_config) by extension 'ignore_ament_install'
[0.455s] Level 1:colcon.colcon_core.package_identification:_identify(antonie_moveit_config) by extensions ['colcon_pkg']
[0.455s] Level 1:colcon.colcon_core.package_identification:_identify(antonie_moveit_config) by extension 'colcon_pkg'
[0.455s] Level 1:colcon.colcon_core.package_identification:_identify(antonie_moveit_config) by extensions ['colcon_meta']
[0.455s] Level 1:colcon.colcon_core.package_identification:_identify(antonie_moveit_config) by extension 'colcon_meta'
[0.455s] Level 1:colcon.colcon_core.package_identification:_identify(antonie_moveit_config) by extensions ['ros']
[0.455s] Level 1:colcon.colcon_core.package_identification:_identify(antonie_moveit_config) by extension 'ros'
[0.456s] DEBUG:colcon.colcon_core.package_identification:Package 'antonie_moveit_config' with type 'ros.ament_cmake' and name 'antonie_moveit_config'
[0.456s] Level 1:colcon.colcon_core.package_identification:_identify(build) by extensions ['ignore', 'ignore_ament_install']
[0.456s] Level 1:colcon.colcon_core.package_identification:_identify(build) by extension 'ignore'
[0.457s] Level 1:colcon.colcon_core.package_identification:_identify(build) ignored
[0.457s] Level 1:colcon.colcon_core.package_identification:_identify(install) by extensions ['ignore', 'ignore_ament_install']
[0.457s] Level 1:colcon.colcon_core.package_identification:_identify(install) by extension 'ignore'
[0.457s] Level 1:colcon.colcon_core.package_identification:_identify(install) ignored
[0.457s] Level 1:colcon.colcon_core.package_identification:_identify(log) by extensions ['ignore', 'ignore_ament_install']
[0.457s] Level 1:colcon.colcon_core.package_identification:_identify(log) by extension 'ignore'
[0.457s] Level 1:colcon.colcon_core.package_identification:_identify(log) ignored
[0.457s] Level 1:colcon.colcon_core.package_identification:_identify(my_manipulator) by extensions ['ignore', 'ignore_ament_install']
[0.457s] Level 1:colcon.colcon_core.package_identification:_identify(my_manipulator) by extension 'ignore'
[0.457s] Level 1:colcon.colcon_core.package_identification:_identify(my_manipulator) by extension 'ignore_ament_install'
[0.457s] Level 1:colcon.colcon_core.package_identification:_identify(my_manipulator) by extensions ['colcon_pkg']
[0.457s] Level 1:colcon.colcon_core.package_identification:_identify(my_manipulator) by extension 'colcon_pkg'
[0.457s] Level 1:colcon.colcon_core.package_identification:_identify(my_manipulator) by extensions ['colcon_meta']
[0.457s] Level 1:colcon.colcon_core.package_identification:_identify(my_manipulator) by extension 'colcon_meta'
[0.457s] Level 1:colcon.colcon_core.package_identification:_identify(my_manipulator) by extensions ['ros']
[0.457s] Level 1:colcon.colcon_core.package_identification:_identify(my_manipulator) by extension 'ros'
[0.460s] DEBUG:colcon.colcon_core.package_identification:Package 'my_manipulator' with type 'ros.ament_python' and name 'my_manipulator'
[0.460s] Level 1:colcon.colcon_core.package_identification:_identify(src) by extensions ['ignore', 'ignore_ament_install']
[0.460s] Level 1:colcon.colcon_core.package_identification:_identify(src) by extension 'ignore'
[0.460s] Level 1:colcon.colcon_core.package_identification:_identify(src) by extension 'ignore_ament_install'
[0.460s] Level 1:colcon.colcon_core.package_identification:_identify(src) by extensions ['colcon_pkg']
[0.460s] Level 1:colcon.colcon_core.package_identification:_identify(src) by extension 'colcon_pkg'
[0.460s] Level 1:colcon.colcon_core.package_identification:_identify(src) by extensions ['colcon_meta']
[0.460s] Level 1:colcon.colcon_core.package_identification:_identify(src) by extension 'colcon_meta'
[0.460s] Level 1:colcon.colcon_core.package_identification:_identify(src) by extensions ['ros']
[0.460s] Level 1:colcon.colcon_core.package_identification:_identify(src) by extension 'ros'
[0.460s] Level 1:colcon.colcon_core.package_identification:_identify(src) by extensions ['cmake', 'python']
[0.460s] Level 1:colcon.colcon_core.package_identification:_identify(src) by extension 'cmake'
[0.460s] Level 1:colcon.colcon_core.package_identification:_identify(src) by extension 'python'
[0.460s] Level 1:colcon.colcon_core.package_identification:_identify(src) by extensions ['python_setup_py']
[0.460s] Level 1:colcon.colcon_core.package_identification:_identify(src) by extension 'python_setup_py'
[0.460s] Level 1:colcon.colcon_core.package_identification:_identify(src/antonie_gazebo) by extensions ['ignore', 'ignore_ament_install']
[0.460s] Level 1:colcon.colcon_core.package_identification:_identify(src/antonie_gazebo) by extension 'ignore'
[0.460s] Level 1:colcon.colcon_core.package_identification:_identify(src/antonie_gazebo) by extension 'ignore_ament_install'
[0.460s] Level 1:colcon.colcon_core.package_identification:_identify(src/antonie_gazebo) by extensions ['colcon_pkg']
[0.460s] Level 1:colcon.colcon_core.package_identification:_identify(src/antonie_gazebo) by extension 'colcon_pkg'
[0.460s] Level 1:colcon.colcon_core.package_identification:_identify(src/antonie_gazebo) by extensions ['colcon_meta']
[0.460s] Level 1:colcon.colcon_core.package_identification:_identify(src/antonie_gazebo) by extension 'colcon_meta'
[0.460s] Level 1:colcon.colcon_core.package_identification:_identify(src/antonie_gazebo) by extensions ['ros']
[0.460s] Level 1:colcon.colcon_core.package_identification:_identify(src/antonie_gazebo) by extension 'ros'
[0.462s] DEBUG:colcon.colcon_core.package_identification:Package 'src/antonie_gazebo' with type 'ros.ament_cmake' and name 'antonie_gazebo'
[0.462s] Level 1:colcon.colcon_core.package_identification:_identify(src/build) by extensions ['ignore', 'ignore_ament_install']
[0.462s] Level 1:colcon.colcon_core.package_identification:_identify(src/build) by extension 'ignore'
[0.462s] Level 1:colcon.colcon_core.package_identification:_identify(src/build) ignored
[0.462s] Level 1:colcon.colcon_core.package_identification:_identify(src/install) by extensions ['ignore', 'ignore_ament_install']
[0.462s] Level 1:colcon.colcon_core.package_identification:_identify(src/install) by extension 'ignore'
[0.462s] Level 1:colcon.colcon_core.package_identification:_identify(src/install) ignored
[0.462s] Level 1:colcon.colcon_core.package_identification:_identify(src/log) by extensions ['ignore', 'ignore_ament_install']
[0.463s] Level 1:colcon.colcon_core.package_identification:_identify(src/log) by extension 'ignore'
[0.463s] Level 1:colcon.colcon_core.package_identification:_identify(src/log) ignored
[0.463s] Level 1:colcon.colcon_core.package_identification:_identify(src/wut_gazebo_models) by extensions ['ignore', 'ignore_ament_install']
[0.463s] Level 1:colcon.colcon_core.package_identification:_identify(src/wut_gazebo_models) by extension 'ignore'
[0.463s] Level 1:colcon.colcon_core.package_identification:_identify(src/wut_gazebo_models) by extension 'ignore_ament_install'
[0.463s] Level 1:colcon.colcon_core.package_identification:_identify(src/wut_gazebo_models) by extensions ['colcon_pkg']
[0.463s] Level 1:colcon.colcon_core.package_identification:_identify(src/wut_gazebo_models) by extension 'colcon_pkg'
[0.463s] Level 1:colcon.colcon_core.package_identification:_identify(src/wut_gazebo_models) by extensions ['colcon_meta']
[0.463s] Level 1:colcon.colcon_core.package_identification:_identify(src/wut_gazebo_models) by extension 'colcon_meta'
[0.463s] Level 1:colcon.colcon_core.package_identification:_identify(src/wut_gazebo_models) by extensions ['ros']
[0.463s] Level 1:colcon.colcon_core.package_identification:_identify(src/wut_gazebo_models) by extension 'ros'
[0.463s] DEBUG:colcon.colcon_core.package_identification:Package 'src/wut_gazebo_models' with type 'ros.ament_cmake' and name 'wut_gazebo_models'
[0.463s] Level 1:colcon.colcon_core.package_discovery:discover_packages(recursive) using defaults
[0.463s] Level 1:colcon.colcon_core.package_discovery:discover_packages(ignore) discover
[0.463s] Level 1:colcon.colcon_core.package_discovery:discover_packages(ignore) using defaults
[0.463s] Level 1:colcon.colcon_core.package_discovery:discover_packages(path) discover
[0.463s] Level 1:colcon.colcon_core.package_discovery:discover_packages(path) using defaults
[0.489s] Level 1:colcon.colcon_core.package_discovery:discover_packages(prefix_path) check parameters
[0.489s] Level 1:colcon.colcon_core.package_discovery:discover_packages(prefix_path) discover
[0.490s] DEBUG:colcon.colcon_installed_package_information.package_discovery:Found 5 installed packages in /home/user/ros2_ws/install
[0.491s] DEBUG:colcon.colcon_installed_package_information.package_discovery:Found 511 installed packages in /opt/ros/jazzy
[0.492s] Level 1:colcon.colcon_core.package_discovery:discover_packages(prefix_path) using defaults
[0.626s] Level 5:colcon.colcon_core.verb:set package 'antonie_description' build argument 'cmake_args' from command line to 'None'
[0.626s] Level 5:colcon.colcon_core.verb:set package 'antonie_description' build argument 'cmake_target' from command line to 'None'
[0.626s] Level 5:colcon.colcon_core.verb:set package 'antonie_description' build argument 'cmake_target_skip_unavailable' from command line to 'False'
[0.626s] Level 5:colcon.colcon_core.verb:set package 'antonie_description' build argument 'cmake_clean_cache' from command line to 'False'
[0.626s] Level 5:colcon.colcon_core.verb:set package 'antonie_description' build argument 'cmake_clean_first' from command line to 'False'
[0.626s] Level 5:colcon.colcon_core.verb:set package 'antonie_description' build argument 'cmake_force_configure' from command line to 'False'
[0.626s] Level 5:colcon.colcon_core.verb:set package 'antonie_description' build argument 'ament_cmake_args' from command line to 'None'
[0.626s] Level 5:colcon.colcon_core.verb:set package 'antonie_description' build argument 'catkin_cmake_args' from command line to 'None'
[0.626s] Level 5:colcon.colcon_core.verb:set package 'antonie_description' build argument 'catkin_skip_building_tests' from command line to 'False'
[0.626s] DEBUG:colcon.colcon_core.verb:Building package 'antonie_description' with the following arguments: {'ament_cmake_args': None, 'build_base': '/home/user/ros2_ws/build/antonie_description', 'catkin_cmake_args': None, 'catkin_skip_building_tests': False, 'cmake_args': None, 'cmake_clean_cache': False, 'cmake_clean_first': False, 'cmake_force_configure': False, 'cmake_target': None, 'cmake_target_skip_unavailable': False, 'install_base': '/home/user/ros2_ws/install/antonie_description', 'merge_install': False, 'path': '/home/user/ros2_ws/antonie_description', 'symlink_install': True, 'test_result_base': None}
[0.629s] Level 5:colcon.colcon_core.verb:set package 'wut_gazebo_models' build argument 'cmake_args' from command line to 'None'
[0.629s] Level 5:colcon.colcon_core.verb:set package 'wut_gazebo_models' build argument 'cmake_target' from command line to 'None'
[0.629s] Level 5:colcon.colcon_core.verb:set package 'wut_gazebo_models' build argument 'cmake_target_skip_unavailable' from command line to 'False'
[0.629s] Level 5:colcon.colcon_core.verb:set package 'wut_gazebo_models' build argument 'cmake_clean_cache' from command line to 'False'
[0.629s] Level 5:colcon.colcon_core.verb:set package 'wut_gazebo_models' build argument 'cmake_clean_first' from command line to 'False'
[0.629s] Level 5:colcon.colcon_core.verb:set package 'wut_gazebo_models' build argument 'cmake_force_configure' from command line to 'False'
[0.629s] Level 5:colcon.colcon_core.verb:set package 'wut_gazebo_models' build argument 'ament_cmake_args' from command line to 'None'
[0.629s] Level 5:colcon.colcon_core.verb:set package 'wut_gazebo_models' build argument 'catkin_cmake_args' from command line to 'None'
[0.629s] Level 5:colcon.colcon_core.verb:set package 'wut_gazebo_models' build argument 'catkin_skip_building_tests' from command line to 'False'
[0.629s] DEBUG:colcon.colcon_core.verb:Building package 'wut_gazebo_models' with the following arguments: {'ament_cmake_args': None, 'build_base': '/home/user/ros2_ws/build/wut_gazebo_models', 'catkin_cmake_args': None, 'catkin_skip_building_tests': False, 'cmake_args': None, 'cmake_clean_cache': False, 'cmake_clean_first': False, 'cmake_force_configure': False, 'cmake_target': None, 'cmake_target_skip_unavailable': False, 'install_base': '/home/user/ros2_ws/install/wut_gazebo_models', 'merge_install': False, 'path': '/home/user/ros2_ws/src/wut_gazebo_models', 'symlink_install': True, 'test_result_base': None}
[0.632s] Level 5:colcon.colcon_core.verb:set package 'antonie_gazebo' build argument 'cmake_args' from command line to 'None'
[0.632s] Level 5:colcon.colcon_core.verb:set package 'antonie_gazebo' build argument 'cmake_target' from command line to 'None'
[0.632s] Level 5:colcon.colcon_core.verb:set package 'antonie_gazebo' build argument 'cmake_target_skip_unavailable' from command line to 'False'
[0.632s] Level 5:colcon.colcon_core.verb:set package 'antonie_gazebo' build argument 'cmake_clean_cache' from command line to 'False'
[0.632s] Level 5:colcon.colcon_core.verb:set package 'antonie_gazebo' build argument 'cmake_clean_first' from command line to 'False'
[0.632s] Level 5:colcon.colcon_core.verb:set package 'antonie_gazebo' build argument 'cmake_force_configure' from command line to 'False'
[0.632s] Level 5:colcon.colcon_core.verb:set package 'antonie_gazebo' build argument 'ament_cmake_args' from command line to 'None'
[0.632s] Level 5:colcon.colcon_core.verb:set package 'antonie_gazebo' build argument 'catkin_cmake_args' from command line to 'None'
[0.632s] Level 5:colcon.colcon_core.verb:set package 'antonie_gazebo' build argument 'catkin_skip_building_tests' from command line to 'False'
[0.632s] DEBUG:colcon.colcon_core.verb:Building package 'antonie_gazebo' with the following arguments: {'ament_cmake_args': None, 'build_base': '/home/user/ros2_ws/build/antonie_gazebo', 'catkin_cmake_args': None, 'catkin_skip_building_tests': False, 'cmake_args': None, 'cmake_clean_cache': False, 'cmake_clean_first': False, 'cmake_force_configure': False, 'cmake_target': None, 'cmake_target_skip_unavailable': False, 'install_base': '/home/user/ros2_ws/install/antonie_gazebo', 'merge_install': False, 'path': '/home/user/ros2_ws/src/antonie_gazebo', 'symlink_install': True, 'test_result_base': None}
[0.632s] Level 5:colcon.colcon_core.verb:set package 'antonie_moveit_config' build argument 'cmake_args' from command line to 'None'
[0.632s] Level 5:colcon.colcon_core.verb:set package 'antonie_moveit_config' build argument 'cmake_target' from command line to 'None'
[0.632s] Level 5:colcon.colcon_core.verb:set package 'antonie_moveit_config' build argument 'cmake_target_skip_unavailable' from command line to 'False'
[0.632s] Level 5:colcon.colcon_core.verb:set package 'antonie_moveit_config' build argument 'cmake_clean_cache' from command line to 'False'
[0.632s] Level 5:colcon.colcon_core.verb:set package 'antonie_moveit_config' build argument 'cmake_clean_first' from command line to 'False'
[0.632s] Level 5:colcon.colcon_core.verb:set package 'antonie_moveit_config' build argument 'cmake_force_configure' from command line to 'False'
[0.632s] Level 5:colcon.colcon_core.verb:set package 'antonie_moveit_config' build argument 'ament_cmake_args' from command line to 'None'
[0.632s] Level 5:colcon.colcon_core.verb:set package 'antonie_moveit_config' build argument 'catkin_cmake_args' from command line to 'None'
[0.632s] Level 5:colcon.colcon_core.verb:set package 'antonie_moveit_config' build argument 'catkin_skip_building_tests' from command line to 'False'
[0.632s] DEBUG:colcon.colcon_core.verb:Building package 'antonie_moveit_config' with the following arguments: {'ament_cmake_args': None, 'build_base': '/home/user/ros2_ws/build/antonie_moveit_config', 'catkin_cmake_args': None, 'catkin_skip_building_tests': False, 'cmake_args': None, 'cmake_clean_cache': False, 'cmake_clean_first': False, 'cmake_force_configure': False, 'cmake_target': None, 'cmake_target_skip_unavailable': False, 'install_base': '/home/user/ros2_ws/install/antonie_moveit_config', 'merge_install': False, 'path': '/home/user/ros2_ws/antonie_moveit_config', 'symlink_install': True, 'test_result_base': None}
[0.633s] Level 5:colcon.colcon_core.verb:set package 'my_manipulator' build argument 'cmake_args' from command line to 'None'
[0.633s] Level 5:colcon.colcon_core.verb:set package 'my_manipulator' build argument 'cmake_target' from command line to 'None'
[0.633s] Level 5:colcon.colcon_core.verb:set package 'my_manipulator' build argument 'cmake_target_skip_unavailable' from command line to 'False'
[0.633s] Level 5:colcon.colcon_core.verb:set package 'my_manipulator' build argument 'cmake_clean_cache' from command line to 'False'
[0.633s] Level 5:colcon.colcon_core.verb:set package 'my_manipulator' build argument 'cmake_clean_first' from command line to 'False'
[0.633s] Level 5:colcon.colcon_core.verb:set package 'my_manipulator' build argument 'cmake_force_configure' from command line to 'False'
[0.633s] Level 5:colcon.colcon_core.verb:set package 'my_manipulator' build argument 'ament_cmake_args' from command line to 'None'
[0.633s] Level 5:colcon.colcon_core.verb:set package 'my_manipulator' build argument 'catkin_cmake_args' from command line to 'None'
[0.633s] Level 5:colcon.colcon_core.verb:set package 'my_manipulator' build argument 'catkin_skip_building_tests' from command line to 'False'
[0.633s] DEBUG:colcon.colcon_core.verb:Building package 'my_manipulator' with the following arguments: {'ament_cmake_args': None, 'build_base': '/home/user/ros2_ws/build/my_manipulator', 'catkin_cmake_args': None, 'catkin_skip_building_tests': False, 'cmake_args': None, 'cmake_clean_cache': False, 'cmake_clean_first': False, 'cmake_force_configure': False, 'cmake_target': None, 'cmake_target_skip_unavailable': False, 'install_base': '/home/user/ros2_ws/install/my_manipulator', 'merge_install': False, 'path': '/home/user/ros2_ws/my_manipulator', 'symlink_install': True, 'test_result_base': None}
[0.633s] INFO:colcon.colcon_core.executor:Executing jobs using 'parallel' executor
[0.635s] DEBUG:colcon.colcon_parallel_executor.executor.parallel:run_until_complete
[0.636s] INFO:colcon.colcon_ros.task.ament_cmake.build:Building ROS package in '/home/user/ros2_ws/antonie_description' with build type 'ament_cmake'
[0.637s] INFO:colcon.colcon_cmake.task.cmake.build:Building CMake package in '/home/user/ros2_ws/antonie_description'
[0.656s] INFO:colcon.colcon_core.plugin_system:Skipping extension 'colcon_core.shell.bat': Not used on non-Windows systems
[0.656s] INFO:colcon.colcon_core.shell:Skip shell extension 'powershell' for command environment: Not usable outside of PowerShell
[0.656s] DEBUG:colcon.colcon_core.shell:Skip shell extension 'dsv' for command environment
[0.680s] INFO:colcon.colcon_ros.task.ament_cmake.build:Building ROS package in '/home/user/ros2_ws/src/wut_gazebo_models' with build type 'ament_cmake'
[0.681s] INFO:colcon.colcon_cmake.task.cmake.build:Building CMake package in '/home/user/ros2_ws/src/wut_gazebo_models'
[0.681s] INFO:colcon.colcon_core.shell:Skip shell extension 'powershell' for command environment: Not usable outside of PowerShell
[0.683s] DEBUG:colcon.colcon_core.shell:Skip shell extension 'dsv' for command environment
[0.709s] DEBUG:colcon.colcon_core.event_handler.log_command:Invoking command in '/home/user/ros2_ws/build/antonie_description': CMAKE_PREFIX_PATH=${CMAKE_PREFIX_PATH}:/home/user/ros2_ws/install/my_manipulator:/opt/ros/jazzy DEBUGINFOD_URLS=https://debuginfod.ubuntu.com /usr/bin/cmake --build /home/user/ros2_ws/build/antonie_description -- -j4 -l4
[0.744s] DEBUG:colcon.colcon_core.event_handler.log_command:Invoking command in '/home/user/ros2_ws/build/wut_gazebo_models': CMAKE_PREFIX_PATH=${CMAKE_PREFIX_PATH}:/home/user/ros2_ws/install/my_manipulator:/opt/ros/jazzy DEBUGINFOD_URLS=https://debuginfod.ubuntu.com /usr/bin/cmake --build /home/user/ros2_ws/build/wut_gazebo_models -- -j4 -l4
[0.903s] DEBUG:colcon.colcon_core.event_handler.log_command:Invoked command in '/home/user/ros2_ws/build/antonie_description' returned '0': CMAKE_PREFIX_PATH=${CMAKE_PREFIX_PATH}:/home/user/ros2_ws/install/my_manipulator:/opt/ros/jazzy DEBUGINFOD_URLS=https://debuginfod.ubuntu.com /usr/bin/cmake --build /home/user/ros2_ws/build/antonie_description -- -j4 -l4
[0.940s] DEBUG:colcon.colcon_core.event_handler.log_command:Invoking command in '/home/user/ros2_ws/build/antonie_description': CMAKE_PREFIX_PATH=${CMAKE_PREFIX_PATH}:/home/user/ros2_ws/install/my_manipulator:/opt/ros/jazzy DEBUGINFOD_URLS=https://debuginfod.ubuntu.com /usr/bin/cmake --install /home/user/ros2_ws/build/antonie_description
[0.949s] DEBUG:colcon.colcon_core.event_handler.log_command:Invoked command in '/home/user/ros2_ws/build/wut_gazebo_models' returned '0': CMAKE_PREFIX_PATH=${CMAKE_PREFIX_PATH}:/home/user/ros2_ws/install/my_manipulator:/opt/ros/jazzy DEBUGINFOD_URLS=https://debuginfod.ubuntu.com /usr/bin/cmake --build /home/user/ros2_ws/build/wut_gazebo_models -- -j4 -l4
[0.950s] DEBUG:colcon.colcon_core.event_handler.log_command:Invoking command in '/home/user/ros2_ws/build/wut_gazebo_models': CMAKE_PREFIX_PATH=${CMAKE_PREFIX_PATH}:/home/user/ros2_ws/install/my_manipulator:/opt/ros/jazzy DEBUGINFOD_URLS=https://debuginfod.ubuntu.com /usr/bin/cmake --install /home/user/ros2_ws/build/wut_gazebo_models
[1.020s] Level 1:colcon.colcon_core.environment:create_environment_scripts_only(wut_gazebo_models)
[1.022s] DEBUG:colcon.colcon_core.event_handler.log_command:Invoked command in '/home/user/ros2_ws/build/wut_gazebo_models' returned '0': CMAKE_PREFIX_PATH=${CMAKE_PREFIX_PATH}:/home/user/ros2_ws/install/my_manipulator:/opt/ros/jazzy DEBUGINFOD_URLS=https://debuginfod.ubuntu.com /usr/bin/cmake --install /home/user/ros2_ws/build/wut_gazebo_models
[1.035s] Level 1:colcon.colcon_core.environment:checking '/home/user/ros2_ws/install/wut_gazebo_models' for CMake module files
[1.035s] Level 1:colcon.colcon_core.environment:checking '/home/user/ros2_ws/install/wut_gazebo_models' for CMake config files
[1.035s] Level 1:colcon.colcon_core.shell:create_environment_hook('wut_gazebo_models', 'cmake_prefix_path')
[1.036s] INFO:colcon.colcon_core.shell:Creating environment hook '/home/user/ros2_ws/install/wut_gazebo_models/share/wut_gazebo_models/hook/cmake_prefix_path.ps1'
[1.037s] INFO:colcon.colcon_core.shell:Creating environment descriptor '/home/user/ros2_ws/install/wut_gazebo_models/share/wut_gazebo_models/hook/cmake_prefix_path.dsv'
[1.038s] INFO:colcon.colcon_core.shell:Creating environment hook '/home/user/ros2_ws/install/wut_gazebo_models/share/wut_gazebo_models/hook/cmake_prefix_path.sh'
[1.039s] Level 1:colcon.colcon_core.environment:checking '/home/user/ros2_ws/install/wut_gazebo_models/bin'
[1.039s] Level 1:colcon.colcon_core.environment:checking '/home/user/ros2_ws/install/wut_gazebo_models/lib/pkgconfig/wut_gazebo_models.pc'
[1.040s] Level 1:colcon.colcon_core.environment:checking '/home/user/ros2_ws/install/wut_gazebo_models/lib/python3.12/site-packages'
[1.042s] Level 1:colcon.colcon_core.environment:checking '/home/user/ros2_ws/install/wut_gazebo_models/bin'
[1.042s] INFO:colcon.colcon_core.shell:Creating package script '/home/user/ros2_ws/install/wut_gazebo_models/share/wut_gazebo_models/package.ps1'
[1.047s] INFO:colcon.colcon_core.shell:Creating package descriptor '/home/user/ros2_ws/install/wut_gazebo_models/share/wut_gazebo_models/package.dsv'
[1.047s] INFO:colcon.colcon_core.shell:Creating package script '/home/user/ros2_ws/install/wut_gazebo_models/share/wut_gazebo_models/package.sh'
[1.048s] INFO:colcon.colcon_core.shell:Creating package script '/home/user/ros2_ws/install/wut_gazebo_models/share/wut_gazebo_models/package.bash'
[1.051s] INFO:colcon.colcon_core.shell:Creating package script '/home/user/ros2_ws/install/wut_gazebo_models/share/wut_gazebo_models/package.zsh'
[1.052s] Level 1:colcon.colcon_core.environment:create_file_with_runtime_dependencies(/home/user/ros2_ws/install/wut_gazebo_models/share/colcon-core/packages/wut_gazebo_models)
[1.053s] Level 1:colcon.colcon_core.environment:create_environment_scripts_only(wut_gazebo_models)
[1.053s] Level 1:colcon.colcon_core.environment:checking '/home/user/ros2_ws/install/wut_gazebo_models' for CMake module files
[1.054s] Level 1:colcon.colcon_core.environment:checking '/home/user/ros2_ws/install/wut_gazebo_models' for CMake config files
[1.054s] Level 1:colcon.colcon_core.shell:create_environment_hook('wut_gazebo_models', 'cmake_prefix_path')
[1.054s] INFO:colcon.colcon_core.shell:Creating environment hook '/home/user/ros2_ws/install/wut_gazebo_models/share/wut_gazebo_models/hook/cmake_prefix_path.ps1'
[1.055s] INFO:colcon.colcon_core.shell:Creating environment descriptor '/home/user/ros2_ws/install/wut_gazebo_models/share/wut_gazebo_models/hook/cmake_prefix_path.dsv'
[1.056s] INFO:colcon.colcon_core.shell:Creating environment hook '/home/user/ros2_ws/install/wut_gazebo_models/share/wut_gazebo_models/hook/cmake_prefix_path.sh'
[1.057s] Level 1:colcon.colcon_core.environment:checking '/home/user/ros2_ws/install/wut_gazebo_models/bin'
[1.057s] Level 1:colcon.colcon_core.environment:checking '/home/user/ros2_ws/install/wut_gazebo_models/lib/pkgconfig/wut_gazebo_models.pc'
[1.057s] Level 1:colcon.colcon_core.environment:checking '/home/user/ros2_ws/install/wut_gazebo_models/lib/python3.12/site-packages'
[1.057s] Level 1:colcon.colcon_core.environment:checking '/home/user/ros2_ws/install/wut_gazebo_models/bin'
[1.057s] INFO:colcon.colcon_core.shell:Creating package script '/home/user/ros2_ws/install/wut_gazebo_models/share/wut_gazebo_models/package.ps1'
[1.058s] INFO:colcon.colcon_core.shell:Creating package descriptor '/home/user/ros2_ws/install/wut_gazebo_models/share/wut_gazebo_models/package.dsv'
[1.058s] INFO:colcon.colcon_core.shell:Creating package script '/home/user/ros2_ws/install/wut_gazebo_models/share/wut_gazebo_models/package.sh'
[1.059s] INFO:colcon.colcon_core.shell:Creating package script '/home/user/ros2_ws/install/wut_gazebo_models/share/wut_gazebo_models/package.bash'
[1.059s] INFO:colcon.colcon_core.shell:Creating package script '/home/user/ros2_ws/install/wut_gazebo_models/share/wut_gazebo_models/package.zsh'
[1.060s] Level 1:colcon.colcon_core.environment:create_file_with_runtime_dependencies(/home/user/ros2_ws/install/wut_gazebo_models/share/colcon-core/packages/wut_gazebo_models)
[1.064s] INFO:colcon.colcon_ros.task.ament_cmake.build:Building ROS package in '/home/user/ros2_ws/src/antonie_gazebo' with build type 'ament_cmake'
[1.064s] INFO:colcon.colcon_cmake.task.cmake.build:Building CMake package in '/home/user/ros2_ws/src/antonie_gazebo'
[1.064s] INFO:colcon.colcon_core.shell:Skip shell extension 'powershell' for command environment: Not usable outside of PowerShell
[1.064s] DEBUG:colcon.colcon_core.shell:Skip shell extension 'dsv' for command environment
[1.088s] Level 1:colcon.colcon_core.environment:create_environment_scripts_only(antonie_description)
[1.088s] Level 1:colcon.colcon_core.environment:checking '/home/user/ros2_ws/install/antonie_description' for CMake module files
[1.097s] DEBUG:colcon.colcon_core.event_handler.log_command:Invoked command in '/home/user/ros2_ws/build/antonie_description' returned '0': CMAKE_PREFIX_PATH=${CMAKE_PREFIX_PATH}:/home/user/ros2_ws/install/my_manipulator:/opt/ros/jazzy DEBUGINFOD_URLS=https://debuginfod.ubuntu.com /usr/bin/cmake --install /home/user/ros2_ws/build/antonie_description
[1.098s] Level 1:colcon.colcon_core.environment:checking '/home/user/ros2_ws/install/antonie_description' for CMake config files
[1.098s] Level 1:colcon.colcon_core.shell:create_environment_hook('antonie_description', 'cmake_prefix_path')
[1.098s] INFO:colcon.colcon_core.shell:Creating environment hook '/home/user/ros2_ws/install/antonie_description/share/antonie_description/hook/cmake_prefix_path.ps1'
[1.106s] INFO:colcon.colcon_core.shell:Creating environment descriptor '/home/user/ros2_ws/install/antonie_description/share/antonie_description/hook/cmake_prefix_path.dsv'
[1.115s] INFO:colcon.colcon_core.shell:Creating environment hook '/home/user/ros2_ws/install/antonie_description/share/antonie_description/hook/cmake_prefix_path.sh'
[1.118s] Level 1:colcon.colcon_core.environment:checking '/home/user/ros2_ws/install/antonie_description/bin'
[1.119s] Level 1:colcon.colcon_core.environment:checking '/home/user/ros2_ws/install/antonie_description/lib/pkgconfig/antonie_description.pc'
[1.120s] Level 1:colcon.colcon_core.environment:checking '/home/user/ros2_ws/install/antonie_description/lib/python3.12/site-packages'
[1.120s] Level 1:colcon.colcon_core.environment:checking '/home/user/ros2_ws/install/antonie_description/bin'
[1.120s] INFO:colcon.colcon_core.shell:Creating package script '/home/user/ros2_ws/install/antonie_description/share/antonie_description/package.ps1'
[1.121s] INFO:colcon.colcon_core.shell:Creating package descriptor '/home/user/ros2_ws/install/antonie_description/share/antonie_description/package.dsv'
[1.121s] INFO:colcon.colcon_core.shell:Creating package script '/home/user/ros2_ws/install/antonie_description/share/antonie_description/package.sh'
[1.122s] INFO:colcon.colcon_core.shell:Creating package script '/home/user/ros2_ws/install/antonie_description/share/antonie_description/package.bash'
[1.122s] INFO:colcon.colcon_core.shell:Creating package script '/home/user/ros2_ws/install/antonie_description/share/antonie_description/package.zsh'
[1.124s] Level 1:colcon.colcon_core.environment:create_file_with_runtime_dependencies(/home/user/ros2_ws/install/antonie_description/share/colcon-core/packages/antonie_description)
[1.124s] Level 1:colcon.colcon_core.environment:create_environment_scripts_only(antonie_description)
[1.124s] Level 1:colcon.colcon_core.environment:checking '/home/user/ros2_ws/install/antonie_description' for CMake module files
[1.124s] Level 1:colcon.colcon_core.environment:checking '/home/user/ros2_ws/install/antonie_description' for CMake config files
[1.125s] Level 1:colcon.colcon_core.shell:create_environment_hook('antonie_description', 'cmake_prefix_path')
[1.125s] INFO:colcon.colcon_core.shell:Creating environment hook '/home/user/ros2_ws/install/antonie_description/share/antonie_description/hook/cmake_prefix_path.ps1'
[1.126s] INFO:colcon.colcon_core.shell:Creating environment descriptor '/home/user/ros2_ws/install/antonie_description/share/antonie_description/hook/cmake_prefix_path.dsv'
[1.129s] INFO:colcon.colcon_core.shell:Creating environment hook '/home/user/ros2_ws/install/antonie_description/share/antonie_description/hook/cmake_prefix_path.sh'
[1.129s] Level 1:colcon.colcon_core.environment:checking '/home/user/ros2_ws/install/antonie_description/bin'
[1.130s] Level 1:colcon.colcon_core.environment:checking '/home/user/ros2_ws/install/antonie_description/lib/pkgconfig/antonie_description.pc'
[1.130s] Level 1:colcon.colcon_core.environment:checking '/home/user/ros2_ws/install/antonie_description/lib/python3.12/site-packages'
[1.130s] Level 1:colcon.colcon_core.environment:checking '/home/user/ros2_ws/install/antonie_description/bin'
[1.130s] INFO:colcon.colcon_core.shell:Creating package script '/home/user/ros2_ws/install/antonie_description/share/antonie_description/package.ps1'
[1.132s] INFO:colcon.colcon_core.shell:Creating package descriptor '/home/user/ros2_ws/install/antonie_description/share/antonie_description/package.dsv'
[1.135s] INFO:colcon.colcon_core.shell:Creating package script '/home/user/ros2_ws/install/antonie_description/share/antonie_description/package.sh'
[1.136s] INFO:colcon.colcon_core.shell:Creating package script '/home/user/ros2_ws/install/antonie_description/share/antonie_description/package.bash'
[1.137s] INFO:colcon.colcon_core.shell:Creating package script '/home/user/ros2_ws/install/antonie_description/share/antonie_description/package.zsh'
[1.137s] Level 1:colcon.colcon_core.environment:create_file_with_runtime_dependencies(/home/user/ros2_ws/install/antonie_description/share/colcon-core/packages/antonie_description)
[1.139s] INFO:colcon.colcon_ros.task.ament_cmake.build:Building ROS package in '/home/user/ros2_ws/antonie_moveit_config' with build type 'ament_cmake'
[1.139s] INFO:colcon.colcon_cmake.task.cmake.build:Building CMake package in '/home/user/ros2_ws/antonie_moveit_config'
[1.139s] INFO:colcon.colcon_core.shell:Skip shell extension 'powershell' for command environment: Not usable outside of PowerShell
[1.139s] DEBUG:colcon.colcon_core.shell:Skip shell extension 'dsv' for command environment
[1.150s] INFO:colcon.colcon_ros.task.ament_python.build:Building ROS package in '/home/user/ros2_ws/my_manipulator' with build type 'ament_python'
[1.150s] Level 1:colcon.colcon_core.shell:create_environment_hook('my_manipulator', 'ament_prefix_path')
[1.150s] INFO:colcon.colcon_core.shell:Creating environment hook '/home/user/ros2_ws/install/my_manipulator/share/my_manipulator/hook/ament_prefix_path.ps1'
[1.156s] INFO:colcon.colcon_core.shell:Creating environment descriptor '/home/user/ros2_ws/install/my_manipulator/share/my_manipulator/hook/ament_prefix_path.dsv'
[1.163s] INFO:colcon.colcon_core.shell:Creating environment hook '/home/user/ros2_ws/install/my_manipulator/share/my_manipulator/hook/ament_prefix_path.sh'
[1.164s] INFO:colcon.colcon_core.shell:Skip shell extension 'powershell' for command environment: Not usable outside of PowerShell
[1.164s] DEBUG:colcon.colcon_core.shell:Skip shell extension 'dsv' for command environment
[1.201s] DEBUG:colcon.colcon_core.event_handler.log_command:Invoking command in '/home/user/ros2_ws/build/antonie_gazebo': CMAKE_PREFIX_PATH=${CMAKE_PREFIX_PATH}:/home/user/ros2_ws/install/my_manipulator:/opt/ros/jazzy DEBUGINFOD_URLS=https://debuginfod.ubuntu.com /usr/bin/cmake --build /home/user/ros2_ws/build/antonie_gazebo -- -j4 -l4
[1.227s] DEBUG:colcon.colcon_core.event_handler.log_command:Invoking command in '/home/user/ros2_ws/build/antonie_moveit_config': CMAKE_PREFIX_PATH=/home/user/ros2_ws/install/antonie_description:/home/user/ros2_ws/install/wut_gazebo_models:/home/user/ros2_ws/install/antonie_gazebo:/home/user/ros2_ws/install/antonie_moveit_config:/opt/ros/jazzy/opt/gz_sim_vendor:/opt/ros/jazzy/opt/gz_sensors_vendor:/opt/ros/jazzy/opt/gz_physics_vendor:/opt/ros/jazzy/opt/sdformat_vendor:/opt/ros/jazzy/opt/gz_gui_vendor:/opt/ros/jazzy/opt/gz_transport_vendor:/opt/ros/jazzy/opt/gz_rendering_vendor:/opt/ros/jazzy/opt/gz_plugin_vendor:/opt/ros/jazzy/opt/gz_fuel_tools_vendor:/opt/ros/jazzy/opt/gz_msgs_vendor:/opt/ros/jazzy/opt/gz_common_vendor:/opt/ros/jazzy/opt/gz_math_vendor:/opt/ros/jazzy/opt/gz_utils_vendor:/opt/ros/jazzy/opt/gz_tools_vendor:/opt/ros/jazzy/opt/gz_ogre_next_vendor:/opt/ros/jazzy/opt/gz_dartsim_vendor:/opt/ros/jazzy/opt/gz_cmake_vendor:/home/user/ros2_ws/install/my_manipulator:/opt/ros/jazzy DEBUGINFOD_URLS=https://debuginfod.ubuntu.com /usr/bin/cmake --build /home/user/ros2_ws/build/antonie_moveit_config -- -j4 -l4
[1.804s] INFO:colcon.colcon_core.task.python.build:Building Python package in '/home/user/ros2_ws/my_manipulator'
[1.808s] INFO:colcon.colcon_core.shell:Skip shell extension 'powershell' for command environment: Not usable outside of PowerShell
[1.808s] DEBUG:colcon.colcon_core.shell:Skip shell extension 'dsv' for command environment
[1.863s] DEBUG:colcon.colcon_core.event_handler.log_command:Invoked command in '/home/user/ros2_ws/build/antonie_gazebo' returned '0': CMAKE_PREFIX_PATH=${CMAKE_PREFIX_PATH}:/home/user/ros2_ws/install/my_manipulator:/opt/ros/jazzy DEBUGINFOD_URLS=https://debuginfod.ubuntu.com /usr/bin/cmake --build /home/user/ros2_ws/build/antonie_gazebo -- -j4 -l4
[1.864s] DEBUG:colcon.colcon_core.event_handler.log_command:Invoking command in '/home/user/ros2_ws/build/antonie_gazebo': CMAKE_PREFIX_PATH=${CMAKE_PREFIX_PATH}:/home/user/ros2_ws/install/my_manipulator:/opt/ros/jazzy DEBUGINFOD_URLS=https://debuginfod.ubuntu.com /usr/bin/cmake --install /home/user/ros2_ws/build/antonie_gazebo
[1.878s] DEBUG:colcon.colcon_core.event_handler.log_command:Invoked command in '/home/user/ros2_ws/build/antonie_moveit_config' returned '0': CMAKE_PREFIX_PATH=/home/user/ros2_ws/install/antonie_description:/home/user/ros2_ws/install/wut_gazebo_models:/home/user/ros2_ws/install/antonie_gazebo:/home/user/ros2_ws/install/antonie_moveit_config:/opt/ros/jazzy/opt/gz_sim_vendor:/opt/ros/jazzy/opt/gz_sensors_vendor:/opt/ros/jazzy/opt/gz_physics_vendor:/opt/ros/jazzy/opt/sdformat_vendor:/opt/ros/jazzy/opt/gz_gui_vendor:/opt/ros/jazzy/opt/gz_transport_vendor:/opt/ros/jazzy/opt/gz_rendering_vendor:/opt/ros/jazzy/opt/gz_plugin_vendor:/opt/ros/jazzy/opt/gz_fuel_tools_vendor:/opt/ros/jazzy/opt/gz_msgs_vendor:/opt/ros/jazzy/opt/gz_common_vendor:/opt/ros/jazzy/opt/gz_math_vendor:/opt/ros/jazzy/opt/gz_utils_vendor:/opt/ros/jazzy/opt/gz_tools_vendor:/opt/ros/jazzy/opt/gz_ogre_next_vendor:/opt/ros/jazzy/opt/gz_dartsim_vendor:/opt/ros/jazzy/opt/gz_cmake_vendor:/home/user/ros2_ws/install/my_manipulator:/opt/ros/jazzy DEBUGINFOD_URLS=https://debuginfod.ubuntu.com /usr/bin/cmake --build /home/user/ros2_ws/build/antonie_moveit_config -- -j4 -l4
[1.882s] DEBUG:colcon.colcon_core.event_handler.log_command:Invoking command in '/home/user/ros2_ws/build/antonie_moveit_config': CMAKE_PREFIX_PATH=/home/user/ros2_ws/install/antonie_description:/home/user/ros2_ws/install/wut_gazebo_models:/home/user/ros2_ws/install/antonie_gazebo:/home/user/ros2_ws/install/antonie_moveit_config:/opt/ros/jazzy/opt/gz_sim_vendor:/opt/ros/jazzy/opt/gz_sensors_vendor:/opt/ros/jazzy/opt/gz_physics_vendor:/opt/ros/jazzy/opt/sdformat_vendor:/opt/ros/jazzy/opt/gz_gui_vendor:/opt/ros/jazzy/opt/gz_transport_vendor:/opt/ros/jazzy/opt/gz_rendering_vendor:/opt/ros/jazzy/opt/gz_plugin_vendor:/opt/ros/jazzy/opt/gz_fuel_tools_vendor:/opt/ros/jazzy/opt/gz_msgs_vendor:/opt/ros/jazzy/opt/gz_common_vendor:/opt/ros/jazzy/opt/gz_math_vendor:/opt/ros/jazzy/opt/gz_utils_vendor:/opt/ros/jazzy/opt/gz_tools_vendor:/opt/ros/jazzy/opt/gz_ogre_next_vendor:/opt/ros/jazzy/opt/gz_dartsim_vendor:/opt/ros/jazzy/opt/gz_cmake_vendor:/home/user/ros2_ws/install/my_manipulator:/opt/ros/jazzy DEBUGINFOD_URLS=https://debuginfod.ubuntu.com /usr/bin/cmake --install /home/user/ros2_ws/build/antonie_moveit_config
[2.028s] Level 1:colcon.colcon_core.environment:create_environment_scripts_only(antonie_gazebo)
[2.028s] Level 1:colcon.colcon_core.environment:checking '/home/user/ros2_ws/install/antonie_gazebo' for CMake module files
[2.045s] Level 1:colcon.colcon_core.environment:checking '/home/user/ros2_ws/install/antonie_gazebo' for CMake config files
[2.045s] Level 1:colcon.colcon_core.shell:create_environment_hook('antonie_gazebo', 'cmake_prefix_path')
[2.045s] INFO:colcon.colcon_core.shell:Creating environment hook '/home/user/ros2_ws/install/antonie_gazebo/share/antonie_gazebo/hook/cmake_prefix_path.ps1'
[2.055s] DEBUG:colcon.colcon_core.event_handler.log_command:Invoked command in '/home/user/ros2_ws/build/antonie_gazebo' returned '0': CMAKE_PREFIX_PATH=${CMAKE_PREFIX_PATH}:/home/user/ros2_ws/install/my_manipulator:/opt/ros/jazzy DEBUGINFOD_URLS=https://debuginfod.ubuntu.com /usr/bin/cmake --install /home/user/ros2_ws/build/antonie_gazebo
[2.067s] INFO:colcon.colcon_core.shell:Creating environment descriptor '/home/user/ros2_ws/install/antonie_gazebo/share/antonie_gazebo/hook/cmake_prefix_path.dsv'
[2.072s] INFO:colcon.colcon_core.shell:Creating environment hook '/home/user/ros2_ws/install/antonie_gazebo/share/antonie_gazebo/hook/cmake_prefix_path.sh'
[2.080s] Level 1:colcon.colcon_core.environment:checking '/home/user/ros2_ws/install/antonie_gazebo/bin'
[2.080s] Level 1:colcon.colcon_core.environment:checking '/home/user/ros2_ws/install/antonie_gazebo/lib/pkgconfig/antonie_gazebo.pc'
[2.081s] Level 1:colcon.colcon_core.environment:checking '/home/user/ros2_ws/install/antonie_gazebo/lib/python3.12/site-packages'
[2.081s] Level 1:colcon.colcon_core.environment:checking '/home/user/ros2_ws/install/antonie_gazebo/bin'
[2.082s] INFO:colcon.colcon_core.shell:Creating package script '/home/user/ros2_ws/install/antonie_gazebo/share/antonie_gazebo/package.ps1'
[2.085s] INFO:colcon.colcon_core.shell:Creating package descriptor '/home/user/ros2_ws/install/antonie_gazebo/share/antonie_gazebo/package.dsv'
[2.089s] INFO:colcon.colcon_core.shell:Creating package script '/home/user/ros2_ws/install/antonie_gazebo/share/antonie_gazebo/package.sh'
[2.091s] INFO:colcon.colcon_core.shell:Creating package script '/home/user/ros2_ws/install/antonie_gazebo/share/antonie_gazebo/package.bash'
[2.095s] INFO:colcon.colcon_core.shell:Creating package script '/home/user/ros2_ws/install/antonie_gazebo/share/antonie_gazebo/package.zsh'
[2.101s] Level 1:colcon.colcon_core.environment:create_file_with_runtime_dependencies(/home/user/ros2_ws/install/antonie_gazebo/share/colcon-core/packages/antonie_gazebo)
[2.111s] Level 1:colcon.colcon_core.environment:create_environment_scripts_only(antonie_gazebo)
[2.111s] Level 1:colcon.colcon_core.environment:checking '/home/user/ros2_ws/install/antonie_gazebo' for CMake module files
[2.120s] Level 1:colcon.colcon_core.environment:checking '/home/user/ros2_ws/install/antonie_gazebo' for CMake config files
[2.121s] Level 1:colcon.colcon_core.shell:create_environment_hook('antonie_gazebo', 'cmake_prefix_path')
[2.121s] INFO:colcon.colcon_core.shell:Creating environment hook '/home/user/ros2_ws/install/antonie_gazebo/share/antonie_gazebo/hook/cmake_prefix_path.ps1'
[2.121s] INFO:colcon.colcon_core.shell:Creating environment descriptor '/home/user/ros2_ws/install/antonie_gazebo/share/antonie_gazebo/hook/cmake_prefix_path.dsv'
[2.133s] INFO:colcon.colcon_core.shell:Creating environment hook '/home/user/ros2_ws/install/antonie_gazebo/share/antonie_gazebo/hook/cmake_prefix_path.sh'
[2.141s] Level 1:colcon.colcon_core.environment:checking '/home/user/ros2_ws/install/antonie_gazebo/bin'
[2.141s] Level 1:colcon.colcon_core.environment:checking '/home/user/ros2_ws/install/antonie_gazebo/lib/pkgconfig/antonie_gazebo.pc'
[2.141s] Level 1:colcon.colcon_core.environment:checking '/home/user/ros2_ws/install/antonie_gazebo/lib/python3.12/site-packages'
[2.141s] Level 1:colcon.colcon_core.environment:checking '/home/user/ros2_ws/install/antonie_gazebo/bin'
[2.142s] INFO:colcon.colcon_core.shell:Creating package script '/home/user/ros2_ws/install/antonie_gazebo/share/antonie_gazebo/package.ps1'
[2.142s] INFO:colcon.colcon_core.shell:Creating package descriptor '/home/user/ros2_ws/install/antonie_gazebo/share/antonie_gazebo/package.dsv'
[2.144s] INFO:colcon.colcon_core.shell:Creating package script '/home/user/ros2_ws/install/antonie_gazebo/share/antonie_gazebo/package.sh'
[2.145s] INFO:colcon.colcon_core.shell:Creating package script '/home/user/ros2_ws/install/antonie_gazebo/share/antonie_gazebo/package.bash'
[2.151s] INFO:colcon.colcon_core.shell:Creating package script '/home/user/ros2_ws/install/antonie_gazebo/share/antonie_gazebo/package.zsh'
[2.154s] Level 1:colcon.colcon_core.environment:create_file_with_runtime_dependencies(/home/user/ros2_ws/install/antonie_gazebo/share/colcon-core/packages/antonie_gazebo)
[2.209s] Level 1:colcon.colcon_core.environment:create_environment_scripts_only(antonie_moveit_config)
[2.209s] Level 1:colcon.colcon_core.environment:checking '/home/user/ros2_ws/install/antonie_moveit_config' for CMake module files
[2.210s] Level 1:colcon.colcon_core.environment:checking '/home/user/ros2_ws/install/antonie_moveit_config' for CMake config files
[2.211s] DEBUG:colcon.colcon_core.event_handler.log_command:Invoked command in '/home/user/ros2_ws/build/antonie_moveit_config' returned '0': CMAKE_PREFIX_PATH=/home/user/ros2_ws/install/antonie_description:/home/user/ros2_ws/install/wut_gazebo_models:/home/user/ros2_ws/install/antonie_gazebo:/home/user/ros2_ws/install/antonie_moveit_config:/opt/ros/jazzy/opt/gz_sim_vendor:/opt/ros/jazzy/opt/gz_sensors_vendor:/opt/ros/jazzy/opt/gz_physics_vendor:/opt/ros/jazzy/opt/sdformat_vendor:/opt/ros/jazzy/opt/gz_gui_vendor:/opt/ros/jazzy/opt/gz_transport_vendor:/opt/ros/jazzy/opt/gz_rendering_vendor:/opt/ros/jazzy/opt/gz_plugin_vendor:/opt/ros/jazzy/opt/gz_fuel_tools_vendor:/opt/ros/jazzy/opt/gz_msgs_vendor:/opt/ros/jazzy/opt/gz_common_vendor:/opt/ros/jazzy/opt/gz_math_vendor:/opt/ros/jazzy/opt/gz_utils_vendor:/opt/ros/jazzy/opt/gz_tools_vendor:/opt/ros/jazzy/opt/gz_ogre_next_vendor:/opt/ros/jazzy/opt/gz_dartsim_vendor:/opt/ros/jazzy/opt/gz_cmake_vendor:/home/user/ros2_ws/install/my_manipulator:/opt/ros/jazzy DEBUGINFOD_URLS=https://debuginfod.ubuntu.com /usr/bin/cmake --install /home/user/ros2_ws/build/antonie_moveit_config
[2.215s] Level 1:colcon.colcon_core.shell:create_environment_hook('antonie_moveit_config', 'cmake_prefix_path')
[2.218s] INFO:colcon.colcon_core.shell:Creating environment hook '/home/user/ros2_ws/install/antonie_moveit_config/share/antonie_moveit_config/hook/cmake_prefix_path.ps1'
[2.225s] INFO:colcon.colcon_core.shell:Creating environment descriptor '/home/user/ros2_ws/install/antonie_moveit_config/share/antonie_moveit_config/hook/cmake_prefix_path.dsv'
[2.227s] INFO:colcon.colcon_core.shell:Creating environment hook '/home/user/ros2_ws/install/antonie_moveit_config/share/antonie_moveit_config/hook/cmake_prefix_path.sh'
[2.231s] Level 1:colcon.colcon_core.environment:checking '/home/user/ros2_ws/install/antonie_moveit_config/bin'
[2.231s] Level 1:colcon.colcon_core.environment:checking '/home/user/ros2_ws/install/antonie_moveit_config/lib/pkgconfig/antonie_moveit_config.pc'
[2.232s] Level 1:colcon.colcon_core.environment:checking '/home/user/ros2_ws/install/antonie_moveit_config/lib/python3.12/site-packages'
[2.232s] Level 1:colcon.colcon_core.environment:checking '/home/user/ros2_ws/install/antonie_moveit_config/bin'
[2.233s] INFO:colcon.colcon_core.shell:Creating package script '/home/user/ros2_ws/install/antonie_moveit_config/share/antonie_moveit_config/package.ps1'
[2.233s] INFO:colcon.colcon_core.shell:Creating package descriptor '/home/user/ros2_ws/install/antonie_moveit_config/share/antonie_moveit_config/package.dsv'
[2.234s] INFO:colcon.colcon_core.shell:Creating package script '/home/user/ros2_ws/install/antonie_moveit_config/share/antonie_moveit_config/package.sh'
[2.235s] INFO:colcon.colcon_core.shell:Creating package script '/home/user/ros2_ws/install/antonie_moveit_config/share/antonie_moveit_config/package.bash'
[2.235s] INFO:colcon.colcon_core.shell:Creating package script '/home/user/ros2_ws/install/antonie_moveit_config/share/antonie_moveit_config/package.zsh'
[2.235s] Level 1:colcon.colcon_core.environment:create_file_with_runtime_dependencies(/home/user/ros2_ws/install/antonie_moveit_config/share/colcon-core/packages/antonie_moveit_config)
[2.236s] Level 1:colcon.colcon_core.environment:create_environment_scripts_only(antonie_moveit_config)
[2.236s] Level 1:colcon.colcon_core.environment:checking '/home/user/ros2_ws/install/antonie_moveit_config' for CMake module files
[2.236s] Level 1:colcon.colcon_core.environment:checking '/home/user/ros2_ws/install/antonie_moveit_config' for CMake config files
[2.237s] Level 1:colcon.colcon_core.shell:create_environment_hook('antonie_moveit_config', 'cmake_prefix_path')
[2.237s] INFO:colcon.colcon_core.shell:Creating environment hook '/home/user/ros2_ws/install/antonie_moveit_config/share/antonie_moveit_config/hook/cmake_prefix_path.ps1'
[2.237s] INFO:colcon.colcon_core.shell:Creating environment descriptor '/home/user/ros2_ws/install/antonie_moveit_config/share/antonie_moveit_config/hook/cmake_prefix_path.dsv'
[2.237s] INFO:colcon.colcon_core.shell:Creating environment hook '/home/user/ros2_ws/install/antonie_moveit_config/share/antonie_moveit_config/hook/cmake_prefix_path.sh'
[2.238s] Level 1:colcon.colcon_core.environment:checking '/home/user/ros2_ws/install/antonie_moveit_config/bin'
[2.238s] Level 1:colcon.colcon_core.environment:checking '/home/user/ros2_ws/install/antonie_moveit_config/lib/pkgconfig/antonie_moveit_config.pc'
[2.238s] Level 1:colcon.colcon_core.environment:checking '/home/user/ros2_ws/install/antonie_moveit_config/lib/python3.12/site-packages'
[2.238s] Level 1:colcon.colcon_core.environment:checking '/home/user/ros2_ws/install/antonie_moveit_config/bin'
[2.238s] INFO:colcon.colcon_core.shell:Creating package script '/home/user/ros2_ws/install/antonie_moveit_config/share/antonie_moveit_config/package.ps1'
[2.239s] INFO:colcon.colcon_core.shell:Creating package descriptor '/home/user/ros2_ws/install/antonie_moveit_config/share/antonie_moveit_config/package.dsv'
[2.239s] INFO:colcon.colcon_core.shell:Creating package script '/home/user/ros2_ws/install/antonie_moveit_config/share/antonie_moveit_config/package.sh'
[2.240s] INFO:colcon.colcon_core.shell:Creating package script '/home/user/ros2_ws/install/antonie_moveit_config/share/antonie_moveit_config/package.bash'
[2.240s] INFO:colcon.colcon_core.shell:Creating package script '/home/user/ros2_ws/install/antonie_moveit_config/share/antonie_moveit_config/package.zsh'
[2.240s] Level 1:colcon.colcon_core.environment:create_file_with_runtime_dependencies(/home/user/ros2_ws/install/antonie_moveit_config/share/colcon-core/packages/antonie_moveit_config)
[4.012s] DEBUG:colcon.colcon_core.event_handler.log_command:Invoking command in '/home/user/ros2_ws/build/my_manipulator': CMAKE_PREFIX_PATH=/home/user/ros2_ws/install/antonie_description:/home/user/ros2_ws/install/wut_gazebo_models:/home/user/ros2_ws/install/antonie_gazebo:/home/user/ros2_ws/install/antonie_moveit_config:/opt/ros/jazzy/opt/gz_sim_vendor:/opt/ros/jazzy/opt/gz_sensors_vendor:/opt/ros/jazzy/opt/gz_physics_vendor:/opt/ros/jazzy/opt/sdformat_vendor:/opt/ros/jazzy/opt/gz_gui_vendor:/opt/ros/jazzy/opt/gz_transport_vendor:/opt/ros/jazzy/opt/gz_rendering_vendor:/opt/ros/jazzy/opt/gz_plugin_vendor:/opt/ros/jazzy/opt/gz_fuel_tools_vendor:/opt/ros/jazzy/opt/gz_msgs_vendor:/opt/ros/jazzy/opt/gz_common_vendor:/opt/ros/jazzy/opt/gz_math_vendor:/opt/ros/jazzy/opt/gz_utils_vendor:/opt/ros/jazzy/opt/gz_tools_vendor:/opt/ros/jazzy/opt/gz_ogre_next_vendor:/opt/ros/jazzy/opt/gz_dartsim_vendor:/opt/ros/jazzy/opt/gz_cmake_vendor DEBUGINFOD_URLS=https://debuginfod.ubuntu.com PYTHONPATH=/home/user/ros2_ws/build/my_manipulator/prefix_override:/usr/lib/python3/dist-packages/colcon_core/task/python/colcon_distutils_commands:/home/user/ros2_ws/install/my_manipulator/lib/python3.12/site-packages:${PYTHONPATH} /usr/bin/python3 -W ignore:setup.py install is deprecated -W ignore:easy_install command is deprecated setup.py develop --editable --build-directory /home/user/ros2_ws/build/my_manipulator/build --no-deps symlink_data
[5.849s] Level 1:colcon.colcon_core.shell:create_environment_hook('my_manipulator', 'pythonpath_develop')
[5.849s] INFO:colcon.colcon_core.shell:Creating environment hook '/home/user/ros2_ws/build/my_manipulator/share/my_manipulator/hook/pythonpath_develop.ps1'
[5.850s] DEBUG:colcon.colcon_core.event_handler.log_command:Invoked command in '/home/user/ros2_ws/build/my_manipulator' returned '0': CMAKE_PREFIX_PATH=/home/user/ros2_ws/install/antonie_description:/home/user/ros2_ws/install/wut_gazebo_models:/home/user/ros2_ws/install/antonie_gazebo:/home/user/ros2_ws/install/antonie_moveit_config:/opt/ros/jazzy/opt/gz_sim_vendor:/opt/ros/jazzy/opt/gz_sensors_vendor:/opt/ros/jazzy/opt/gz_physics_vendor:/opt/ros/jazzy/opt/sdformat_vendor:/opt/ros/jazzy/opt/gz_gui_vendor:/opt/ros/jazzy/opt/gz_transport_vendor:/opt/ros/jazzy/opt/gz_rendering_vendor:/opt/ros/jazzy/opt/gz_plugin_vendor:/opt/ros/jazzy/opt/gz_fuel_tools_vendor:/opt/ros/jazzy/opt/gz_msgs_vendor:/opt/ros/jazzy/opt/gz_common_vendor:/opt/ros/jazzy/opt/gz_math_vendor:/opt/ros/jazzy/opt/gz_utils_vendor:/opt/ros/jazzy/opt/gz_tools_vendor:/opt/ros/jazzy/opt/gz_ogre_next_vendor:/opt/ros/jazzy/opt/gz_dartsim_vendor:/opt/ros/jazzy/opt/gz_cmake_vendor DEBUGINFOD_URLS=https://debuginfod.ubuntu.com PYTHONPATH=/home/user/ros2_ws/build/my_manipulator/prefix_override:/usr/lib/python3/dist-packages/colcon_core/task/python/colcon_distutils_commands:/home/user/ros2_ws/install/my_manipulator/lib/python3.12/site-packages:${PYTHONPATH} /usr/bin/python3 -W ignore:setup.py install is deprecated -W ignore:easy_install command is deprecated setup.py develop --editable --build-directory /home/user/ros2_ws/build/my_manipulator/build --no-deps symlink_data
[5.851s] INFO:colcon.colcon_core.shell:Creating environment descriptor '/home/user/ros2_ws/build/my_manipulator/share/my_manipulator/hook/pythonpath_develop.dsv'
[5.852s] INFO:colcon.colcon_core.shell:Creating environment hook '/home/user/ros2_ws/build/my_manipulator/share/my_manipulator/hook/pythonpath_develop.sh'
[5.853s] Level 1:colcon.colcon_core.environment:checking '/home/user/ros2_ws/install/my_manipulator' for CMake module files
[5.856s] Level 1:colcon.colcon_core.environment:checking '/home/user/ros2_ws/install/my_manipulator' for CMake config files
[5.858s] Level 1:colcon.colcon_core.environment:checking '/home/user/ros2_ws/install/my_manipulator/lib'
[5.859s] Level 1:colcon.colcon_core.environment:checking '/home/user/ros2_ws/install/my_manipulator/bin'
[5.859s] Level 1:colcon.colcon_core.environment:checking '/home/user/ros2_ws/install/my_manipulator/lib/pkgconfig/my_manipulator.pc'
[5.860s] Level 1:colcon.colcon_core.environment:checking '/home/user/ros2_ws/install/my_manipulator/lib/python3.12/site-packages'
[5.860s] Level 1:colcon.colcon_core.shell:create_environment_hook('my_manipulator', 'pythonpath')
[5.860s] INFO:colcon.colcon_core.shell:Creating environment hook '/home/user/ros2_ws/install/my_manipulator/share/my_manipulator/hook/pythonpath.ps1'
[5.861s] INFO:colcon.colcon_core.shell:Creating environment descriptor '/home/user/ros2_ws/install/my_manipulator/share/my_manipulator/hook/pythonpath.dsv'
[5.863s] INFO:colcon.colcon_core.shell:Creating environment hook '/home/user/ros2_ws/install/my_manipulator/share/my_manipulator/hook/pythonpath.sh'
[5.864s] Level 1:colcon.colcon_core.environment:checking '/home/user/ros2_ws/install/my_manipulator/bin'
[5.864s] Level 1:colcon.colcon_core.environment:create_environment_scripts_only(my_manipulator)
[5.865s] INFO:colcon.colcon_core.shell:Creating package script '/home/user/ros2_ws/install/my_manipulator/share/my_manipulator/package.ps1'
[5.865s] INFO:colcon.colcon_core.shell:Creating package descriptor '/home/user/ros2_ws/install/my_manipulator/share/my_manipulator/package.dsv'
[5.868s] INFO:colcon.colcon_core.shell:Creating package script '/home/user/ros2_ws/install/my_manipulator/share/my_manipulator/package.sh'
[5.871s] INFO:colcon.colcon_core.shell:Creating package script '/home/user/ros2_ws/install/my_manipulator/share/my_manipulator/package.bash'
[5.871s] INFO:colcon.colcon_core.shell:Creating package script '/home/user/ros2_ws/install/my_manipulator/share/my_manipulator/package.zsh'
[5.872s] Level 1:colcon.colcon_core.environment:create_file_with_runtime_dependencies(/home/user/ros2_ws/install/my_manipulator/share/colcon-core/packages/my_manipulator)
[5.873s] DEBUG:colcon.colcon_parallel_executor.executor.parallel:closing loop
[5.874s] DEBUG:colcon.colcon_parallel_executor.executor.parallel:loop closed
[5.874s] DEBUG:colcon.colcon_parallel_executor.executor.parallel:run_until_complete finished with '0'
[5.874s] DEBUG:colcon.colcon_core.event_reactor:joining thread
[5.891s] INFO:colcon.colcon_core.plugin_system:Skipping extension 'colcon_notification.desktop_notification.terminal_notifier': Not used on non-Darwin systems
[5.891s] INFO:colcon.colcon_core.plugin_system:Skipping extension 'colcon_notification.desktop_notification.win32': Not used on non-Windows systems
[5.892s] INFO:colcon.colcon_notification.desktop_notification:Sending desktop notification using 'notify2'
[5.948s] DEBUG:colcon.colcon_core.event_reactor:joined thread
[5.948s] INFO:colcon.colcon_core.shell:Creating prefix script '/home/user/ros2_ws/install/local_setup.ps1'
[5.949s] INFO:colcon.colcon_core.shell:Creating prefix util module '/home/user/ros2_ws/install/_local_setup_util_ps1.py'
[5.955s] INFO:colcon.colcon_core.shell:Creating prefix chain script '/home/user/ros2_ws/install/setup.ps1'
[5.963s] INFO:colcon.colcon_core.shell:Creating prefix script '/home/user/ros2_ws/install/local_setup.sh'
[5.964s] INFO:colcon.colcon_core.shell:Creating prefix util module '/home/user/ros2_ws/install/_local_setup_util_sh.py'
[5.965s] INFO:colcon.colcon_core.shell:Creating prefix chain script '/home/user/ros2_ws/install/setup.sh'
[5.966s] INFO:colcon.colcon_core.shell:Creating prefix script '/home/user/ros2_ws/install/local_setup.bash'
[5.966s] INFO:colcon.colcon_core.shell:Creating prefix chain script '/home/user/ros2_ws/install/setup.bash'
[5.967s] INFO:colcon.colcon_core.shell:Creating prefix script '/home/user/ros2_ws/install/local_setup.zsh'
[5.968s] INFO:colcon.colcon_core.shell:Creating prefix chain script '/home/user/ros2_ws/install/setup.zsh'
