[0.630s] Invoking command in '/home/user/ros2_ws/my_manipulator': CMAKE_PREFIX_PATH=/home/user/ros2_ws/install/antonie_description:/home/user/ros2_ws/install/wut_gazebo_models:/home/user/ros2_ws/install/antonie_gazebo:/home/user/ros2_ws/install/antonie_moveit_config:/opt/ros/jazzy/opt/gz_sim_vendor:/opt/ros/jazzy/opt/gz_sensors_vendor:/opt/ros/jazzy/opt/gz_physics_vendor:/opt/ros/jazzy/opt/sdformat_vendor:/opt/ros/jazzy/opt/gz_gui_vendor:/opt/ros/jazzy/opt/gz_transport_vendor:/opt/ros/jazzy/opt/gz_rendering_vendor:/opt/ros/jazzy/opt/gz_plugin_vendor:/opt/ros/jazzy/opt/gz_fuel_tools_vendor:/opt/ros/jazzy/opt/gz_msgs_vendor:/opt/ros/jazzy/opt/gz_common_vendor:/opt/ros/jazzy/opt/gz_math_vendor:/opt/ros/jazzy/opt/gz_utils_vendor:/opt/ros/jazzy/opt/gz_tools_vendor:/opt/ros/jazzy/opt/gz_ogre_next_vendor:/opt/ros/jazzy/opt/gz_dartsim_vendor:/opt/ros/jazzy/opt/gz_cmake_vendor DEBUGINFOD_URLS=https://debuginfod.ubuntu.com PYTHONPATH=/home/user/ros2_ws/build/my_manipulator/prefix_override:/usr/lib/python3/dist-packages/colcon_core/task/python/colcon_distutils_commands:/home/user/ros2_ws/install/my_manipulator/lib/python3.12/site-packages:${PYTHONPATH} /usr/bin/python3 -W ignore:setup.py install is deprecated -W ignore:easy_install command is deprecated setup.py egg_info --egg-base ../build/my_manipulator build --build-base /home/user/ros2_ws/build/my_manipulator/build install --record /home/user/ros2_ws/build/my_manipulator/install.log --single-version-externally-managed install_data
[0.824s] running egg_info
[0.826s] creating ../build/my_manipulator/my_manipulator.egg-info
[0.841s] writing ../build/my_manipulator/my_manipulator.egg-info/PKG-INFO
[0.841s] writing dependency_links to ../build/my_manipulator/my_manipulator.egg-info/dependency_links.txt
[0.841s] writing entry points to ../build/my_manipulator/my_manipulator.egg-info/entry_points.txt
[0.841s] writing requirements to ../build/my_manipulator/my_manipulator.egg-info/requires.txt
[0.841s] writing top-level names to ../build/my_manipulator/my_manipulator.egg-info/top_level.txt
[0.841s] writing manifest file '../build/my_manipulator/my_manipulator.egg-info/SOURCES.txt'
[0.871s] reading manifest file '../build/my_manipulator/my_manipulator.egg-info/SOURCES.txt'
[0.871s] adding license file 'LICENSE'
[0.872s] writing manifest file '../build/my_manipulator/my_manipulator.egg-info/SOURCES.txt'
[0.873s] running build
[0.873s] running build_py
[0.873s] creating /home/user/ros2_ws/build/my_manipulator/build
[0.873s] creating /home/user/ros2_ws/build/my_manipulator/build/lib
[0.874s] creating /home/user/ros2_ws/build/my_manipulator/build/lib/my_manipulator
[0.874s] copying my_manipulator/gripper_control.py -> /home/user/ros2_ws/build/my_manipulator/build/lib/my_manipulator
[0.874s] copying my_manipulator/__init__.py -> /home/user/ros2_ws/build/my_manipulator/build/lib/my_manipulator
[0.874s] copying my_manipulator/trajectory_publisher.py -> /home/user/ros2_ws/build/my_manipulator/build/lib/my_manipulator
[0.874s] copying my_manipulator/moveit_py_example.py -> /home/user/ros2_ws/build/my_manipulator/build/lib/my_manipulator
[0.874s] running install
[0.878s] running install_lib
[0.895s] creating /home/user/ros2_ws/install/my_manipulator/lib/python3.12/site-packages/my_manipulator
[0.895s] copying /home/user/ros2_ws/build/my_manipulator/build/lib/my_manipulator/gripper_control.py -> /home/user/ros2_ws/install/my_manipulator/lib/python3.12/site-packages/my_manipulator
[0.895s] copying /home/user/ros2_ws/build/my_manipulator/build/lib/my_manipulator/__init__.py -> /home/user/ros2_ws/install/my_manipulator/lib/python3.12/site-packages/my_manipulator
[0.895s] copying /home/user/ros2_ws/build/my_manipulator/build/lib/my_manipulator/trajectory_publisher.py -> /home/user/ros2_ws/install/my_manipulator/lib/python3.12/site-packages/my_manipulator
[0.895s] copying /home/user/ros2_ws/build/my_manipulator/build/lib/my_manipulator/moveit_py_example.py -> /home/user/ros2_ws/install/my_manipulator/lib/python3.12/site-packages/my_manipulator
[0.895s] byte-compiling /home/user/ros2_ws/install/my_manipulator/lib/python3.12/site-packages/my_manipulator/gripper_control.py to gripper_control.cpython-312.pyc
[0.896s] byte-compiling /home/user/ros2_ws/install/my_manipulator/lib/python3.12/site-packages/my_manipulator/__init__.py to __init__.cpython-312.pyc
[0.896s] byte-compiling /home/user/ros2_ws/install/my_manipulator/lib/python3.12/site-packages/my_manipulator/trajectory_publisher.py to trajectory_publisher.cpython-312.pyc
[0.897s] byte-compiling /home/user/ros2_ws/install/my_manipulator/lib/python3.12/site-packages/my_manipulator/moveit_py_example.py to moveit_py_example.cpython-312.pyc
[0.898s] running install_data
[0.898s] creating /home/user/ros2_ws/install/my_manipulator/share/ament_index
[0.898s] creating /home/user/ros2_ws/install/my_manipulator/share/ament_index/resource_index
[0.898s] creating /home/user/ros2_ws/install/my_manipulator/share/ament_index/resource_index/packages
[0.898s] copying resource/my_manipulator -> /home/user/ros2_ws/install/my_manipulator/share/ament_index/resource_index/packages
[0.898s] copying package.xml -> /home/user/ros2_ws/install/my_manipulator/share/my_manipulator
[0.898s] creating /home/user/ros2_ws/install/my_manipulator/share/my_manipulator/launch
[0.898s] copying launch/display.launch.py -> /home/user/ros2_ws/install/my_manipulator/share/my_manipulator/launch
[0.898s] copying launch/moveit_py_node.launch.py -> /home/user/ros2_ws/install/my_manipulator/share/my_manipulator/launch
[0.898s] creating /home/user/ros2_ws/install/my_manipulator/share/my_manipulator/config
[0.899s] copying config/ompl_planning.yaml -> /home/user/ros2_ws/install/my_manipulator/share/my_manipulator/config
[0.899s] copying config/moveit_py.yaml -> /home/user/ros2_ws/install/my_manipulator/share/my_manipulator/config
[0.899s] running install_egg_info
[0.914s] Copying ../build/my_manipulator/my_manipulator.egg-info to /home/user/ros2_ws/install/my_manipulator/lib/python3.12/site-packages/my_manipulator-0.0.0-py3.12.egg-info
[0.915s] running install_scripts
[1.019s] Installing gripper_control script to /home/user/ros2_ws/install/my_manipulator/lib/my_manipulator
[1.019s] Installing moveit_py_example_node script to /home/user/ros2_ws/install/my_manipulator/lib/my_manipulator
[1.019s] Installing trajectory_publisher script to /home/user/ros2_ws/install/my_manipulator/lib/my_manipulator
[1.019s] writing list of installed files to '/home/user/ros2_ws/build/my_manipulator/install.log'
[1.037s] Invoked command in '/home/user/ros2_ws/my_manipulator' returned '0': CMAKE_PREFIX_PATH=/home/user/ros2_ws/install/antonie_description:/home/user/ros2_ws/install/wut_gazebo_models:/home/user/ros2_ws/install/antonie_gazebo:/home/user/ros2_ws/install/antonie_moveit_config:/opt/ros/jazzy/opt/gz_sim_vendor:/opt/ros/jazzy/opt/gz_sensors_vendor:/opt/ros/jazzy/opt/gz_physics_vendor:/opt/ros/jazzy/opt/sdformat_vendor:/opt/ros/jazzy/opt/gz_gui_vendor:/opt/ros/jazzy/opt/gz_transport_vendor:/opt/ros/jazzy/opt/gz_rendering_vendor:/opt/ros/jazzy/opt/gz_plugin_vendor:/opt/ros/jazzy/opt/gz_fuel_tools_vendor:/opt/ros/jazzy/opt/gz_msgs_vendor:/opt/ros/jazzy/opt/gz_common_vendor:/opt/ros/jazzy/opt/gz_math_vendor:/opt/ros/jazzy/opt/gz_utils_vendor:/opt/ros/jazzy/opt/gz_tools_vendor:/opt/ros/jazzy/opt/gz_ogre_next_vendor:/opt/ros/jazzy/opt/gz_dartsim_vendor:/opt/ros/jazzy/opt/gz_cmake_vendor DEBUGINFOD_URLS=https://debuginfod.ubuntu.com PYTHONPATH=/home/user/ros2_ws/build/my_manipulator/prefix_override:/usr/lib/python3/dist-packages/colcon_core/task/python/colcon_distutils_commands:/home/user/ros2_ws/install/my_manipulator/lib/python3.12/site-packages:${PYTHONPATH} /usr/bin/python3 -W ignore:setup.py install is deprecated -W ignore:easy_install command is deprecated setup.py egg_info --egg-base ../build/my_manipulator build --build-base /home/user/ros2_ws/build/my_manipulator/build install --record /home/user/ros2_ws/build/my_manipulator/install.log --single-version-externally-managed install_data
