[0.043s] Invoking command in '/home/user/ros2_ws/build/antonie_gazebo': CMAKE_PREFIX_PATH=${CMAKE_PREFIX_PATH}:/home/user/ros2_ws/install/my_manipulator:/opt/ros/jazzy DEBUGINFOD_URLS=https://debuginfod.ubuntu.com /usr/bin/cmake --build /home/user/ros2_ws/build/antonie_gazebo -- -j4 -l4
[0.209s] Invoked command in '/home/user/ros2_ws/build/antonie_gazebo' returned '0': CMAKE_PREFIX_PATH=${CMAKE_PREFIX_PATH}:/home/user/ros2_ws/install/my_manipulator:/opt/ros/jazzy DEBUGINFOD_URLS=https://debuginfod.ubuntu.com /usr/bin/cmake --build /home/user/ros2_ws/build/antonie_gazebo -- -j4 -l4
[0.212s] Invoking command in '/home/user/ros2_ws/build/antonie_gazebo': CMAKE_PREFIX_PATH=${CMAKE_PREFIX_PATH}:/home/user/ros2_ws/install/my_manipulator:/opt/ros/jazzy DEBUGINFOD_URLS=https://debuginfod.ubuntu.com /usr/bin/cmake --install /home/user/ros2_ws/build/antonie_gazebo
[0.223s] -- Install configuration: ""
[0.223s] -- Execute custom install script
[0.224s] -- Up-to-date symlink: /home/user/ros2_ws/install/antonie_gazebo/share/antonie_gazebo/launch/spawn_robot.launch.py
[0.224s] -- Symlinking: /home/user/ros2_ws/install/antonie_gazebo/share/antonie_gazebo/launch/spawn_robot.launch.xml
[0.236s] -- Up-to-date symlink: /home/user/ros2_ws/install/antonie_gazebo/share/antonie_gazebo/launch/start_simulator.launch (Copy).xml
[0.236s] -- Up-to-date symlink: /home/user/ros2_ws/install/antonie_gazebo/share/antonie_gazebo/launch/start_simulator.launch.xml
[0.236s] -- Up-to-date symlink: /home/user/ros2_ws/install/antonie_gazebo/share/antonie_gazebo/config/gz_bridge.yaml
[0.237s] -- Up-to-date symlink: /home/user/ros2_ws/install/antonie_gazebo/share/antonie_gazebo/config/rviz.rviz
[0.237s] -- Up-to-date symlink: /home/user/ros2_ws/install/antonie_gazebo/share/antonie_gazebo/worlds/empty.sdf
[0.246s] -- Up-to-date symlink: /home/user/ros2_ws/install/antonie_gazebo/share/ament_index/resource_index/package_run_dependencies/antonie_gazebo
[0.250s] -- Up-to-date symlink: /home/user/ros2_ws/install/antonie_gazebo/share/ament_index/resource_index/parent_prefix_path/antonie_gazebo
[0.250s] -- Up-to-date symlink: /home/user/ros2_ws/install/antonie_gazebo/share/antonie_gazebo/environment/ament_prefix_path.sh
[0.250s] -- Up-to-date symlink: /home/user/ros2_ws/install/antonie_gazebo/share/antonie_gazebo/environment/ament_prefix_path.dsv
[0.250s] -- Up-to-date symlink: /home/user/ros2_ws/install/antonie_gazebo/share/antonie_gazebo/environment/path.sh
[0.252s] -- Up-to-date symlink: /home/user/ros2_ws/install/antonie_gazebo/share/antonie_gazebo/environment/path.dsv
[0.252s] -- Up-to-date symlink: /home/user/ros2_ws/install/antonie_gazebo/share/antonie_gazebo/local_setup.bash
[0.252s] -- Up-to-date symlink: /home/user/ros2_ws/install/antonie_gazebo/share/antonie_gazebo/local_setup.sh
[0.253s] -- Up-to-date symlink: /home/user/ros2_ws/install/antonie_gazebo/share/antonie_gazebo/local_setup.zsh
[0.253s] -- Up-to-date symlink: /home/user/ros2_ws/install/antonie_gazebo/share/antonie_gazebo/local_setup.dsv
[0.253s] -- Symlinking: /home/user/ros2_ws/install/antonie_gazebo/share/antonie_gazebo/package.dsv
[0.253s] -- Up-to-date symlink: /home/user/ros2_ws/install/antonie_gazebo/share/ament_index/resource_index/packages/antonie_gazebo
[0.253s] -- Up-to-date symlink: /home/user/ros2_ws/install/antonie_gazebo/share/antonie_gazebo/cmake/antonie_gazeboConfig.cmake
[0.253s] -- Up-to-date symlink: /home/user/ros2_ws/install/antonie_gazebo/share/antonie_gazebo/cmake/antonie_gazeboConfig-version.cmake
[0.253s] -- Up-to-date symlink: /home/user/ros2_ws/install/antonie_gazebo/share/antonie_gazebo/package.xml
[0.276s] Invoked command in '/home/user/ros2_ws/build/antonie_gazebo' returned '0': CMAKE_PREFIX_PATH=${CMAKE_PREFIX_PATH}:/home/user/ros2_ws/install/my_manipulator:/opt/ros/jazzy DEBUGINFOD_URLS=https://debuginfod.ubuntu.com /usr/bin/cmake --install /home/user/ros2_ws/build/antonie_gazebo
