-- Install configuration: ""
-- Up-to-date: /home/user/ros2_ws/install/antonie_description/share/antonie_description/launch
-- Up-to-date: /home/user/ros2_ws/install/antonie_description/share/antonie_description/launch/description_test.launch.xml
-- Up-to-date: /home/user/ros2_ws/install/antonie_description/share/antonie_description/urdf
-- Up-to-date: /home/user/ros2_ws/install/antonie_description/share/antonie_description/urdf/antonie.urdf
-- Up-to-date: /home/user/ros2_ws/install/antonie_description/share/antonie_description/urdf/2antonie.urdf
-- Up-to-date: /home/user/ros2_ws/install/antonie_description/share/ament_index/resource_index/package_run_dependencies/antonie_description
-- Up-to-date: /home/user/ros2_ws/install/antonie_description/share/ament_index/resource_index/parent_prefix_path/antonie_description
-- Up-to-date: /home/user/ros2_ws/install/antonie_description/share/antonie_description/environment/ament_prefix_path.sh
-- Up-to-date: /home/user/ros2_ws/install/antonie_description/share/antonie_description/environment/ament_prefix_path.dsv
-- Up-to-date: /home/user/ros2_ws/install/antonie_description/share/antonie_description/environment/path.sh
-- Up-to-date: /home/user/ros2_ws/install/antonie_description/share/antonie_description/environment/path.dsv
-- Up-to-date: /home/user/ros2_ws/install/antonie_description/share/antonie_description/local_setup.bash
-- Up-to-date: /home/user/ros2_ws/install/antonie_description/share/antonie_description/local_setup.sh
-- Up-to-date: /home/user/ros2_ws/install/antonie_description/share/antonie_description/local_setup.zsh
-- Up-to-date: /home/user/ros2_ws/install/antonie_description/share/antonie_description/local_setup.dsv
-- Up-to-date: /home/user/ros2_ws/install/antonie_description/share/antonie_description/package.dsv
-- Up-to-date: /home/user/ros2_ws/install/antonie_description/share/ament_index/resource_index/packages/antonie_description
-- Up-to-date: /home/user/ros2_ws/install/antonie_description/share/antonie_description/cmake/antonie_descriptionConfig.cmake
-- Up-to-date: /home/user/ros2_ws/install/antonie_description/share/antonie_description/cmake/antonie_descriptionConfig-version.cmake
-- Up-to-date: /home/user/ros2_ws/install/antonie_description/share/antonie_description/package.xml
