running develop
Removing /home/user/ros2_ws/install/my_manipulator/lib/python3.12/site-packages/my-manipulator.egg-link (link to .)
running egg_info
writing ../build/my_manipulator/my_manipulator.egg-info/PKG-INFO
writing dependency_links to ../build/my_manipulator/my_manipulator.egg-info/dependency_links.txt
writing entry points to ../build/my_manipulator/my_manipulator.egg-info/entry_points.txt
writing requirements to ../build/my_manipulator/my_manipulator.egg-info/requires.txt
writing top-level names to ../build/my_manipulator/my_manipulator.egg-info/top_level.txt
reading manifest file '../build/my_manipulator/my_manipulator.egg-info/SOURCES.txt'
adding license file 'LICENSE'
writing manifest file '../build/my_manipulator/my_manipulator.egg-info/SOURCES.txt'
running build
running build_py
creating /home/user/ros2_ws/build/my_manipulator/build
creating /home/user/ros2_ws/build/my_manipulator/build/lib
creating /home/user/ros2_ws/build/my_manipulator/build/lib/my_manipulator
copying my_manipulator/gripper_control.py -> /home/user/ros2_ws/build/my_manipulator/build/lib/my_manipulator
copying my_manipulator/__init__.py -> /home/user/ros2_ws/build/my_manipulator/build/lib/my_manipulator
copying my_manipulator/trajectory_publisher.py -> /home/user/ros2_ws/build/my_manipulator/build/lib/my_manipulator
copying my_manipulator/moveit_py_example.py -> /home/user/ros2_ws/build/my_manipulator/build/lib/my_manipulator
running install
running install_lib
creating /home/user/ros2_ws/install/my_manipulator/lib/python3.12/site-packages/my_manipulator
copying /home/user/ros2_ws/build/my_manipulator/build/lib/my_manipulator/gripper_control.py -> /home/user/ros2_ws/install/my_manipulator/lib/python3.12/site-packages/my_manipulator
copying /home/user/ros2_ws/build/my_manipulator/build/lib/my_manipulator/__init__.py -> /home/user/ros2_ws/install/my_manipulator/lib/python3.12/site-packages/my_manipulator
copying /home/user/ros2_ws/build/my_manipulator/build/lib/my_manipulator/trajectory_publisher.py -> /home/user/ros2_ws/install/my_manipulator/lib/python3.12/site-packages/my_manipulator
copying /home/user/ros2_ws/build/my_manipulator/build/lib/my_manipulator/moveit_py_example.py -> /home/user/ros2_ws/install/my_manipulator/lib/python3.12/site-packages/my_manipulator
byte-compiling /home/user/ros2_ws/install/my_manipulator/lib/python3.12/site-packages/my_manipulator/gripper_control.py to gripper_control.cpython-312.pyc
byte-compiling /home/user/ros2_ws/install/my_manipulator/lib/python3.12/site-packages/my_manipulator/__init__.py to __init__.cpython-312.pyc
byte-compiling /home/user/ros2_ws/install/my_manipulator/lib/python3.12/site-packages/my_manipulator/trajectory_publisher.py to trajectory_publisher.cpython-312.pyc
byte-compiling /home/user/ros2_ws/install/my_manipulator/lib/python3.12/site-packages/my_manipulator/moveit_py_example.py to moveit_py_example.cpython-312.pyc
running install_data
copying resource/my_manipulator -> /home/user/ros2_ws/install/my_manipulator/share/ament_index/resource_index/packages
copying package.xml -> /home/user/ros2_ws/install/my_manipulator/share/my_manipulator
copying launch/display.launch.py -> /home/user/ros2_ws/install/my_manipulator/share/my_manipulator/launch
copying launch/moveit_py_node.launch.py -> /home/user/ros2_ws/install/my_manipulator/share/my_manipulator/launch
copying config/ompl_planning.yaml -> /home/user/ros2_ws/install/my_manipulator/share/my_manipulator/config
copying config/moveit_py.yaml -> /home/user/ros2_ws/install/my_manipulator/share/my_manipulator/config
running install_egg_info
Copying ../build/my_manipulator/my_manipulator.egg-info to /home/user/ros2_ws/install/my_manipulator/lib/python3.12/site-packages/my_manipulator-0.0.0-py3.12.egg-info
running install_scripts
Installing gripper_control script to /home/user/ros2_ws/install/my_manipulator/lib/my_manipulator
Installing moveit_py_example_node script to /home/user/ros2_ws/install/my_manipulator/lib/my_manipulator
Installing trajectory_publisher script to /home/user/ros2_ws/install/my_manipulator/lib/my_manipulator
writing list of installed files to '/home/user/ros2_ws/build/my_manipulator/install.log'
