[0.561s] Invoking command in '/home/user/ros2_ws/build/my_manipulator': CMAKE_PREFIX_PATH=/home/user/ros2_ws/install/antonie_description:/home/user/ros2_ws/install/wut_gazebo_models:/home/user/ros2_ws/install/antonie_gazebo:/home/user/ros2_ws/install/antonie_moveit_config:/opt/ros/jazzy/opt/gz_sim_vendor:/opt/ros/jazzy/opt/gz_sensors_vendor:/opt/ros/jazzy/opt/gz_physics_vendor:/opt/ros/jazzy/opt/sdformat_vendor:/opt/ros/jazzy/opt/gz_gui_vendor:/opt/ros/jazzy/opt/gz_transport_vendor:/opt/ros/jazzy/opt/gz_rendering_vendor:/opt/ros/jazzy/opt/gz_plugin_vendor:/opt/ros/jazzy/opt/gz_fuel_tools_vendor:/opt/ros/jazzy/opt/gz_msgs_vendor:/opt/ros/jazzy/opt/gz_common_vendor:/opt/ros/jazzy/opt/gz_math_vendor:/opt/ros/jazzy/opt/gz_utils_vendor:/opt/ros/jazzy/opt/gz_tools_vendor:/opt/ros/jazzy/opt/gz_ogre_next_vendor:/opt/ros/jazzy/opt/gz_dartsim_vendor:/opt/ros/jazzy/opt/gz_cmake_vendor DEBUGINFOD_URLS=https://debuginfod.ubuntu.com PYTHONPATH=/home/user/ros2_ws/build/my_manipulator/prefix_override:/usr/lib/python3/dist-packages/colcon_core/task/python/colcon_distutils_commands:/home/user/ros2_ws/install/my_manipulator/lib/python3.12/site-packages:${PYTHONPATH} /usr/bin/python3 -W ignore:setup.py install is deprecated -W ignore:easy_install command is deprecated setup.py develop --uninstall --editable --build-directory /home/user/ros2_ws/build/my_manipulator/build
[0.799s] running develop
[0.914s] Removing /home/user/ros2_ws/install/my_manipulator/lib/python3.12/site-packages/my-manipulator.egg-link (link to .)
[0.940s] Invoked command in '/home/user/ros2_ws/build/my_manipulator' returned '0': CMAKE_PREFIX_PATH=/home/user/ros2_ws/install/antonie_description:/home/user/ros2_ws/install/wut_gazebo_models:/home/user/ros2_ws/install/antonie_gazebo:/home/user/ros2_ws/install/antonie_moveit_config:/opt/ros/jazzy/opt/gz_sim_vendor:/opt/ros/jazzy/opt/gz_sensors_vendor:/opt/ros/jazzy/opt/gz_physics_vendor:/opt/ros/jazzy/opt/sdformat_vendor:/opt/ros/jazzy/opt/gz_gui_vendor:/opt/ros/jazzy/opt/gz_transport_vendor:/opt/ros/jazzy/opt/gz_rendering_vendor:/opt/ros/jazzy/opt/gz_plugin_vendor:/opt/ros/jazzy/opt/gz_fuel_tools_vendor:/opt/ros/jazzy/opt/gz_msgs_vendor:/opt/ros/jazzy/opt/gz_common_vendor:/opt/ros/jazzy/opt/gz_math_vendor:/opt/ros/jazzy/opt/gz_utils_vendor:/opt/ros/jazzy/opt/gz_tools_vendor:/opt/ros/jazzy/opt/gz_ogre_next_vendor:/opt/ros/jazzy/opt/gz_dartsim_vendor:/opt/ros/jazzy/opt/gz_cmake_vendor DEBUGINFOD_URLS=https://debuginfod.ubuntu.com PYTHONPATH=/home/user/ros2_ws/build/my_manipulator/prefix_override:/usr/lib/python3/dist-packages/colcon_core/task/python/colcon_distutils_commands:/home/user/ros2_ws/install/my_manipulator/lib/python3.12/site-packages:${PYTHONPATH} /usr/bin/python3 -W ignore:setup.py install is deprecated -W ignore:easy_install command is deprecated setup.py develop --uninstall --editable --build-directory /home/user/ros2_ws/build/my_manipulator/build
[0.942s] Invoking command in '/home/user/ros2_ws/my_manipulator': CMAKE_PREFIX_PATH=/home/user/ros2_ws/install/antonie_description:/home/user/ros2_ws/install/wut_gazebo_models:/home/user/ros2_ws/install/antonie_gazebo:/home/user/ros2_ws/install/antonie_moveit_config:/opt/ros/jazzy/opt/gz_sim_vendor:/opt/ros/jazzy/opt/gz_sensors_vendor:/opt/ros/jazzy/opt/gz_physics_vendor:/opt/ros/jazzy/opt/sdformat_vendor:/opt/ros/jazzy/opt/gz_gui_vendor:/opt/ros/jazzy/opt/gz_transport_vendor:/opt/ros/jazzy/opt/gz_rendering_vendor:/opt/ros/jazzy/opt/gz_plugin_vendor:/opt/ros/jazzy/opt/gz_fuel_tools_vendor:/opt/ros/jazzy/opt/gz_msgs_vendor:/opt/ros/jazzy/opt/gz_common_vendor:/opt/ros/jazzy/opt/gz_math_vendor:/opt/ros/jazzy/opt/gz_utils_vendor:/opt/ros/jazzy/opt/gz_tools_vendor:/opt/ros/jazzy/opt/gz_ogre_next_vendor:/opt/ros/jazzy/opt/gz_dartsim_vendor:/opt/ros/jazzy/opt/gz_cmake_vendor DEBUGINFOD_URLS=https://debuginfod.ubuntu.com PYTHONPATH=/home/user/ros2_ws/build/my_manipulator/prefix_override:/usr/lib/python3/dist-packages/colcon_core/task/python/colcon_distutils_commands:/home/user/ros2_ws/install/my_manipulator/lib/python3.12/site-packages:${PYTHONPATH} /usr/bin/python3 -W ignore:setup.py install is deprecated -W ignore:easy_install command is deprecated setup.py egg_info --egg-base ../build/my_manipulator build --build-base /home/user/ros2_ws/build/my_manipulator/build install --record /home/user/ros2_ws/build/my_manipulator/install.log --single-version-externally-managed install_data --force
[1.115s] running egg_info
[1.138s] writing ../build/my_manipulator/my_manipulator.egg-info/PKG-INFO
[1.139s] writing dependency_links to ../build/my_manipulator/my_manipulator.egg-info/dependency_links.txt
[1.140s] writing entry points to ../build/my_manipulator/my_manipulator.egg-info/entry_points.txt
[1.140s] writing requirements to ../build/my_manipulator/my_manipulator.egg-info/requires.txt
[1.143s] writing top-level names to ../build/my_manipulator/my_manipulator.egg-info/top_level.txt
[1.171s] reading manifest file '../build/my_manipulator/my_manipulator.egg-info/SOURCES.txt'
[1.171s] adding license file 'LICENSE'
[1.172s] writing manifest file '../build/my_manipulator/my_manipulator.egg-info/SOURCES.txt'
[1.172s] running build
[1.172s] running build_py
[1.172s] creating /home/user/ros2_ws/build/my_manipulator/build
[1.172s] creating /home/user/ros2_ws/build/my_manipulator/build/lib
[1.172s] creating /home/user/ros2_ws/build/my_manipulator/build/lib/my_manipulator
[1.172s] copying my_manipulator/gripper_control.py -> /home/user/ros2_ws/build/my_manipulator/build/lib/my_manipulator
[1.173s] copying my_manipulator/__init__.py -> /home/user/ros2_ws/build/my_manipulator/build/lib/my_manipulator
[1.173s] copying my_manipulator/trajectory_publisher.py -> /home/user/ros2_ws/build/my_manipulator/build/lib/my_manipulator
[1.173s] copying my_manipulator/moveit_py_example.py -> /home/user/ros2_ws/build/my_manipulator/build/lib/my_manipulator
[1.173s] running install
[1.178s] running install_lib
[1.198s] creating /home/user/ros2_ws/install/my_manipulator/lib/python3.12/site-packages/my_manipulator
[1.198s] copying /home/user/ros2_ws/build/my_manipulator/build/lib/my_manipulator/gripper_control.py -> /home/user/ros2_ws/install/my_manipulator/lib/python3.12/site-packages/my_manipulator
[1.198s] copying /home/user/ros2_ws/build/my_manipulator/build/lib/my_manipulator/__init__.py -> /home/user/ros2_ws/install/my_manipulator/lib/python3.12/site-packages/my_manipulator
[1.198s] copying /home/user/ros2_ws/build/my_manipulator/build/lib/my_manipulator/trajectory_publisher.py -> /home/user/ros2_ws/install/my_manipulator/lib/python3.12/site-packages/my_manipulator
[1.198s] copying /home/user/ros2_ws/build/my_manipulator/build/lib/my_manipulator/moveit_py_example.py -> /home/user/ros2_ws/install/my_manipulator/lib/python3.12/site-packages/my_manipulator
[1.198s] byte-compiling /home/user/ros2_ws/install/my_manipulator/lib/python3.12/site-packages/my_manipulator/gripper_control.py to gripper_control.cpython-312.pyc
[1.198s] byte-compiling /home/user/ros2_ws/install/my_manipulator/lib/python3.12/site-packages/my_manipulator/__init__.py to __init__.cpython-312.pyc
[1.198s] byte-compiling /home/user/ros2_ws/install/my_manipulator/lib/python3.12/site-packages/my_manipulator/trajectory_publisher.py to trajectory_publisher.cpython-312.pyc
[1.198s] byte-compiling /home/user/ros2_ws/install/my_manipulator/lib/python3.12/site-packages/my_manipulator/moveit_py_example.py to moveit_py_example.cpython-312.pyc
[1.198s] running install_data
[1.198s] copying resource/my_manipulator -> /home/user/ros2_ws/install/my_manipulator/share/ament_index/resource_index/packages
[1.198s] copying package.xml -> /home/user/ros2_ws/install/my_manipulator/share/my_manipulator
[1.198s] copying launch/display.launch.py -> /home/user/ros2_ws/install/my_manipulator/share/my_manipulator/launch
[1.198s] copying launch/moveit_py_node.launch.py -> /home/user/ros2_ws/install/my_manipulator/share/my_manipulator/launch
[1.198s] copying config/ompl_planning.yaml -> /home/user/ros2_ws/install/my_manipulator/share/my_manipulator/config
[1.198s] copying config/moveit_py.yaml -> /home/user/ros2_ws/install/my_manipulator/share/my_manipulator/config
[1.198s] running install_egg_info
[1.211s] Copying ../build/my_manipulator/my_manipulator.egg-info to /home/user/ros2_ws/install/my_manipulator/lib/python3.12/site-packages/my_manipulator-0.0.0-py3.12.egg-info
[1.211s] running install_scripts
[1.303s] Installing gripper_control script to /home/user/ros2_ws/install/my_manipulator/lib/my_manipulator
[1.303s] Installing moveit_py_example_node script to /home/user/ros2_ws/install/my_manipulator/lib/my_manipulator
[1.304s] Installing trajectory_publisher script to /home/user/ros2_ws/install/my_manipulator/lib/my_manipulator
[1.304s] writing list of installed files to '/home/user/ros2_ws/build/my_manipulator/install.log'
[1.326s] Invoked command in '/home/user/ros2_ws/my_manipulator' returned '0': CMAKE_PREFIX_PATH=/home/user/ros2_ws/install/antonie_description:/home/user/ros2_ws/install/wut_gazebo_models:/home/user/ros2_ws/install/antonie_gazebo:/home/user/ros2_ws/install/antonie_moveit_config:/opt/ros/jazzy/opt/gz_sim_vendor:/opt/ros/jazzy/opt/gz_sensors_vendor:/opt/ros/jazzy/opt/gz_physics_vendor:/opt/ros/jazzy/opt/sdformat_vendor:/opt/ros/jazzy/opt/gz_gui_vendor:/opt/ros/jazzy/opt/gz_transport_vendor:/opt/ros/jazzy/opt/gz_rendering_vendor:/opt/ros/jazzy/opt/gz_plugin_vendor:/opt/ros/jazzy/opt/gz_fuel_tools_vendor:/opt/ros/jazzy/opt/gz_msgs_vendor:/opt/ros/jazzy/opt/gz_common_vendor:/opt/ros/jazzy/opt/gz_math_vendor:/opt/ros/jazzy/opt/gz_utils_vendor:/opt/ros/jazzy/opt/gz_tools_vendor:/opt/ros/jazzy/opt/gz_ogre_next_vendor:/opt/ros/jazzy/opt/gz_dartsim_vendor:/opt/ros/jazzy/opt/gz_cmake_vendor DEBUGINFOD_URLS=https://debuginfod.ubuntu.com PYTHONPATH=/home/user/ros2_ws/build/my_manipulator/prefix_override:/usr/lib/python3/dist-packages/colcon_core/task/python/colcon_distutils_commands:/home/user/ros2_ws/install/my_manipulator/lib/python3.12/site-packages:${PYTHONPATH} /usr/bin/python3 -W ignore:setup.py install is deprecated -W ignore:easy_install command is deprecated setup.py egg_info --egg-base ../build/my_manipulator build --build-base /home/user/ros2_ws/build/my_manipulator/build install --record /home/user/ros2_ws/build/my_manipulator/install.log --single-version-externally-managed install_data --force
