[0.011s] Invoking command in '/home/user/ros2_ws/src/build/Antonie_description': CMAKE_PREFIX_PATH=${CMAKE_PREFIX_PATH}:/opt/ros/jazzy DEBUGINFOD_URLS=https://debuginfod.ubuntu.com /usr/bin/cmake /home/user/ros2_ws/src/Antonie_description -DAMENT_CMAKE_SYMLINK_INSTALL=1 -DCMAKE_INSTALL_PREFIX=/home/user/ros2_ws/src/install/Antonie_description
[0.115s] -- The C compiler identification is GNU 13.3.0
[0.206s] -- The CXX compiler identification is GNU 13.3.0
[0.234s] -- Detecting C compiler ABI info
[0.321s] -- Detecting C compiler ABI info - done
[0.328s] -- Check for working C compiler: /usr/bin/cc - skipped
[0.329s] -- Detecting C compile features
[0.331s] -- Detecting C compile features - done
[0.343s] -- Detecting CXX compiler ABI info
[0.442s] -- Detecting CXX compiler ABI info - done
[0.447s] -- Check for working CXX compiler: /usr/bin/c++ - skipped
[0.447s] -- Detecting CXX compile features
[0.448s] -- Detecting CXX compile features - done
[0.459s] -- Found ament_cmake: 2.5.6 (/opt/ros/jazzy/share/ament_cmake/cmake)
[0.597s] -- Found Python3: /usr/bin/python3 (found version "3.12.3") found components: Interpreter 
[0.662s] -- Override CMake install command with custom implementation using symlinks instead of copying resources
[0.729s] -- Found ament_lint_auto: 0.17.5 (/opt/ros/jazzy/share/ament_lint_auto/cmake)
[0.783s] WARNING: Package name "Antonie_description" does not follow the naming conventions. It should start with a lower case letter and only contain lower case letters, digits, underscores, and dashes.
[0.832s] -- Added test 'lint_cmake' to check CMake code style
[0.833s] -- Added test 'xmllint' to check XML markup files
[0.836s] -- Configuring done (0.8s)
[0.838s] -- Generating done (0.0s)
[0.839s] -- Build files have been written to: /home/user/ros2_ws/src/build/Antonie_description
[0.845s] Invoked command in '/home/user/ros2_ws/src/build/Antonie_description' returned '0': CMAKE_PREFIX_PATH=${CMAKE_PREFIX_PATH}:/opt/ros/jazzy DEBUGINFOD_URLS=https://debuginfod.ubuntu.com /usr/bin/cmake /home/user/ros2_ws/src/Antonie_description -DAMENT_CMAKE_SYMLINK_INSTALL=1 -DCMAKE_INSTALL_PREFIX=/home/user/ros2_ws/src/install/Antonie_description
[0.845s] Invoking command in '/home/user/ros2_ws/src/build/Antonie_description': CMAKE_PREFIX_PATH=${CMAKE_PREFIX_PATH}:/opt/ros/jazzy DEBUGINFOD_URLS=https://debuginfod.ubuntu.com /usr/bin/cmake --build /home/user/ros2_ws/src/build/Antonie_description -- -j4 -l4
[0.883s] Invoked command in '/home/user/ros2_ws/src/build/Antonie_description' returned '0': CMAKE_PREFIX_PATH=${CMAKE_PREFIX_PATH}:/opt/ros/jazzy DEBUGINFOD_URLS=https://debuginfod.ubuntu.com /usr/bin/cmake --build /home/user/ros2_ws/src/build/Antonie_description -- -j4 -l4
[0.893s] Invoking command in '/home/user/ros2_ws/src/build/Antonie_description': CMAKE_PREFIX_PATH=${CMAKE_PREFIX_PATH}:/opt/ros/jazzy DEBUGINFOD_URLS=https://debuginfod.ubuntu.com /usr/bin/cmake --install /home/user/ros2_ws/src/build/Antonie_description
[0.901s] -- Install configuration: ""
[0.901s] -- Execute custom install script
[0.901s] -- Symlinking: /home/user/ros2_ws/src/install/Antonie_description/share/ament_index/resource_index/package_run_dependencies/Antonie_description
[0.908s] -- Symlinking: /home/user/ros2_ws/src/install/Antonie_description/share/ament_index/resource_index/parent_prefix_path/Antonie_description
[0.918s] -- Symlinking: /home/user/ros2_ws/src/install/Antonie_description/share/Antonie_description/environment/ament_prefix_path.sh
[0.926s] -- Symlinking: /home/user/ros2_ws/src/install/Antonie_description/share/Antonie_description/environment/ament_prefix_path.dsv
[0.934s] -- Symlinking: /home/user/ros2_ws/src/install/Antonie_description/share/Antonie_description/environment/path.sh
[0.941s] -- Symlinking: /home/user/ros2_ws/src/install/Antonie_description/share/Antonie_description/environment/path.dsv
[0.950s] -- Symlinking: /home/user/ros2_ws/src/install/Antonie_description/share/Antonie_description/local_setup.bash
[0.958s] -- Symlinking: /home/user/ros2_ws/src/install/Antonie_description/share/Antonie_description/local_setup.sh
[0.965s] -- Symlinking: /home/user/ros2_ws/src/install/Antonie_description/share/Antonie_description/local_setup.zsh
[0.975s] -- Symlinking: /home/user/ros2_ws/src/install/Antonie_description/share/Antonie_description/local_setup.dsv
[0.984s] -- Symlinking: /home/user/ros2_ws/src/install/Antonie_description/share/Antonie_description/package.dsv
[0.991s] -- Symlinking: /home/user/ros2_ws/src/install/Antonie_description/share/ament_index/resource_index/packages/Antonie_description
[0.999s] -- Symlinking: /home/user/ros2_ws/src/install/Antonie_description/share/Antonie_description/cmake/Antonie_descriptionConfig.cmake
[1.006s] -- Symlinking: /home/user/ros2_ws/src/install/Antonie_description/share/Antonie_description/cmake/Antonie_descriptionConfig-version.cmake
[1.014s] -- Symlinking: /home/user/ros2_ws/src/install/Antonie_description/share/Antonie_description/package.xml
[1.024s] Invoked command in '/home/user/ros2_ws/src/build/Antonie_description' returned '0': CMAKE_PREFIX_PATH=${CMAKE_PREFIX_PATH}:/opt/ros/jazzy DEBUGINFOD_URLS=https://debuginfod.ubuntu.com /usr/bin/cmake --install /home/user/ros2_ws/src/build/Antonie_description
