running develop
running egg_info
creating my_manipulator.egg-info
writing my_manipulator.egg-info/PKG-INFO
writing dependency_links to my_manipulator.egg-info/dependency_links.txt
writing entry points to my_manipulator.egg-info/entry_points.txt
writing requirements to my_manipulator.egg-info/requires.txt
writing top-level names to my_manipulator.egg-info/top_level.txt
writing manifest file 'my_manipulator.egg-info/SOURCES.txt'
reading manifest file 'my_manipulator.egg-info/SOURCES.txt'
writing manifest file 'my_manipulator.egg-info/SOURCES.txt'
running build_ext
Creating /home/user/ros2_ws/install/my_manipulator/lib/python3.12/site-packages/my-manipulator.egg-link (link to .)
Installing gripper_control script to /home/user/ros2_ws/install/my_manipulator/lib/my_manipulator
Installing moveit_py_example_node script to /home/user/ros2_ws/install/my_manipulator/lib/my_manipulator
Installing trajectory_publisher script to /home/user/ros2_ws/install/my_manipulator/lib/my_manipulator

Installed /home/user/ros2_ws/build/my_manipulator
running symlink_data
creating /home/user/ros2_ws/install/my_manipulator/share/ament_index
creating /home/user/ros2_ws/install/my_manipulator/share/ament_index/resource_index
creating /home/user/ros2_ws/install/my_manipulator/share/ament_index/resource_index/packages
symbolically linking /home/user/ros2_ws/build/my_manipulator/resource/my_manipulator -> /home/user/ros2_ws/install/my_manipulator/share/ament_index/resource_index/packages
symbolically linking /home/user/ros2_ws/build/my_manipulator/package.xml -> /home/user/ros2_ws/install/my_manipulator/share/my_manipulator
creating /home/user/ros2_ws/install/my_manipulator/share/my_manipulator/launch
symbolically linking /home/user/ros2_ws/build/my_manipulator/launch/display.launch.py -> /home/user/ros2_ws/install/my_manipulator/share/my_manipulator/launch
symbolically linking /home/user/ros2_ws/build/my_manipulator/launch/moveit_py_node.launch.py -> /home/user/ros2_ws/install/my_manipulator/share/my_manipulator/launch
creating /home/user/ros2_ws/install/my_manipulator/share/my_manipulator/config
symbolically linking /home/user/ros2_ws/build/my_manipulator/config/ompl_planning.yaml -> /home/user/ros2_ws/install/my_manipulator/share/my_manipulator/config
symbolically linking /home/user/ros2_ws/build/my_manipulator/config/moveit_py.yaml -> /home/user/ros2_ws/install/my_manipulator/share/my_manipulator/config
