[0.688s] Invoking command in '/home/user/ros2_ws/build/my_manipulator': CMAKE_PREFIX_PATH=/home/user/ros2_ws/install/antonie_description:/home/user/ros2_ws/install/wut_gazebo_models:/home/user/ros2_ws/install/antonie_gazebo:/home/user/ros2_ws/install/antonie_moveit_config:/opt/ros/jazzy/opt/gz_sim_vendor:/opt/ros/jazzy/opt/gz_sensors_vendor:/opt/ros/jazzy/opt/gz_physics_vendor:/opt/ros/jazzy/opt/sdformat_vendor:/opt/ros/jazzy/opt/gz_gui_vendor:/opt/ros/jazzy/opt/gz_transport_vendor:/opt/ros/jazzy/opt/gz_rendering_vendor:/opt/ros/jazzy/opt/gz_plugin_vendor:/opt/ros/jazzy/opt/gz_fuel_tools_vendor:/opt/ros/jazzy/opt/gz_msgs_vendor:/opt/ros/jazzy/opt/gz_common_vendor:/opt/ros/jazzy/opt/gz_math_vendor:/opt/ros/jazzy/opt/gz_utils_vendor:/opt/ros/jazzy/opt/gz_tools_vendor:/opt/ros/jazzy/opt/gz_ogre_next_vendor:/opt/ros/jazzy/opt/gz_dartsim_vendor:/opt/ros/jazzy/opt/gz_cmake_vendor DEBUGINFOD_URLS=https://debuginfod.ubuntu.com PYTHONPATH=/home/user/ros2_ws/build/my_manipulator/prefix_override:/usr/lib/python3/dist-packages/colcon_core/task/python/colcon_distutils_commands:/home/user/ros2_ws/install/my_manipulator/lib/python3.12/site-packages:${PYTHONPATH} /usr/bin/python3 -W ignore:setup.py install is deprecated -W ignore:easy_install command is deprecated setup.py develop --editable --build-directory /home/user/ros2_ws/build/my_manipulator/build --no-deps symlink_data
[0.979s] running develop
[1.153s] running egg_info
[1.154s] creating my_manipulator.egg-info
[1.165s] writing my_manipulator.egg-info/PKG-INFO
[1.165s] writing dependency_links to my_manipulator.egg-info/dependency_links.txt
[1.165s] writing entry points to my_manipulator.egg-info/entry_points.txt
[1.165s] writing requirements to my_manipulator.egg-info/requires.txt
[1.165s] writing top-level names to my_manipulator.egg-info/top_level.txt
[1.165s] writing manifest file 'my_manipulator.egg-info/SOURCES.txt'
[1.196s] reading manifest file 'my_manipulator.egg-info/SOURCES.txt'
[1.197s] writing manifest file 'my_manipulator.egg-info/SOURCES.txt'
[1.214s] running build_ext
[1.214s] Creating /home/user/ros2_ws/install/my_manipulator/lib/python3.12/site-packages/my-manipulator.egg-link (link to .)
[1.215s] Installing gripper_control script to /home/user/ros2_ws/install/my_manipulator/lib/my_manipulator
[1.216s] Installing moveit_py_example_node script to /home/user/ros2_ws/install/my_manipulator/lib/my_manipulator
[1.216s] Installing trajectory_publisher script to /home/user/ros2_ws/install/my_manipulator/lib/my_manipulator
[1.216s] 
[1.217s] Installed /home/user/ros2_ws/build/my_manipulator
[1.217s] running symlink_data
[1.217s] creating /home/user/ros2_ws/install/my_manipulator/share/ament_index
[1.217s] creating /home/user/ros2_ws/install/my_manipulator/share/ament_index/resource_index
[1.218s] creating /home/user/ros2_ws/install/my_manipulator/share/ament_index/resource_index/packages
[1.218s] symbolically linking /home/user/ros2_ws/build/my_manipulator/resource/my_manipulator -> /home/user/ros2_ws/install/my_manipulator/share/ament_index/resource_index/packages
[1.218s] symbolically linking /home/user/ros2_ws/build/my_manipulator/package.xml -> /home/user/ros2_ws/install/my_manipulator/share/my_manipulator
[1.218s] creating /home/user/ros2_ws/install/my_manipulator/share/my_manipulator/launch
[1.218s] symbolically linking /home/user/ros2_ws/build/my_manipulator/launch/display.launch.py -> /home/user/ros2_ws/install/my_manipulator/share/my_manipulator/launch
[1.218s] symbolically linking /home/user/ros2_ws/build/my_manipulator/launch/moveit_py_node.launch.py -> /home/user/ros2_ws/install/my_manipulator/share/my_manipulator/launch
[1.218s] creating /home/user/ros2_ws/install/my_manipulator/share/my_manipulator/config
[1.218s] symbolically linking /home/user/ros2_ws/build/my_manipulator/config/ompl_planning.yaml -> /home/user/ros2_ws/install/my_manipulator/share/my_manipulator/config
[1.218s] symbolically linking /home/user/ros2_ws/build/my_manipulator/config/moveit_py.yaml -> /home/user/ros2_ws/install/my_manipulator/share/my_manipulator/config
[1.263s] Invoked command in '/home/user/ros2_ws/build/my_manipulator' returned '0': CMAKE_PREFIX_PATH=/home/user/ros2_ws/install/antonie_description:/home/user/ros2_ws/install/wut_gazebo_models:/home/user/ros2_ws/install/antonie_gazebo:/home/user/ros2_ws/install/antonie_moveit_config:/opt/ros/jazzy/opt/gz_sim_vendor:/opt/ros/jazzy/opt/gz_sensors_vendor:/opt/ros/jazzy/opt/gz_physics_vendor:/opt/ros/jazzy/opt/sdformat_vendor:/opt/ros/jazzy/opt/gz_gui_vendor:/opt/ros/jazzy/opt/gz_transport_vendor:/opt/ros/jazzy/opt/gz_rendering_vendor:/opt/ros/jazzy/opt/gz_plugin_vendor:/opt/ros/jazzy/opt/gz_fuel_tools_vendor:/opt/ros/jazzy/opt/gz_msgs_vendor:/opt/ros/jazzy/opt/gz_common_vendor:/opt/ros/jazzy/opt/gz_math_vendor:/opt/ros/jazzy/opt/gz_utils_vendor:/opt/ros/jazzy/opt/gz_tools_vendor:/opt/ros/jazzy/opt/gz_ogre_next_vendor:/opt/ros/jazzy/opt/gz_dartsim_vendor:/opt/ros/jazzy/opt/gz_cmake_vendor DEBUGINFOD_URLS=https://debuginfod.ubuntu.com PYTHONPATH=/home/user/ros2_ws/build/my_manipulator/prefix_override:/usr/lib/python3/dist-packages/colcon_core/task/python/colcon_distutils_commands:/home/user/ros2_ws/install/my_manipulator/lib/python3.12/site-packages:${PYTHONPATH} /usr/bin/python3 -W ignore:setup.py install is deprecated -W ignore:easy_install command is deprecated setup.py develop --editable --build-directory /home/user/ros2_ws/build/my_manipulator/build --no-deps symlink_data
