[0.929s] Invoking command in '/home/user/ros2_ws/my_manipulator': DEBUGINFOD_URLS=https://debuginfod.ubuntu.com PYTHONPATH=/home/user/ros2_ws/build/my_manipulator/prefix_override:/usr/lib/python3/dist-packages/colcon_core/task/python/colcon_distutils_commands:/home/user/ros2_ws/install/my_manipulator/lib/python3.12/site-packages:${PYTHONPATH} /usr/bin/python3 -W ignore:setup.py install is deprecated -W ignore:easy_install command is deprecated setup.py egg_info --egg-base ../build/my_manipulator build --build-base /home/user/ros2_ws/build/my_manipulator/build install --record /home/user/ros2_ws/build/my_manipulator/install.log --single-version-externally-managed install_data
[1.123s] running egg_info
[1.125s] writing ../build/my_manipulator/my_manipulator.egg-info/PKG-INFO
[1.125s] writing dependency_links to ../build/my_manipulator/my_manipulator.egg-info/dependency_links.txt
[1.127s] writing entry points to ../build/my_manipulator/my_manipulator.egg-info/entry_points.txt
[1.130s] writing requirements to ../build/my_manipulator/my_manipulator.egg-info/requires.txt
[1.130s] writing top-level names to ../build/my_manipulator/my_manipulator.egg-info/top_level.txt
[1.162s] reading manifest file '../build/my_manipulator/my_manipulator.egg-info/SOURCES.txt'
[1.165s] adding license file 'LICENSE'
[1.166s] writing manifest file '../build/my_manipulator/my_manipulator.egg-info/SOURCES.txt'
[1.166s] running build
[1.166s] running build_py
[1.166s] running install
[1.171s] running install_lib
[1.185s] running install_data
[1.185s] running install_egg_info
[1.199s] removing '/home/user/ros2_ws/install/my_manipulator/lib/python3.12/site-packages/my_manipulator-0.0.0-py3.12.egg-info' (and everything under it)
[1.199s] Copying ../build/my_manipulator/my_manipulator.egg-info to /home/user/ros2_ws/install/my_manipulator/lib/python3.12/site-packages/my_manipulator-0.0.0-py3.12.egg-info
[1.201s] running install_scripts
[1.296s] Installing gripper_control script to /home/user/ros2_ws/install/my_manipulator/lib/my_manipulator
[1.300s] Installing trajectory_publisher script to /home/user/ros2_ws/install/my_manipulator/lib/my_manipulator
[1.301s] writing list of installed files to '/home/user/ros2_ws/build/my_manipulator/install.log'
[1.323s] Invoked command in '/home/user/ros2_ws/my_manipulator' returned '0': DEBUGINFOD_URLS=https://debuginfod.ubuntu.com PYTHONPATH=/home/user/ros2_ws/build/my_manipulator/prefix_override:/usr/lib/python3/dist-packages/colcon_core/task/python/colcon_distutils_commands:/home/user/ros2_ws/install/my_manipulator/lib/python3.12/site-packages:${PYTHONPATH} /usr/bin/python3 -W ignore:setup.py install is deprecated -W ignore:easy_install command is deprecated setup.py egg_info --egg-base ../build/my_manipulator build --build-base /home/user/ros2_ws/build/my_manipulator/build install --record /home/user/ros2_ws/build/my_manipulator/install.log --single-version-externally-managed install_data
