[0.019s] Invoking command in '/home/user/ros2_ws/build/antonie_description': CMAKE_PREFIX_PATH=${CMAKE_PREFIX_PATH}:/home/user/ros2_ws/install/my_manipulator:/opt/ros/jazzy DEBUGINFOD_URLS=https://debuginfod.ubuntu.com /usr/bin/cmake --build /home/user/ros2_ws/build/antonie_description -- -j4 -l4
[0.099s] Invoked command in '/home/user/ros2_ws/build/antonie_description' returned '0': CMAKE_PREFIX_PATH=${CMAKE_PREFIX_PATH}:/home/user/ros2_ws/install/my_manipulator:/opt/ros/jazzy DEBUGINFOD_URLS=https://debuginfod.ubuntu.com /usr/bin/cmake --build /home/user/ros2_ws/build/antonie_description -- -j4 -l4
[0.128s] Invoking command in '/home/user/ros2_ws/build/antonie_description': CMAKE_PREFIX_PATH=${CMAKE_PREFIX_PATH}:/home/user/ros2_ws/install/my_manipulator:/opt/ros/jazzy DEBUGINFOD_URLS=https://debuginfod.ubuntu.com /usr/bin/cmake --install /home/user/ros2_ws/build/antonie_description
[0.140s] -- Install configuration: ""
[0.145s] -- Execute custom install script
[0.145s] -- Up-to-date symlink: /home/user/ros2_ws/install/antonie_description/share/antonie_description/launch/description_test.launch.xml
[0.145s] -- Up-to-date symlink: /home/user/ros2_ws/install/antonie_description/share/antonie_description/urdf/2antonie.urdf
[0.145s] -- Up-to-date symlink: /home/user/ros2_ws/install/antonie_description/share/antonie_description/urdf/3antonie_backup.urdf
[0.145s] -- Up-to-date symlink: /home/user/ros2_ws/install/antonie_description/share/antonie_description/urdf/antonie.urdf
[0.145s] -- Up-to-date symlink: /home/user/ros2_ws/install/antonie_description/share/ament_index/resource_index/package_run_dependencies/antonie_description
[0.145s] -- Up-to-date symlink: /home/user/ros2_ws/install/antonie_description/share/ament_index/resource_index/parent_prefix_path/antonie_description
[0.145s] -- Up-to-date symlink: /home/user/ros2_ws/install/antonie_description/share/antonie_description/environment/ament_prefix_path.sh
[0.147s] -- Up-to-date symlink: /home/user/ros2_ws/install/antonie_description/share/antonie_description/environment/ament_prefix_path.dsv
[0.147s] -- Up-to-date symlink: /home/user/ros2_ws/install/antonie_description/share/antonie_description/environment/path.sh
[0.147s] -- Up-to-date symlink: /home/user/ros2_ws/install/antonie_description/share/antonie_description/environment/path.dsv
[0.147s] -- Up-to-date symlink: /home/user/ros2_ws/install/antonie_description/share/antonie_description/local_setup.bash
[0.147s] -- Up-to-date symlink: /home/user/ros2_ws/install/antonie_description/share/antonie_description/local_setup.sh
[0.147s] -- Up-to-date symlink: /home/user/ros2_ws/install/antonie_description/share/antonie_description/local_setup.zsh
[0.147s] -- Up-to-date symlink: /home/user/ros2_ws/install/antonie_description/share/antonie_description/local_setup.dsv
[0.147s] -- Symlinking: /home/user/ros2_ws/install/antonie_description/share/antonie_description/package.dsv
[0.167s] -- Up-to-date symlink: /home/user/ros2_ws/install/antonie_description/share/ament_index/resource_index/packages/antonie_description
[0.168s] -- Up-to-date symlink: /home/user/ros2_ws/install/antonie_description/share/antonie_description/cmake/antonie_descriptionConfig.cmake
[0.171s] -- Up-to-date symlink: /home/user/ros2_ws/install/antonie_description/share/antonie_description/cmake/antonie_descriptionConfig-version.cmake
[0.171s] -- Up-to-date symlink: /home/user/ros2_ws/install/antonie_description/share/antonie_description/package.xml
[0.178s] Invoked command in '/home/user/ros2_ws/build/antonie_description' returned '0': CMAKE_PREFIX_PATH=${CMAKE_PREFIX_PATH}:/home/user/ros2_ws/install/my_manipulator:/opt/ros/jazzy DEBUGINFOD_URLS=https://debuginfod.ubuntu.com /usr/bin/cmake --install /home/user/ros2_ws/build/antonie_description
