[0.132s] DEBUG:colcon:Command line arguments: ['/usr/bin/colcon', 'build', '--symlink-install']
[0.132s] DEBUG:colcon:Parsed command line arguments: Namespace(log_base=None, log_level=None, verb_name='build', build_base='build', install_base='install', merge_install=False, symlink_install=True, test_result_base=None, continue_on_error=False, executor='parallel', parallel_workers=4, event_handlers=None, ignore_user_meta=False, metas=['./colcon.meta'], base_paths=['.'], packages_ignore=None, packages_ignore_regex=None, paths=None, packages_up_to=None, packages_up_to_regex=None, packages_above=None, packages_above_and_dependencies=None, packages_above_depth=None, packages_select_by_dep=None, packages_skip_by_dep=None, packages_skip_up_to=None, packages_select_build_failed=False, packages_skip_build_finished=False, packages_select_test_failures=False, packages_skip_test_passed=False, packages_select=None, packages_skip=None, packages_select_regex=None, packages_skip_regex=None, packages_start=None, packages_end=None, allow_overriding=[], cmake_args=None, cmake_target=None, cmake_target_skip_unavailable=False, cmake_clean_cache=False, cmake_clean_first=False, cmake_force_configure=False, ament_cmake_args=None, catkin_cmake_args=None, catkin_skip_building_tests=False, mixin_files=None, mixin=None, verb_parser=<colcon_mixin.mixin.mixin_argument.MixinArgumentDecorator object at 0x7ea6ea2293d0>, verb_extension=<colcon_core.verb.build.BuildVerb object at 0x7ea6ea1fd430>, main=<bound method BuildVerb.main of <colcon_core.verb.build.BuildVerb object at 0x7ea6ea1fd430>>, mixin_verb=('build',))
[0.177s] Level 1:colcon.colcon_core.package_discovery:discover_packages(colcon_meta) check parameters
[0.178s] Level 1:colcon.colcon_core.package_discovery:discover_packages(recursive) check parameters
[0.178s] Level 1:colcon.colcon_core.package_discovery:discover_packages(ignore) check parameters
[0.178s] Level 1:colcon.colcon_core.package_discovery:discover_packages(path) check parameters
[0.178s] Level 1:colcon.colcon_core.package_discovery:discover_packages(colcon_meta) discover
[0.178s] Level 1:colcon.colcon_core.package_discovery:discover_packages(recursive) discover
[0.178s] INFO:colcon.colcon_core.package_discovery:Crawling recursively for packages in '/home/user/ros2_ws'
[0.178s] Level 1:colcon.colcon_core.package_identification:_identify(.) by extensions ['ignore', 'ignore_ament_install']
[0.178s] Level 1:colcon.colcon_core.package_identification:_identify(.) by extension 'ignore'
[0.178s] Level 1:colcon.colcon_core.package_identification:_identify(.) by extension 'ignore_ament_install'
[0.178s] Level 1:colcon.colcon_core.package_identification:_identify(.) by extensions ['colcon_pkg']
[0.178s] Level 1:colcon.colcon_core.package_identification:_identify(.) by extension 'colcon_pkg'
[0.178s] Level 1:colcon.colcon_core.package_identification:_identify(.) by extensions ['colcon_meta']
[0.178s] Level 1:colcon.colcon_core.package_identification:_identify(.) by extension 'colcon_meta'
[0.178s] Level 1:colcon.colcon_core.package_identification:_identify(.) by extensions ['ros']
[0.178s] Level 1:colcon.colcon_core.package_identification:_identify(.) by extension 'ros'
[0.210s] Level 1:colcon.colcon_core.package_identification:_identify(.) by extensions ['cmake', 'python']
[0.210s] Level 1:colcon.colcon_core.package_identification:_identify(.) by extension 'cmake'
[0.210s] Level 1:colcon.colcon_core.package_identification:_identify(.) by extension 'python'
[0.210s] Level 1:colcon.colcon_core.package_identification:_identify(.) by extensions ['python_setup_py']
[0.210s] Level 1:colcon.colcon_core.package_identification:_identify(.) by extension 'python_setup_py'
[0.210s] Level 1:colcon.colcon_core.package_identification:_identify(antonie_description) by extensions ['ignore', 'ignore_ament_install']
[0.210s] Level 1:colcon.colcon_core.package_identification:_identify(antonie_description) by extension 'ignore'
[0.210s] Level 1:colcon.colcon_core.package_identification:_identify(antonie_description) by extension 'ignore_ament_install'
[0.210s] Level 1:colcon.colcon_core.package_identification:_identify(antonie_description) by extensions ['colcon_pkg']
[0.210s] Level 1:colcon.colcon_core.package_identification:_identify(antonie_description) by extension 'colcon_pkg'
[0.210s] Level 1:colcon.colcon_core.package_identification:_identify(antonie_description) by extensions ['colcon_meta']
[0.210s] Level 1:colcon.colcon_core.package_identification:_identify(antonie_description) by extension 'colcon_meta'
[0.210s] Level 1:colcon.colcon_core.package_identification:_identify(antonie_description) by extensions ['ros']
[0.210s] Level 1:colcon.colcon_core.package_identification:_identify(antonie_description) by extension 'ros'
[0.212s] DEBUG:colcon.colcon_core.package_identification:Package 'antonie_description' with type 'ros.ament_cmake' and name 'antonie_description'
[0.212s] Level 1:colcon.colcon_core.package_identification:_identify(antonie_moveit_config) by extensions ['ignore', 'ignore_ament_install']
[0.212s] Level 1:colcon.colcon_core.package_identification:_identify(antonie_moveit_config) by extension 'ignore'
[0.212s] Level 1:colcon.colcon_core.package_identification:_identify(antonie_moveit_config) by extension 'ignore_ament_install'
[0.212s] Level 1:colcon.colcon_core.package_identification:_identify(antonie_moveit_config) by extensions ['colcon_pkg']
[0.212s] Level 1:colcon.colcon_core.package_identification:_identify(antonie_moveit_config) by extension 'colcon_pkg'
[0.212s] Level 1:colcon.colcon_core.package_identification:_identify(antonie_moveit_config) by extensions ['colcon_meta']
[0.212s] Level 1:colcon.colcon_core.package_identification:_identify(antonie_moveit_config) by extension 'colcon_meta'
[0.212s] Level 1:colcon.colcon_core.package_identification:_identify(antonie_moveit_config) by extensions ['ros']
[0.212s] Level 1:colcon.colcon_core.package_identification:_identify(antonie_moveit_config) by extension 'ros'
[0.213s] DEBUG:colcon.colcon_core.package_identification:Package 'antonie_moveit_config' with type 'ros.ament_cmake' and name 'antonie_moveit_config'
[0.214s] Level 1:colcon.colcon_core.package_identification:_identify(build) by extensions ['ignore', 'ignore_ament_install']
[0.214s] Level 1:colcon.colcon_core.package_identification:_identify(build) by extension 'ignore'
[0.214s] Level 1:colcon.colcon_core.package_identification:_identify(build) ignored
[0.214s] Level 1:colcon.colcon_core.package_identification:_identify(install) by extensions ['ignore', 'ignore_ament_install']
[0.214s] Level 1:colcon.colcon_core.package_identification:_identify(install) by extension 'ignore'
[0.214s] Level 1:colcon.colcon_core.package_identification:_identify(install) ignored
[0.214s] Level 1:colcon.colcon_core.package_identification:_identify(log) by extensions ['ignore', 'ignore_ament_install']
[0.214s] Level 1:colcon.colcon_core.package_identification:_identify(log) by extension 'ignore'
[0.214s] Level 1:colcon.colcon_core.package_identification:_identify(log) ignored
[0.214s] Level 1:colcon.colcon_core.package_identification:_identify(my_manipulator) by extensions ['ignore', 'ignore_ament_install']
[0.214s] Level 1:colcon.colcon_core.package_identification:_identify(my_manipulator) by extension 'ignore'
[0.214s] Level 1:colcon.colcon_core.package_identification:_identify(my_manipulator) by extension 'ignore_ament_install'
[0.214s] Level 1:colcon.colcon_core.package_identification:_identify(my_manipulator) by extensions ['colcon_pkg']
[0.214s] Level 1:colcon.colcon_core.package_identification:_identify(my_manipulator) by extension 'colcon_pkg'
[0.214s] Level 1:colcon.colcon_core.package_identification:_identify(my_manipulator) by extensions ['colcon_meta']
[0.214s] Level 1:colcon.colcon_core.package_identification:_identify(my_manipulator) by extension 'colcon_meta'
[0.214s] Level 1:colcon.colcon_core.package_identification:_identify(my_manipulator) by extensions ['ros']
[0.214s] Level 1:colcon.colcon_core.package_identification:_identify(my_manipulator) by extension 'ros'
[0.215s] DEBUG:colcon.colcon_core.package_identification:Package 'my_manipulator' with type 'ros.ament_python' and name 'my_manipulator'
[0.215s] Level 1:colcon.colcon_core.package_identification:_identify(src) by extensions ['ignore', 'ignore_ament_install']
[0.215s] Level 1:colcon.colcon_core.package_identification:_identify(src) by extension 'ignore'
[0.215s] Level 1:colcon.colcon_core.package_identification:_identify(src) by extension 'ignore_ament_install'
[0.215s] Level 1:colcon.colcon_core.package_identification:_identify(src) by extensions ['colcon_pkg']
[0.215s] Level 1:colcon.colcon_core.package_identification:_identify(src) by extension 'colcon_pkg'
[0.215s] Level 1:colcon.colcon_core.package_identification:_identify(src) by extensions ['colcon_meta']
[0.216s] Level 1:colcon.colcon_core.package_identification:_identify(src) by extension 'colcon_meta'
[0.216s] Level 1:colcon.colcon_core.package_identification:_identify(src) by extensions ['ros']
[0.216s] Level 1:colcon.colcon_core.package_identification:_identify(src) by extension 'ros'
[0.216s] Level 1:colcon.colcon_core.package_identification:_identify(src) by extensions ['cmake', 'python']
[0.216s] Level 1:colcon.colcon_core.package_identification:_identify(src) by extension 'cmake'
[0.217s] Level 1:colcon.colcon_core.package_identification:_identify(src) by extension 'python'
[0.217s] Level 1:colcon.colcon_core.package_identification:_identify(src) by extensions ['python_setup_py']
[0.217s] Level 1:colcon.colcon_core.package_identification:_identify(src) by extension 'python_setup_py'
[0.217s] Level 1:colcon.colcon_core.package_identification:_identify(src/antonie_gazebo) by extensions ['ignore', 'ignore_ament_install']
[0.217s] Level 1:colcon.colcon_core.package_identification:_identify(src/antonie_gazebo) by extension 'ignore'
[0.217s] Level 1:colcon.colcon_core.package_identification:_identify(src/antonie_gazebo) by extension 'ignore_ament_install'
[0.217s] Level 1:colcon.colcon_core.package_identification:_identify(src/antonie_gazebo) by extensions ['colcon_pkg']
[0.217s] Level 1:colcon.colcon_core.package_identification:_identify(src/antonie_gazebo) by extension 'colcon_pkg'
[0.217s] Level 1:colcon.colcon_core.package_identification:_identify(src/antonie_gazebo) by extensions ['colcon_meta']
[0.217s] Level 1:colcon.colcon_core.package_identification:_identify(src/antonie_gazebo) by extension 'colcon_meta'
[0.217s] Level 1:colcon.colcon_core.package_identification:_identify(src/antonie_gazebo) by extensions ['ros']
[0.217s] Level 1:colcon.colcon_core.package_identification:_identify(src/antonie_gazebo) by extension 'ros'
[0.217s] DEBUG:colcon.colcon_core.package_identification:Package 'src/antonie_gazebo' with type 'ros.ament_cmake' and name 'antonie_gazebo'
[0.217s] Level 1:colcon.colcon_core.package_identification:_identify(src/build) by extensions ['ignore', 'ignore_ament_install']
[0.217s] Level 1:colcon.colcon_core.package_identification:_identify(src/build) by extension 'ignore'
[0.218s] Level 1:colcon.colcon_core.package_identification:_identify(src/build) ignored
[0.219s] Level 1:colcon.colcon_core.package_identification:_identify(src/install) by extensions ['ignore', 'ignore_ament_install']
[0.220s] Level 1:colcon.colcon_core.package_identification:_identify(src/install) by extension 'ignore'
[0.220s] Level 1:colcon.colcon_core.package_identification:_identify(src/install) ignored
[0.220s] Level 1:colcon.colcon_core.package_identification:_identify(src/log) by extensions ['ignore', 'ignore_ament_install']
[0.220s] Level 1:colcon.colcon_core.package_identification:_identify(src/log) by extension 'ignore'
[0.220s] Level 1:colcon.colcon_core.package_identification:_identify(src/log) ignored
[0.220s] Level 1:colcon.colcon_core.package_identification:_identify(src/wut_gazebo_models) by extensions ['ignore', 'ignore_ament_install']
[0.220s] Level 1:colcon.colcon_core.package_identification:_identify(src/wut_gazebo_models) by extension 'ignore'
[0.220s] Level 1:colcon.colcon_core.package_identification:_identify(src/wut_gazebo_models) by extension 'ignore_ament_install'
[0.220s] Level 1:colcon.colcon_core.package_identification:_identify(src/wut_gazebo_models) by extensions ['colcon_pkg']
[0.220s] Level 1:colcon.colcon_core.package_identification:_identify(src/wut_gazebo_models) by extension 'colcon_pkg'
[0.220s] Level 1:colcon.colcon_core.package_identification:_identify(src/wut_gazebo_models) by extensions ['colcon_meta']
[0.220s] Level 1:colcon.colcon_core.package_identification:_identify(src/wut_gazebo_models) by extension 'colcon_meta'
[0.220s] Level 1:colcon.colcon_core.package_identification:_identify(src/wut_gazebo_models) by extensions ['ros']
[0.220s] Level 1:colcon.colcon_core.package_identification:_identify(src/wut_gazebo_models) by extension 'ros'
[0.220s] DEBUG:colcon.colcon_core.package_identification:Package 'src/wut_gazebo_models' with type 'ros.ament_cmake' and name 'wut_gazebo_models'
[0.220s] Level 1:colcon.colcon_core.package_discovery:discover_packages(recursive) using defaults
[0.220s] Level 1:colcon.colcon_core.package_discovery:discover_packages(ignore) discover
[0.221s] Level 1:colcon.colcon_core.package_discovery:discover_packages(ignore) using defaults
[0.221s] Level 1:colcon.colcon_core.package_discovery:discover_packages(path) discover
[0.221s] Level 1:colcon.colcon_core.package_discovery:discover_packages(path) using defaults
[0.242s] Level 1:colcon.colcon_core.package_discovery:discover_packages(prefix_path) check parameters
[0.243s] Level 1:colcon.colcon_core.package_discovery:discover_packages(prefix_path) discover
[0.247s] DEBUG:colcon.colcon_installed_package_information.package_discovery:Found 5 installed packages in /home/user/ros2_ws/install
[0.254s] DEBUG:colcon.colcon_installed_package_information.package_discovery:Found 511 installed packages in /opt/ros/jazzy
[0.261s] Level 1:colcon.colcon_core.package_discovery:discover_packages(prefix_path) using defaults
[0.323s] Level 5:colcon.colcon_core.verb:set package 'antonie_description' build argument 'cmake_args' from command line to 'None'
[0.324s] Level 5:colcon.colcon_core.verb:set package 'antonie_description' build argument 'cmake_target' from command line to 'None'
[0.324s] Level 5:colcon.colcon_core.verb:set package 'antonie_description' build argument 'cmake_target_skip_unavailable' from command line to 'False'
[0.324s] Level 5:colcon.colcon_core.verb:set package 'antonie_description' build argument 'cmake_clean_cache' from command line to 'False'
[0.324s] Level 5:colcon.colcon_core.verb:set package 'antonie_description' build argument 'cmake_clean_first' from command line to 'False'
[0.324s] Level 5:colcon.colcon_core.verb:set package 'antonie_description' build argument 'cmake_force_configure' from command line to 'False'
[0.324s] Level 5:colcon.colcon_core.verb:set package 'antonie_description' build argument 'ament_cmake_args' from command line to 'None'
[0.324s] Level 5:colcon.colcon_core.verb:set package 'antonie_description' build argument 'catkin_cmake_args' from command line to 'None'
[0.324s] Level 5:colcon.colcon_core.verb:set package 'antonie_description' build argument 'catkin_skip_building_tests' from command line to 'False'
[0.324s] DEBUG:colcon.colcon_core.verb:Building package 'antonie_description' with the following arguments: {'ament_cmake_args': None, 'build_base': '/home/user/ros2_ws/build/antonie_description', 'catkin_cmake_args': None, 'catkin_skip_building_tests': False, 'cmake_args': None, 'cmake_clean_cache': False, 'cmake_clean_first': False, 'cmake_force_configure': False, 'cmake_target': None, 'cmake_target_skip_unavailable': False, 'install_base': '/home/user/ros2_ws/install/antonie_description', 'merge_install': False, 'path': '/home/user/ros2_ws/antonie_description', 'symlink_install': True, 'test_result_base': None}
[0.324s] Level 5:colcon.colcon_core.verb:set package 'wut_gazebo_models' build argument 'cmake_args' from command line to 'None'
[0.324s] Level 5:colcon.colcon_core.verb:set package 'wut_gazebo_models' build argument 'cmake_target' from command line to 'None'
[0.324s] Level 5:colcon.colcon_core.verb:set package 'wut_gazebo_models' build argument 'cmake_target_skip_unavailable' from command line to 'False'
[0.324s] Level 5:colcon.colcon_core.verb:set package 'wut_gazebo_models' build argument 'cmake_clean_cache' from command line to 'False'
[0.324s] Level 5:colcon.colcon_core.verb:set package 'wut_gazebo_models' build argument 'cmake_clean_first' from command line to 'False'
[0.324s] Level 5:colcon.colcon_core.verb:set package 'wut_gazebo_models' build argument 'cmake_force_configure' from command line to 'False'
[0.324s] Level 5:colcon.colcon_core.verb:set package 'wut_gazebo_models' build argument 'ament_cmake_args' from command line to 'None'
[0.324s] Level 5:colcon.colcon_core.verb:set package 'wut_gazebo_models' build argument 'catkin_cmake_args' from command line to 'None'
[0.324s] Level 5:colcon.colcon_core.verb:set package 'wut_gazebo_models' build argument 'catkin_skip_building_tests' from command line to 'False'
[0.324s] DEBUG:colcon.colcon_core.verb:Building package 'wut_gazebo_models' with the following arguments: {'ament_cmake_args': None, 'build_base': '/home/user/ros2_ws/build/wut_gazebo_models', 'catkin_cmake_args': None, 'catkin_skip_building_tests': False, 'cmake_args': None, 'cmake_clean_cache': False, 'cmake_clean_first': False, 'cmake_force_configure': False, 'cmake_target': None, 'cmake_target_skip_unavailable': False, 'install_base': '/home/user/ros2_ws/install/wut_gazebo_models', 'merge_install': False, 'path': '/home/user/ros2_ws/src/wut_gazebo_models', 'symlink_install': True, 'test_result_base': None}
[0.324s] Level 5:colcon.colcon_core.verb:set package 'antonie_gazebo' build argument 'cmake_args' from command line to 'None'
[0.324s] Level 5:colcon.colcon_core.verb:set package 'antonie_gazebo' build argument 'cmake_target' from command line to 'None'
[0.324s] Level 5:colcon.colcon_core.verb:set package 'antonie_gazebo' build argument 'cmake_target_skip_unavailable' from command line to 'False'
[0.324s] Level 5:colcon.colcon_core.verb:set package 'antonie_gazebo' build argument 'cmake_clean_cache' from command line to 'False'
[0.324s] Level 5:colcon.colcon_core.verb:set package 'antonie_gazebo' build argument 'cmake_clean_first' from command line to 'False'
[0.324s] Level 5:colcon.colcon_core.verb:set package 'antonie_gazebo' build argument 'cmake_force_configure' from command line to 'False'
[0.324s] Level 5:colcon.colcon_core.verb:set package 'antonie_gazebo' build argument 'ament_cmake_args' from command line to 'None'
[0.324s] Level 5:colcon.colcon_core.verb:set package 'antonie_gazebo' build argument 'catkin_cmake_args' from command line to 'None'
[0.324s] Level 5:colcon.colcon_core.verb:set package 'antonie_gazebo' build argument 'catkin_skip_building_tests' from command line to 'False'
[0.324s] DEBUG:colcon.colcon_core.verb:Building package 'antonie_gazebo' with the following arguments: {'ament_cmake_args': None, 'build_base': '/home/user/ros2_ws/build/antonie_gazebo', 'catkin_cmake_args': None, 'catkin_skip_building_tests': False, 'cmake_args': None, 'cmake_clean_cache': False, 'cmake_clean_first': False, 'cmake_force_configure': False, 'cmake_target': None, 'cmake_target_skip_unavailable': False, 'install_base': '/home/user/ros2_ws/install/antonie_gazebo', 'merge_install': False, 'path': '/home/user/ros2_ws/src/antonie_gazebo', 'symlink_install': True, 'test_result_base': None}
[0.324s] Level 5:colcon.colcon_core.verb:set package 'antonie_moveit_config' build argument 'cmake_args' from command line to 'None'
[0.324s] Level 5:colcon.colcon_core.verb:set package 'antonie_moveit_config' build argument 'cmake_target' from command line to 'None'
[0.324s] Level 5:colcon.colcon_core.verb:set package 'antonie_moveit_config' build argument 'cmake_target_skip_unavailable' from command line to 'False'
[0.325s] Level 5:colcon.colcon_core.verb:set package 'antonie_moveit_config' build argument 'cmake_clean_cache' from command line to 'False'
[0.325s] Level 5:colcon.colcon_core.verb:set package 'antonie_moveit_config' build argument 'cmake_clean_first' from command line to 'False'
[0.325s] Level 5:colcon.colcon_core.verb:set package 'antonie_moveit_config' build argument 'cmake_force_configure' from command line to 'False'
[0.325s] Level 5:colcon.colcon_core.verb:set package 'antonie_moveit_config' build argument 'ament_cmake_args' from command line to 'None'
[0.325s] Level 5:colcon.colcon_core.verb:set package 'antonie_moveit_config' build argument 'catkin_cmake_args' from command line to 'None'
[0.325s] Level 5:colcon.colcon_core.verb:set package 'antonie_moveit_config' build argument 'catkin_skip_building_tests' from command line to 'False'
[0.325s] DEBUG:colcon.colcon_core.verb:Building package 'antonie_moveit_config' with the following arguments: {'ament_cmake_args': None, 'build_base': '/home/user/ros2_ws/build/antonie_moveit_config', 'catkin_cmake_args': None, 'catkin_skip_building_tests': False, 'cmake_args': None, 'cmake_clean_cache': False, 'cmake_clean_first': False, 'cmake_force_configure': False, 'cmake_target': None, 'cmake_target_skip_unavailable': False, 'install_base': '/home/user/ros2_ws/install/antonie_moveit_config', 'merge_install': False, 'path': '/home/user/ros2_ws/antonie_moveit_config', 'symlink_install': True, 'test_result_base': None}
[0.325s] Level 5:colcon.colcon_core.verb:set package 'my_manipulator' build argument 'cmake_args' from command line to 'None'
[0.325s] Level 5:colcon.colcon_core.verb:set package 'my_manipulator' build argument 'cmake_target' from command line to 'None'
[0.325s] Level 5:colcon.colcon_core.verb:set package 'my_manipulator' build argument 'cmake_target_skip_unavailable' from command line to 'False'
[0.325s] Level 5:colcon.colcon_core.verb:set package 'my_manipulator' build argument 'cmake_clean_cache' from command line to 'False'
[0.325s] Level 5:colcon.colcon_core.verb:set package 'my_manipulator' build argument 'cmake_clean_first' from command line to 'False'
[0.325s] Level 5:colcon.colcon_core.verb:set package 'my_manipulator' build argument 'cmake_force_configure' from command line to 'False'
[0.325s] Level 5:colcon.colcon_core.verb:set package 'my_manipulator' build argument 'ament_cmake_args' from command line to 'None'
[0.325s] Level 5:colcon.colcon_core.verb:set package 'my_manipulator' build argument 'catkin_cmake_args' from command line to 'None'
[0.325s] Level 5:colcon.colcon_core.verb:set package 'my_manipulator' build argument 'catkin_skip_building_tests' from command line to 'False'
[0.325s] DEBUG:colcon.colcon_core.verb:Building package 'my_manipulator' with the following arguments: {'ament_cmake_args': None, 'build_base': '/home/user/ros2_ws/build/my_manipulator', 'catkin_cmake_args': None, 'catkin_skip_building_tests': False, 'cmake_args': None, 'cmake_clean_cache': False, 'cmake_clean_first': False, 'cmake_force_configure': False, 'cmake_target': None, 'cmake_target_skip_unavailable': False, 'install_base': '/home/user/ros2_ws/install/my_manipulator', 'merge_install': False, 'path': '/home/user/ros2_ws/my_manipulator', 'symlink_install': True, 'test_result_base': None}
[0.325s] INFO:colcon.colcon_core.executor:Executing jobs using 'parallel' executor
[0.328s] DEBUG:colcon.colcon_parallel_executor.executor.parallel:run_until_complete
[0.330s] INFO:colcon.colcon_ros.task.ament_cmake.build:Building ROS package in '/home/user/ros2_ws/antonie_description' with build type 'ament_cmake'
[0.330s] INFO:colcon.colcon_cmake.task.cmake.build:Building CMake package in '/home/user/ros2_ws/antonie_description'
[0.332s] INFO:colcon.colcon_core.plugin_system:Skipping extension 'colcon_core.shell.bat': Not used on non-Windows systems
[0.332s] INFO:colcon.colcon_core.shell:Skip shell extension 'powershell' for command environment: Not usable outside of PowerShell
[0.332s] DEBUG:colcon.colcon_core.shell:Skip shell extension 'dsv' for command environment
[0.338s] INFO:colcon.colcon_ros.task.ament_cmake.build:Building ROS package in '/home/user/ros2_ws/src/wut_gazebo_models' with build type 'ament_cmake'
[0.338s] INFO:colcon.colcon_cmake.task.cmake.build:Building CMake package in '/home/user/ros2_ws/src/wut_gazebo_models'
[0.338s] INFO:colcon.colcon_core.shell:Skip shell extension 'powershell' for command environment: Not usable outside of PowerShell
[0.338s] DEBUG:colcon.colcon_core.shell:Skip shell extension 'dsv' for command environment
[0.352s] DEBUG:colcon.colcon_core.event_handler.log_command:Invoking command in '/home/user/ros2_ws/build/antonie_description': CMAKE_PREFIX_PATH=${CMAKE_PREFIX_PATH}:/home/user/ros2_ws/install/my_manipulator:/opt/ros/jazzy DEBUGINFOD_URLS=https://debuginfod.ubuntu.com /usr/bin/cmake --build /home/user/ros2_ws/build/antonie_description -- -j4 -l4
[0.369s] DEBUG:colcon.colcon_core.event_handler.log_command:Invoking command in '/home/user/ros2_ws/build/wut_gazebo_models': CMAKE_PREFIX_PATH=${CMAKE_PREFIX_PATH}:/home/user/ros2_ws/install/my_manipulator:/opt/ros/jazzy DEBUGINFOD_URLS=https://debuginfod.ubuntu.com /usr/bin/cmake --build /home/user/ros2_ws/build/wut_gazebo_models -- -j4 -l4
[0.427s] DEBUG:colcon.colcon_core.event_handler.log_command:Invoked command in '/home/user/ros2_ws/build/wut_gazebo_models' returned '0': CMAKE_PREFIX_PATH=${CMAKE_PREFIX_PATH}:/home/user/ros2_ws/install/my_manipulator:/opt/ros/jazzy DEBUGINFOD_URLS=https://debuginfod.ubuntu.com /usr/bin/cmake --build /home/user/ros2_ws/build/wut_gazebo_models -- -j4 -l4
[0.453s] DEBUG:colcon.colcon_core.event_handler.log_command:Invoking command in '/home/user/ros2_ws/build/wut_gazebo_models': CMAKE_PREFIX_PATH=${CMAKE_PREFIX_PATH}:/home/user/ros2_ws/install/my_manipulator:/opt/ros/jazzy DEBUGINFOD_URLS=https://debuginfod.ubuntu.com /usr/bin/cmake --install /home/user/ros2_ws/build/wut_gazebo_models
[0.482s] DEBUG:colcon.colcon_core.event_handler.log_command:Invoked command in '/home/user/ros2_ws/build/antonie_description' returned '0': CMAKE_PREFIX_PATH=${CMAKE_PREFIX_PATH}:/home/user/ros2_ws/install/my_manipulator:/opt/ros/jazzy DEBUGINFOD_URLS=https://debuginfod.ubuntu.com /usr/bin/cmake --build /home/user/ros2_ws/build/antonie_description -- -j4 -l4
[0.486s] DEBUG:colcon.colcon_core.event_handler.log_command:Invoking command in '/home/user/ros2_ws/build/antonie_description': CMAKE_PREFIX_PATH=${CMAKE_PREFIX_PATH}:/home/user/ros2_ws/install/my_manipulator:/opt/ros/jazzy DEBUGINFOD_URLS=https://debuginfod.ubuntu.com /usr/bin/cmake --install /home/user/ros2_ws/build/antonie_description
[0.512s] Level 1:colcon.colcon_core.environment:create_environment_scripts_only(wut_gazebo_models)
[0.513s] DEBUG:colcon.colcon_core.event_handler.log_command:Invoked command in '/home/user/ros2_ws/build/wut_gazebo_models' returned '0': CMAKE_PREFIX_PATH=${CMAKE_PREFIX_PATH}:/home/user/ros2_ws/install/my_manipulator:/opt/ros/jazzy DEBUGINFOD_URLS=https://debuginfod.ubuntu.com /usr/bin/cmake --install /home/user/ros2_ws/build/wut_gazebo_models
[0.514s] Level 1:colcon.colcon_core.environment:checking '/home/user/ros2_ws/install/wut_gazebo_models' for CMake module files
[0.515s] Level 1:colcon.colcon_core.environment:checking '/home/user/ros2_ws/install/wut_gazebo_models' for CMake config files
[0.515s] Level 1:colcon.colcon_core.shell:create_environment_hook('wut_gazebo_models', 'cmake_prefix_path')
[0.515s] INFO:colcon.colcon_core.shell:Creating environment hook '/home/user/ros2_ws/install/wut_gazebo_models/share/wut_gazebo_models/hook/cmake_prefix_path.ps1'
[0.516s] INFO:colcon.colcon_core.shell:Creating environment descriptor '/home/user/ros2_ws/install/wut_gazebo_models/share/wut_gazebo_models/hook/cmake_prefix_path.dsv'
[0.517s] INFO:colcon.colcon_core.shell:Creating environment hook '/home/user/ros2_ws/install/wut_gazebo_models/share/wut_gazebo_models/hook/cmake_prefix_path.sh'
[0.518s] Level 1:colcon.colcon_core.environment:checking '/home/user/ros2_ws/install/wut_gazebo_models/bin'
[0.518s] Level 1:colcon.colcon_core.environment:checking '/home/user/ros2_ws/install/wut_gazebo_models/lib/pkgconfig/wut_gazebo_models.pc'
[0.518s] Level 1:colcon.colcon_core.environment:checking '/home/user/ros2_ws/install/wut_gazebo_models/lib/python3.12/site-packages'
[0.518s] Level 1:colcon.colcon_core.environment:checking '/home/user/ros2_ws/install/wut_gazebo_models/bin'
[0.518s] INFO:colcon.colcon_core.shell:Creating package script '/home/user/ros2_ws/install/wut_gazebo_models/share/wut_gazebo_models/package.ps1'
[0.519s] INFO:colcon.colcon_core.shell:Creating package descriptor '/home/user/ros2_ws/install/wut_gazebo_models/share/wut_gazebo_models/package.dsv'
[0.519s] INFO:colcon.colcon_core.shell:Creating package script '/home/user/ros2_ws/install/wut_gazebo_models/share/wut_gazebo_models/package.sh'
[0.520s] INFO:colcon.colcon_core.shell:Creating package script '/home/user/ros2_ws/install/wut_gazebo_models/share/wut_gazebo_models/package.bash'
[0.520s] INFO:colcon.colcon_core.shell:Creating package script '/home/user/ros2_ws/install/wut_gazebo_models/share/wut_gazebo_models/package.zsh'
[0.521s] Level 1:colcon.colcon_core.environment:create_file_with_runtime_dependencies(/home/user/ros2_ws/install/wut_gazebo_models/share/colcon-core/packages/wut_gazebo_models)
[0.522s] Level 1:colcon.colcon_core.environment:create_environment_scripts_only(wut_gazebo_models)
[0.522s] Level 1:colcon.colcon_core.environment:checking '/home/user/ros2_ws/install/wut_gazebo_models' for CMake module files
[0.525s] Level 1:colcon.colcon_core.environment:checking '/home/user/ros2_ws/install/wut_gazebo_models' for CMake config files
[0.525s] Level 1:colcon.colcon_core.shell:create_environment_hook('wut_gazebo_models', 'cmake_prefix_path')
[0.525s] INFO:colcon.colcon_core.shell:Creating environment hook '/home/user/ros2_ws/install/wut_gazebo_models/share/wut_gazebo_models/hook/cmake_prefix_path.ps1'
[0.525s] INFO:colcon.colcon_core.shell:Creating environment descriptor '/home/user/ros2_ws/install/wut_gazebo_models/share/wut_gazebo_models/hook/cmake_prefix_path.dsv'
[0.526s] INFO:colcon.colcon_core.shell:Creating environment hook '/home/user/ros2_ws/install/wut_gazebo_models/share/wut_gazebo_models/hook/cmake_prefix_path.sh'
[0.528s] Level 1:colcon.colcon_core.environment:checking '/home/user/ros2_ws/install/wut_gazebo_models/bin'
[0.529s] Level 1:colcon.colcon_core.environment:checking '/home/user/ros2_ws/install/wut_gazebo_models/lib/pkgconfig/wut_gazebo_models.pc'
[0.529s] Level 1:colcon.colcon_core.environment:checking '/home/user/ros2_ws/install/wut_gazebo_models/lib/python3.12/site-packages'
[0.529s] Level 1:colcon.colcon_core.environment:checking '/home/user/ros2_ws/install/wut_gazebo_models/bin'
[0.529s] INFO:colcon.colcon_core.shell:Creating package script '/home/user/ros2_ws/install/wut_gazebo_models/share/wut_gazebo_models/package.ps1'
[0.530s] INFO:colcon.colcon_core.shell:Creating package descriptor '/home/user/ros2_ws/install/wut_gazebo_models/share/wut_gazebo_models/package.dsv'
[0.532s] INFO:colcon.colcon_core.shell:Creating package script '/home/user/ros2_ws/install/wut_gazebo_models/share/wut_gazebo_models/package.sh'
[0.533s] INFO:colcon.colcon_core.shell:Creating package script '/home/user/ros2_ws/install/wut_gazebo_models/share/wut_gazebo_models/package.bash'
[0.534s] INFO:colcon.colcon_core.shell:Creating package script '/home/user/ros2_ws/install/wut_gazebo_models/share/wut_gazebo_models/package.zsh'
[0.534s] Level 1:colcon.colcon_core.environment:create_file_with_runtime_dependencies(/home/user/ros2_ws/install/wut_gazebo_models/share/colcon-core/packages/wut_gazebo_models)
[0.535s] INFO:colcon.colcon_ros.task.ament_cmake.build:Building ROS package in '/home/user/ros2_ws/src/antonie_gazebo' with build type 'ament_cmake'
[0.535s] INFO:colcon.colcon_cmake.task.cmake.build:Building CMake package in '/home/user/ros2_ws/src/antonie_gazebo'
[0.535s] INFO:colcon.colcon_core.shell:Skip shell extension 'powershell' for command environment: Not usable outside of PowerShell
[0.535s] DEBUG:colcon.colcon_core.shell:Skip shell extension 'dsv' for command environment
[0.538s] Level 1:colcon.colcon_core.environment:create_environment_scripts_only(antonie_description)
[0.538s] Level 1:colcon.colcon_core.environment:checking '/home/user/ros2_ws/install/antonie_description' for CMake module files
[0.538s] Level 1:colcon.colcon_core.environment:checking '/home/user/ros2_ws/install/antonie_description' for CMake config files
[0.538s] Level 1:colcon.colcon_core.shell:create_environment_hook('antonie_description', 'cmake_prefix_path')
[0.538s] INFO:colcon.colcon_core.shell:Creating environment hook '/home/user/ros2_ws/install/antonie_description/share/antonie_description/hook/cmake_prefix_path.ps1'
[0.539s] INFO:colcon.colcon_core.shell:Creating environment descriptor '/home/user/ros2_ws/install/antonie_description/share/antonie_description/hook/cmake_prefix_path.dsv'
[0.540s] INFO:colcon.colcon_core.shell:Creating environment hook '/home/user/ros2_ws/install/antonie_description/share/antonie_description/hook/cmake_prefix_path.sh'
[0.547s] Level 1:colcon.colcon_core.environment:checking '/home/user/ros2_ws/install/antonie_description/bin'
[0.547s] Level 1:colcon.colcon_core.environment:checking '/home/user/ros2_ws/install/antonie_description/lib/pkgconfig/antonie_description.pc'
[0.547s] Level 1:colcon.colcon_core.environment:checking '/home/user/ros2_ws/install/antonie_description/lib/python3.12/site-packages'
[0.547s] Level 1:colcon.colcon_core.environment:checking '/home/user/ros2_ws/install/antonie_description/bin'
[0.548s] INFO:colcon.colcon_core.shell:Creating package script '/home/user/ros2_ws/install/antonie_description/share/antonie_description/package.ps1'
[0.549s] INFO:colcon.colcon_core.shell:Creating package descriptor '/home/user/ros2_ws/install/antonie_description/share/antonie_description/package.dsv'
[0.550s] INFO:colcon.colcon_core.shell:Creating package script '/home/user/ros2_ws/install/antonie_description/share/antonie_description/package.sh'
[0.551s] DEBUG:colcon.colcon_core.event_handler.log_command:Invoked command in '/home/user/ros2_ws/build/antonie_description' returned '0': CMAKE_PREFIX_PATH=${CMAKE_PREFIX_PATH}:/home/user/ros2_ws/install/my_manipulator:/opt/ros/jazzy DEBUGINFOD_URLS=https://debuginfod.ubuntu.com /usr/bin/cmake --install /home/user/ros2_ws/build/antonie_description
[0.552s] INFO:colcon.colcon_core.shell:Creating package script '/home/user/ros2_ws/install/antonie_description/share/antonie_description/package.bash'
[0.554s] INFO:colcon.colcon_core.shell:Creating package script '/home/user/ros2_ws/install/antonie_description/share/antonie_description/package.zsh'
[0.554s] Level 1:colcon.colcon_core.environment:create_file_with_runtime_dependencies(/home/user/ros2_ws/install/antonie_description/share/colcon-core/packages/antonie_description)
[0.555s] Level 1:colcon.colcon_core.environment:create_environment_scripts_only(antonie_description)
[0.555s] Level 1:colcon.colcon_core.environment:checking '/home/user/ros2_ws/install/antonie_description' for CMake module files
[0.556s] Level 1:colcon.colcon_core.environment:checking '/home/user/ros2_ws/install/antonie_description' for CMake config files
[0.556s] Level 1:colcon.colcon_core.shell:create_environment_hook('antonie_description', 'cmake_prefix_path')
[0.556s] INFO:colcon.colcon_core.shell:Creating environment hook '/home/user/ros2_ws/install/antonie_description/share/antonie_description/hook/cmake_prefix_path.ps1'
[0.556s] INFO:colcon.colcon_core.shell:Creating environment descriptor '/home/user/ros2_ws/install/antonie_description/share/antonie_description/hook/cmake_prefix_path.dsv'
[0.557s] INFO:colcon.colcon_core.shell:Creating environment hook '/home/user/ros2_ws/install/antonie_description/share/antonie_description/hook/cmake_prefix_path.sh'
[0.559s] Level 1:colcon.colcon_core.environment:checking '/home/user/ros2_ws/install/antonie_description/bin'
[0.559s] Level 1:colcon.colcon_core.environment:checking '/home/user/ros2_ws/install/antonie_description/lib/pkgconfig/antonie_description.pc'
[0.559s] Level 1:colcon.colcon_core.environment:checking '/home/user/ros2_ws/install/antonie_description/lib/python3.12/site-packages'
[0.560s] Level 1:colcon.colcon_core.environment:checking '/home/user/ros2_ws/install/antonie_description/bin'
[0.560s] INFO:colcon.colcon_core.shell:Creating package script '/home/user/ros2_ws/install/antonie_description/share/antonie_description/package.ps1'
[0.560s] INFO:colcon.colcon_core.shell:Creating package descriptor '/home/user/ros2_ws/install/antonie_description/share/antonie_description/package.dsv'
[0.561s] INFO:colcon.colcon_core.shell:Creating package script '/home/user/ros2_ws/install/antonie_description/share/antonie_description/package.sh'
[0.562s] INFO:colcon.colcon_core.shell:Creating package script '/home/user/ros2_ws/install/antonie_description/share/antonie_description/package.bash'
[0.563s] INFO:colcon.colcon_core.shell:Creating package script '/home/user/ros2_ws/install/antonie_description/share/antonie_description/package.zsh'
[0.564s] Level 1:colcon.colcon_core.environment:create_file_with_runtime_dependencies(/home/user/ros2_ws/install/antonie_description/share/colcon-core/packages/antonie_description)
[0.565s] INFO:colcon.colcon_ros.task.ament_cmake.build:Building ROS package in '/home/user/ros2_ws/antonie_moveit_config' with build type 'ament_cmake'
[0.565s] INFO:colcon.colcon_cmake.task.cmake.build:Building CMake package in '/home/user/ros2_ws/antonie_moveit_config'
[0.565s] INFO:colcon.colcon_core.shell:Skip shell extension 'powershell' for command environment: Not usable outside of PowerShell
[0.565s] DEBUG:colcon.colcon_core.shell:Skip shell extension 'dsv' for command environment
[0.571s] INFO:colcon.colcon_ros.task.ament_python.build:Building ROS package in '/home/user/ros2_ws/my_manipulator' with build type 'ament_python'
[0.571s] Level 1:colcon.colcon_core.shell:create_environment_hook('my_manipulator', 'ament_prefix_path')
[0.572s] INFO:colcon.colcon_core.shell:Creating environment hook '/home/user/ros2_ws/install/my_manipulator/share/my_manipulator/hook/ament_prefix_path.ps1'
[0.572s] INFO:colcon.colcon_core.shell:Creating environment descriptor '/home/user/ros2_ws/install/my_manipulator/share/my_manipulator/hook/ament_prefix_path.dsv'
[0.574s] INFO:colcon.colcon_core.shell:Creating environment hook '/home/user/ros2_ws/install/my_manipulator/share/my_manipulator/hook/ament_prefix_path.sh'
[0.576s] INFO:colcon.colcon_core.shell:Skip shell extension 'powershell' for command environment: Not usable outside of PowerShell
[0.576s] DEBUG:colcon.colcon_core.shell:Skip shell extension 'dsv' for command environment
[0.592s] DEBUG:colcon.colcon_core.event_handler.log_command:Invoking command in '/home/user/ros2_ws/build/antonie_gazebo': CMAKE_PREFIX_PATH=${CMAKE_PREFIX_PATH}:/home/user/ros2_ws/install/my_manipulator:/opt/ros/jazzy DEBUGINFOD_URLS=https://debuginfod.ubuntu.com /usr/bin/cmake --build /home/user/ros2_ws/build/antonie_gazebo -- -j4 -l4
[0.599s] DEBUG:colcon.colcon_core.event_handler.log_command:Invoking command in '/home/user/ros2_ws/build/antonie_moveit_config': CMAKE_PREFIX_PATH=/home/user/ros2_ws/install/antonie_description:/home/user/ros2_ws/install/wut_gazebo_models:/home/user/ros2_ws/install/antonie_gazebo:/home/user/ros2_ws/install/antonie_moveit_config:/opt/ros/jazzy/opt/gz_sim_vendor:/opt/ros/jazzy/opt/gz_sensors_vendor:/opt/ros/jazzy/opt/gz_physics_vendor:/opt/ros/jazzy/opt/sdformat_vendor:/opt/ros/jazzy/opt/gz_gui_vendor:/opt/ros/jazzy/opt/gz_transport_vendor:/opt/ros/jazzy/opt/gz_rendering_vendor:/opt/ros/jazzy/opt/gz_plugin_vendor:/opt/ros/jazzy/opt/gz_fuel_tools_vendor:/opt/ros/jazzy/opt/gz_msgs_vendor:/opt/ros/jazzy/opt/gz_common_vendor:/opt/ros/jazzy/opt/gz_math_vendor:/opt/ros/jazzy/opt/gz_utils_vendor:/opt/ros/jazzy/opt/gz_tools_vendor:/opt/ros/jazzy/opt/gz_ogre_next_vendor:/opt/ros/jazzy/opt/gz_dartsim_vendor:/opt/ros/jazzy/opt/gz_cmake_vendor:/home/user/ros2_ws/install/my_manipulator:/opt/ros/jazzy DEBUGINFOD_URLS=https://debuginfod.ubuntu.com /usr/bin/cmake --build /home/user/ros2_ws/build/antonie_moveit_config -- -j4 -l4
[0.920s] INFO:colcon.colcon_core.task.python.build:Building Python package in '/home/user/ros2_ws/my_manipulator'
[0.921s] INFO:colcon.colcon_core.shell:Skip shell extension 'powershell' for command environment: Not usable outside of PowerShell
[0.921s] DEBUG:colcon.colcon_core.shell:Skip shell extension 'dsv' for command environment
[0.932s] DEBUG:colcon.colcon_core.event_handler.log_command:Invoked command in '/home/user/ros2_ws/build/antonie_moveit_config' returned '0': CMAKE_PREFIX_PATH=/home/user/ros2_ws/install/antonie_description:/home/user/ros2_ws/install/wut_gazebo_models:/home/user/ros2_ws/install/antonie_gazebo:/home/user/ros2_ws/install/antonie_moveit_config:/opt/ros/jazzy/opt/gz_sim_vendor:/opt/ros/jazzy/opt/gz_sensors_vendor:/opt/ros/jazzy/opt/gz_physics_vendor:/opt/ros/jazzy/opt/sdformat_vendor:/opt/ros/jazzy/opt/gz_gui_vendor:/opt/ros/jazzy/opt/gz_transport_vendor:/opt/ros/jazzy/opt/gz_rendering_vendor:/opt/ros/jazzy/opt/gz_plugin_vendor:/opt/ros/jazzy/opt/gz_fuel_tools_vendor:/opt/ros/jazzy/opt/gz_msgs_vendor:/opt/ros/jazzy/opt/gz_common_vendor:/opt/ros/jazzy/opt/gz_math_vendor:/opt/ros/jazzy/opt/gz_utils_vendor:/opt/ros/jazzy/opt/gz_tools_vendor:/opt/ros/jazzy/opt/gz_ogre_next_vendor:/opt/ros/jazzy/opt/gz_dartsim_vendor:/opt/ros/jazzy/opt/gz_cmake_vendor:/home/user/ros2_ws/install/my_manipulator:/opt/ros/jazzy DEBUGINFOD_URLS=https://debuginfod.ubuntu.com /usr/bin/cmake --build /home/user/ros2_ws/build/antonie_moveit_config -- -j4 -l4
[0.933s] DEBUG:colcon.colcon_core.event_handler.log_command:Invoking command in '/home/user/ros2_ws/build/antonie_moveit_config': CMAKE_PREFIX_PATH=/home/user/ros2_ws/install/antonie_description:/home/user/ros2_ws/install/wut_gazebo_models:/home/user/ros2_ws/install/antonie_gazebo:/home/user/ros2_ws/install/antonie_moveit_config:/opt/ros/jazzy/opt/gz_sim_vendor:/opt/ros/jazzy/opt/gz_sensors_vendor:/opt/ros/jazzy/opt/gz_physics_vendor:/opt/ros/jazzy/opt/sdformat_vendor:/opt/ros/jazzy/opt/gz_gui_vendor:/opt/ros/jazzy/opt/gz_transport_vendor:/opt/ros/jazzy/opt/gz_rendering_vendor:/opt/ros/jazzy/opt/gz_plugin_vendor:/opt/ros/jazzy/opt/gz_fuel_tools_vendor:/opt/ros/jazzy/opt/gz_msgs_vendor:/opt/ros/jazzy/opt/gz_common_vendor:/opt/ros/jazzy/opt/gz_math_vendor:/opt/ros/jazzy/opt/gz_utils_vendor:/opt/ros/jazzy/opt/gz_tools_vendor:/opt/ros/jazzy/opt/gz_ogre_next_vendor:/opt/ros/jazzy/opt/gz_dartsim_vendor:/opt/ros/jazzy/opt/gz_cmake_vendor:/home/user/ros2_ws/install/my_manipulator:/opt/ros/jazzy DEBUGINFOD_URLS=https://debuginfod.ubuntu.com /usr/bin/cmake --install /home/user/ros2_ws/build/antonie_moveit_config
[0.935s] DEBUG:colcon.colcon_core.event_handler.log_command:Invoked command in '/home/user/ros2_ws/build/antonie_gazebo' returned '0': CMAKE_PREFIX_PATH=${CMAKE_PREFIX_PATH}:/home/user/ros2_ws/install/my_manipulator:/opt/ros/jazzy DEBUGINFOD_URLS=https://debuginfod.ubuntu.com /usr/bin/cmake --build /home/user/ros2_ws/build/antonie_gazebo -- -j4 -l4
[0.938s] DEBUG:colcon.colcon_core.event_handler.log_command:Invoking command in '/home/user/ros2_ws/build/antonie_gazebo': CMAKE_PREFIX_PATH=${CMAKE_PREFIX_PATH}:/home/user/ros2_ws/install/my_manipulator:/opt/ros/jazzy DEBUGINFOD_URLS=https://debuginfod.ubuntu.com /usr/bin/cmake --install /home/user/ros2_ws/build/antonie_gazebo
[0.982s] Level 1:colcon.colcon_core.environment:create_environment_scripts_only(antonie_moveit_config)
[0.982s] Level 1:colcon.colcon_core.environment:checking '/home/user/ros2_ws/install/antonie_moveit_config' for CMake module files
[0.983s] Level 1:colcon.colcon_core.environment:checking '/home/user/ros2_ws/install/antonie_moveit_config' for CMake config files
[0.984s] Level 1:colcon.colcon_core.shell:create_environment_hook('antonie_moveit_config', 'cmake_prefix_path')
[0.984s] INFO:colcon.colcon_core.shell:Creating environment hook '/home/user/ros2_ws/install/antonie_moveit_config/share/antonie_moveit_config/hook/cmake_prefix_path.ps1'
[0.985s] DEBUG:colcon.colcon_core.event_handler.log_command:Invoked command in '/home/user/ros2_ws/build/antonie_moveit_config' returned '0': CMAKE_PREFIX_PATH=/home/user/ros2_ws/install/antonie_description:/home/user/ros2_ws/install/wut_gazebo_models:/home/user/ros2_ws/install/antonie_gazebo:/home/user/ros2_ws/install/antonie_moveit_config:/opt/ros/jazzy/opt/gz_sim_vendor:/opt/ros/jazzy/opt/gz_sensors_vendor:/opt/ros/jazzy/opt/gz_physics_vendor:/opt/ros/jazzy/opt/sdformat_vendor:/opt/ros/jazzy/opt/gz_gui_vendor:/opt/ros/jazzy/opt/gz_transport_vendor:/opt/ros/jazzy/opt/gz_rendering_vendor:/opt/ros/jazzy/opt/gz_plugin_vendor:/opt/ros/jazzy/opt/gz_fuel_tools_vendor:/opt/ros/jazzy/opt/gz_msgs_vendor:/opt/ros/jazzy/opt/gz_common_vendor:/opt/ros/jazzy/opt/gz_math_vendor:/opt/ros/jazzy/opt/gz_utils_vendor:/opt/ros/jazzy/opt/gz_tools_vendor:/opt/ros/jazzy/opt/gz_ogre_next_vendor:/opt/ros/jazzy/opt/gz_dartsim_vendor:/opt/ros/jazzy/opt/gz_cmake_vendor:/home/user/ros2_ws/install/my_manipulator:/opt/ros/jazzy DEBUGINFOD_URLS=https://debuginfod.ubuntu.com /usr/bin/cmake --install /home/user/ros2_ws/build/antonie_moveit_config
[0.986s] INFO:colcon.colcon_core.shell:Creating environment descriptor '/home/user/ros2_ws/install/antonie_moveit_config/share/antonie_moveit_config/hook/cmake_prefix_path.dsv'
[0.992s] INFO:colcon.colcon_core.shell:Creating environment hook '/home/user/ros2_ws/install/antonie_moveit_config/share/antonie_moveit_config/hook/cmake_prefix_path.sh'
[0.998s] Level 1:colcon.colcon_core.environment:checking '/home/user/ros2_ws/install/antonie_moveit_config/bin'
[0.998s] Level 1:colcon.colcon_core.environment:checking '/home/user/ros2_ws/install/antonie_moveit_config/lib/pkgconfig/antonie_moveit_config.pc'
[0.999s] Level 1:colcon.colcon_core.environment:checking '/home/user/ros2_ws/install/antonie_moveit_config/lib/python3.12/site-packages'
[0.999s] Level 1:colcon.colcon_core.environment:checking '/home/user/ros2_ws/install/antonie_moveit_config/bin'
[1.000s] INFO:colcon.colcon_core.shell:Creating package script '/home/user/ros2_ws/install/antonie_moveit_config/share/antonie_moveit_config/package.ps1'
[1.002s] INFO:colcon.colcon_core.shell:Creating package descriptor '/home/user/ros2_ws/install/antonie_moveit_config/share/antonie_moveit_config/package.dsv'
[1.002s] INFO:colcon.colcon_core.shell:Creating package script '/home/user/ros2_ws/install/antonie_moveit_config/share/antonie_moveit_config/package.sh'
[1.006s] INFO:colcon.colcon_core.shell:Creating package script '/home/user/ros2_ws/install/antonie_moveit_config/share/antonie_moveit_config/package.bash'
[1.007s] INFO:colcon.colcon_core.shell:Creating package script '/home/user/ros2_ws/install/antonie_moveit_config/share/antonie_moveit_config/package.zsh'
[1.007s] Level 1:colcon.colcon_core.environment:create_file_with_runtime_dependencies(/home/user/ros2_ws/install/antonie_moveit_config/share/colcon-core/packages/antonie_moveit_config)
[1.008s] Level 1:colcon.colcon_core.environment:create_environment_scripts_only(antonie_moveit_config)
[1.008s] Level 1:colcon.colcon_core.environment:checking '/home/user/ros2_ws/install/antonie_moveit_config' for CMake module files
[1.009s] Level 1:colcon.colcon_core.environment:checking '/home/user/ros2_ws/install/antonie_moveit_config' for CMake config files
[1.009s] Level 1:colcon.colcon_core.shell:create_environment_hook('antonie_moveit_config', 'cmake_prefix_path')
[1.009s] INFO:colcon.colcon_core.shell:Creating environment hook '/home/user/ros2_ws/install/antonie_moveit_config/share/antonie_moveit_config/hook/cmake_prefix_path.ps1'
[1.009s] INFO:colcon.colcon_core.shell:Creating environment descriptor '/home/user/ros2_ws/install/antonie_moveit_config/share/antonie_moveit_config/hook/cmake_prefix_path.dsv'
[1.010s] INFO:colcon.colcon_core.shell:Creating environment hook '/home/user/ros2_ws/install/antonie_moveit_config/share/antonie_moveit_config/hook/cmake_prefix_path.sh'
[1.011s] Level 1:colcon.colcon_core.environment:checking '/home/user/ros2_ws/install/antonie_moveit_config/bin'
[1.011s] Level 1:colcon.colcon_core.environment:checking '/home/user/ros2_ws/install/antonie_moveit_config/lib/pkgconfig/antonie_moveit_config.pc'
[1.011s] Level 1:colcon.colcon_core.environment:checking '/home/user/ros2_ws/install/antonie_moveit_config/lib/python3.12/site-packages'
[1.011s] Level 1:colcon.colcon_core.environment:checking '/home/user/ros2_ws/install/antonie_moveit_config/bin'
[1.011s] INFO:colcon.colcon_core.shell:Creating package script '/home/user/ros2_ws/install/antonie_moveit_config/share/antonie_moveit_config/package.ps1'
[1.012s] INFO:colcon.colcon_core.shell:Creating package descriptor '/home/user/ros2_ws/install/antonie_moveit_config/share/antonie_moveit_config/package.dsv'
[1.012s] INFO:colcon.colcon_core.shell:Creating package script '/home/user/ros2_ws/install/antonie_moveit_config/share/antonie_moveit_config/package.sh'
[1.012s] INFO:colcon.colcon_core.shell:Creating package script '/home/user/ros2_ws/install/antonie_moveit_config/share/antonie_moveit_config/package.bash'
[1.013s] INFO:colcon.colcon_core.shell:Creating package script '/home/user/ros2_ws/install/antonie_moveit_config/share/antonie_moveit_config/package.zsh'
[1.013s] Level 1:colcon.colcon_core.environment:create_file_with_runtime_dependencies(/home/user/ros2_ws/install/antonie_moveit_config/share/colcon-core/packages/antonie_moveit_config)
[1.019s] Level 1:colcon.colcon_core.environment:create_environment_scripts_only(antonie_gazebo)
[1.019s] Level 1:colcon.colcon_core.environment:checking '/home/user/ros2_ws/install/antonie_gazebo' for CMake module files
[1.020s] DEBUG:colcon.colcon_core.event_handler.log_command:Invoked command in '/home/user/ros2_ws/build/antonie_gazebo' returned '0': CMAKE_PREFIX_PATH=${CMAKE_PREFIX_PATH}:/home/user/ros2_ws/install/my_manipulator:/opt/ros/jazzy DEBUGINFOD_URLS=https://debuginfod.ubuntu.com /usr/bin/cmake --install /home/user/ros2_ws/build/antonie_gazebo
[1.023s] Level 1:colcon.colcon_core.environment:checking '/home/user/ros2_ws/install/antonie_gazebo' for CMake config files
[1.024s] Level 1:colcon.colcon_core.shell:create_environment_hook('antonie_gazebo', 'cmake_prefix_path')
[1.025s] INFO:colcon.colcon_core.shell:Creating environment hook '/home/user/ros2_ws/install/antonie_gazebo/share/antonie_gazebo/hook/cmake_prefix_path.ps1'
[1.026s] INFO:colcon.colcon_core.shell:Creating environment descriptor '/home/user/ros2_ws/install/antonie_gazebo/share/antonie_gazebo/hook/cmake_prefix_path.dsv'
[1.026s] INFO:colcon.colcon_core.shell:Creating environment hook '/home/user/ros2_ws/install/antonie_gazebo/share/antonie_gazebo/hook/cmake_prefix_path.sh'
[1.027s] Level 1:colcon.colcon_core.environment:checking '/home/user/ros2_ws/install/antonie_gazebo/bin'
[1.027s] Level 1:colcon.colcon_core.environment:checking '/home/user/ros2_ws/install/antonie_gazebo/lib/pkgconfig/antonie_gazebo.pc'
[1.027s] Level 1:colcon.colcon_core.environment:checking '/home/user/ros2_ws/install/antonie_gazebo/lib/python3.12/site-packages'
[1.027s] Level 1:colcon.colcon_core.environment:checking '/home/user/ros2_ws/install/antonie_gazebo/bin'
[1.027s] INFO:colcon.colcon_core.shell:Creating package script '/home/user/ros2_ws/install/antonie_gazebo/share/antonie_gazebo/package.ps1'
[1.028s] INFO:colcon.colcon_core.shell:Creating package descriptor '/home/user/ros2_ws/install/antonie_gazebo/share/antonie_gazebo/package.dsv'
[1.029s] INFO:colcon.colcon_core.shell:Creating package script '/home/user/ros2_ws/install/antonie_gazebo/share/antonie_gazebo/package.sh'
[1.029s] INFO:colcon.colcon_core.shell:Creating package script '/home/user/ros2_ws/install/antonie_gazebo/share/antonie_gazebo/package.bash'
[1.029s] INFO:colcon.colcon_core.shell:Creating package script '/home/user/ros2_ws/install/antonie_gazebo/share/antonie_gazebo/package.zsh'
[1.030s] Level 1:colcon.colcon_core.environment:create_file_with_runtime_dependencies(/home/user/ros2_ws/install/antonie_gazebo/share/colcon-core/packages/antonie_gazebo)
[1.030s] Level 1:colcon.colcon_core.environment:create_environment_scripts_only(antonie_gazebo)
[1.031s] Level 1:colcon.colcon_core.environment:checking '/home/user/ros2_ws/install/antonie_gazebo' for CMake module files
[1.031s] Level 1:colcon.colcon_core.environment:checking '/home/user/ros2_ws/install/antonie_gazebo' for CMake config files
[1.038s] Level 1:colcon.colcon_core.shell:create_environment_hook('antonie_gazebo', 'cmake_prefix_path')
[1.041s] INFO:colcon.colcon_core.shell:Creating environment hook '/home/user/ros2_ws/install/antonie_gazebo/share/antonie_gazebo/hook/cmake_prefix_path.ps1'
[1.043s] INFO:colcon.colcon_core.shell:Creating environment descriptor '/home/user/ros2_ws/install/antonie_gazebo/share/antonie_gazebo/hook/cmake_prefix_path.dsv'
[1.044s] INFO:colcon.colcon_core.shell:Creating environment hook '/home/user/ros2_ws/install/antonie_gazebo/share/antonie_gazebo/hook/cmake_prefix_path.sh'
[1.045s] Level 1:colcon.colcon_core.environment:checking '/home/user/ros2_ws/install/antonie_gazebo/bin'
[1.045s] Level 1:colcon.colcon_core.environment:checking '/home/user/ros2_ws/install/antonie_gazebo/lib/pkgconfig/antonie_gazebo.pc'
[1.046s] Level 1:colcon.colcon_core.environment:checking '/home/user/ros2_ws/install/antonie_gazebo/lib/python3.12/site-packages'
[1.047s] Level 1:colcon.colcon_core.environment:checking '/home/user/ros2_ws/install/antonie_gazebo/bin'
[1.047s] INFO:colcon.colcon_core.shell:Creating package script '/home/user/ros2_ws/install/antonie_gazebo/share/antonie_gazebo/package.ps1'
[1.048s] INFO:colcon.colcon_core.shell:Creating package descriptor '/home/user/ros2_ws/install/antonie_gazebo/share/antonie_gazebo/package.dsv'
[1.049s] INFO:colcon.colcon_core.shell:Creating package script '/home/user/ros2_ws/install/antonie_gazebo/share/antonie_gazebo/package.sh'
[1.049s] INFO:colcon.colcon_core.shell:Creating package script '/home/user/ros2_ws/install/antonie_gazebo/share/antonie_gazebo/package.bash'
[1.049s] INFO:colcon.colcon_core.shell:Creating package script '/home/user/ros2_ws/install/antonie_gazebo/share/antonie_gazebo/package.zsh'
[1.051s] Level 1:colcon.colcon_core.environment:create_file_with_runtime_dependencies(/home/user/ros2_ws/install/antonie_gazebo/share/colcon-core/packages/antonie_gazebo)
[1.582s] DEBUG:colcon.colcon_core.event_handler.log_command:Invoking command in '/home/user/ros2_ws/build/my_manipulator': CMAKE_PREFIX_PATH=/home/user/ros2_ws/install/antonie_description:/home/user/ros2_ws/install/wut_gazebo_models:/home/user/ros2_ws/install/antonie_gazebo:/home/user/ros2_ws/install/antonie_moveit_config:/opt/ros/jazzy/opt/gz_sim_vendor:/opt/ros/jazzy/opt/gz_sensors_vendor:/opt/ros/jazzy/opt/gz_physics_vendor:/opt/ros/jazzy/opt/sdformat_vendor:/opt/ros/jazzy/opt/gz_gui_vendor:/opt/ros/jazzy/opt/gz_transport_vendor:/opt/ros/jazzy/opt/gz_rendering_vendor:/opt/ros/jazzy/opt/gz_plugin_vendor:/opt/ros/jazzy/opt/gz_fuel_tools_vendor:/opt/ros/jazzy/opt/gz_msgs_vendor:/opt/ros/jazzy/opt/gz_common_vendor:/opt/ros/jazzy/opt/gz_math_vendor:/opt/ros/jazzy/opt/gz_utils_vendor:/opt/ros/jazzy/opt/gz_tools_vendor:/opt/ros/jazzy/opt/gz_ogre_next_vendor:/opt/ros/jazzy/opt/gz_dartsim_vendor:/opt/ros/jazzy/opt/gz_cmake_vendor DEBUGINFOD_URLS=https://debuginfod.ubuntu.com PYTHONPATH=/home/user/ros2_ws/build/my_manipulator/prefix_override:/usr/lib/python3/dist-packages/colcon_core/task/python/colcon_distutils_commands:/home/user/ros2_ws/install/my_manipulator/lib/python3.12/site-packages:${PYTHONPATH} /usr/bin/python3 -W ignore:setup.py install is deprecated -W ignore:easy_install command is deprecated setup.py develop --editable --build-directory /home/user/ros2_ws/build/my_manipulator/build --no-deps symlink_data
[2.029s] Level 1:colcon.colcon_core.shell:create_environment_hook('my_manipulator', 'pythonpath_develop')
[2.030s] INFO:colcon.colcon_core.shell:Creating environment hook '/home/user/ros2_ws/build/my_manipulator/share/my_manipulator/hook/pythonpath_develop.ps1'
[2.030s] INFO:colcon.colcon_core.shell:Creating environment descriptor '/home/user/ros2_ws/build/my_manipulator/share/my_manipulator/hook/pythonpath_develop.dsv'
[2.031s] INFO:colcon.colcon_core.shell:Creating environment hook '/home/user/ros2_ws/build/my_manipulator/share/my_manipulator/hook/pythonpath_develop.sh'
[2.031s] Level 1:colcon.colcon_core.environment:checking '/home/user/ros2_ws/install/my_manipulator' for CMake module files
[2.032s] Level 1:colcon.colcon_core.environment:checking '/home/user/ros2_ws/install/my_manipulator' for CMake config files
[2.032s] Level 1:colcon.colcon_core.environment:checking '/home/user/ros2_ws/install/my_manipulator/lib'
[2.032s] Level 1:colcon.colcon_core.environment:checking '/home/user/ros2_ws/install/my_manipulator/bin'
[2.032s] Level 1:colcon.colcon_core.environment:checking '/home/user/ros2_ws/install/my_manipulator/lib/pkgconfig/my_manipulator.pc'
[2.032s] Level 1:colcon.colcon_core.environment:checking '/home/user/ros2_ws/install/my_manipulator/lib/python3.12/site-packages'
[2.032s] Level 1:colcon.colcon_core.shell:create_environment_hook('my_manipulator', 'pythonpath')
[2.032s] INFO:colcon.colcon_core.shell:Creating environment hook '/home/user/ros2_ws/install/my_manipulator/share/my_manipulator/hook/pythonpath.ps1'
[2.033s] INFO:colcon.colcon_core.shell:Creating environment descriptor '/home/user/ros2_ws/install/my_manipulator/share/my_manipulator/hook/pythonpath.dsv'
[2.033s] DEBUG:colcon.colcon_core.event_handler.log_command:Invoked command in '/home/user/ros2_ws/build/my_manipulator' returned '0': CMAKE_PREFIX_PATH=/home/user/ros2_ws/install/antonie_description:/home/user/ros2_ws/install/wut_gazebo_models:/home/user/ros2_ws/install/antonie_gazebo:/home/user/ros2_ws/install/antonie_moveit_config:/opt/ros/jazzy/opt/gz_sim_vendor:/opt/ros/jazzy/opt/gz_sensors_vendor:/opt/ros/jazzy/opt/gz_physics_vendor:/opt/ros/jazzy/opt/sdformat_vendor:/opt/ros/jazzy/opt/gz_gui_vendor:/opt/ros/jazzy/opt/gz_transport_vendor:/opt/ros/jazzy/opt/gz_rendering_vendor:/opt/ros/jazzy/opt/gz_plugin_vendor:/opt/ros/jazzy/opt/gz_fuel_tools_vendor:/opt/ros/jazzy/opt/gz_msgs_vendor:/opt/ros/jazzy/opt/gz_common_vendor:/opt/ros/jazzy/opt/gz_math_vendor:/opt/ros/jazzy/opt/gz_utils_vendor:/opt/ros/jazzy/opt/gz_tools_vendor:/opt/ros/jazzy/opt/gz_ogre_next_vendor:/opt/ros/jazzy/opt/gz_dartsim_vendor:/opt/ros/jazzy/opt/gz_cmake_vendor DEBUGINFOD_URLS=https://debuginfod.ubuntu.com PYTHONPATH=/home/user/ros2_ws/build/my_manipulator/prefix_override:/usr/lib/python3/dist-packages/colcon_core/task/python/colcon_distutils_commands:/home/user/ros2_ws/install/my_manipulator/lib/python3.12/site-packages:${PYTHONPATH} /usr/bin/python3 -W ignore:setup.py install is deprecated -W ignore:easy_install command is deprecated setup.py develop --editable --build-directory /home/user/ros2_ws/build/my_manipulator/build --no-deps symlink_data
[2.034s] INFO:colcon.colcon_core.shell:Creating environment hook '/home/user/ros2_ws/install/my_manipulator/share/my_manipulator/hook/pythonpath.sh'
[2.035s] Level 1:colcon.colcon_core.environment:checking '/home/user/ros2_ws/install/my_manipulator/bin'
[2.035s] Level 1:colcon.colcon_core.environment:create_environment_scripts_only(my_manipulator)
[2.035s] INFO:colcon.colcon_core.shell:Creating package script '/home/user/ros2_ws/install/my_manipulator/share/my_manipulator/package.ps1'
[2.036s] INFO:colcon.colcon_core.shell:Creating package descriptor '/home/user/ros2_ws/install/my_manipulator/share/my_manipulator/package.dsv'
[2.037s] INFO:colcon.colcon_core.shell:Creating package script '/home/user/ros2_ws/install/my_manipulator/share/my_manipulator/package.sh'
[2.039s] INFO:colcon.colcon_core.shell:Creating package script '/home/user/ros2_ws/install/my_manipulator/share/my_manipulator/package.bash'
[2.040s] INFO:colcon.colcon_core.shell:Creating package script '/home/user/ros2_ws/install/my_manipulator/share/my_manipulator/package.zsh'
[2.040s] Level 1:colcon.colcon_core.environment:create_file_with_runtime_dependencies(/home/user/ros2_ws/install/my_manipulator/share/colcon-core/packages/my_manipulator)
[2.042s] DEBUG:colcon.colcon_parallel_executor.executor.parallel:closing loop
[2.042s] DEBUG:colcon.colcon_parallel_executor.executor.parallel:loop closed
[2.042s] DEBUG:colcon.colcon_parallel_executor.executor.parallel:run_until_complete finished with '0'
[2.043s] DEBUG:colcon.colcon_core.event_reactor:joining thread
[2.057s] INFO:colcon.colcon_core.plugin_system:Skipping extension 'colcon_notification.desktop_notification.terminal_notifier': Not used on non-Darwin systems
[2.057s] INFO:colcon.colcon_core.plugin_system:Skipping extension 'colcon_notification.desktop_notification.win32': Not used on non-Windows systems
[2.057s] INFO:colcon.colcon_notification.desktop_notification:Sending desktop notification using 'notify2'
[2.097s] DEBUG:colcon.colcon_core.event_reactor:joined thread
[2.098s] INFO:colcon.colcon_core.shell:Creating prefix script '/home/user/ros2_ws/install/local_setup.ps1'
[2.103s] INFO:colcon.colcon_core.shell:Creating prefix util module '/home/user/ros2_ws/install/_local_setup_util_ps1.py'
[2.109s] INFO:colcon.colcon_core.shell:Creating prefix chain script '/home/user/ros2_ws/install/setup.ps1'
[2.122s] INFO:colcon.colcon_core.shell:Creating prefix script '/home/user/ros2_ws/install/local_setup.sh'
[2.125s] INFO:colcon.colcon_core.shell:Creating prefix util module '/home/user/ros2_ws/install/_local_setup_util_sh.py'
[2.126s] INFO:colcon.colcon_core.shell:Creating prefix chain script '/home/user/ros2_ws/install/setup.sh'
[2.128s] INFO:colcon.colcon_core.shell:Creating prefix script '/home/user/ros2_ws/install/local_setup.bash'
[2.129s] INFO:colcon.colcon_core.shell:Creating prefix chain script '/home/user/ros2_ws/install/setup.bash'
[2.131s] INFO:colcon.colcon_core.shell:Creating prefix script '/home/user/ros2_ws/install/local_setup.zsh'
[2.132s] INFO:colcon.colcon_core.shell:Creating prefix chain script '/home/user/ros2_ws/install/setup.zsh'
